Using pre-set license
Built from '2020.2/staging' branch; Version is '2020.2.0b6 (24a0f8b56f72) revision 2400504'; Using compiler version '192528614'; Build Type 'Release'
OS: 'Windows 10  (10.0.0) 64bit' Language: 'ko' Physical Memory: 16318 MB
BatchMode: 1, IsHumanControllingUs: 0, StartBugReporterOnCrash: 0, Is64bit: 1, IsPro: 0

 COMMAND LINE ARGUMENTS:
C:\Program Files\Unity\Hub\Editor\2020.2.0b6\Editor\Unity.exe
-adb2
-batchMode
-noUpm
-name
AssetImportWorker0
-projectPath
C:/Users/Administrator/Documents/GitHub/Vineyard/Unity/Day 09
-logFile
Logs/AssetImportWorker0.log
-srvPort
1863
Successfully changed project path to: C:/Users/Administrator/Documents/GitHub/Vineyard/Unity/Day 09
C:/Users/Administrator/Documents/GitHub/Vineyard/Unity/Day 09
Using Asset Import Pipeline V2.
Refreshing native plugins compatible for Editor in 72.09 ms, found 0 plugins.
Preloading 0 native plugins for Editor in 0.00 ms.
Initialize engine version: 2020.2.0b6 (24a0f8b56f72)
[Subsystems] Discovering subsystems at path C:/Program Files/Unity/Hub/Editor/2020.2.0b6/Editor/Data/Resources/UnitySubsystems
[Subsystems] Discovering subsystems at path C:/Users/Administrator/Documents/GitHub/Vineyard/Unity/Day 09/Assets
GfxDevice: creating device client; threaded=0
Direct3D:
    Version:  Direct3D 11.0 [level 11.1]
    Renderer: NVIDIA GeForce GTX 1660 (ID=0x2184)
    Vendor:   
    VRAM:     5991 MB
    Driver:   26.21.14.3200
Initialize mono
Mono path[0] = 'C:/Program Files/Unity/Hub/Editor/2020.2.0b6/Editor/Data/Managed'
Mono path[1] = 'C:/Program Files/Unity/Hub/Editor/2020.2.0b6/Editor/Data/MonoBleedingEdge/lib/mono/unityjit'
Mono config path = 'C:/Program Files/Unity/Hub/Editor/2020.2.0b6/Editor/Data/MonoBleedingEdge/etc'
Using monoOptions --debugger-agent=transport=dt_socket,embedding=1,server=y,suspend=n,address=127.0.0.1:56916
Begin MonoManager ReloadAssembly
Registering precompiled unity dll's ...
Register platform support module: C:/Program Files/Unity/Hub/Editor/2020.2.0b6/Editor/Data/PlaybackEngines/WindowsStandaloneSupport/UnityEditor.WindowsStandalone.Extensions.dll
Registered in 0.001242 seconds.
Native extension for WindowsStandalone target not found
Refreshing native plugins compatible for Editor in 82.73 ms, found 0 plugins.
Preloading 0 native plugins for Editor in 0.00 ms.
Invoked RoslynAnalysisRunner static constructor.
RoslynAnalysisRunner will not be running.
RoslynAnalysisRunner has terminated.
Mono: successfully reloaded assembly
- Completed reload, in  1.790 seconds
Platform modules already initialized, skipping
Registering precompiled user dll's ...
Registered in 0.001021 seconds.
Begin MonoManager ReloadAssembly
Native extension for WindowsStandalone target not found
Refreshing native plugins compatible for Editor in 424.46 ms, found 0 plugins.
Preloading 0 native plugins for Editor in 0.00 ms.
Invoked RoslynAnalysisRunner static constructor.
RoslynAnalysisRunner will not be running.
RoslynAnalysisRunner has terminated.
Mono: successfully reloaded assembly
- Completed reload, in  1.190 seconds
Platform modules already initialized, skipping
========================================================================
Worker process is ready to serve import requests
Launched and connected shader compiler UnityShaderCompiler.exe after 0.04 seconds
Refreshing native plugins compatible for Editor in 0.93 ms, found 0 plugins.
Preloading 0 native plugins for Editor in 0.00 ms.
Unloading 1400 Unused Serialized files (Serialized files now loaded: 0)
System memory in use before: 73.5 MB.
System memory in use after: 73.6 MB.

Unloading 12 unused Assets to reduce memory usage. Loaded Objects now: 1849.
Total: 1.959500 ms (FindLiveObjects: 0.375600 ms CreateObjectMapping: 0.063800 ms MarkObjects: 1.432300 ms  DeleteObjects: 0.086800 ms)

========================================================================
Received Import Request.
  path: Assets/NewInputSystemTest.cs
  artifactKey: Guid(a2d013e830f1a7044974fc341cae7ab6) Importer(815301076,1909f56bfc062723c751e8b465ee728b)
Start importing Assets/NewInputSystemTest.cs using Guid(a2d013e830f1a7044974fc341cae7ab6) Importer(815301076,1909f56bfc062723c751e8b465ee728b)  -> (artifact id: 'fb2e896c8ea4b68dbe294c218936ab41') in 0.022345 seconds
  Import took 0.026835 seconds .

========================================================================
Received Prepare
Refreshing native plugins compatible for Editor in 1.27 ms, found 0 plugins.
Preloading 0 native plugins for Editor in 0.00 ms.
Unloading 3 Unused Serialized files (Serialized files now loaded: 0)
System memory in use before: 46.1 MB.
System memory in use after: 46.2 MB.

Unloading 3 unused Assets to reduce memory usage. Loaded Objects now: 1849.
Total: 2.045300 ms (FindLiveObjects: 0.398000 ms CreateObjectMapping: 0.061500 ms MarkObjects: 1.551700 ms  DeleteObjects: 0.033200 ms)

========================================================================
Received Import Request.
  Time since last request: 127.945889 seconds.
  path: Assets/InputController.inputactions
  artifactKey: Guid(9e8ab0d12414c3745a191e6da6500797) Importer(815301076,1909f56bfc062723c751e8b465ee728b)
Start importing Assets/InputController.inputactions using Guid(9e8ab0d12414c3745a191e6da6500797) Importer(815301076,1909f56bfc062723c751e8b465ee728b)  -> (artifact id: '007357d170f483ffde6ac0183206e95d') in 0.060011 seconds
  Import took 0.173930 seconds .

========================================================================
Received Import Request.
  Time since last request: 0.000227 seconds.
  path: Assets/InputController.cs
  artifactKey: Guid(ecf7d56b43da31845a87dacf1b3e4f69) Importer(815301076,1909f56bfc062723c751e8b465ee728b)
Start importing Assets/InputController.cs using Guid(ecf7d56b43da31845a87dacf1b3e4f69) Importer(815301076,1909f56bfc062723c751e8b465ee728b)  -> (artifact id: 'e5fbf529b1873966214108e33019d293') in 0.001882 seconds
  Import took 0.008085 seconds .

========================================================================
Received Prepare
Reloading mono domain
Begin MonoManager ReloadAssembly
Registering precompiled unity dll's ...
Register platform support module: C:/Program Files/Unity/Hub/Editor/2020.2.0b6/Editor/Data/PlaybackEngines/WindowsStandaloneSupport/UnityEditor.WindowsStandalone.Extensions.dll
Registered in 0.001098 seconds.
Native extension for WindowsStandalone target not found
Refreshing native plugins compatible for Editor in 73.51 ms, found 0 plugins.
Preloading 0 native plugins for Editor in 0.00 ms.
Invoked RoslynAnalysisRunner static constructor.
RoslynAnalysisRunner will not be running.
RoslynAnalysisRunner has terminated.
Mono: successfully reloaded assembly
- Completed reload, in  0.773 seconds
Platform modules already initialized, skipping
Registering precompiled user dll's ...
Registered in 0.001136 seconds.
Begin MonoManager ReloadAssembly
Native extension for WindowsStandalone target not found
Refreshing native plugins compatible for Editor in 15.50 ms, found 0 plugins.
Preloading 0 native plugins for Editor in 0.00 ms.
Invoked RoslynAnalysisRunner static constructor.
RoslynAnalysisRunner will not be running.
RoslynAnalysisRunner has terminated.
Mono: successfully reloaded assembly
- Completed reload, in  0.984 seconds
Platform modules already initialized, skipping
Refreshing native plugins compatible for Editor in 0.85 ms, found 0 plugins.
Preloading 0 native plugins for Editor in 0.00 ms.
Unloading 7 Unused Serialized files (Serialized files now loaded: 0)
System memory in use before: 46.9 MB.
System memory in use after: 47.0 MB.

Unloading 6 unused Assets to reduce memory usage. Loaded Objects now: 1853.
Total: 1.921300 ms (FindLiveObjects: 0.294800 ms CreateObjectMapping: 0.050400 ms MarkObjects: 1.541100 ms  DeleteObjects: 0.034400 ms)

========================================================================
Received Import Request.
  Time since last request: 5.306981 seconds.
  path: Assets/InputController.inputactions
  artifactKey: Guid(9e8ab0d12414c3745a191e6da6500797) Importer(815301076,1909f56bfc062723c751e8b465ee728b)
Start importing Assets/InputController.inputactions using Guid(9e8ab0d12414c3745a191e6da6500797) Importer(815301076,1909f56bfc062723c751e8b465ee728b)  -> (artifact id: '0a7d838a23c37538d788d0f6dd1684f5') in 0.012150 seconds
  Import took 0.017207 seconds .

========================================================================
Received Import Request.
  Time since last request: 0.346806 seconds.
  path: Assets/InputController.inputactions
  artifactKey: Guid(9e8ab0d12414c3745a191e6da6500797) Importer(815301076,1909f56bfc062723c751e8b465ee728b)
Start importing Assets/InputController.inputactions using Guid(9e8ab0d12414c3745a191e6da6500797) Importer(815301076,1909f56bfc062723c751e8b465ee728b)  -> (artifact id: '04c055614d95fc0b3169ad58d2987f67') in 0.002240 seconds
  Import took 0.006434 seconds .

========================================================================
Received Import Request.
  Time since last request: 0.001621 seconds.
  path: Assets/InputController.cs
  artifactKey: Guid(ecf7d56b43da31845a87dacf1b3e4f69) Importer(815301076,1909f56bfc062723c751e8b465ee728b)
Start importing Assets/InputController.cs using Guid(ecf7d56b43da31845a87dacf1b3e4f69) Importer(815301076,1909f56bfc062723c751e8b465ee728b)  -> (artifact id: '9d28b50e2908369af07def9d5e8ff033') in 0.001069 seconds
  Import took 0.005337 seconds .

========================================================================
Received Prepare
Reloading mono domain
Begin MonoManager ReloadAssembly
Registering precompiled unity dll's ...
Register platform support module: C:/Program Files/Unity/Hub/Editor/2020.2.0b6/Editor/Data/PlaybackEngines/WindowsStandaloneSupport/UnityEditor.WindowsStandalone.Extensions.dll
Registered in 0.001055 seconds.
Native extension for WindowsStandalone target not found
Refreshing native plugins compatible for Editor in 78.39 ms, found 0 plugins.
Preloading 0 native plugins for Editor in 0.00 ms.
Invoked RoslynAnalysisRunner static constructor.
RoslynAnalysisRunner will not be running.
RoslynAnalysisRunner has terminated.
Mono: successfully reloaded assembly
- Completed reload, in  1.119 seconds
Platform modules already initialized, skipping
Registering precompiled user dll's ...
Registered in 0.000991 seconds.
Begin MonoManager ReloadAssembly
Native extension for WindowsStandalone target not found
Refreshing native plugins compatible for Editor in 0.95 ms, found 0 plugins.
Preloading 0 native plugins for Editor in 0.00 ms.
Invoked RoslynAnalysisRunner static constructor.
RoslynAnalysisRunner will not be running.
RoslynAnalysisRunner has terminated.
Mono: successfully reloaded assembly
- Completed reload, in  0.688 seconds
Platform modules already initialized, skipping
Refreshing native plugins compatible for Editor in 2.97 ms, found 0 plugins.
Preloading 0 native plugins for Editor in 0.00 ms.
Unloading 7 Unused Serialized files (Serialized files now loaded: 0)
System memory in use before: 47.4 MB.
System memory in use after: 47.5 MB.

Unloading 6 unused Assets to reduce memory usage. Loaded Objects now: 1857.
Total: 4.604000 ms (FindLiveObjects: 0.432700 ms CreateObjectMapping: 0.089900 ms MarkObjects: 4.024500 ms  DeleteObjects: 0.055300 ms)

========================================================================
Received Import Request.
  Time since last request: 6.469265 seconds.
  path: Assets/InputController.inputactions
  artifactKey: Guid(9e8ab0d12414c3745a191e6da6500797) Importer(815301076,1909f56bfc062723c751e8b465ee728b)
Start importing Assets/InputController.inputactions using Guid(9e8ab0d12414c3745a191e6da6500797) Importer(815301076,1909f56bfc062723c751e8b465ee728b)  -> (artifact id: 'f6f02bffa1f226dab68de348331ba3eb') in 0.013343 seconds
  Import took 0.017937 seconds .

========================================================================
Received Import Request.
  Time since last request: 0.082322 seconds.
  path: Assets/InputController.cs
  artifactKey: Guid(ecf7d56b43da31845a87dacf1b3e4f69) Importer(815301076,1909f56bfc062723c751e8b465ee728b)
Start importing Assets/InputController.cs using Guid(ecf7d56b43da31845a87dacf1b3e4f69) Importer(815301076,1909f56bfc062723c751e8b465ee728b)  -> (artifact id: 'aec038cd38b7fdcb99bc3499fc321e9d') in 0.001369 seconds
  Import took 0.005459 seconds .

========================================================================
Received Import Request.
  Time since last request: 0.022169 seconds.
  path: Assets/InputController.cs
  artifactKey: Guid(ecf7d56b43da31845a87dacf1b3e4f69) Importer(815301076,1909f56bfc062723c751e8b465ee728b)
Start importing Assets/InputController.cs using Guid(ecf7d56b43da31845a87dacf1b3e4f69) Importer(815301076,1909f56bfc062723c751e8b465ee728b)  -> (artifact id: 'aec038cd38b7fdcb99bc3499fc321e9d') in 0.001194 seconds
  Import took 0.005638 seconds .

========================================================================
Received Prepare
Reloading mono domain
Begin MonoManager ReloadAssembly
Registering precompiled unity dll's ...
Register platform support module: C:/Program Files/Unity/Hub/Editor/2020.2.0b6/Editor/Data/PlaybackEngines/WindowsStandaloneSupport/UnityEditor.WindowsStandalone.Extensions.dll
Registered in 0.001054 seconds.
Native extension for WindowsStandalone target not found
Refreshing native plugins compatible for Editor in 71.19 ms, found 0 plugins.
Preloading 0 native plugins for Editor in 0.00 ms.
Invoked RoslynAnalysisRunner static constructor.
RoslynAnalysisRunner will not be running.
RoslynAnalysisRunner has terminated.
Mono: successfully reloaded assembly
- Completed reload, in  1.133 seconds
Platform modules already initialized, skipping
Registering precompiled user dll's ...
Registered in 0.001021 seconds.
Begin MonoManager ReloadAssembly
Native extension for WindowsStandalone target not found
Refreshing native plugins compatible for Editor in 0.89 ms, found 0 plugins.
Preloading 0 native plugins for Editor in 0.00 ms.
Invoked RoslynAnalysisRunner static constructor.
RoslynAnalysisRunner will not be running.
RoslynAnalysisRunner has terminated.
Mono: successfully reloaded assembly
- Completed reload, in  0.903 seconds
Platform modules already initialized, skipping
Refreshing native plugins compatible for Editor in 1.08 ms, found 0 plugins.
Preloading 0 native plugins for Editor in 0.00 ms.
Unloading 7 Unused Serialized files (Serialized files now loaded: 0)
System memory in use before: 47.7 MB.
System memory in use after: 47.8 MB.

Unloading 6 unused Assets to reduce memory usage. Loaded Objects now: 1861.
Total: 1.865100 ms (FindLiveObjects: 0.324500 ms CreateObjectMapping: 0.061000 ms MarkObjects: 1.439600 ms  DeleteObjects: 0.039100 ms)

========================================================================
Received Import Request.
  Time since last request: 8.248483 seconds.
  path: Assets/InputController.inputactions
  artifactKey: Guid(9e8ab0d12414c3745a191e6da6500797) Importer(815301076,1909f56bfc062723c751e8b465ee728b)
Start importing Assets/InputController.inputactions using Guid(9e8ab0d12414c3745a191e6da6500797) Importer(815301076,1909f56bfc062723c751e8b465ee728b)  -> (artifact id: '7c73f2a02d6bee4f4dc7422df3fdaf70') in 0.014485 seconds
  Import took 0.020952 seconds .

========================================================================
Received Import Request.
  Time since last request: 0.000160 seconds.
  path: Assets/InputController.cs
  artifactKey: Guid(ecf7d56b43da31845a87dacf1b3e4f69) Importer(815301076,1909f56bfc062723c751e8b465ee728b)
Start importing Assets/InputController.cs using Guid(ecf7d56b43da31845a87dacf1b3e4f69) Importer(815301076,1909f56bfc062723c751e8b465ee728b)  -> (artifact id: 'e53d38413ed4fe824f2d820113655ab0') in 0.001322 seconds
  Import took 0.005359 seconds .

========================================================================
Received Import Request.
  Time since last request: 0.048377 seconds.
  path: Assets/InputController.inputactions
  artifactKey: Guid(9e8ab0d12414c3745a191e6da6500797) Importer(815301076,1909f56bfc062723c751e8b465ee728b)
Start importing Assets/InputController.inputactions using Guid(9e8ab0d12414c3745a191e6da6500797) Importer(815301076,1909f56bfc062723c751e8b465ee728b)  -> (artifact id: '7c73f2a02d6bee4f4dc7422df3fdaf70') in 0.002440 seconds
  Import took 0.007434 seconds .

========================================================================
Received Prepare
Reloading mono domain
Begin MonoManager ReloadAssembly
Registering precompiled unity dll's ...
Register platform support module: C:/Program Files/Unity/Hub/Editor/2020.2.0b6/Editor/Data/PlaybackEngines/WindowsStandaloneSupport/UnityEditor.WindowsStandalone.Extensions.dll
Registered in 0.001057 seconds.
Native extension for WindowsStandalone target not found
Refreshing native plugins compatible for Editor in 77.69 ms, found 0 plugins.
Preloading 0 native plugins for Editor in 0.00 ms.
Invoked RoslynAnalysisRunner static constructor.
RoslynAnalysisRunner will not be running.
RoslynAnalysisRunner has terminated.
Mono: successfully reloaded assembly
- Completed reload, in  0.828 seconds
Platform modules already initialized, skipping
Registering precompiled user dll's ...
Registered in 0.001035 seconds.
Begin MonoManager ReloadAssembly
Native extension for WindowsStandalone target not found
Refreshing native plugins compatible for Editor in 0.84 ms, found 0 plugins.
Preloading 0 native plugins for Editor in 0.00 ms.
Invoked RoslynAnalysisRunner static constructor.
RoslynAnalysisRunner will not be running.
RoslynAnalysisRunner has terminated.
Mono: successfully reloaded assembly
- Completed reload, in  1.072 seconds
Platform modules already initialized, skipping
Refreshing native plugins compatible for Editor in 0.82 ms, found 0 plugins.
Preloading 0 native plugins for Editor in 0.00 ms.
Unloading 7 Unused Serialized files (Serialized files now loaded: 0)
System memory in use before: 47.9 MB.
System memory in use after: 48.0 MB.

Unloading 6 unused Assets to reduce memory usage. Loaded Objects now: 1865.
Total: 3.904500 ms (FindLiveObjects: 0.468000 ms CreateObjectMapping: 0.102100 ms MarkObjects: 3.235200 ms  DeleteObjects: 0.097200 ms)

========================================================================
Received Import Request.
  Time since last request: 10.530929 seconds.
  path: Assets/InputController.inputactions
  artifactKey: Guid(9e8ab0d12414c3745a191e6da6500797) Importer(815301076,1909f56bfc062723c751e8b465ee728b)
Start importing Assets/InputController.inputactions using Guid(9e8ab0d12414c3745a191e6da6500797) Importer(815301076,1909f56bfc062723c751e8b465ee728b)  -> (artifact id: '94a2830414189b6896abd35353468c6e') in 0.043754 seconds
  Import took 0.060813 seconds .

========================================================================
Received Import Request.
  Time since last request: 0.001922 seconds.
  path: Assets/InputController.cs
  artifactKey: Guid(ecf7d56b43da31845a87dacf1b3e4f69) Importer(815301076,1909f56bfc062723c751e8b465ee728b)
Start importing Assets/InputController.cs using Guid(ecf7d56b43da31845a87dacf1b3e4f69) Importer(815301076,1909f56bfc062723c751e8b465ee728b)  -> (artifact id: '5a6d20d0e766584fdf9c2ed71d5b39d1') in 0.004822 seconds
  Import took 0.011758 seconds .

========================================================================
Received Prepare
Reloading mono domain
Begin MonoManager ReloadAssembly
Registering precompiled unity dll's ...
Register platform support module: C:/Program Files/Unity/Hub/Editor/2020.2.0b6/Editor/Data/PlaybackEngines/WindowsStandaloneSupport/UnityEditor.WindowsStandalone.Extensions.dll
Registered in 0.001058 seconds.
Native extension for WindowsStandalone target not found
Refreshing native plugins compatible for Editor in 75.82 ms, found 0 plugins.
Preloading 0 native plugins for Editor in 0.00 ms.
Invoked RoslynAnalysisRunner static constructor.
RoslynAnalysisRunner will not be running.
RoslynAnalysisRunner has terminated.
Mono: successfully reloaded assembly
- Completed reload, in  0.887 seconds
Platform modules already initialized, skipping
Registering precompiled user dll's ...
Registered in 0.001118 seconds.
Begin MonoManager ReloadAssembly
Native extension for WindowsStandalone target not found
Refreshing native plugins compatible for Editor in 0.86 ms, found 0 plugins.
Preloading 0 native plugins for Editor in 0.00 ms.
Invoked RoslynAnalysisRunner static constructor.
RoslynAnalysisRunner will not be running.
RoslynAnalysisRunner has terminated.
Mono: successfully reloaded assembly
- Completed reload, in  1.108 seconds
Platform modules already initialized, skipping
Refreshing native plugins compatible for Editor in 0.85 ms, found 0 plugins.
Preloading 0 native plugins for Editor in 0.00 ms.
Unloading 7 Unused Serialized files (Serialized files now loaded: 0)
System memory in use before: 47.5 MB.
System memory in use after: 47.6 MB.

Unloading 6 unused Assets to reduce memory usage. Loaded Objects now: 1869.
Total: 1.798300 ms (FindLiveObjects: 0.294400 ms CreateObjectMapping: 0.050900 ms MarkObjects: 1.416700 ms  DeleteObjects: 0.035700 ms)

========================================================================
Received Import Request.
  Time since last request: 6.322005 seconds.
  path: Assets/InputController.inputactions
  artifactKey: Guid(9e8ab0d12414c3745a191e6da6500797) Importer(815301076,1909f56bfc062723c751e8b465ee728b)
Start importing Assets/InputController.inputactions using Guid(9e8ab0d12414c3745a191e6da6500797) Importer(815301076,1909f56bfc062723c751e8b465ee728b)  -> (artifact id: 'a65bd0393c1e92c9c4b0d97e5660e8fb') in 0.012897 seconds
  Import took 0.017387 seconds .

========================================================================
Received Import Request.
  Time since last request: 0.000211 seconds.
  path: Assets/InputController.cs
  artifactKey: Guid(ecf7d56b43da31845a87dacf1b3e4f69) Importer(815301076,1909f56bfc062723c751e8b465ee728b)
Start importing Assets/InputController.cs using Guid(ecf7d56b43da31845a87dacf1b3e4f69) Importer(815301076,1909f56bfc062723c751e8b465ee728b)  -> (artifact id: '26b0881c4da75b533c4482820e440ed4') in 0.001351 seconds
  Import took 0.005395 seconds .

========================================================================
Received Prepare
Reloading mono domain
Begin MonoManager ReloadAssembly
Registering precompiled unity dll's ...
Register platform support module: C:/Program Files/Unity/Hub/Editor/2020.2.0b6/Editor/Data/PlaybackEngines/WindowsStandaloneSupport/UnityEditor.WindowsStandalone.Extensions.dll
Registered in 0.001094 seconds.
Native extension for WindowsStandalone target not found
Refreshing native plugins compatible for Editor in 72.74 ms, found 0 plugins.
Preloading 0 native plugins for Editor in 0.00 ms.
Invoked RoslynAnalysisRunner static constructor.
RoslynAnalysisRunner will not be running.
RoslynAnalysisRunner has terminated.
Mono: successfully reloaded assembly
- Completed reload, in  0.880 seconds
Platform modules already initialized, skipping
Registering precompiled user dll's ...
Registered in 0.001096 seconds.
Begin MonoManager ReloadAssembly
Native extension for WindowsStandalone target not found
Refreshing native plugins compatible for Editor in 0.89 ms, found 0 plugins.
Preloading 0 native plugins for Editor in 0.00 ms.
Invoked RoslynAnalysisRunner static constructor.
RoslynAnalysisRunner will not be running.
RoslynAnalysisRunner has terminated.
Mono: successfully reloaded assembly
- Completed reload, in  1.143 seconds
Platform modules already initialized, skipping
Refreshing native plugins compatible for Editor in 0.86 ms, found 0 plugins.
Preloading 0 native plugins for Editor in 0.00 ms.
Unloading 7 Unused Serialized files (Serialized files now loaded: 0)
System memory in use before: 47.9 MB.
System memory in use after: 48.0 MB.

Unloading 6 unused Assets to reduce memory usage. Loaded Objects now: 1873.
Total: 1.964700 ms (FindLiveObjects: 0.289200 ms CreateObjectMapping: 0.049700 ms MarkObjects: 1.593700 ms  DeleteObjects: 0.031500 ms)

========================================================================
Received Import Request.
  Time since last request: 6.757613 seconds.
  path: Assets/InputController.inputactions
  artifactKey: Guid(9e8ab0d12414c3745a191e6da6500797) Importer(815301076,1909f56bfc062723c751e8b465ee728b)
Start importing Assets/InputController.inputactions using Guid(9e8ab0d12414c3745a191e6da6500797) Importer(815301076,1909f56bfc062723c751e8b465ee728b)  -> (artifact id: 'efa4644d3627b1665a9d715e7721ffdb') in 0.013214 seconds
  Import took 0.018792 seconds .

========================================================================
Received Import Request.
  Time since last request: 0.000247 seconds.
  path: Assets/InputController.cs
  artifactKey: Guid(ecf7d56b43da31845a87dacf1b3e4f69) Importer(815301076,1909f56bfc062723c751e8b465ee728b)
Start importing Assets/InputController.cs using Guid(ecf7d56b43da31845a87dacf1b3e4f69) Importer(815301076,1909f56bfc062723c751e8b465ee728b)  -> (artifact id: 'c1d4ebac590b0ab5a1a83b21cea62482') in 0.001628 seconds
  Import took 0.005869 seconds .

========================================================================
Received Prepare
Reloading mono domain
Begin MonoManager ReloadAssembly
Registering precompiled unity dll's ...
Register platform support module: C:/Program Files/Unity/Hub/Editor/2020.2.0b6/Editor/Data/PlaybackEngines/WindowsStandaloneSupport/UnityEditor.WindowsStandalone.Extensions.dll
Registered in 0.001043 seconds.
Native extension for WindowsStandalone target not found
Refreshing native plugins compatible for Editor in 73.86 ms, found 0 plugins.
Preloading 0 native plugins for Editor in 0.00 ms.
Invoked RoslynAnalysisRunner static constructor.
RoslynAnalysisRunner will not be running.
RoslynAnalysisRunner has terminated.
Mono: successfully reloaded assembly
- Completed reload, in  0.915 seconds
Platform modules already initialized, skipping
Registering precompiled user dll's ...
Registered in 0.001045 seconds.
Begin MonoManager ReloadAssembly
Native extension for WindowsStandalone target not found
Refreshing native plugins compatible for Editor in 0.84 ms, found 0 plugins.
Preloading 0 native plugins for Editor in 0.00 ms.
Invoked RoslynAnalysisRunner static constructor.
RoslynAnalysisRunner will not be running.
RoslynAnalysisRunner has terminated.
Mono: successfully reloaded assembly
- Completed reload, in  1.162 seconds
Platform modules already initialized, skipping
Refreshing native plugins compatible for Editor in 0.83 ms, found 0 plugins.
Preloading 0 native plugins for Editor in 0.00 ms.
Unloading 7 Unused Serialized files (Serialized files now loaded: 0)
System memory in use before: 47.9 MB.
System memory in use after: 48.0 MB.

Unloading 6 unused Assets to reduce memory usage. Loaded Objects now: 1877.
Total: 4.888700 ms (FindLiveObjects: 0.624300 ms CreateObjectMapping: 0.148100 ms MarkObjects: 4.045200 ms  DeleteObjects: 0.068900 ms)

========================================================================
Received Import Request.
  Time since last request: 7.509736 seconds.
  path: Assets/InputController.inputactions
  artifactKey: Guid(9e8ab0d12414c3745a191e6da6500797) Importer(815301076,1909f56bfc062723c751e8b465ee728b)
Start importing Assets/InputController.inputactions using Guid(9e8ab0d12414c3745a191e6da6500797) Importer(815301076,1909f56bfc062723c751e8b465ee728b)  -> (artifact id: '9708855d6584e186e7006b47f682110c') in 0.013191 seconds
  Import took 0.017666 seconds .

========================================================================
Received Import Request.
  Time since last request: 0.000222 seconds.
  path: Assets/InputController.cs
  artifactKey: Guid(ecf7d56b43da31845a87dacf1b3e4f69) Importer(815301076,1909f56bfc062723c751e8b465ee728b)
Start importing Assets/InputController.cs using Guid(ecf7d56b43da31845a87dacf1b3e4f69) Importer(815301076,1909f56bfc062723c751e8b465ee728b)  -> (artifact id: '5dcdc174a57d4fa0cca23baa32ed76a5') in 0.001392 seconds
  Import took 0.005317 seconds .

========================================================================
Received Prepare
Reloading mono domain
Begin MonoManager ReloadAssembly
Registering precompiled unity dll's ...
Register platform support module: C:/Program Files/Unity/Hub/Editor/2020.2.0b6/Editor/Data/PlaybackEngines/WindowsStandaloneSupport/UnityEditor.WindowsStandalone.Extensions.dll
Registered in 0.001053 seconds.
Native extension for WindowsStandalone target not found
Refreshing native plugins compatible for Editor in 72.47 ms, found 0 plugins.
Preloading 0 native plugins for Editor in 0.00 ms.
Invoked RoslynAnalysisRunner static constructor.
RoslynAnalysisRunner will not be running.
RoslynAnalysisRunner has terminated.
Mono: successfully reloaded assembly
- Completed reload, in  1.276 seconds
Platform modules already initialized, skipping
Registering precompiled user dll's ...
Registered in 0.001117 seconds.
Begin MonoManager ReloadAssembly
Native extension for WindowsStandalone target not found
Refreshing native plugins compatible for Editor in 0.84 ms, found 0 plugins.
Preloading 0 native plugins for Editor in 0.00 ms.
Invoked RoslynAnalysisRunner static constructor.
RoslynAnalysisRunner will not be running.
RoslynAnalysisRunner has terminated.
Mono: successfully reloaded assembly
- Completed reload, in  1.179 seconds
Platform modules already initialized, skipping
Refreshing native plugins compatible for Editor in 0.85 ms, found 0 plugins.
Preloading 0 native plugins for Editor in 0.00 ms.
Unloading 7 Unused Serialized files (Serialized files now loaded: 0)
System memory in use before: 47.7 MB.
System memory in use after: 47.7 MB.

Unloading 6 unused Assets to reduce memory usage. Loaded Objects now: 1881.
Total: 1.824500 ms (FindLiveObjects: 0.287000 ms CreateObjectMapping: 0.052600 ms MarkObjects: 1.453600 ms  DeleteObjects: 0.030800 ms)

========================================================================
Received Import Request.
  Time since last request: 7.225845 seconds.
  path: Assets/InputController.inputactions
  artifactKey: Guid(9e8ab0d12414c3745a191e6da6500797) Importer(815301076,1909f56bfc062723c751e8b465ee728b)
Start importing Assets/InputController.inputactions using Guid(9e8ab0d12414c3745a191e6da6500797) Importer(815301076,1909f56bfc062723c751e8b465ee728b)  -> (artifact id: '80abbac014821c96da6ec34d2c49109c') in 0.012879 seconds
  Import took 0.017170 seconds .

========================================================================
Received Import Request.
  Time since last request: 0.002730 seconds.
  path: Assets/InputController.inputactions
  artifactKey: Guid(9e8ab0d12414c3745a191e6da6500797) Importer(815301076,1909f56bfc062723c751e8b465ee728b)
Start importing Assets/InputController.inputactions using Guid(9e8ab0d12414c3745a191e6da6500797) Importer(815301076,1909f56bfc062723c751e8b465ee728b)  -> (artifact id: '80abbac014821c96da6ec34d2c49109c') in 0.001907 seconds
  Import took 0.006079 seconds .

========================================================================
Received Import Request.
  Time since last request: 0.075074 seconds.
  path: Assets/InputController.cs
  artifactKey: Guid(ecf7d56b43da31845a87dacf1b3e4f69) Importer(815301076,1909f56bfc062723c751e8b465ee728b)
Start importing Assets/InputController.cs using Guid(ecf7d56b43da31845a87dacf1b3e4f69) Importer(815301076,1909f56bfc062723c751e8b465ee728b)  -> (artifact id: '1f99e49beef17390b2f926c48183be29') in 0.001135 seconds
  Import took 0.005176 seconds .

========================================================================
Received Import Request.
  Time since last request: 0.019055 seconds.
  path: Assets/InputController.cs
  artifactKey: Guid(ecf7d56b43da31845a87dacf1b3e4f69) Importer(815301076,1909f56bfc062723c751e8b465ee728b)
Start importing Assets/InputController.cs using Guid(ecf7d56b43da31845a87dacf1b3e4f69) Importer(815301076,1909f56bfc062723c751e8b465ee728b)  -> (artifact id: '1f99e49beef17390b2f926c48183be29') in 0.001254 seconds
  Import took 0.005343 seconds .

========================================================================
Received Prepare
Reloading mono domain
Begin MonoManager ReloadAssembly
Registering precompiled unity dll's ...
Register platform support module: C:/Program Files/Unity/Hub/Editor/2020.2.0b6/Editor/Data/PlaybackEngines/WindowsStandaloneSupport/UnityEditor.WindowsStandalone.Extensions.dll
Registered in 0.001113 seconds.
Native extension for WindowsStandalone target not found
Refreshing native plugins compatible for Editor in 71.87 ms, found 0 plugins.
Preloading 0 native plugins for Editor in 0.00 ms.
Invoked RoslynAnalysisRunner static constructor.
RoslynAnalysisRunner will not be running.
RoslynAnalysisRunner has terminated.
Mono: successfully reloaded assembly
- Completed reload, in  1.006 seconds
Platform modules already initialized, skipping
Registering precompiled user dll's ...
Registered in 0.001127 seconds.
Begin MonoManager ReloadAssembly
Native extension for WindowsStandalone target not found
Refreshing native plugins compatible for Editor in 0.85 ms, found 0 plugins.
Preloading 0 native plugins for Editor in 0.00 ms.
Invoked RoslynAnalysisRunner static constructor.
RoslynAnalysisRunner will not be running.
RoslynAnalysisRunner has terminated.
Mono: successfully reloaded assembly
- Completed reload, in  1.227 seconds
Platform modules already initialized, skipping
Refreshing native plugins compatible for Editor in 0.83 ms, found 0 plugins.
Preloading 0 native plugins for Editor in 0.00 ms.
Unloading 7 Unused Serialized files (Serialized files now loaded: 0)
System memory in use before: 48.0 MB.
System memory in use after: 48.1 MB.

Unloading 6 unused Assets to reduce memory usage. Loaded Objects now: 1885.
Total: 3.678800 ms (FindLiveObjects: 0.594600 ms CreateObjectMapping: 0.131400 ms MarkObjects: 2.887400 ms  DeleteObjects: 0.063300 ms)

========================================================================
Received Import Request.
  Time since last request: 6.520534 seconds.
  path: Assets/InputController.inputactions
  artifactKey: Guid(9e8ab0d12414c3745a191e6da6500797) Importer(815301076,1909f56bfc062723c751e8b465ee728b)
Start importing Assets/InputController.inputactions using Guid(9e8ab0d12414c3745a191e6da6500797) Importer(815301076,1909f56bfc062723c751e8b465ee728b)  -> (artifact id: '9762333a9baa3408b5880140e53e628d') in 0.012531 seconds
  Import took 0.016990 seconds .

========================================================================
Received Import Request.
  Time since last request: 0.000282 seconds.
  path: Assets/InputController.cs
  artifactKey: Guid(ecf7d56b43da31845a87dacf1b3e4f69) Importer(815301076,1909f56bfc062723c751e8b465ee728b)
Start importing Assets/InputController.cs using Guid(ecf7d56b43da31845a87dacf1b3e4f69) Importer(815301076,1909f56bfc062723c751e8b465ee728b)  -> (artifact id: 'c584817a4503d78aa9533049b7660a82') in 0.001202 seconds
  Import took 0.005120 seconds .

========================================================================
Received Prepare
Reloading mono domain
Begin MonoManager ReloadAssembly
Registering precompiled unity dll's ...
Register platform support module: C:/Program Files/Unity/Hub/Editor/2020.2.0b6/Editor/Data/PlaybackEngines/WindowsStandaloneSupport/UnityEditor.WindowsStandalone.Extensions.dll
Registered in 0.001048 seconds.
Native extension for WindowsStandalone target not found
Refreshing native plugins compatible for Editor in 72.50 ms, found 0 plugins.
Preloading 0 native plugins for Editor in 0.00 ms.
Invoked RoslynAnalysisRunner static constructor.
RoslynAnalysisRunner will not be running.
RoslynAnalysisRunner has terminated.
Mono: successfully reloaded assembly
- Completed reload, in  1.007 seconds
Platform modules already initialized, skipping
Registering precompiled user dll's ...
Registered in 0.001114 seconds.
Begin MonoManager ReloadAssembly
Native extension for WindowsStandalone target not found
Refreshing native plugins compatible for Editor in 0.83 ms, found 0 plugins.
Preloading 0 native plugins for Editor in 0.00 ms.
Invoked RoslynAnalysisRunner static constructor.
RoslynAnalysisRunner will not be running.
RoslynAnalysisRunner has terminated.
Mono: successfully reloaded assembly
- Completed reload, in  1.249 seconds
Platform modules already initialized, skipping
Refreshing native plugins compatible for Editor in 0.93 ms, found 0 plugins.
Preloading 0 native plugins for Editor in 0.00 ms.
Unloading 7 Unused Serialized files (Serialized files now loaded: 0)
System memory in use before: 47.4 MB.
System memory in use after: 47.5 MB.

Unloading 6 unused Assets to reduce memory usage. Loaded Objects now: 1889.
Total: 1.993800 ms (FindLiveObjects: 0.289900 ms CreateObjectMapping: 0.049800 ms MarkObjects: 1.621200 ms  DeleteObjects: 0.032200 ms)

========================================================================
Received Import Request.
  Time since last request: 5.071988 seconds.
  path: Assets/InputController.inputactions
  artifactKey: Guid(9e8ab0d12414c3745a191e6da6500797) Importer(815301076,1909f56bfc062723c751e8b465ee728b)
Start importing Assets/InputController.inputactions using Guid(9e8ab0d12414c3745a191e6da6500797) Importer(815301076,1909f56bfc062723c751e8b465ee728b)  -> (artifact id: '1dcac96d57243391d1492464c88a68c1') in 0.012534 seconds
  Import took 0.016942 seconds .

========================================================================
Received Import Request.
  Time since last request: 0.000239 seconds.
  path: Assets/InputController.cs
  artifactKey: Guid(ecf7d56b43da31845a87dacf1b3e4f69) Importer(815301076,1909f56bfc062723c751e8b465ee728b)
Start importing Assets/InputController.cs using Guid(ecf7d56b43da31845a87dacf1b3e4f69) Importer(815301076,1909f56bfc062723c751e8b465ee728b)  -> (artifact id: '97b8f441b1d09b29064f2a9bdfd79e1b') in 0.001363 seconds
  Import took 0.005158 seconds .

========================================================================
Received Prepare
Reloading mono domain
Begin MonoManager ReloadAssembly
Registering precompiled unity dll's ...
Register platform support module: C:/Program Files/Unity/Hub/Editor/2020.2.0b6/Editor/Data/PlaybackEngines/WindowsStandaloneSupport/UnityEditor.WindowsStandalone.Extensions.dll
Registered in 0.001089 seconds.
Native extension for WindowsStandalone target not found
Refreshing native plugins compatible for Editor in 72.46 ms, found 0 plugins.
Preloading 0 native plugins for Editor in 0.00 ms.
Invoked RoslynAnalysisRunner static constructor.
RoslynAnalysisRunner will not be running.
RoslynAnalysisRunner has terminated.
Mono: successfully reloaded assembly
- Completed reload, in  1.061 seconds
Platform modules already initialized, skipping
Registering precompiled user dll's ...
Registered in 0.001052 seconds.
Begin MonoManager ReloadAssembly
Native extension for WindowsStandalone target not found
Refreshing native plugins compatible for Editor in 0.84 ms, found 0 plugins.
Preloading 0 native plugins for Editor in 0.00 ms.
Invoked RoslynAnalysisRunner static constructor.
RoslynAnalysisRunner will not be running.
RoslynAnalysisRunner has terminated.
Mono: successfully reloaded assembly
- Completed reload, in  1.289 seconds
Platform modules already initialized, skipping
Refreshing native plugins compatible for Editor in 0.86 ms, found 0 plugins.
Preloading 0 native plugins for Editor in 0.00 ms.
Unloading 7 Unused Serialized files (Serialized files now loaded: 0)
System memory in use before: 47.8 MB.
System memory in use after: 47.9 MB.

Unloading 6 unused Assets to reduce memory usage. Loaded Objects now: 1893.
Total: 1.883700 ms (FindLiveObjects: 0.366700 ms CreateObjectMapping: 0.051700 ms MarkObjects: 1.434200 ms  DeleteObjects: 0.030100 ms)

========================================================================
Received Import Request.
  Time since last request: 5.127770 seconds.
  path: Assets/InputController.inputactions
  artifactKey: Guid(9e8ab0d12414c3745a191e6da6500797) Importer(815301076,1909f56bfc062723c751e8b465ee728b)
Start importing Assets/InputController.inputactions using Guid(9e8ab0d12414c3745a191e6da6500797) Importer(815301076,1909f56bfc062723c751e8b465ee728b)  -> (artifact id: '1822395860932f5c2f30854ad5db7d85') in 0.012636 seconds
  Import took 0.017098 seconds .

========================================================================
Received Import Request.
  Time since last request: 0.000240 seconds.
  path: Assets/InputController.cs
  artifactKey: Guid(ecf7d56b43da31845a87dacf1b3e4f69) Importer(815301076,1909f56bfc062723c751e8b465ee728b)
Start importing Assets/InputController.cs using Guid(ecf7d56b43da31845a87dacf1b3e4f69) Importer(815301076,1909f56bfc062723c751e8b465ee728b)  -> (artifact id: 'de369f7ae357f4fab8cc3588e0dd6e66') in 0.001429 seconds
  Import took 0.005575 seconds .

========================================================================
Received Prepare
Reloading mono domain
Begin MonoManager ReloadAssembly
Registering precompiled unity dll's ...
Register platform support module: C:/Program Files/Unity/Hub/Editor/2020.2.0b6/Editor/Data/PlaybackEngines/WindowsStandaloneSupport/UnityEditor.WindowsStandalone.Extensions.dll
Registered in 0.001109 seconds.
Native extension for WindowsStandalone target not found
Refreshing native plugins compatible for Editor in 78.30 ms, found 0 plugins.
Preloading 0 native plugins for Editor in 0.00 ms.
Invoked RoslynAnalysisRunner static constructor.
RoslynAnalysisRunner will not be running.
RoslynAnalysisRunner has terminated.
Mono: successfully reloaded assembly
- Completed reload, in  1.078 seconds
Platform modules already initialized, skipping
Registering precompiled user dll's ...
Registered in 0.001245 seconds.
Begin MonoManager ReloadAssembly
Native extension for WindowsStandalone target not found
Refreshing native plugins compatible for Editor in 0.83 ms, found 0 plugins.
Preloading 0 native plugins for Editor in 0.00 ms.
Invoked RoslynAnalysisRunner static constructor.
RoslynAnalysisRunner will not be running.
RoslynAnalysisRunner has terminated.
Mono: successfully reloaded assembly
- Completed reload, in  1.013 seconds
Platform modules already initialized, skipping
Refreshing native plugins compatible for Editor in 0.95 ms, found 0 plugins.
Preloading 0 native plugins for Editor in 0.00 ms.
Unloading 7 Unused Serialized files (Serialized files now loaded: 0)
System memory in use before: 48.0 MB.
System memory in use after: 48.1 MB.

Unloading 6 unused Assets to reduce memory usage. Loaded Objects now: 1897.
Total: 4.549800 ms (FindLiveObjects: 0.595900 ms CreateObjectMapping: 0.135900 ms MarkObjects: 3.751200 ms  DeleteObjects: 0.064400 ms)

========================================================================
Received Prepare
Reloading mono domain
Begin MonoManager ReloadAssembly
Registering precompiled unity dll's ...
Register platform support module: C:/Program Files/Unity/Hub/Editor/2020.2.0b6/Editor/Data/PlaybackEngines/WindowsStandaloneSupport/UnityEditor.WindowsStandalone.Extensions.dll
Registered in 0.001057 seconds.
Native extension for WindowsStandalone target not found
Refreshing native plugins compatible for Editor in 78.20 ms, found 0 plugins.
Preloading 0 native plugins for Editor in 0.00 ms.
Invoked RoslynAnalysisRunner static constructor.
RoslynAnalysisRunner will not be running.
RoslynAnalysisRunner has terminated.
Mono: successfully reloaded assembly
- Completed reload, in  1.105 seconds
Platform modules already initialized, skipping
Registering precompiled user dll's ...
Registered in 0.001538 seconds.
Begin MonoManager ReloadAssembly
Native extension for WindowsStandalone target not found
Refreshing native plugins compatible for Editor in 1.03 ms, found 0 plugins.
Preloading 0 native plugins for Editor in 0.00 ms.
Invoked RoslynAnalysisRunner static constructor.
RoslynAnalysisRunner will not be running.
RoslynAnalysisRunner has terminated.
Mono: successfully reloaded assembly
- Completed reload, in  1.076 seconds
Platform modules already initialized, skipping
Refreshing native plugins compatible for Editor in 0.85 ms, found 0 plugins.
Preloading 0 native plugins for Editor in 0.00 ms.
Unloading 7 Unused Serialized files (Serialized files now loaded: 0)
System memory in use before: 47.6 MB.
System memory in use after: 47.6 MB.

Unloading 6 unused Assets to reduce memory usage. Loaded Objects now: 1901.
Total: 2.409100 ms (FindLiveObjects: 0.479400 ms CreateObjectMapping: 0.065900 ms MarkObjects: 1.825900 ms  DeleteObjects: 0.036900 ms)

========================================================================
Received Import Request.
  Time since last request: 57.477782 seconds.
  path: Assets/NewInputSystemTest.cs
  artifactKey: Guid(a2d013e830f1a7044974fc341cae7ab6) Importer(815301076,1909f56bfc062723c751e8b465ee728b)
Start importing Assets/NewInputSystemTest.cs using Guid(a2d013e830f1a7044974fc341cae7ab6) Importer(815301076,1909f56bfc062723c751e8b465ee728b)  -> (artifact id: '159bbb4b507c44c0e33f0d83961d9997') in 0.002382 seconds
  Import took 0.007033 seconds .

========================================================================
Received Prepare
Reloading mono domain
Begin MonoManager ReloadAssembly
Registering precompiled unity dll's ...
Register platform support module: C:/Program Files/Unity/Hub/Editor/2020.2.0b6/Editor/Data/PlaybackEngines/WindowsStandaloneSupport/UnityEditor.WindowsStandalone.Extensions.dll
Registered in 0.001495 seconds.
Native extension for WindowsStandalone target not found
Refreshing native plugins compatible for Editor in 83.59 ms, found 0 plugins.
Preloading 0 native plugins for Editor in 0.00 ms.
Invoked RoslynAnalysisRunner static constructor.
RoslynAnalysisRunner will not be running.
RoslynAnalysisRunner has terminated.
Mono: successfully reloaded assembly
- Completed reload, in  1.329 seconds
Platform modules already initialized, skipping
Registering precompiled user dll's ...
Registered in 0.001771 seconds.
Begin MonoManager ReloadAssembly
Native extension for WindowsStandalone target not found
Refreshing native plugins compatible for Editor in 0.88 ms, found 0 plugins.
Preloading 0 native plugins for Editor in 0.00 ms.
Invoked RoslynAnalysisRunner static constructor.
RoslynAnalysisRunner will not be running.
RoslynAnalysisRunner has terminated.
Mono: successfully reloaded assembly
- Completed reload, in  1.602 seconds
Platform modules already initialized, skipping
Refreshing native plugins compatible for Editor in 0.91 ms, found 0 plugins.
Preloading 0 native plugins for Editor in 0.00 ms.
Unloading 7 Unused Serialized files (Serialized files now loaded: 0)
System memory in use before: 47.9 MB.
System memory in use after: 48.0 MB.

Unloading 6 unused Assets to reduce memory usage. Loaded Objects now: 1905.
Total: 1.958100 ms (FindLiveObjects: 0.340100 ms CreateObjectMapping: 0.071800 ms MarkObjects: 1.508200 ms  DeleteObjects: 0.036100 ms)

========================================================================
Received Import Request.
  Time since last request: 232.160009 seconds.
  path: Assets/Scenes/InputTest.unity
  artifactKey: Guid(78aa08e7e2190734388a80371d01a5cb) Importer(815301076,1909f56bfc062723c751e8b465ee728b)
Start importing Assets/Scenes/InputTest.unity using Guid(78aa08e7e2190734388a80371d01a5cb) Importer(815301076,1909f56bfc062723c751e8b465ee728b)  -> (artifact id: 'fe548cae6e7b6f41b6f65860426933ab') in 0.008415 seconds
  Import took 0.013010 seconds .

========================================================================
Received Import Request.
  Time since last request: 0.003573 seconds.
  path: Assets/Scenes/InputTest.unity
  artifactKey: Guid(78aa08e7e2190734388a80371d01a5cb) Importer(815301076,1909f56bfc062723c751e8b465ee728b)
Start importing Assets/Scenes/InputTest.unity using Guid(78aa08e7e2190734388a80371d01a5cb) Importer(815301076,1909f56bfc062723c751e8b465ee728b)  -> (artifact id: 'fe548cae6e7b6f41b6f65860426933ab') in 0.001774 seconds
  Import took 0.006294 seconds .

========================================================================
Received Prepare
Reloading mono domain
Begin MonoManager ReloadAssembly
Registering precompiled unity dll's ...
Register platform support module: C:/Program Files/Unity/Hub/Editor/2020.2.0b6/Editor/Data/PlaybackEngines/WindowsStandaloneSupport/UnityEditor.WindowsStandalone.Extensions.dll
Registered in 0.001047 seconds.
Native extension for WindowsStandalone target not found
Refreshing native plugins compatible for Editor in 75.52 ms, found 0 plugins.
Preloading 0 native plugins for Editor in 0.00 ms.
Invoked RoslynAnalysisRunner static constructor.
RoslynAnalysisRunner will not be running.
RoslynAnalysisRunner has terminated.
Mono: successfully reloaded assembly
- Completed reload, in  1.539 seconds
Platform modules already initialized, skipping
Registering precompiled user dll's ...
Registered in 0.001134 seconds.
Begin MonoManager ReloadAssembly
Native extension for WindowsStandalone target not found
Refreshing native plugins compatible for Editor in 0.85 ms, found 0 plugins.
Preloading 0 native plugins for Editor in 0.00 ms.
Invoked RoslynAnalysisRunner static constructor.
RoslynAnalysisRunner will not be running.
RoslynAnalysisRunner has terminated.
Mono: successfully reloaded assembly
- Completed reload, in  1.495 seconds
Platform modules already initialized, skipping
Refreshing native plugins compatible for Editor in 0.88 ms, found 0 plugins.
Preloading 0 native plugins for Editor in 0.00 ms.
Unloading 7 Unused Serialized files (Serialized files now loaded: 0)
System memory in use before: 48.0 MB.
System memory in use after: 48.1 MB.

Unloading 6 unused Assets to reduce memory usage. Loaded Objects now: 1909.
Total: 1.885600 ms (FindLiveObjects: 0.309300 ms CreateObjectMapping: 0.052100 ms MarkObjects: 1.488700 ms  DeleteObjects: 0.034600 ms)

========================================================================
Received Import Request.
  Time since last request: 287.235212 seconds.
  path: Assets/Player.cs
  artifactKey: Guid(0ad2466d6a9dbb8439c0b136a4822f47) Importer(815301076,1909f56bfc062723c751e8b465ee728b)
Start importing Assets/Player.cs using Guid(0ad2466d6a9dbb8439c0b136a4822f47) Importer(815301076,1909f56bfc062723c751e8b465ee728b)  -> (artifact id: 'd211219c1c9ab715aa297b97323d0d66') in 0.001910 seconds
  Import took 0.006096 seconds .

========================================================================
Received Import Request.
  Time since last request: 0.025006 seconds.
  path: Assets/Player.cs
  artifactKey: Guid(0ad2466d6a9dbb8439c0b136a4822f47) Importer(815301076,1909f56bfc062723c751e8b465ee728b)
Start importing Assets/Player.cs using Guid(0ad2466d6a9dbb8439c0b136a4822f47) Importer(815301076,1909f56bfc062723c751e8b465ee728b)  -> (artifact id: 'd211219c1c9ab715aa297b97323d0d66') in 0.001319 seconds
  Import took 0.005543 seconds .

========================================================================
Received Prepare
Reloading mono domain
Begin MonoManager ReloadAssembly
Registering precompiled unity dll's ...
Register platform support module: C:/Program Files/Unity/Hub/Editor/2020.2.0b6/Editor/Data/PlaybackEngines/WindowsStandaloneSupport/UnityEditor.WindowsStandalone.Extensions.dll
Registered in 0.001061 seconds.
Native extension for WindowsStandalone target not found
Refreshing native plugins compatible for Editor in 74.47 ms, found 0 plugins.
Preloading 0 native plugins for Editor in 0.00 ms.
Invoked RoslynAnalysisRunner static constructor.
RoslynAnalysisRunner will not be running.
RoslynAnalysisRunner has terminated.
Mono: successfully reloaded assembly
- Completed reload, in  1.248 seconds
Platform modules already initialized, skipping
Registering precompiled user dll's ...
Registered in 0.001125 seconds.
Begin MonoManager ReloadAssembly
Native extension for WindowsStandalone target not found
Refreshing native plugins compatible for Editor in 0.84 ms, found 0 plugins.
Preloading 0 native plugins for Editor in 0.00 ms.
Invoked RoslynAnalysisRunner static constructor.
RoslynAnalysisRunner will not be running.
RoslynAnalysisRunner has terminated.
Mono: successfully reloaded assembly
- Completed reload, in  1.517 seconds
Platform modules already initialized, skipping
Refreshing native plugins compatible for Editor in 1.08 ms, found 0 plugins.
Preloading 0 native plugins for Editor in 0.00 ms.
Unloading 7 Unused Serialized files (Serialized files now loaded: 0)
System memory in use before: 47.7 MB.
System memory in use after: 47.8 MB.

Unloading 6 unused Assets to reduce memory usage. Loaded Objects now: 1913.
Total: 1.980200 ms (FindLiveObjects: 0.462000 ms CreateObjectMapping: 0.081400 ms MarkObjects: 1.400200 ms  DeleteObjects: 0.034600 ms)

========================================================================
Received Prepare
Reloading mono domain
Begin MonoManager ReloadAssembly
Registering precompiled unity dll's ...
Register platform support module: C:/Program Files/Unity/Hub/Editor/2020.2.0b6/Editor/Data/PlaybackEngines/WindowsStandaloneSupport/UnityEditor.WindowsStandalone.Extensions.dll
Registered in 0.001094 seconds.
Native extension for WindowsStandalone target not found
Refreshing native plugins compatible for Editor in 72.29 ms, found 0 plugins.
Preloading 0 native plugins for Editor in 0.00 ms.
Invoked RoslynAnalysisRunner static constructor.
RoslynAnalysisRunner will not be running.
RoslynAnalysisRunner has terminated.
Mono: successfully reloaded assembly
- Completed reload, in  1.265 seconds
Platform modules already initialized, skipping
Registering precompiled user dll's ...
Registered in 0.001164 seconds.
Begin MonoManager ReloadAssembly
Native extension for WindowsStandalone target not found
Refreshing native plugins compatible for Editor in 0.85 ms, found 0 plugins.
Preloading 0 native plugins for Editor in 0.00 ms.
Invoked RoslynAnalysisRunner static constructor.
RoslynAnalysisRunner will not be running.
RoslynAnalysisRunner has terminated.
Mono: successfully reloaded assembly
- Completed reload, in  1.519 seconds
Platform modules already initialized, skipping
Refreshing native plugins compatible for Editor in 0.85 ms, found 0 plugins.
Preloading 0 native plugins for Editor in 0.00 ms.
Unloading 7 Unused Serialized files (Serialized files now loaded: 0)
System memory in use before: 48.1 MB.
System memory in use after: 48.1 MB.

Unloading 6 unused Assets to reduce memory usage. Loaded Objects now: 1917.
Total: 1.985600 ms (FindLiveObjects: 0.301200 ms CreateObjectMapping: 0.053200 ms MarkObjects: 1.592600 ms  DeleteObjects: 0.038000 ms)

========================================================================
Received Prepare
Reloading mono domain
Begin MonoManager ReloadAssembly
Registering precompiled unity dll's ...
Register platform support module: C:/Program Files/Unity/Hub/Editor/2020.2.0b6/Editor/Data/PlaybackEngines/WindowsStandaloneSupport/UnityEditor.WindowsStandalone.Extensions.dll
Registered in 0.001614 seconds.
Native extension for WindowsStandalone target not found
Refreshing native plugins compatible for Editor in 71.66 ms, found 0 plugins.
Preloading 0 native plugins for Editor in 0.00 ms.
Invoked RoslynAnalysisRunner static constructor.
RoslynAnalysisRunner will not be running.
RoslynAnalysisRunner has terminated.
Mono: successfully reloaded assembly
- Completed reload, in  1.619 seconds
Platform modules already initialized, skipping
Registering precompiled user dll's ...
Registered in 0.001174 seconds.
Begin MonoManager ReloadAssembly
Native extension for WindowsStandalone target not found
Refreshing native plugins compatible for Editor in 0.86 ms, found 0 plugins.
Preloading 0 native plugins for Editor in 0.00 ms.
Invoked RoslynAnalysisRunner static constructor.
RoslynAnalysisRunner will not be running.
RoslynAnalysisRunner has terminated.
Mono: successfully reloaded assembly
- Completed reload, in  1.566 seconds
Platform modules already initialized, skipping
Refreshing native plugins compatible for Editor in 0.99 ms, found 0 plugins.
Preloading 0 native plugins for Editor in 0.00 ms.
Unloading 7 Unused Serialized files (Serialized files now loaded: 0)
System memory in use before: 47.5 MB.
System memory in use after: 47.6 MB.

Unloading 6 unused Assets to reduce memory usage. Loaded Objects now: 1921.
Total: 2.429400 ms (FindLiveObjects: 0.383500 ms CreateObjectMapping: 0.064100 ms MarkObjects: 1.922400 ms  DeleteObjects: 0.058100 ms)

========================================================================
Received Import Request.
  Time since last request: 110.527226 seconds.
  path: Assets/Player.cs
  artifactKey: Guid(0ad2466d6a9dbb8439c0b136a4822f47) Importer(815301076,1909f56bfc062723c751e8b465ee728b)
Start importing Assets/Player.cs using Guid(0ad2466d6a9dbb8439c0b136a4822f47) Importer(815301076,1909f56bfc062723c751e8b465ee728b)  -> (artifact id: '4a89450af47d5e056ab09a520e344da3') in 0.002495 seconds
  Import took 0.007108 seconds .

========================================================================
Received Prepare
Reloading mono domain
Begin MonoManager ReloadAssembly
Registering precompiled unity dll's ...
Register platform support module: C:/Program Files/Unity/Hub/Editor/2020.2.0b6/Editor/Data/PlaybackEngines/WindowsStandaloneSupport/UnityEditor.WindowsStandalone.Extensions.dll
Registered in 0.001787 seconds.
Native extension for WindowsStandalone target not found
Refreshing native plugins compatible for Editor in 69.71 ms, found 0 plugins.
Preloading 0 native plugins for Editor in 0.00 ms.
Invoked RoslynAnalysisRunner static constructor.
RoslynAnalysisRunner will not be running.
RoslynAnalysisRunner has terminated.
Mono: successfully reloaded assembly
- Completed reload, in  1.652 seconds
Platform modules already initialized, skipping
Registering precompiled user dll's ...
Registered in 0.001076 seconds.
Begin MonoManager ReloadAssembly
Native extension for WindowsStandalone target not found
Refreshing native plugins compatible for Editor in 0.83 ms, found 0 plugins.
Preloading 0 native plugins for Editor in 0.00 ms.
Invoked RoslynAnalysisRunner static constructor.
RoslynAnalysisRunner will not be running.
RoslynAnalysisRunner has terminated.
Mono: successfully reloaded assembly
- Completed reload, in  1.592 seconds
Platform modules already initialized, skipping
Refreshing native plugins compatible for Editor in 0.84 ms, found 0 plugins.
Preloading 0 native plugins for Editor in 0.00 ms.
Unloading 7 Unused Serialized files (Serialized files now loaded: 0)
System memory in use before: 47.8 MB.
System memory in use after: 47.9 MB.

Unloading 6 unused Assets to reduce memory usage. Loaded Objects now: 1925.
Total: 1.977200 ms (FindLiveObjects: 0.296100 ms CreateObjectMapping: 0.051000 ms MarkObjects: 1.597200 ms  DeleteObjects: 0.032300 ms)

========================================================================
Received Import Request.
  Time since last request: 42.651067 seconds.
  path: Assets/GameController.cs
  artifactKey: Guid(e8566d3d0700d2e49b51675dfa7c33ac) Importer(815301076,1909f56bfc062723c751e8b465ee728b)
Start importing Assets/GameController.cs using Guid(e8566d3d0700d2e49b51675dfa7c33ac) Importer(815301076,1909f56bfc062723c751e8b465ee728b)  -> (artifact id: 'f45af42763124b610dbd67d5b1215321') in 0.001931 seconds
  Import took 0.005970 seconds .

========================================================================
Received Import Request.
  Time since last request: 2.025601 seconds.
  path: Assets/GameController.cs
  artifactKey: Guid(e8566d3d0700d2e49b51675dfa7c33ac) Importer(815301076,1909f56bfc062723c751e8b465ee728b)
Start importing Assets/GameController.cs using Guid(e8566d3d0700d2e49b51675dfa7c33ac) Importer(815301076,1909f56bfc062723c751e8b465ee728b)  -> (artifact id: 'f45af42763124b610dbd67d5b1215321') in 0.075193 seconds
  Import took 0.114582 seconds .

========================================================================
Received Prepare
Reloading mono domain
Begin MonoManager ReloadAssembly
Registering precompiled unity dll's ...
Register platform support module: C:/Program Files/Unity/Hub/Editor/2020.2.0b6/Editor/Data/PlaybackEngines/WindowsStandaloneSupport/UnityEditor.WindowsStandalone.Extensions.dll
Registered in 0.001140 seconds.
Native extension for WindowsStandalone target not found
Refreshing native plugins compatible for Editor in 70.76 ms, found 0 plugins.
Preloading 0 native plugins for Editor in 0.00 ms.
Invoked RoslynAnalysisRunner static constructor.
RoslynAnalysisRunner will not be running.
RoslynAnalysisRunner has terminated.
Mono: successfully reloaded assembly
- Completed reload, in  1.305 seconds
Platform modules already initialized, skipping
Registering precompiled user dll's ...
Registered in 0.001145 seconds.
Begin MonoManager ReloadAssembly
Native extension for WindowsStandalone target not found
Refreshing native plugins compatible for Editor in 0.83 ms, found 0 plugins.
Preloading 0 native plugins for Editor in 0.00 ms.
Invoked RoslynAnalysisRunner static constructor.
RoslynAnalysisRunner will not be running.
RoslynAnalysisRunner has terminated.
Mono: successfully reloaded assembly
- Completed reload, in  1.254 seconds
Platform modules already initialized, skipping
Refreshing native plugins compatible for Editor in 0.84 ms, found 0 plugins.
Preloading 0 native plugins for Editor in 0.00 ms.
Unloading 7 Unused Serialized files (Serialized files now loaded: 0)
System memory in use before: 48.1 MB.
System memory in use after: 48.2 MB.

Unloading 6 unused Assets to reduce memory usage. Loaded Objects now: 1929.
Total: 5.049200 ms (FindLiveObjects: 0.969300 ms CreateObjectMapping: 0.260100 ms MarkObjects: 3.781800 ms  DeleteObjects: 0.036100 ms)

========================================================================
Received Prepare
Reloading mono domain
Begin MonoManager ReloadAssembly
Registering precompiled unity dll's ...
Register platform support module: C:/Program Files/Unity/Hub/Editor/2020.2.0b6/Editor/Data/PlaybackEngines/WindowsStandaloneSupport/UnityEditor.WindowsStandalone.Extensions.dll
Registered in 0.001094 seconds.
Native extension for WindowsStandalone target not found
Refreshing native plugins compatible for Editor in 74.61 ms, found 0 plugins.
Preloading 0 native plugins for Editor in 0.00 ms.
Invoked RoslynAnalysisRunner static constructor.
RoslynAnalysisRunner will not be running.
RoslynAnalysisRunner has terminated.
Mono: successfully reloaded assembly
- Completed reload, in  1.720 seconds
Platform modules already initialized, skipping
Registering precompiled user dll's ...
Registered in 0.002072 seconds.
Begin MonoManager ReloadAssembly
Native extension for WindowsStandalone target not found
Refreshing native plugins compatible for Editor in 0.87 ms, found 0 plugins.
Preloading 0 native plugins for Editor in 0.00 ms.
Invoked RoslynAnalysisRunner static constructor.
RoslynAnalysisRunner will not be running.
RoslynAnalysisRunner has terminated.
Mono: successfully reloaded assembly
- Completed reload, in  1.618 seconds
Platform modules already initialized, skipping
Refreshing native plugins compatible for Editor in 1.05 ms, found 0 plugins.
Preloading 0 native plugins for Editor in 0.00 ms.
Unloading 7 Unused Serialized files (Serialized files now loaded: 0)
System memory in use before: 47.6 MB.
System memory in use after: 47.7 MB.

Unloading 6 unused Assets to reduce memory usage. Loaded Objects now: 1933.
Total: 1.830200 ms (FindLiveObjects: 0.307100 ms CreateObjectMapping: 0.057300 ms MarkObjects: 1.428400 ms  DeleteObjects: 0.036700 ms)

========================================================================
Received Prepare
Reloading mono domain
Begin MonoManager ReloadAssembly
Registering precompiled unity dll's ...
Register platform support module: C:/Program Files/Unity/Hub/Editor/2020.2.0b6/Editor/Data/PlaybackEngines/WindowsStandaloneSupport/UnityEditor.WindowsStandalone.Extensions.dll
Registered in 0.001046 seconds.
Native extension for WindowsStandalone target not found
Refreshing native plugins compatible for Editor in 72.80 ms, found 0 plugins.
Preloading 0 native plugins for Editor in 0.00 ms.
Invoked RoslynAnalysisRunner static constructor.
RoslynAnalysisRunner will not be running.
RoslynAnalysisRunner has terminated.
Mono: successfully reloaded assembly
- Completed reload, in  1.727 seconds
Platform modules already initialized, skipping
Registering precompiled user dll's ...
Registered in 0.001378 seconds.
Begin MonoManager ReloadAssembly
Native extension for WindowsStandalone target not found
Refreshing native plugins compatible for Editor in 0.84 ms, found 0 plugins.
Preloading 0 native plugins for Editor in 0.00 ms.
Invoked RoslynAnalysisRunner static constructor.
RoslynAnalysisRunner will not be running.
RoslynAnalysisRunner has terminated.
Mono: successfully reloaded assembly
- Completed reload, in  1.674 seconds
Platform modules already initialized, skipping
Refreshing native plugins compatible for Editor in 1.04 ms, found 0 plugins.
Preloading 0 native plugins for Editor in 0.00 ms.
Unloading 7 Unused Serialized files (Serialized files now loaded: 0)
System memory in use before: 48.0 MB.
System memory in use after: 48.1 MB.

Unloading 6 unused Assets to reduce memory usage. Loaded Objects now: 1937.
Total: 1.864300 ms (FindLiveObjects: 0.340500 ms CreateObjectMapping: 0.058800 ms MarkObjects: 1.427800 ms  DeleteObjects: 0.035600 ms)

========================================================================
Received Import Request.
  Time since last request: 146.541545 seconds.
  path: Assets/Player.cs
  artifactKey: Guid(0ad2466d6a9dbb8439c0b136a4822f47) Importer(815301076,1909f56bfc062723c751e8b465ee728b)
Start importing Assets/Player.cs using Guid(0ad2466d6a9dbb8439c0b136a4822f47) Importer(815301076,1909f56bfc062723c751e8b465ee728b)  -> (artifact id: 'fdb949eb20611945fbc64aa924db9021') in 0.002417 seconds
  Import took 0.007161 seconds .

========================================================================
Received Prepare
Reloading mono domain
Begin MonoManager ReloadAssembly
Registering precompiled unity dll's ...
Register platform support module: C:/Program Files/Unity/Hub/Editor/2020.2.0b6/Editor/Data/PlaybackEngines/WindowsStandaloneSupport/UnityEditor.WindowsStandalone.Extensions.dll
Registered in 0.001058 seconds.
Native extension for WindowsStandalone target not found
Refreshing native plugins compatible for Editor in 76.01 ms, found 0 plugins.
Preloading 0 native plugins for Editor in 0.00 ms.
Invoked RoslynAnalysisRunner static constructor.
RoslynAnalysisRunner will not be running.
RoslynAnalysisRunner has terminated.
Mono: successfully reloaded assembly
- Completed reload, in  1.768 seconds
Platform modules already initialized, skipping
Registering precompiled user dll's ...
Registered in 0.001102 seconds.
Begin MonoManager ReloadAssembly
Native extension for WindowsStandalone target not found
Refreshing native plugins compatible for Editor in 0.84 ms, found 0 plugins.
Preloading 0 native plugins for Editor in 0.00 ms.
Invoked RoslynAnalysisRunner static constructor.
RoslynAnalysisRunner will not be running.
RoslynAnalysisRunner has terminated.
Mono: successfully reloaded assembly
- Completed reload, in  1.740 seconds
Platform modules already initialized, skipping
Refreshing native plugins compatible for Editor in 0.92 ms, found 0 plugins.
Preloading 0 native plugins for Editor in 0.00 ms.
Unloading 7 Unused Serialized files (Serialized files now loaded: 0)
System memory in use before: 48.1 MB.
System memory in use after: 48.2 MB.

Unloading 6 unused Assets to reduce memory usage. Loaded Objects now: 1941.
Total: 2.228700 ms (FindLiveObjects: 0.380800 ms CreateObjectMapping: 0.070800 ms MarkObjects: 1.740400 ms  DeleteObjects: 0.035200 ms)

========================================================================
Received Import Request.
  Time since last request: 29.275324 seconds.
  path: Assets/Player.cs
  artifactKey: Guid(0ad2466d6a9dbb8439c0b136a4822f47) Importer(815301076,1909f56bfc062723c751e8b465ee728b)
Start importing Assets/Player.cs using Guid(0ad2466d6a9dbb8439c0b136a4822f47) Importer(815301076,1909f56bfc062723c751e8b465ee728b)  -> (artifact id: 'd1b3c71ae27d868837ad19d209d136ec') in 0.002503 seconds
  Import took 0.007091 seconds .

========================================================================
Received Prepare
Reloading mono domain
Begin MonoManager ReloadAssembly
Registering precompiled unity dll's ...
Register platform support module: C:/Program Files/Unity/Hub/Editor/2020.2.0b6/Editor/Data/PlaybackEngines/WindowsStandaloneSupport/UnityEditor.WindowsStandalone.Extensions.dll
Registered in 0.001117 seconds.
Native extension for WindowsStandalone target not found
Refreshing native plugins compatible for Editor in 70.09 ms, found 0 plugins.
Preloading 0 native plugins for Editor in 0.00 ms.
Invoked RoslynAnalysisRunner static constructor.
RoslynAnalysisRunner will not be running.
RoslynAnalysisRunner has terminated.
Mono: successfully reloaded assembly
- Completed reload, in  2.117 seconds
Platform modules already initialized, skipping
Registering precompiled user dll's ...
Registered in 0.001369 seconds.
Begin MonoManager ReloadAssembly
Native extension for WindowsStandalone target not found
Refreshing native plugins compatible for Editor in 0.89 ms, found 0 plugins.
Preloading 0 native plugins for Editor in 0.00 ms.
Invoked RoslynAnalysisRunner static constructor.
RoslynAnalysisRunner will not be running.
RoslynAnalysisRunner has terminated.
Mono: successfully reloaded assembly
- Completed reload, in  1.752 seconds
Platform modules already initialized, skipping
Refreshing native plugins compatible for Editor in 0.84 ms, found 0 plugins.
Preloading 0 native plugins for Editor in 0.00 ms.
Unloading 7 Unused Serialized files (Serialized files now loaded: 0)
System memory in use before: 47.7 MB.
System memory in use after: 47.8 MB.

Unloading 6 unused Assets to reduce memory usage. Loaded Objects now: 1945.
Total: 1.841600 ms (FindLiveObjects: 0.304300 ms CreateObjectMapping: 0.053200 ms MarkObjects: 1.449800 ms  DeleteObjects: 0.033600 ms)

========================================================================
Received Import Request.
  Time since last request: 124.505267 seconds.
  path: Assets/Player.cs
  artifactKey: Guid(0ad2466d6a9dbb8439c0b136a4822f47) Importer(815301076,1909f56bfc062723c751e8b465ee728b)
Start importing Assets/Player.cs using Guid(0ad2466d6a9dbb8439c0b136a4822f47) Importer(815301076,1909f56bfc062723c751e8b465ee728b)  -> (artifact id: '97dc5e0f7bebfe189612435bba852b9f') in 0.002008 seconds
  Import took 0.006152 seconds .

========================================================================
Received Prepare
Reloading mono domain
Begin MonoManager ReloadAssembly
Registering precompiled unity dll's ...
Register platform support module: C:/Program Files/Unity/Hub/Editor/2020.2.0b6/Editor/Data/PlaybackEngines/WindowsStandaloneSupport/UnityEditor.WindowsStandalone.Extensions.dll
Registered in 0.001054 seconds.
Native extension for WindowsStandalone target not found
Refreshing native plugins compatible for Editor in 69.48 ms, found 0 plugins.
Preloading 0 native plugins for Editor in 0.00 ms.
Invoked RoslynAnalysisRunner static constructor.
RoslynAnalysisRunner will not be running.
RoslynAnalysisRunner has terminated.
Mono: successfully reloaded assembly
- Completed reload, in  1.816 seconds
Platform modules already initialized, skipping
Registering precompiled user dll's ...
Registered in 0.001094 seconds.
Begin MonoManager ReloadAssembly
Native extension for WindowsStandalone target not found
Refreshing native plugins compatible for Editor in 0.86 ms, found 0 plugins.
Preloading 0 native plugins for Editor in 0.00 ms.
Invoked RoslynAnalysisRunner static constructor.
RoslynAnalysisRunner will not be running.
RoslynAnalysisRunner has terminated.
Mono: successfully reloaded assembly
- Completed reload, in  1.835 seconds
Platform modules already initialized, skipping
Refreshing native plugins compatible for Editor in 1.09 ms, found 0 plugins.
Preloading 0 native plugins for Editor in 0.00 ms.
Unloading 7 Unused Serialized files (Serialized files now loaded: 0)
System memory in use before: 48.1 MB.
System memory in use after: 48.2 MB.

Unloading 6 unused Assets to reduce memory usage. Loaded Objects now: 1949.
Total: 2.567700 ms (FindLiveObjects: 0.390800 ms CreateObjectMapping: 0.075600 ms MarkObjects: 2.061700 ms  DeleteObjects: 0.038400 ms)

========================================================================
Received Import Request.
  Time since last request: 7.189127 seconds.
  path: Assets/Player.cs
  artifactKey: Guid(0ad2466d6a9dbb8439c0b136a4822f47) Importer(815301076,1909f56bfc062723c751e8b465ee728b)
Start importing Assets/Player.cs using Guid(0ad2466d6a9dbb8439c0b136a4822f47) Importer(815301076,1909f56bfc062723c751e8b465ee728b)  -> (artifact id: '761346fdc02c9799262fa17870e09b53') in 0.002272 seconds
  Import took 0.006968 seconds .

========================================================================
Received Prepare
Reloading mono domain
Begin MonoManager ReloadAssembly
Registering precompiled unity dll's ...
Register platform support module: C:/Program Files/Unity/Hub/Editor/2020.2.0b6/Editor/Data/PlaybackEngines/WindowsStandaloneSupport/UnityEditor.WindowsStandalone.Extensions.dll
Registered in 0.001083 seconds.
Native extension for WindowsStandalone target not found
Refreshing native plugins compatible for Editor in 74.81 ms, found 0 plugins.
Preloading 0 native plugins for Editor in 0.00 ms.
Invoked RoslynAnalysisRunner static constructor.
RoslynAnalysisRunner will not be running.
RoslynAnalysisRunner has terminated.
Mono: successfully reloaded assembly
- Completed reload, in  1.860 seconds
Platform modules already initialized, skipping
Registering precompiled user dll's ...
Registered in 0.001068 seconds.
Begin MonoManager ReloadAssembly
Native extension for WindowsStandalone target not found
Refreshing native plugins compatible for Editor in 0.84 ms, found 0 plugins.
Preloading 0 native plugins for Editor in 0.00 ms.
Invoked RoslynAnalysisRunner static constructor.
RoslynAnalysisRunner will not be running.
RoslynAnalysisRunner has terminated.
Mono: successfully reloaded assembly
- Completed reload, in  2.261 seconds
Platform modules already initialized, skipping
Refreshing native plugins compatible for Editor in 1.53 ms, found 0 plugins.
Preloading 0 native plugins for Editor in 0.00 ms.
Unloading 7 Unused Serialized files (Serialized files now loaded: 0)
System memory in use before: 48.2 MB.
System memory in use after: 48.2 MB.

Unloading 6 unused Assets to reduce memory usage. Loaded Objects now: 1953.
Total: 2.530600 ms (FindLiveObjects: 0.416400 ms CreateObjectMapping: 0.062200 ms MarkObjects: 1.997000 ms  DeleteObjects: 0.053400 ms)

========================================================================
Received Import Request.
  Time since last request: 332.547019 seconds.
  path: Assets/Player.cs
  artifactKey: Guid(0ad2466d6a9dbb8439c0b136a4822f47) Importer(815301076,1909f56bfc062723c751e8b465ee728b)
Start importing Assets/Player.cs using Guid(0ad2466d6a9dbb8439c0b136a4822f47) Importer(815301076,1909f56bfc062723c751e8b465ee728b)  -> (artifact id: 'dfb6f282637a78dd3d4892145baf8071') in 0.002186 seconds
  Import took 0.007093 seconds .

========================================================================
Received Prepare
Reloading mono domain
Begin MonoManager ReloadAssembly
Registering precompiled unity dll's ...
Register platform support module: C:/Program Files/Unity/Hub/Editor/2020.2.0b6/Editor/Data/PlaybackEngines/WindowsStandaloneSupport/UnityEditor.WindowsStandalone.Extensions.dll
Registered in 0.001056 seconds.
Native extension for WindowsStandalone target not found
Refreshing native plugins compatible for Editor in 70.72 ms, found 0 plugins.
Preloading 0 native plugins for Editor in 0.00 ms.
Invoked RoslynAnalysisRunner static constructor.
RoslynAnalysisRunner will not be running.
RoslynAnalysisRunner has terminated.
Mono: successfully reloaded assembly
- Completed reload, in  2.260 seconds
Platform modules already initialized, skipping
Registering precompiled user dll's ...
Registered in 0.001155 seconds.
Begin MonoManager ReloadAssembly
Native extension for WindowsStandalone target not found
Refreshing native plugins compatible for Editor in 0.84 ms, found 0 plugins.
Preloading 0 native plugins for Editor in 0.00 ms.
Invoked RoslynAnalysisRunner static constructor.
RoslynAnalysisRunner will not be running.
RoslynAnalysisRunner has terminated.
Mono: successfully reloaded assembly
- Completed reload, in  1.980 seconds
Platform modules already initialized, skipping
Refreshing native plugins compatible for Editor in 0.94 ms, found 0 plugins.
Preloading 0 native plugins for Editor in 0.00 ms.
Unloading 7 Unused Serialized files (Serialized files now loaded: 0)
System memory in use before: 47.9 MB.
System memory in use after: 48.0 MB.

Unloading 6 unused Assets to reduce memory usage. Loaded Objects now: 1957.
Total: 2.355100 ms (FindLiveObjects: 0.382200 ms CreateObjectMapping: 0.064900 ms MarkObjects: 1.865200 ms  DeleteObjects: 0.041100 ms)

========================================================================
Received Import Request.
  Time since last request: 43.698949 seconds.
  path: Assets/Player.cs
  artifactKey: Guid(0ad2466d6a9dbb8439c0b136a4822f47) Importer(815301076,1909f56bfc062723c751e8b465ee728b)
Start importing Assets/Player.cs using Guid(0ad2466d6a9dbb8439c0b136a4822f47) Importer(815301076,1909f56bfc062723c751e8b465ee728b)  -> (artifact id: '20eb91e0b4ab96214f51512b0cc65efb') in 0.002286 seconds
  Import took 0.006941 seconds .

========================================================================
Received Prepare
Reloading mono domain
Begin MonoManager ReloadAssembly
Registering precompiled unity dll's ...
Register platform support module: C:/Program Files/Unity/Hub/Editor/2020.2.0b6/Editor/Data/PlaybackEngines/WindowsStandaloneSupport/UnityEditor.WindowsStandalone.Extensions.dll
Registered in 0.001904 seconds.
Native extension for WindowsStandalone target not found
Refreshing native plugins compatible for Editor in 70.86 ms, found 0 plugins.
Preloading 0 native plugins for Editor in 0.00 ms.
Invoked RoslynAnalysisRunner static constructor.
RoslynAnalysisRunner will not be running.
RoslynAnalysisRunner has terminated.
Mono: successfully reloaded assembly
- Completed reload, in  2.310 seconds
Platform modules already initialized, skipping
Registering precompiled user dll's ...
Registered in 0.001152 seconds.
Begin MonoManager ReloadAssembly
Native extension for WindowsStandalone target not found
Refreshing native plugins compatible for Editor in 1.06 ms, found 0 plugins.
Preloading 0 native plugins for Editor in 0.00 ms.
Invoked RoslynAnalysisRunner static constructor.
RoslynAnalysisRunner will not be running.
RoslynAnalysisRunner has terminated.
Mono: successfully reloaded assembly
- Completed reload, in  1.973 seconds
Platform modules already initialized, skipping
Refreshing native plugins compatible for Editor in 0.89 ms, found 0 plugins.
Preloading 0 native plugins for Editor in 0.00 ms.
Unloading 7 Unused Serialized files (Serialized files now loaded: 0)
System memory in use before: 48.2 MB.
System memory in use after: 48.3 MB.

Unloading 6 unused Assets to reduce memory usage. Loaded Objects now: 1961.
Total: 2.248900 ms (FindLiveObjects: 0.356700 ms CreateObjectMapping: 0.062700 ms MarkObjects: 1.767700 ms  DeleteObjects: 0.060600 ms)

========================================================================
Received Import Request.
  Time since last request: 62.008833 seconds.
  path: Assets/Player.cs
  artifactKey: Guid(0ad2466d6a9dbb8439c0b136a4822f47) Importer(815301076,1909f56bfc062723c751e8b465ee728b)
Start importing Assets/Player.cs using Guid(0ad2466d6a9dbb8439c0b136a4822f47) Importer(815301076,1909f56bfc062723c751e8b465ee728b)  -> (artifact id: '867b897a14c310d067f64e856d49407c') in 0.002245 seconds
  Import took 0.006958 seconds .

========================================================================
Received Prepare
Reloading mono domain
Begin MonoManager ReloadAssembly
Registering precompiled unity dll's ...
Register platform support module: C:/Program Files/Unity/Hub/Editor/2020.2.0b6/Editor/Data/PlaybackEngines/WindowsStandaloneSupport/UnityEditor.WindowsStandalone.Extensions.dll
Registered in 0.001068 seconds.
Native extension for WindowsStandalone target not found
Refreshing native plugins compatible for Editor in 74.13 ms, found 0 plugins.
Preloading 0 native plugins for Editor in 0.00 ms.
Invoked RoslynAnalysisRunner static constructor.
RoslynAnalysisRunner will not be running.
RoslynAnalysisRunner has terminated.
Mono: successfully reloaded assembly
- Completed reload, in  1.946 seconds
Platform modules already initialized, skipping
Registering precompiled user dll's ...
Registered in 0.001081 seconds.
Begin MonoManager ReloadAssembly
Native extension for WindowsStandalone target not found
Refreshing native plugins compatible for Editor in 0.99 ms, found 0 plugins.
Preloading 0 native plugins for Editor in 0.00 ms.
Invoked RoslynAnalysisRunner static constructor.
RoslynAnalysisRunner will not be running.
RoslynAnalysisRunner has terminated.
Mono: successfully reloaded assembly
- Completed reload, in  2.000 seconds
Platform modules already initialized, skipping
Refreshing native plugins compatible for Editor in 1.20 ms, found 0 plugins.
Preloading 0 native plugins for Editor in 0.00 ms.
Unloading 7 Unused Serialized files (Serialized files now loaded: 0)
System memory in use before: 47.6 MB.
System memory in use after: 47.7 MB.

Unloading 6 unused Assets to reduce memory usage. Loaded Objects now: 1965.
Total: 1.891000 ms (FindLiveObjects: 0.422000 ms CreateObjectMapping: 0.064600 ms MarkObjects: 1.369300 ms  DeleteObjects: 0.034000 ms)

========================================================================
Received Import Request.
  Time since last request: 61.036808 seconds.
  path: Assets/Player.cs
  artifactKey: Guid(0ad2466d6a9dbb8439c0b136a4822f47) Importer(815301076,1909f56bfc062723c751e8b465ee728b)
Start importing Assets/Player.cs using Guid(0ad2466d6a9dbb8439c0b136a4822f47) Importer(815301076,1909f56bfc062723c751e8b465ee728b)  -> (artifact id: '13e24e48237b33732c2af16d30e5f462') in 0.002413 seconds
  Import took 0.006988 seconds .

========================================================================
Received Prepare
Reloading mono domain
Begin MonoManager ReloadAssembly
Registering precompiled unity dll's ...
Register platform support module: C:/Program Files/Unity/Hub/Editor/2020.2.0b6/Editor/Data/PlaybackEngines/WindowsStandaloneSupport/UnityEditor.WindowsStandalone.Extensions.dll
Registered in 0.001065 seconds.
Native extension for WindowsStandalone target not found
Refreshing native plugins compatible for Editor in 91.20 ms, found 0 plugins.
Preloading 0 native plugins for Editor in 0.00 ms.
Invoked RoslynAnalysisRunner static constructor.
RoslynAnalysisRunner will not be running.
RoslynAnalysisRunner has terminated.
Mono: successfully reloaded assembly
- Completed reload, in  2.548 seconds
Platform modules already initialized, skipping
Registering precompiled user dll's ...
Registered in 0.001067 seconds.
Begin MonoManager ReloadAssembly
Native extension for WindowsStandalone target not found
Refreshing native plugins compatible for Editor in 0.84 ms, found 0 plugins.
Preloading 0 native plugins for Editor in 0.00 ms.
Invoked RoslynAnalysisRunner static constructor.
RoslynAnalysisRunner will not be running.
RoslynAnalysisRunner has terminated.
Mono: successfully reloaded assembly
- Completed reload, in  1.923 seconds
Platform modules already initialized, skipping
Refreshing native plugins compatible for Editor in 0.88 ms, found 0 plugins.
Preloading 0 native plugins for Editor in 0.00 ms.
Unloading 7 Unused Serialized files (Serialized files now loaded: 0)
System memory in use before: 48.0 MB.
System memory in use after: 48.1 MB.

Unloading 6 unused Assets to reduce memory usage. Loaded Objects now: 1969.
Total: 1.914500 ms (FindLiveObjects: 0.331600 ms CreateObjectMapping: 0.055100 ms MarkObjects: 1.492800 ms  DeleteObjects: 0.034100 ms)

========================================================================
Received Import Request.
  Time since last request: 67.971612 seconds.
  path: Assets/Player.cs
  artifactKey: Guid(0ad2466d6a9dbb8439c0b136a4822f47) Importer(815301076,1909f56bfc062723c751e8b465ee728b)
Start importing Assets/Player.cs using Guid(0ad2466d6a9dbb8439c0b136a4822f47) Importer(815301076,1909f56bfc062723c751e8b465ee728b)  -> (artifact id: 'fd81def9995c795b5f8f5917ff526c7c') in 0.001895 seconds
  Import took 0.005793 seconds .

========================================================================
Received Import Request.
  Time since last request: 0.121155 seconds.
  path: Assets/Player.cs
  artifactKey: Guid(0ad2466d6a9dbb8439c0b136a4822f47) Importer(815301076,1909f56bfc062723c751e8b465ee728b)
Start importing Assets/Player.cs using Guid(0ad2466d6a9dbb8439c0b136a4822f47) Importer(815301076,1909f56bfc062723c751e8b465ee728b)  -> (artifact id: 'fd81def9995c795b5f8f5917ff526c7c') in 0.001346 seconds
  Import took 0.005475 seconds .

========================================================================
Received Prepare
Reloading mono domain
Begin MonoManager ReloadAssembly
Registering precompiled unity dll's ...
Register platform support module: C:/Program Files/Unity/Hub/Editor/2020.2.0b6/Editor/Data/PlaybackEngines/WindowsStandaloneSupport/UnityEditor.WindowsStandalone.Extensions.dll
Registered in 0.001088 seconds.
Native extension for WindowsStandalone target not found
Refreshing native plugins compatible for Editor in 71.43 ms, found 0 plugins.
Preloading 0 native plugins for Editor in 0.00 ms.
Invoked RoslynAnalysisRunner static constructor.
RoslynAnalysisRunner will not be running.
RoslynAnalysisRunner has terminated.
Mono: successfully reloaded assembly
- Completed reload, in  2.001 seconds
Platform modules already initialized, skipping
Registering precompiled user dll's ...
Registered in 0.000997 seconds.
Begin MonoManager ReloadAssembly
Native extension for WindowsStandalone target not found
Refreshing native plugins compatible for Editor in 0.83 ms, found 0 plugins.
Preloading 0 native plugins for Editor in 0.00 ms.
Invoked RoslynAnalysisRunner static constructor.
RoslynAnalysisRunner will not be running.
RoslynAnalysisRunner has terminated.
Mono: successfully reloaded assembly
- Completed reload, in  1.908 seconds
Platform modules already initialized, skipping
Refreshing native plugins compatible for Editor in 0.86 ms, found 0 plugins.
Preloading 0 native plugins for Editor in 0.00 ms.
Unloading 7 Unused Serialized files (Serialized files now loaded: 0)
System memory in use before: 48.2 MB.
System memory in use after: 48.3 MB.

Unloading 6 unused Assets to reduce memory usage. Loaded Objects now: 1973.
Total: 2.054800 ms (FindLiveObjects: 0.330100 ms CreateObjectMapping: 0.059600 ms MarkObjects: 1.624200 ms  DeleteObjects: 0.039900 ms)

========================================================================
Received Prepare
Reloading mono domain
Begin MonoManager ReloadAssembly
Registering precompiled unity dll's ...
Register platform support module: C:/Program Files/Unity/Hub/Editor/2020.2.0b6/Editor/Data/PlaybackEngines/WindowsStandaloneSupport/UnityEditor.WindowsStandalone.Extensions.dll
Registered in 0.001100 seconds.
Native extension for WindowsStandalone target not found
Refreshing native plugins compatible for Editor in 73.14 ms, found 0 plugins.
Preloading 0 native plugins for Editor in 0.00 ms.
Invoked RoslynAnalysisRunner static constructor.
RoslynAnalysisRunner will not be running.
RoslynAnalysisRunner has terminated.
Mono: successfully reloaded assembly
- Completed reload, in  2.071 seconds
Platform modules already initialized, skipping
Registering precompiled user dll's ...
Registered in 0.001121 seconds.
Begin MonoManager ReloadAssembly
Native extension for WindowsStandalone target not found
Refreshing native plugins compatible for Editor in 0.82 ms, found 0 plugins.
Preloading 0 native plugins for Editor in 0.00 ms.
Invoked RoslynAnalysisRunner static constructor.
RoslynAnalysisRunner will not be running.
RoslynAnalysisRunner has terminated.
Mono: successfully reloaded assembly
- Completed reload, in  1.942 seconds
Platform modules already initialized, skipping
Refreshing native plugins compatible for Editor in 0.84 ms, found 0 plugins.
Preloading 0 native plugins for Editor in 0.00 ms.
Unloading 7 Unused Serialized files (Serialized files now loaded: 0)
System memory in use before: 47.8 MB.
System memory in use after: 47.9 MB.

Unloading 6 unused Assets to reduce memory usage. Loaded Objects now: 1977.
Total: 1.780200 ms (FindLiveObjects: 0.297200 ms CreateObjectMapping: 0.052300 ms MarkObjects: 1.397500 ms  DeleteObjects: 0.032300 ms)

AssetImportWorkerClient::OnTransportError - code=2 error=End of file
