Using pre-set license
Built from '2020.2/staging' branch; Version is '2020.2.0b6 (24a0f8b56f72) revision 2400504'; Using compiler version '192528614'; Build Type 'Release'
OS: 'Windows 10  (10.0.0) 64bit' Language: 'ko' Physical Memory: 16318 MB
BatchMode: 1, IsHumanControllingUs: 0, StartBugReporterOnCrash: 0, Is64bit: 1, IsPro: 0

 COMMAND LINE ARGUMENTS:
C:\Program Files\Unity\Hub\Editor\2020.2.0b6\Editor\Unity.exe
-adb2
-batchMode
-noUpm
-name
AssetImportWorker0
-projectPath
C:/Users/Administrator/Documents/GitHub/Vineyard/Unity/Day 09
-logFile
Logs/AssetImportWorker0.log
-srvPort
1836
Successfully changed project path to: C:/Users/Administrator/Documents/GitHub/Vineyard/Unity/Day 09
C:/Users/Administrator/Documents/GitHub/Vineyard/Unity/Day 09
Using Asset Import Pipeline V2.
Refreshing native plugins compatible for Editor in 82.07 ms, found 0 plugins.
Preloading 0 native plugins for Editor in 0.00 ms.
Initialize engine version: 2020.2.0b6 (24a0f8b56f72)
[Subsystems] Discovering subsystems at path C:/Program Files/Unity/Hub/Editor/2020.2.0b6/Editor/Data/Resources/UnitySubsystems
[Subsystems] Discovering subsystems at path C:/Users/Administrator/Documents/GitHub/Vineyard/Unity/Day 09/Assets
GfxDevice: creating device client; threaded=0
Direct3D:
    Version:  Direct3D 11.0 [level 11.1]
    Renderer: NVIDIA GeForce GTX 1660 (ID=0x2184)
    Vendor:   
    VRAM:     5991 MB
    Driver:   26.21.14.3200
Initialize mono
Mono path[0] = 'C:/Program Files/Unity/Hub/Editor/2020.2.0b6/Editor/Data/Managed'
Mono path[1] = 'C:/Program Files/Unity/Hub/Editor/2020.2.0b6/Editor/Data/MonoBleedingEdge/lib/mono/unityjit'
Mono config path = 'C:/Program Files/Unity/Hub/Editor/2020.2.0b6/Editor/Data/MonoBleedingEdge/etc'
Using monoOptions --debugger-agent=transport=dt_socket,embedding=1,server=y,suspend=n,address=127.0.0.1:56792
Begin MonoManager ReloadAssembly
Registering precompiled unity dll's ...
Register platform support module: C:/Program Files/Unity/Hub/Editor/2020.2.0b6/Editor/Data/PlaybackEngines/WindowsStandaloneSupport/UnityEditor.WindowsStandalone.Extensions.dll
Registered in 0.001182 seconds.
Native extension for WindowsStandalone target not found
Refreshing native plugins compatible for Editor in 86.47 ms, found 0 plugins.
Preloading 0 native plugins for Editor in 0.00 ms.
Invoked RoslynAnalysisRunner static constructor.
RoslynAnalysisRunner will not be running.
RoslynAnalysisRunner has terminated.
Mono: successfully reloaded assembly
- Completed reload, in  1.891 seconds
Platform modules already initialized, skipping
Registering precompiled user dll's ...
Registered in 0.001006 seconds.
Begin MonoManager ReloadAssembly
Symbol file LoadedFromMemory doesn't match image C:\Users\Administrator\Documents\GitHub\Vineyard\Unity\Day 09\Library\PackageCache\com.unity.ext.nunit@1.0.0\net35\unity-custom\nunit.framework.dll
Native extension for WindowsStandalone target not found
Refreshing native plugins compatible for Editor in 74.31 ms, found 0 plugins.
Preloading 0 native plugins for Editor in 0.00 ms.
Invoked RoslynAnalysisRunner static constructor.
RoslynAnalysisRunner will not be running.
RoslynAnalysisRunner has terminated.
Mono: successfully reloaded assembly
- Completed reload, in  1.144 seconds
Platform modules already initialized, skipping
========================================================================
Worker process is ready to serve import requests
Launched and connected shader compiler UnityShaderCompiler.exe after 0.03 seconds
Refreshing native plugins compatible for Editor in 0.84 ms, found 0 plugins.
Preloading 0 native plugins for Editor in 0.00 ms.
Unloading 1400 Unused Serialized files (Serialized files now loaded: 0)
System memory in use before: 73.5 MB.
System memory in use after: 73.6 MB.

Unloading 12 unused Assets to reduce memory usage. Loaded Objects now: 1849.
Total: 1.965900 ms (FindLiveObjects: 0.363700 ms CreateObjectMapping: 0.061900 ms MarkObjects: 1.486900 ms  DeleteObjects: 0.052700 ms)

========================================================================
Received Import Request.
  path: Assets/InputController.cs
  artifactKey: Guid(ecf7d56b43da31845a87dacf1b3e4f69) Importer(815301076,1909f56bfc062723c751e8b465ee728b)
Start importing Assets/InputController.cs using Guid(ecf7d56b43da31845a87dacf1b3e4f69) Importer(815301076,1909f56bfc062723c751e8b465ee728b)  -> (artifact id: 'c8d2d548cb3aaa23c89e68494680be96') in 0.019225 seconds
  Import took 0.023276 seconds .

========================================================================
Received Import Request.
  Time since last request: 0.000245 seconds.
  path: Assets/InputController.inputactions
  artifactKey: Guid(9e8ab0d12414c3745a191e6da6500797) Importer(815301076,1909f56bfc062723c751e8b465ee728b)
Start importing Assets/InputController.inputactions using Guid(9e8ab0d12414c3745a191e6da6500797) Importer(815301076,1909f56bfc062723c751e8b465ee728b)  -> (artifact id: 'c708f6c0e513b70b9997c3d2606a1455') in 0.013699 seconds
  Import took 0.017055 seconds .

========================================================================
Received Import Request.
  Time since last request: 0.000226 seconds.
  path: Assets/NewInputSystemTest.cs
  artifactKey: Guid(a2d013e830f1a7044974fc341cae7ab6) Importer(815301076,1909f56bfc062723c751e8b465ee728b)
Start importing Assets/NewInputSystemTest.cs using Guid(a2d013e830f1a7044974fc341cae7ab6) Importer(815301076,1909f56bfc062723c751e8b465ee728b)  -> (artifact id: '0fc274d2961ab3153efc5f9b1b898d80') in 0.001099 seconds
  Import took 0.004380 seconds .

========================================================================
Received Import Request.
  Time since last request: 363.131630 seconds.
  path: Assets/NewInputSystemTest.cs
  artifactKey: Guid(a2d013e830f1a7044974fc341cae7ab6) Importer(815301076,1909f56bfc062723c751e8b465ee728b)
Start importing Assets/NewInputSystemTest.cs using Guid(a2d013e830f1a7044974fc341cae7ab6) Importer(815301076,1909f56bfc062723c751e8b465ee728b)  -> (artifact id: '782acaa66f90b1c1cd8b9d644d069a6d') in 0.003328 seconds
  Import took 0.056832 seconds .

========================================================================
Received Prepare
Reloading mono domain
Begin MonoManager ReloadAssembly
Registering precompiled unity dll's ...
Register platform support module: C:/Program Files/Unity/Hub/Editor/2020.2.0b6/Editor/Data/PlaybackEngines/WindowsStandaloneSupport/UnityEditor.WindowsStandalone.Extensions.dll
Registered in 0.001058 seconds.
Symbol file LoadedFromMemory doesn't match image C:\Users\Administrator\Documents\GitHub\Vineyard\Unity\Day 09\Library\PackageCache\com.unity.ext.nunit@1.0.0\net35\unity-custom\nunit.framework.dll
Native extension for WindowsStandalone target not found
Refreshing native plugins compatible for Editor in 73.24 ms, found 0 plugins.
Preloading 0 native plugins for Editor in 0.00 ms.
Invoked RoslynAnalysisRunner static constructor.
RoslynAnalysisRunner will not be running.
RoslynAnalysisRunner has terminated.
Mono: successfully reloaded assembly
- Completed reload, in  1.075 seconds
Platform modules already initialized, skipping
Registering precompiled user dll's ...
Registered in 0.001119 seconds.
Begin MonoManager ReloadAssembly
Symbol file LoadedFromMemory doesn't match image C:\Users\Administrator\Documents\GitHub\Vineyard\Unity\Day 09\Library\PackageCache\com.unity.ext.nunit@1.0.0\net35\unity-custom\nunit.framework.dll
Native extension for WindowsStandalone target not found
Refreshing native plugins compatible for Editor in 0.84 ms, found 0 plugins.
Preloading 0 native plugins for Editor in 0.00 ms.
Invoked RoslynAnalysisRunner static constructor.
RoslynAnalysisRunner will not be running.
RoslynAnalysisRunner has terminated.
Mono: successfully reloaded assembly
- Completed reload, in  0.684 seconds
Platform modules already initialized, skipping
Refreshing native plugins compatible for Editor in 0.85 ms, found 0 plugins.
Preloading 0 native plugins for Editor in 0.00 ms.
Unloading 7 Unused Serialized files (Serialized files now loaded: 0)
System memory in use before: 46.6 MB.
System memory in use after: 46.7 MB.

Unloading 6 unused Assets to reduce memory usage. Loaded Objects now: 1853.
Total: 4.415700 ms (FindLiveObjects: 0.589300 ms CreateObjectMapping: 0.133300 ms MarkObjects: 3.602600 ms  DeleteObjects: 0.088400 ms)

========================================================================
Received Import Request.
  Time since last request: 153.217287 seconds.
  path: Assets/InputController.cs
  artifactKey: Guid(ecf7d56b43da31845a87dacf1b3e4f69) Importer(815301076,1909f56bfc062723c751e8b465ee728b)
Start importing Assets/InputController.cs using Guid(ecf7d56b43da31845a87dacf1b3e4f69) Importer(815301076,1909f56bfc062723c751e8b465ee728b)  -> (artifact id: '047632369cf180196b3bc8139dc3d593') in 0.005942 seconds
  Import took 0.053983 seconds .

========================================================================
Received Import Request.
  Time since last request: 0.007456 seconds.
  path: Assets/InputController.inputactions
  artifactKey: Guid(9e8ab0d12414c3745a191e6da6500797) Importer(815301076,1909f56bfc062723c751e8b465ee728b)
Start importing Assets/InputController.inputactions using Guid(9e8ab0d12414c3745a191e6da6500797) Importer(815301076,1909f56bfc062723c751e8b465ee728b)  -> (artifact id: '72a392628c9cf58517fae1f392ca9849') in 0.041496 seconds
  Import took 0.048754 seconds .

========================================================================
Received Import Request.
  Time since last request: 9.290418 seconds.
  path: Assets/InputController.inputactions
  artifactKey: Guid(9e8ab0d12414c3745a191e6da6500797) Importer(815301076,1909f56bfc062723c751e8b465ee728b)
Start importing Assets/InputController.inputactions using Guid(9e8ab0d12414c3745a191e6da6500797) Importer(815301076,1909f56bfc062723c751e8b465ee728b)  -> (artifact id: '0237e64ad95680d730bc767f0c5c5049') in 0.077398 seconds
  Import took 0.330687 seconds .

========================================================================
Received Import Request.
  Time since last request: 0.000181 seconds.
  path: Assets/InputController.cs
  artifactKey: Guid(ecf7d56b43da31845a87dacf1b3e4f69) Importer(815301076,1909f56bfc062723c751e8b465ee728b)
Start importing Assets/InputController.cs using Guid(ecf7d56b43da31845a87dacf1b3e4f69) Importer(815301076,1909f56bfc062723c751e8b465ee728b)  -> (artifact id: 'c0e6c6511356ae9a8e861345c4c83932') in 0.004180 seconds
  Import took 0.010336 seconds .

========================================================================
Received Import Request.
  Time since last request: 0.000221 seconds.
  path: Assets/InputController.inputactions
  artifactKey: Guid(9e8ab0d12414c3745a191e6da6500797) Importer(815301076,1909f56bfc062723c751e8b465ee728b)
Start importing Assets/InputController.inputactions using Guid(9e8ab0d12414c3745a191e6da6500797) Importer(815301076,1909f56bfc062723c751e8b465ee728b)  -> (artifact id: '0237e64ad95680d730bc767f0c5c5049') in 0.003124 seconds
  Import took 0.008771 seconds .

========================================================================
Received Import Request.
  Time since last request: 12.146183 seconds.
  path: Assets/InputController.inputactions
  artifactKey: Guid(9e8ab0d12414c3745a191e6da6500797) Importer(815301076,1909f56bfc062723c751e8b465ee728b)
Start importing Assets/InputController.inputactions using Guid(9e8ab0d12414c3745a191e6da6500797) Importer(815301076,1909f56bfc062723c751e8b465ee728b)  -> (artifact id: 'd1d49fb8ea48581b125a8082cb983254') in 0.034328 seconds
  Import took 0.343397 seconds .

========================================================================
Received Import Request.
  Time since last request: 0.000788 seconds.
  path: Assets/InputController.cs
  artifactKey: Guid(ecf7d56b43da31845a87dacf1b3e4f69) Importer(815301076,1909f56bfc062723c751e8b465ee728b)
Start importing Assets/InputController.cs using Guid(ecf7d56b43da31845a87dacf1b3e4f69) Importer(815301076,1909f56bfc062723c751e8b465ee728b)  -> (artifact id: '24f9e057d4a0cca27e59fd88dde6a77a') in 0.002750 seconds
  Import took 0.009668 seconds .

========================================================================
Received Import Request.
  Time since last request: 0.000297 seconds.
  path: Assets/InputController.inputactions
  artifactKey: Guid(9e8ab0d12414c3745a191e6da6500797) Importer(815301076,1909f56bfc062723c751e8b465ee728b)
Start importing Assets/InputController.inputactions using Guid(9e8ab0d12414c3745a191e6da6500797) Importer(815301076,1909f56bfc062723c751e8b465ee728b)  -> (artifact id: 'd1d49fb8ea48581b125a8082cb983254') in 0.002977 seconds
  Import took 0.009517 seconds .

========================================================================
Received Import Request.
  Time since last request: 7.330834 seconds.
  path: Assets/InputController.cs
  artifactKey: Guid(ecf7d56b43da31845a87dacf1b3e4f69) Importer(815301076,1909f56bfc062723c751e8b465ee728b)
Start importing Assets/InputController.cs using Guid(ecf7d56b43da31845a87dacf1b3e4f69) Importer(815301076,1909f56bfc062723c751e8b465ee728b)  -> (artifact id: '295a372e01a0f882db606c9113fab896') in 0.001217 seconds
  Import took 0.005478 seconds .

========================================================================
Received Import Request.
  Time since last request: 0.000274 seconds.
  path: Assets/InputController.inputactions
  artifactKey: Guid(9e8ab0d12414c3745a191e6da6500797) Importer(815301076,1909f56bfc062723c751e8b465ee728b)
Start importing Assets/InputController.inputactions using Guid(9e8ab0d12414c3745a191e6da6500797) Importer(815301076,1909f56bfc062723c751e8b465ee728b)  -> (artifact id: 'b325ebe7d174235108d574bf74458dad') in 0.002084 seconds
  Import took 0.006176 seconds .

========================================================================
Received Import Request.
  Time since last request: 4.318870 seconds.
  path: Assets/InputController.cs
  artifactKey: Guid(ecf7d56b43da31845a87dacf1b3e4f69) Importer(815301076,1909f56bfc062723c751e8b465ee728b)
Start importing Assets/InputController.cs using Guid(ecf7d56b43da31845a87dacf1b3e4f69) Importer(815301076,1909f56bfc062723c751e8b465ee728b)  -> (artifact id: '564418fb2266221a134604fe1b643b45') in 0.016426 seconds
  Import took 0.172032 seconds .

========================================================================
Received Import Request.
  Time since last request: 0.008054 seconds.
  path: Assets/InputController.inputactions
  artifactKey: Guid(9e8ab0d12414c3745a191e6da6500797) Importer(815301076,1909f56bfc062723c751e8b465ee728b)
Start importing Assets/InputController.inputactions using Guid(9e8ab0d12414c3745a191e6da6500797) Importer(815301076,1909f56bfc062723c751e8b465ee728b)  -> (artifact id: 'd57ce28fe9602e07834795f1c4a8a4bd') in 0.003742 seconds
  Import took 0.012444 seconds .

========================================================================
Received Import Request.
  Time since last request: 5.273211 seconds.
  path: Assets/InputController.inputactions
  artifactKey: Guid(9e8ab0d12414c3745a191e6da6500797) Importer(815301076,1909f56bfc062723c751e8b465ee728b)
Start importing Assets/InputController.inputactions using Guid(9e8ab0d12414c3745a191e6da6500797) Importer(815301076,1909f56bfc062723c751e8b465ee728b)  -> (artifact id: '6f2bbe9cfccbdc61bc717a6c5a147ea6') in 0.118708 seconds
  Import took 0.253806 seconds .

========================================================================
Received Import Request.
  Time since last request: 0.004245 seconds.
  path: Assets/InputController.cs
  artifactKey: Guid(ecf7d56b43da31845a87dacf1b3e4f69) Importer(815301076,1909f56bfc062723c751e8b465ee728b)
Start importing Assets/InputController.cs using Guid(ecf7d56b43da31845a87dacf1b3e4f69) Importer(815301076,1909f56bfc062723c751e8b465ee728b)  -> (artifact id: 'f571f9e86edb205d02a8b9a66e3bffcb') in 0.019211 seconds
  Import took 0.038523 seconds .

========================================================================
Received Import Request.
  Time since last request: 0.006150 seconds.
  path: Assets/InputController.inputactions
  artifactKey: Guid(9e8ab0d12414c3745a191e6da6500797) Importer(815301076,1909f56bfc062723c751e8b465ee728b)
Start importing Assets/InputController.inputactions using Guid(9e8ab0d12414c3745a191e6da6500797) Importer(815301076,1909f56bfc062723c751e8b465ee728b)  -> (artifact id: '6f2bbe9cfccbdc61bc717a6c5a147ea6') in 0.033364 seconds
  Import took 0.040887 seconds .

========================================================================
Received Import Request.
  Time since last request: 50.526962 seconds.
  path: Assets/InputController.inputactions
  artifactKey: Guid(9e8ab0d12414c3745a191e6da6500797) Importer(815301076,1909f56bfc062723c751e8b465ee728b)
Start importing Assets/InputController.inputactions using Guid(9e8ab0d12414c3745a191e6da6500797) Importer(815301076,1909f56bfc062723c751e8b465ee728b)  -> (artifact id: 'e0b84f7f33013b6526c8139860751a6c') in 0.039360 seconds
  Import took 0.252828 seconds .

========================================================================
Received Import Request.
  Time since last request: 0.011854 seconds.
  path: Assets/InputController.cs
  artifactKey: Guid(ecf7d56b43da31845a87dacf1b3e4f69) Importer(815301076,1909f56bfc062723c751e8b465ee728b)
Start importing Assets/InputController.cs using Guid(ecf7d56b43da31845a87dacf1b3e4f69) Importer(815301076,1909f56bfc062723c751e8b465ee728b)  -> (artifact id: '724be6a882a426c60942412b930d0f69') in 0.006333 seconds
  Import took 0.017035 seconds .

========================================================================
Received Import Request.
  Time since last request: 0.003333 seconds.
  path: Assets/InputController.inputactions
  artifactKey: Guid(9e8ab0d12414c3745a191e6da6500797) Importer(815301076,1909f56bfc062723c751e8b465ee728b)
Start importing Assets/InputController.inputactions using Guid(9e8ab0d12414c3745a191e6da6500797) Importer(815301076,1909f56bfc062723c751e8b465ee728b)  -> (artifact id: 'e0b84f7f33013b6526c8139860751a6c') in 0.006777 seconds
  Import took 0.015780 seconds .

========================================================================
Received Import Request.
  Time since last request: 0.000238 seconds.
  path: Assets/InputController.cs
  artifactKey: Guid(ecf7d56b43da31845a87dacf1b3e4f69) Importer(815301076,1909f56bfc062723c751e8b465ee728b)
Start importing Assets/InputController.cs using Guid(ecf7d56b43da31845a87dacf1b3e4f69) Importer(815301076,1909f56bfc062723c751e8b465ee728b)  -> (artifact id: '724be6a882a426c60942412b930d0f69') in 0.002215 seconds
  Import took 0.009662 seconds .

========================================================================
Received Import Request.
  Time since last request: 8.385490 seconds.
  path: Assets/InputController.cs
  artifactKey: Guid(ecf7d56b43da31845a87dacf1b3e4f69) Importer(815301076,1909f56bfc062723c751e8b465ee728b)
Start importing Assets/InputController.cs using Guid(ecf7d56b43da31845a87dacf1b3e4f69) Importer(815301076,1909f56bfc062723c751e8b465ee728b)  -> (artifact id: '8395030980567285881d4303fb6b71d1') in 0.008915 seconds
  Import took 0.223693 seconds .

========================================================================
Received Import Request.
  Time since last request: 0.000566 seconds.
  path: Assets/InputController.inputactions
  artifactKey: Guid(9e8ab0d12414c3745a191e6da6500797) Importer(815301076,1909f56bfc062723c751e8b465ee728b)
Start importing Assets/InputController.inputactions using Guid(9e8ab0d12414c3745a191e6da6500797) Importer(815301076,1909f56bfc062723c751e8b465ee728b)  -> (artifact id: '9b775d62c6c2e4cb79bde313ee80c49f') in 0.005462 seconds
  Import took 0.022010 seconds .

========================================================================
Received Import Request.
  Time since last request: 0.008941 seconds.
  path: Assets/InputController.inputactions
  artifactKey: Guid(9e8ab0d12414c3745a191e6da6500797) Importer(815301076,1909f56bfc062723c751e8b465ee728b)
Start importing Assets/InputController.inputactions using Guid(9e8ab0d12414c3745a191e6da6500797) Importer(815301076,1909f56bfc062723c751e8b465ee728b)  -> (artifact id: '9b775d62c6c2e4cb79bde313ee80c49f') in 0.002764 seconds
  Import took 0.009274 seconds .

========================================================================
Received Import Request.
  Time since last request: 37.183828 seconds.
  path: Assets/InputController.cs
  artifactKey: Guid(ecf7d56b43da31845a87dacf1b3e4f69) Importer(815301076,1909f56bfc062723c751e8b465ee728b)
Start importing Assets/InputController.cs using Guid(ecf7d56b43da31845a87dacf1b3e4f69) Importer(815301076,1909f56bfc062723c751e8b465ee728b)  -> (artifact id: 'aff5f283ce527951667d1650a53bc593') in 0.002200 seconds
  Import took 0.012661 seconds .

========================================================================
Received Import Request.
  Time since last request: 0.000453 seconds.
  path: Assets/InputController.inputactions
  artifactKey: Guid(9e8ab0d12414c3745a191e6da6500797) Importer(815301076,1909f56bfc062723c751e8b465ee728b)
Start importing Assets/InputController.inputactions using Guid(9e8ab0d12414c3745a191e6da6500797) Importer(815301076,1909f56bfc062723c751e8b465ee728b)  -> (artifact id: '143bdf0852cf5b186591ddc04861b228') in 0.003864 seconds
  Import took 0.010144 seconds .

========================================================================
Received Import Request.
  Time since last request: 26.835085 seconds.
  path: Assets/InputController.cs
  artifactKey: Guid(ecf7d56b43da31845a87dacf1b3e4f69) Importer(815301076,1909f56bfc062723c751e8b465ee728b)
Start importing Assets/InputController.cs using Guid(ecf7d56b43da31845a87dacf1b3e4f69) Importer(815301076,1909f56bfc062723c751e8b465ee728b)  -> (artifact id: '0bfc383bae42cdf1d039685bc5ecfdc4') in 0.012795 seconds
  Import took 0.226872 seconds .

========================================================================
Received Import Request.
  Time since last request: 0.000219 seconds.
  path: Assets/InputController.inputactions
  artifactKey: Guid(9e8ab0d12414c3745a191e6da6500797) Importer(815301076,1909f56bfc062723c751e8b465ee728b)
Start importing Assets/InputController.inputactions using Guid(9e8ab0d12414c3745a191e6da6500797) Importer(815301076,1909f56bfc062723c751e8b465ee728b)  -> (artifact id: 'a84d82003e0a64dba7af36515c2f4074') in 0.003179 seconds
  Import took 0.009048 seconds .

========================================================================
Received Import Request.
  Time since last request: 7.019783 seconds.
  path: Assets/InputController.cs
  artifactKey: Guid(ecf7d56b43da31845a87dacf1b3e4f69) Importer(815301076,1909f56bfc062723c751e8b465ee728b)
Start importing Assets/InputController.cs using Guid(ecf7d56b43da31845a87dacf1b3e4f69) Importer(815301076,1909f56bfc062723c751e8b465ee728b)  -> (artifact id: 'e230ba18ab39a90f5774b127cf63ce23') in 0.001644 seconds
  Import took 0.006005 seconds .

========================================================================
Received Import Request.
  Time since last request: 0.000204 seconds.
  path: Assets/InputController.inputactions
  artifactKey: Guid(9e8ab0d12414c3745a191e6da6500797) Importer(815301076,1909f56bfc062723c751e8b465ee728b)
Start importing Assets/InputController.inputactions using Guid(9e8ab0d12414c3745a191e6da6500797) Importer(815301076,1909f56bfc062723c751e8b465ee728b)  -> (artifact id: 'b91db97373792fcc8455653e3b919567') in 0.002216 seconds
  Import took 0.006241 seconds .

========================================================================
Received Import Request.
  Time since last request: 1.934093 seconds.
  path: Assets/InputController.cs
  artifactKey: Guid(ecf7d56b43da31845a87dacf1b3e4f69) Importer(815301076,1909f56bfc062723c751e8b465ee728b)
Start importing Assets/InputController.cs using Guid(ecf7d56b43da31845a87dacf1b3e4f69) Importer(815301076,1909f56bfc062723c751e8b465ee728b)  -> (artifact id: '6cfa8f768359f245edba08f50bbf88a7') in 0.001300 seconds
  Import took 0.005921 seconds .

========================================================================
Received Import Request.
  Time since last request: 0.000311 seconds.
  path: Assets/InputController.inputactions
  artifactKey: Guid(9e8ab0d12414c3745a191e6da6500797) Importer(815301076,1909f56bfc062723c751e8b465ee728b)
Start importing Assets/InputController.inputactions using Guid(9e8ab0d12414c3745a191e6da6500797) Importer(815301076,1909f56bfc062723c751e8b465ee728b)  -> (artifact id: 'a3f9bbedadf6fb023f407827fe8b54cd') in 0.002214 seconds
  Import took 0.006327 seconds .

========================================================================
Received Import Request.
  Time since last request: 0.001263 seconds.
  path: Assets/InputController.inputactions
  artifactKey: Guid(9e8ab0d12414c3745a191e6da6500797) Importer(815301076,1909f56bfc062723c751e8b465ee728b)
Start importing Assets/InputController.inputactions using Guid(9e8ab0d12414c3745a191e6da6500797) Importer(815301076,1909f56bfc062723c751e8b465ee728b)  -> (artifact id: 'a3f9bbedadf6fb023f407827fe8b54cd') in 0.001906 seconds
  Import took 0.005946 seconds .

========================================================================
Received Import Request.
  Time since last request: 2.759503 seconds.
  path: Assets/InputController.cs
  artifactKey: Guid(ecf7d56b43da31845a87dacf1b3e4f69) Importer(815301076,1909f56bfc062723c751e8b465ee728b)
Start importing Assets/InputController.cs using Guid(ecf7d56b43da31845a87dacf1b3e4f69) Importer(815301076,1909f56bfc062723c751e8b465ee728b)  -> (artifact id: 'df873857318211f7fb265c63addcb103') in 0.001306 seconds
  Import took 0.005495 seconds .

========================================================================
Received Import Request.
  Time since last request: 0.000321 seconds.
  path: Assets/InputController.inputactions
  artifactKey: Guid(9e8ab0d12414c3745a191e6da6500797) Importer(815301076,1909f56bfc062723c751e8b465ee728b)
Start importing Assets/InputController.inputactions using Guid(9e8ab0d12414c3745a191e6da6500797) Importer(815301076,1909f56bfc062723c751e8b465ee728b)  -> (artifact id: 'bab26857bfa73a3f79d4875b565a7589') in 0.002640 seconds
  Import took 0.006863 seconds .

========================================================================
Received Import Request.
  Time since last request: 1.376056 seconds.
  path: Assets/InputController.cs
  artifactKey: Guid(ecf7d56b43da31845a87dacf1b3e4f69) Importer(815301076,1909f56bfc062723c751e8b465ee728b)
Start importing Assets/InputController.cs using Guid(ecf7d56b43da31845a87dacf1b3e4f69) Importer(815301076,1909f56bfc062723c751e8b465ee728b)  -> (artifact id: '259e7b297eed9d203bbd47462804765a') in 0.001434 seconds
  Import took 0.005641 seconds .

========================================================================
Received Import Request.
  Time since last request: 0.000202 seconds.
  path: Assets/InputController.inputactions
  artifactKey: Guid(9e8ab0d12414c3745a191e6da6500797) Importer(815301076,1909f56bfc062723c751e8b465ee728b)
Start importing Assets/InputController.inputactions using Guid(9e8ab0d12414c3745a191e6da6500797) Importer(815301076,1909f56bfc062723c751e8b465ee728b)  -> (artifact id: '4098bc879b9318e842695a2b1299fd40') in 0.002288 seconds
  Import took 0.006451 seconds .

========================================================================
Received Prepare
Reloading mono domain
Begin MonoManager ReloadAssembly
Registering precompiled unity dll's ...
Register platform support module: C:/Program Files/Unity/Hub/Editor/2020.2.0b6/Editor/Data/PlaybackEngines/WindowsStandaloneSupport/UnityEditor.WindowsStandalone.Extensions.dll
Registered in 0.001061 seconds.
Symbol file LoadedFromMemory doesn't match image C:\Users\Administrator\Documents\GitHub\Vineyard\Unity\Day 09\Library\PackageCache\com.unity.ext.nunit@1.0.0\net35\unity-custom\nunit.framework.dll
Native extension for WindowsStandalone target not found
Refreshing native plugins compatible for Editor in 83.15 ms, found 0 plugins.
Preloading 0 native plugins for Editor in 0.00 ms.
Invoked RoslynAnalysisRunner static constructor.
RoslynAnalysisRunner will not be running.
RoslynAnalysisRunner has terminated.
Mono: successfully reloaded assembly
- Completed reload, in  0.781 seconds
Platform modules already initialized, skipping
Registering precompiled user dll's ...
Registered in 0.001298 seconds.
Begin MonoManager ReloadAssembly
Symbol file LoadedFromMemory doesn't match image C:\Users\Administrator\Documents\GitHub\Vineyard\Unity\Day 09\Library\PackageCache\com.unity.ext.nunit@1.0.0\net35\unity-custom\nunit.framework.dll
Native extension for WindowsStandalone target not found
Refreshing native plugins compatible for Editor in 0.86 ms, found 0 plugins.
Preloading 0 native plugins for Editor in 0.00 ms.
Invoked RoslynAnalysisRunner static constructor.
RoslynAnalysisRunner will not be running.
RoslynAnalysisRunner has terminated.
Mono: successfully reloaded assembly
- Completed reload, in  1.140 seconds
Platform modules already initialized, skipping
Refreshing native plugins compatible for Editor in 0.86 ms, found 0 plugins.
Preloading 0 native plugins for Editor in 0.00 ms.
Unloading 7 Unused Serialized files (Serialized files now loaded: 0)
System memory in use before: 46.9 MB.
System memory in use after: 47.0 MB.

Unloading 6 unused Assets to reduce memory usage. Loaded Objects now: 1857.
Total: 1.715500 ms (FindLiveObjects: 0.295000 ms CreateObjectMapping: 0.049500 ms MarkObjects: 1.338900 ms  DeleteObjects: 0.031400 ms)

========================================================================
Received Import Request.
  Time since last request: 68.309643 seconds.
  path: Assets/NewInputSystemTest.cs
  artifactKey: Guid(a2d013e830f1a7044974fc341cae7ab6) Importer(815301076,1909f56bfc062723c751e8b465ee728b)
Start importing Assets/NewInputSystemTest.cs using Guid(a2d013e830f1a7044974fc341cae7ab6) Importer(815301076,1909f56bfc062723c751e8b465ee728b)  -> (artifact id: '0b6a7b9c998a7f909656625be859ae99') in 0.004902 seconds
  Import took 0.015481 seconds .

========================================================================
Received Prepare
Reloading mono domain
Begin MonoManager ReloadAssembly
Registering precompiled unity dll's ...
Register platform support module: C:/Program Files/Unity/Hub/Editor/2020.2.0b6/Editor/Data/PlaybackEngines/WindowsStandaloneSupport/UnityEditor.WindowsStandalone.Extensions.dll
Registered in 0.001291 seconds.
Symbol file LoadedFromMemory doesn't match image C:\Users\Administrator\Documents\GitHub\Vineyard\Unity\Day 09\Library\PackageCache\com.unity.ext.nunit@1.0.0\net35\unity-custom\nunit.framework.dll
Native extension for WindowsStandalone target not found
Refreshing native plugins compatible for Editor in 70.31 ms, found 0 plugins.
Preloading 0 native plugins for Editor in 0.00 ms.
Invoked RoslynAnalysisRunner static constructor.
RoslynAnalysisRunner will not be running.
RoslynAnalysisRunner has terminated.
Mono: successfully reloaded assembly
- Completed reload, in  0.791 seconds
Platform modules already initialized, skipping
Registering precompiled user dll's ...
Registered in 0.001102 seconds.
Begin MonoManager ReloadAssembly
Symbol file LoadedFromMemory doesn't match image C:\Users\Administrator\Documents\GitHub\Vineyard\Unity\Day 09\Library\PackageCache\com.unity.ext.nunit@1.0.0\net35\unity-custom\nunit.framework.dll
Native extension for WindowsStandalone target not found
Refreshing native plugins compatible for Editor in 0.83 ms, found 0 plugins.
Preloading 0 native plugins for Editor in 0.00 ms.
Invoked RoslynAnalysisRunner static constructor.
RoslynAnalysisRunner will not be running.
RoslynAnalysisRunner has terminated.
Mono: successfully reloaded assembly
- Completed reload, in  1.060 seconds
Platform modules already initialized, skipping
Refreshing native plugins compatible for Editor in 0.88 ms, found 0 plugins.
Preloading 0 native plugins for Editor in 0.00 ms.
Unloading 7 Unused Serialized files (Serialized files now loaded: 0)
System memory in use before: 47.4 MB.
System memory in use after: 47.5 MB.

Unloading 6 unused Assets to reduce memory usage. Loaded Objects now: 1861.
Total: 2.083800 ms (FindLiveObjects: 0.483200 ms CreateObjectMapping: 0.066700 ms MarkObjects: 1.498400 ms  DeleteObjects: 0.034700 ms)

========================================================================
Received Prepare
Reloading mono domain
Begin MonoManager ReloadAssembly
Registering precompiled unity dll's ...
Register platform support module: C:/Program Files/Unity/Hub/Editor/2020.2.0b6/Editor/Data/PlaybackEngines/WindowsStandaloneSupport/UnityEditor.WindowsStandalone.Extensions.dll
Registered in 0.001228 seconds.
Symbol file LoadedFromMemory doesn't match image C:\Users\Administrator\Documents\GitHub\Vineyard\Unity\Day 09\Library\PackageCache\com.unity.ext.nunit@1.0.0\net35\unity-custom\nunit.framework.dll
Native extension for WindowsStandalone target not found
Refreshing native plugins compatible for Editor in 72.39 ms, found 0 plugins.
Preloading 0 native plugins for Editor in 0.00 ms.
Invoked RoslynAnalysisRunner static constructor.
RoslynAnalysisRunner will not be running.
RoslynAnalysisRunner has terminated.
Mono: successfully reloaded assembly
- Completed reload, in  0.838 seconds
Platform modules already initialized, skipping
Registering precompiled user dll's ...
Registered in 0.001129 seconds.
Begin MonoManager ReloadAssembly
Symbol file LoadedFromMemory doesn't match image C:\Users\Administrator\Documents\GitHub\Vineyard\Unity\Day 09\Library\PackageCache\com.unity.ext.nunit@1.0.0\net35\unity-custom\nunit.framework.dll
Native extension for WindowsStandalone target not found
Refreshing native plugins compatible for Editor in 0.89 ms, found 0 plugins.
Preloading 0 native plugins for Editor in 0.00 ms.
Invoked RoslynAnalysisRunner static constructor.
RoslynAnalysisRunner will not be running.
RoslynAnalysisRunner has terminated.
Mono: successfully reloaded assembly
- Completed reload, in  1.102 seconds
Platform modules already initialized, skipping
Refreshing native plugins compatible for Editor in 0.85 ms, found 0 plugins.
Preloading 0 native plugins for Editor in 0.00 ms.
Unloading 7 Unused Serialized files (Serialized files now loaded: 0)
System memory in use before: 47.8 MB.
System memory in use after: 47.9 MB.

Unloading 6 unused Assets to reduce memory usage. Loaded Objects now: 1865.
Total: 1.813500 ms (FindLiveObjects: 0.297800 ms CreateObjectMapping: 0.050300 ms MarkObjects: 1.431400 ms  DeleteObjects: 0.033400 ms)

========================================================================
Received Prepare
Reloading mono domain
Begin MonoManager ReloadAssembly
Registering precompiled unity dll's ...
Register platform support module: C:/Program Files/Unity/Hub/Editor/2020.2.0b6/Editor/Data/PlaybackEngines/WindowsStandaloneSupport/UnityEditor.WindowsStandalone.Extensions.dll
Registered in 0.001227 seconds.
Symbol file LoadedFromMemory doesn't match image C:\Users\Administrator\Documents\GitHub\Vineyard\Unity\Day 09\Library\PackageCache\com.unity.ext.nunit@1.0.0\net35\unity-custom\nunit.framework.dll
Native extension for WindowsStandalone target not found
Refreshing native plugins compatible for Editor in 69.94 ms, found 0 plugins.
Preloading 0 native plugins for Editor in 0.00 ms.
Invoked RoslynAnalysisRunner static constructor.
RoslynAnalysisRunner will not be running.
RoslynAnalysisRunner has terminated.
Mono: successfully reloaded assembly
- Completed reload, in  0.879 seconds
Platform modules already initialized, skipping
Registering precompiled user dll's ...
Registered in 0.001101 seconds.
Begin MonoManager ReloadAssembly
Symbol file LoadedFromMemory doesn't match image C:\Users\Administrator\Documents\GitHub\Vineyard\Unity\Day 09\Library\PackageCache\com.unity.ext.nunit@1.0.0\net35\unity-custom\nunit.framework.dll
Native extension for WindowsStandalone target not found
Refreshing native plugins compatible for Editor in 1.34 ms, found 0 plugins.
Preloading 0 native plugins for Editor in 0.00 ms.
Invoked RoslynAnalysisRunner static constructor.
RoslynAnalysisRunner will not be running.
RoslynAnalysisRunner has terminated.
Mono: successfully reloaded assembly
- Completed reload, in  1.113 seconds
Platform modules already initialized, skipping
Refreshing native plugins compatible for Editor in 0.86 ms, found 0 plugins.
Preloading 0 native plugins for Editor in 0.00 ms.
Unloading 7 Unused Serialized files (Serialized files now loaded: 0)
System memory in use before: 47.9 MB.
System memory in use after: 48.0 MB.

Unloading 6 unused Assets to reduce memory usage. Loaded Objects now: 1869.
Total: 1.879800 ms (FindLiveObjects: 0.316900 ms CreateObjectMapping: 0.058500 ms MarkObjects: 1.460600 ms  DeleteObjects: 0.043200 ms)

========================================================================
Received Import Request.
  Time since last request: 181.164230 seconds.
  path: Assets/InputController.inputactions
  artifactKey: Guid(9e8ab0d12414c3745a191e6da6500797) Importer(815301076,1909f56bfc062723c751e8b465ee728b)
Start importing Assets/InputController.inputactions using Guid(9e8ab0d12414c3745a191e6da6500797) Importer(815301076,1909f56bfc062723c751e8b465ee728b)  -> (artifact id: '855604ec410a144fffa2fa3b678b18e2') in 0.054657 seconds
  Import took 0.256317 seconds .

========================================================================
Received Import Request.
  Time since last request: 0.000969 seconds.
  path: Assets/InputController.cs
  artifactKey: Guid(ecf7d56b43da31845a87dacf1b3e4f69) Importer(815301076,1909f56bfc062723c751e8b465ee728b)
Start importing Assets/InputController.cs using Guid(ecf7d56b43da31845a87dacf1b3e4f69) Importer(815301076,1909f56bfc062723c751e8b465ee728b)  -> (artifact id: '411a2d03b691ecd869613ee0e3db5ded') in 0.002601 seconds
  Import took 0.008805 seconds .

========================================================================
Received Import Request.
  Time since last request: 0.000230 seconds.
  path: Assets/InputController.inputactions
  artifactKey: Guid(9e8ab0d12414c3745a191e6da6500797) Importer(815301076,1909f56bfc062723c751e8b465ee728b)
Start importing Assets/InputController.inputactions using Guid(9e8ab0d12414c3745a191e6da6500797) Importer(815301076,1909f56bfc062723c751e8b465ee728b)  -> (artifact id: '855604ec410a144fffa2fa3b678b18e2') in 0.003566 seconds
  Import took 0.009744 seconds .

========================================================================
Received Import Request.
  Time since last request: 0.024200 seconds.
  path: Assets/InputController.inputactions
  artifactKey: Guid(9e8ab0d12414c3745a191e6da6500797) Importer(815301076,1909f56bfc062723c751e8b465ee728b)
Start importing Assets/InputController.inputactions using Guid(9e8ab0d12414c3745a191e6da6500797) Importer(815301076,1909f56bfc062723c751e8b465ee728b)  -> (artifact id: '855604ec410a144fffa2fa3b678b18e2') in 0.002504 seconds
  Import took 0.008910 seconds .

========================================================================
Received Prepare
Reloading mono domain
Begin MonoManager ReloadAssembly
Registering precompiled unity dll's ...
Register platform support module: C:/Program Files/Unity/Hub/Editor/2020.2.0b6/Editor/Data/PlaybackEngines/WindowsStandaloneSupport/UnityEditor.WindowsStandalone.Extensions.dll
Registered in 0.001065 seconds.
Symbol file LoadedFromMemory doesn't match image C:\Users\Administrator\Documents\GitHub\Vineyard\Unity\Day 09\Library\PackageCache\com.unity.ext.nunit@1.0.0\net35\unity-custom\nunit.framework.dll
Native extension for WindowsStandalone target not found
Refreshing native plugins compatible for Editor in 72.60 ms, found 0 plugins.
Preloading 0 native plugins for Editor in 0.00 ms.
Invoked RoslynAnalysisRunner static constructor.
RoslynAnalysisRunner will not be running.
RoslynAnalysisRunner has terminated.
Mono: successfully reloaded assembly
- Completed reload, in  0.932 seconds
Platform modules already initialized, skipping
Registering precompiled user dll's ...
Registered in 0.001226 seconds.
Begin MonoManager ReloadAssembly
Symbol file LoadedFromMemory doesn't match image C:\Users\Administrator\Documents\GitHub\Vineyard\Unity\Day 09\Library\PackageCache\com.unity.ext.nunit@1.0.0\net35\unity-custom\nunit.framework.dll
Native extension for WindowsStandalone target not found
Refreshing native plugins compatible for Editor in 0.84 ms, found 0 plugins.
Preloading 0 native plugins for Editor in 0.00 ms.
Invoked RoslynAnalysisRunner static constructor.
RoslynAnalysisRunner will not be running.
RoslynAnalysisRunner has terminated.
Mono: successfully reloaded assembly
- Completed reload, in  1.204 seconds
Platform modules already initialized, skipping
Refreshing native plugins compatible for Editor in 0.99 ms, found 0 plugins.
Preloading 0 native plugins for Editor in 0.00 ms.
Unloading 7 Unused Serialized files (Serialized files now loaded: 0)
System memory in use before: 47.5 MB.
System memory in use after: 47.6 MB.

Unloading 6 unused Assets to reduce memory usage. Loaded Objects now: 1873.
Total: 1.982700 ms (FindLiveObjects: 0.298900 ms CreateObjectMapping: 0.049300 ms MarkObjects: 1.601700 ms  DeleteObjects: 0.032300 ms)

========================================================================
Received Prepare
Reloading mono domain
Begin MonoManager ReloadAssembly
Registering precompiled unity dll's ...
Register platform support module: C:/Program Files/Unity/Hub/Editor/2020.2.0b6/Editor/Data/PlaybackEngines/WindowsStandaloneSupport/UnityEditor.WindowsStandalone.Extensions.dll
Registered in 0.001110 seconds.
Symbol file LoadedFromMemory doesn't match image C:\Users\Administrator\Documents\GitHub\Vineyard\Unity\Day 09\Library\PackageCache\com.unity.ext.nunit@1.0.0\net35\unity-custom\nunit.framework.dll
Native extension for WindowsStandalone target not found
Refreshing native plugins compatible for Editor in 72.79 ms, found 0 plugins.
Preloading 0 native plugins for Editor in 0.00 ms.
Invoked RoslynAnalysisRunner static constructor.
RoslynAnalysisRunner will not be running.
RoslynAnalysisRunner has terminated.
Mono: successfully reloaded assembly
- Completed reload, in  0.928 seconds
Platform modules already initialized, skipping
Registering precompiled user dll's ...
Registered in 0.001133 seconds.
Begin MonoManager ReloadAssembly
Symbol file LoadedFromMemory doesn't match image C:\Users\Administrator\Documents\GitHub\Vineyard\Unity\Day 09\Library\PackageCache\com.unity.ext.nunit@1.0.0\net35\unity-custom\nunit.framework.dll
Native extension for WindowsStandalone target not found
Refreshing native plugins compatible for Editor in 0.86 ms, found 0 plugins.
Preloading 0 native plugins for Editor in 0.00 ms.
Invoked RoslynAnalysisRunner static constructor.
RoslynAnalysisRunner will not be running.
RoslynAnalysisRunner has terminated.
Mono: successfully reloaded assembly
- Completed reload, in  1.177 seconds
Platform modules already initialized, skipping
Refreshing native plugins compatible for Editor in 0.88 ms, found 0 plugins.
Preloading 0 native plugins for Editor in 0.00 ms.
Unloading 7 Unused Serialized files (Serialized files now loaded: 0)
System memory in use before: 47.9 MB.
System memory in use after: 48.0 MB.

Unloading 6 unused Assets to reduce memory usage. Loaded Objects now: 1877.
Total: 1.776400 ms (FindLiveObjects: 0.349200 ms CreateObjectMapping: 0.056000 ms MarkObjects: 1.337200 ms  DeleteObjects: 0.032900 ms)

========================================================================
Received Import Request.
  Time since last request: 64.288989 seconds.
  path: Assets/NewInputSystemTest.cs
  artifactKey: Guid(a2d013e830f1a7044974fc341cae7ab6) Importer(815301076,1909f56bfc062723c751e8b465ee728b)
Start importing Assets/NewInputSystemTest.cs using Guid(a2d013e830f1a7044974fc341cae7ab6) Importer(815301076,1909f56bfc062723c751e8b465ee728b)  -> (artifact id: '4717a38ca30ef10a58a6bede361f68d9') in 0.002041 seconds
  Import took 0.006000 seconds .

========================================================================
Received Import Request.
  Time since last request: 1.278894 seconds.
  path: Assets/NewInputSystemTest.cs
  artifactKey: Guid(a2d013e830f1a7044974fc341cae7ab6) Importer(815301076,1909f56bfc062723c751e8b465ee728b)
Start importing Assets/NewInputSystemTest.cs using Guid(a2d013e830f1a7044974fc341cae7ab6) Importer(815301076,1909f56bfc062723c751e8b465ee728b)  -> (artifact id: '4717a38ca30ef10a58a6bede361f68d9') in 0.001269 seconds
  Import took 0.005394 seconds .

========================================================================
Received Prepare
Reloading mono domain
Begin MonoManager ReloadAssembly
Registering precompiled unity dll's ...
Register platform support module: C:/Program Files/Unity/Hub/Editor/2020.2.0b6/Editor/Data/PlaybackEngines/WindowsStandaloneSupport/UnityEditor.WindowsStandalone.Extensions.dll
Registered in 0.001033 seconds.
Symbol file LoadedFromMemory doesn't match image C:\Users\Administrator\Documents\GitHub\Vineyard\Unity\Day 09\Library\PackageCache\com.unity.ext.nunit@1.0.0\net35\unity-custom\nunit.framework.dll
Native extension for WindowsStandalone target not found
Refreshing native plugins compatible for Editor in 74.60 ms, found 0 plugins.
Preloading 0 native plugins for Editor in 0.00 ms.
Invoked RoslynAnalysisRunner static constructor.
RoslynAnalysisRunner will not be running.
RoslynAnalysisRunner has terminated.
Mono: successfully reloaded assembly
- Completed reload, in  0.969 seconds
Platform modules already initialized, skipping
Registering precompiled user dll's ...
Registered in 0.001236 seconds.
Begin MonoManager ReloadAssembly
Symbol file LoadedFromMemory doesn't match image C:\Users\Administrator\Documents\GitHub\Vineyard\Unity\Day 09\Library\PackageCache\com.unity.ext.nunit@1.0.0\net35\unity-custom\nunit.framework.dll
Native extension for WindowsStandalone target not found
Refreshing native plugins compatible for Editor in 0.90 ms, found 0 plugins.
Preloading 0 native plugins for Editor in 0.00 ms.
Invoked RoslynAnalysisRunner static constructor.
RoslynAnalysisRunner will not be running.
RoslynAnalysisRunner has terminated.
Mono: successfully reloaded assembly
- Completed reload, in  1.195 seconds
Platform modules already initialized, skipping
Refreshing native plugins compatible for Editor in 0.84 ms, found 0 plugins.
Preloading 0 native plugins for Editor in 0.00 ms.
Unloading 7 Unused Serialized files (Serialized files now loaded: 0)
System memory in use before: 48.0 MB.
System memory in use after: 48.0 MB.

Unloading 6 unused Assets to reduce memory usage. Loaded Objects now: 1881.
Total: 1.980900 ms (FindLiveObjects: 0.342400 ms CreateObjectMapping: 0.056100 ms MarkObjects: 1.550300 ms  DeleteObjects: 0.031200 ms)

========================================================================
Received Prepare
Reloading mono domain
Begin MonoManager ReloadAssembly
Registering precompiled unity dll's ...
Register platform support module: C:/Program Files/Unity/Hub/Editor/2020.2.0b6/Editor/Data/PlaybackEngines/WindowsStandaloneSupport/UnityEditor.WindowsStandalone.Extensions.dll
Registered in 0.001056 seconds.
Symbol file LoadedFromMemory doesn't match image C:\Users\Administrator\Documents\GitHub\Vineyard\Unity\Day 09\Library\PackageCache\com.unity.ext.nunit@1.0.0\net35\unity-custom\nunit.framework.dll
Native extension for WindowsStandalone target not found
Refreshing native plugins compatible for Editor in 71.37 ms, found 0 plugins.
Preloading 0 native plugins for Editor in 0.00 ms.
Invoked RoslynAnalysisRunner static constructor.
RoslynAnalysisRunner will not be running.
RoslynAnalysisRunner has terminated.
Mono: successfully reloaded assembly
- Completed reload, in  0.999 seconds
Platform modules already initialized, skipping
Registering precompiled user dll's ...
Registered in 0.001506 seconds.
Begin MonoManager ReloadAssembly
Symbol file LoadedFromMemory doesn't match image C:\Users\Administrator\Documents\GitHub\Vineyard\Unity\Day 09\Library\PackageCache\com.unity.ext.nunit@1.0.0\net35\unity-custom\nunit.framework.dll
Native extension for WindowsStandalone target not found
Refreshing native plugins compatible for Editor in 0.89 ms, found 0 plugins.
Preloading 0 native plugins for Editor in 0.00 ms.
Invoked RoslynAnalysisRunner static constructor.
RoslynAnalysisRunner will not be running.
RoslynAnalysisRunner has terminated.
Mono: successfully reloaded assembly
- Completed reload, in  1.236 seconds
Platform modules already initialized, skipping
Refreshing native plugins compatible for Editor in 0.97 ms, found 0 plugins.
Preloading 0 native plugins for Editor in 0.00 ms.
Unloading 7 Unused Serialized files (Serialized files now loaded: 0)
System memory in use before: 47.7 MB.
System memory in use after: 47.7 MB.

Unloading 6 unused Assets to reduce memory usage. Loaded Objects now: 1885.
Total: 3.965100 ms (FindLiveObjects: 0.596500 ms CreateObjectMapping: 0.143300 ms MarkObjects: 3.159200 ms  DeleteObjects: 0.064300 ms)

========================================================================
Received Import Request.
  Time since last request: 97.621433 seconds.
  path: Assets/InputController.cs
  artifactKey: Guid(ecf7d56b43da31845a87dacf1b3e4f69) Importer(815301076,1909f56bfc062723c751e8b465ee728b)
Start importing Assets/InputController.cs using Guid(ecf7d56b43da31845a87dacf1b3e4f69) Importer(815301076,1909f56bfc062723c751e8b465ee728b)  -> (artifact id: '9eff1cae0d16c4af5f13aa425fc736f7') in 0.047067 seconds
  Import took 0.163972 seconds .

========================================================================
Received Import Request.
  Time since last request: 0.002960 seconds.
  path: Assets/InputController.inputactions
  artifactKey: Guid(9e8ab0d12414c3745a191e6da6500797) Importer(815301076,1909f56bfc062723c751e8b465ee728b)
Start importing Assets/InputController.inputactions using Guid(9e8ab0d12414c3745a191e6da6500797) Importer(815301076,1909f56bfc062723c751e8b465ee728b)  -> (artifact id: 'dea1875a10f297c272712f81d97e6fa3') in 0.027775 seconds
  Import took 0.036230 seconds .

========================================================================
Received Import Request.
  Time since last request: 0.002701 seconds.
  path: Assets/InputController.inputactions
  artifactKey: Guid(9e8ab0d12414c3745a191e6da6500797) Importer(815301076,1909f56bfc062723c751e8b465ee728b)
Start importing Assets/InputController.inputactions using Guid(9e8ab0d12414c3745a191e6da6500797) Importer(815301076,1909f56bfc062723c751e8b465ee728b)  -> (artifact id: 'dea1875a10f297c272712f81d97e6fa3') in 0.003831 seconds
  Import took 0.011153 seconds .

========================================================================
Received Prepare
Reloading mono domain
Begin MonoManager ReloadAssembly
Registering precompiled unity dll's ...
Register platform support module: C:/Program Files/Unity/Hub/Editor/2020.2.0b6/Editor/Data/PlaybackEngines/WindowsStandaloneSupport/UnityEditor.WindowsStandalone.Extensions.dll
Registered in 0.001041 seconds.
Symbol file LoadedFromMemory doesn't match image C:\Users\Administrator\Documents\GitHub\Vineyard\Unity\Day 09\Library\PackageCache\com.unity.ext.nunit@1.0.0\net35\unity-custom\nunit.framework.dll
Native extension for WindowsStandalone target not found
Refreshing native plugins compatible for Editor in 75.59 ms, found 0 plugins.
Preloading 0 native plugins for Editor in 0.00 ms.
Invoked RoslynAnalysisRunner static constructor.
RoslynAnalysisRunner will not be running.
RoslynAnalysisRunner has terminated.
Mono: successfully reloaded assembly
- Completed reload, in  1.058 seconds
Platform modules already initialized, skipping
Registering precompiled user dll's ...
Registered in 0.001046 seconds.
Begin MonoManager ReloadAssembly
Symbol file LoadedFromMemory doesn't match image C:\Users\Administrator\Documents\GitHub\Vineyard\Unity\Day 09\Library\PackageCache\com.unity.ext.nunit@1.0.0\net35\unity-custom\nunit.framework.dll
Native extension for WindowsStandalone target not found
Refreshing native plugins compatible for Editor in 0.84 ms, found 0 plugins.
Preloading 0 native plugins for Editor in 0.00 ms.
Invoked RoslynAnalysisRunner static constructor.
RoslynAnalysisRunner will not be running.
RoslynAnalysisRunner has terminated.
Mono: successfully reloaded assembly
- Completed reload, in  1.261 seconds
Platform modules already initialized, skipping
Refreshing native plugins compatible for Editor in 0.85 ms, found 0 plugins.
Preloading 0 native plugins for Editor in 0.00 ms.
Unloading 7 Unused Serialized files (Serialized files now loaded: 0)
System memory in use before: 48.0 MB.
System memory in use after: 48.1 MB.

Unloading 6 unused Assets to reduce memory usage. Loaded Objects now: 1889.
Total: 1.848900 ms (FindLiveObjects: 0.296500 ms CreateObjectMapping: 0.049400 ms MarkObjects: 1.471500 ms  DeleteObjects: 0.031000 ms)

========================================================================
Received Prepare
Reloading mono domain
Begin MonoManager ReloadAssembly
Registering precompiled unity dll's ...
Register platform support module: C:/Program Files/Unity/Hub/Editor/2020.2.0b6/Editor/Data/PlaybackEngines/WindowsStandaloneSupport/UnityEditor.WindowsStandalone.Extensions.dll
Registered in 0.001048 seconds.
Symbol file LoadedFromMemory doesn't match image C:\Users\Administrator\Documents\GitHub\Vineyard\Unity\Day 09\Library\PackageCache\com.unity.ext.nunit@1.0.0\net35\unity-custom\nunit.framework.dll
Native extension for WindowsStandalone target not found
Refreshing native plugins compatible for Editor in 89.88 ms, found 0 plugins.
Preloading 0 native plugins for Editor in 0.00 ms.
Invoked RoslynAnalysisRunner static constructor.
RoslynAnalysisRunner will not be running.
RoslynAnalysisRunner has terminated.
Mono: successfully reloaded assembly
- Completed reload, in  1.372 seconds
Platform modules already initialized, skipping
Registering precompiled user dll's ...
Registered in 0.001055 seconds.
Begin MonoManager ReloadAssembly
Symbol file LoadedFromMemory doesn't match image C:\Users\Administrator\Documents\GitHub\Vineyard\Unity\Day 09\Library\PackageCache\com.unity.ext.nunit@1.0.0\net35\unity-custom\nunit.framework.dll
Native extension for WindowsStandalone target not found
Refreshing native plugins compatible for Editor in 0.84 ms, found 0 plugins.
Preloading 0 native plugins for Editor in 0.00 ms.
Invoked RoslynAnalysisRunner static constructor.
RoslynAnalysisRunner will not be running.
RoslynAnalysisRunner has terminated.
Mono: successfully reloaded assembly
- Completed reload, in  1.290 seconds
Platform modules already initialized, skipping
Refreshing native plugins compatible for Editor in 0.89 ms, found 0 plugins.
Preloading 0 native plugins for Editor in 0.00 ms.
Unloading 7 Unused Serialized files (Serialized files now loaded: 0)
System memory in use before: 47.4 MB.
System memory in use after: 47.5 MB.

Unloading 6 unused Assets to reduce memory usage. Loaded Objects now: 1893.
Total: 1.968800 ms (FindLiveObjects: 0.339500 ms CreateObjectMapping: 0.059000 ms MarkObjects: 1.533200 ms  DeleteObjects: 0.036100 ms)

AssetImportWorkerClient::OnTransportError - code=2 error=End of file
