Using pre-set license
Built from '2020.2/staging' branch; Version is '2020.2.0b6 (24a0f8b56f72) revision 2400504'; Using compiler version '192528614'; Build Type 'Release'
OS: 'Windows 10  (10.0.0) 64bit' Language: 'ko' Physical Memory: 16318 MB
BatchMode: 1, IsHumanControllingUs: 0, StartBugReporterOnCrash: 0, Is64bit: 1, IsPro: 0

 COMMAND LINE ARGUMENTS:
C:\Program Files\Unity\Hub\Editor\2020.2.0b6\Editor\Unity.exe
-adb2
-batchMode
-noUpm
-name
AssetImportWorker0
-projectPath
C:/Users/Administrator/Documents/GitHub/Vineyard/Unity/Talk
-logFile
Logs/AssetImportWorker0.log
-srvPort
13278
Successfully changed project path to: C:/Users/Administrator/Documents/GitHub/Vineyard/Unity/Talk
C:/Users/Administrator/Documents/GitHub/Vineyard/Unity/Talk
Using Asset Import Pipeline V2.
Refreshing native plugins compatible for Editor in 22.63 ms, found 0 plugins.
Preloading 0 native plugins for Editor in 0.00 ms.
Initialize engine version: 2020.2.0b6 (24a0f8b56f72)
[Subsystems] Discovering subsystems at path C:/Program Files/Unity/Hub/Editor/2020.2.0b6/Editor/Data/Resources/UnitySubsystems
[Subsystems] Discovering subsystems at path C:/Users/Administrator/Documents/GitHub/Vineyard/Unity/Talk/Assets
GfxDevice: creating device client; threaded=0
Direct3D:
    Version:  Direct3D 11.0 [level 11.1]
    Renderer: NVIDIA GeForce GTX 1660 (ID=0x2184)
    Vendor:   
    VRAM:     5991 MB
    Driver:   26.21.14.3200
Initialize mono
Mono path[0] = 'C:/Program Files/Unity/Hub/Editor/2020.2.0b6/Editor/Data/Managed'
Mono path[1] = 'C:/Program Files/Unity/Hub/Editor/2020.2.0b6/Editor/Data/MonoBleedingEdge/lib/mono/unityjit'
Mono config path = 'C:/Program Files/Unity/Hub/Editor/2020.2.0b6/Editor/Data/MonoBleedingEdge/etc'
Using monoOptions --debugger-agent=transport=dt_socket,embedding=1,server=y,suspend=n,address=127.0.0.1:56512
Begin MonoManager ReloadAssembly
Registering precompiled unity dll's ...
Register platform support module: C:/Program Files/Unity/Hub/Editor/2020.2.0b6/Editor/Data/PlaybackEngines/WindowsStandaloneSupport/UnityEditor.WindowsStandalone.Extensions.dll
Registered in 0.001158 seconds.
Native extension for WindowsStandalone target not found
Refreshing native plugins compatible for Editor in 22.59 ms, found 0 plugins.
Preloading 0 native plugins for Editor in 0.00 ms.
Invoked RoslynAnalysisRunner static constructor.
RoslynAnalysisRunner will not be running.
RoslynAnalysisRunner has terminated.
Mono: successfully reloaded assembly
- Completed reload, in  1.275 seconds
Platform modules already initialized, skipping
Registering precompiled user dll's ...
Registered in 0.000497 seconds.
Begin MonoManager ReloadAssembly
Symbol file LoadedFromMemory doesn't match image C:\Users\Administrator\Documents\GitHub\Vineyard\Unity\Talk\Library\PackageCache\com.unity.ext.nunit@1.0.0\net35\unity-custom\nunit.framework.dll
Native extension for WindowsStandalone target not found
Refreshing native plugins compatible for Editor in 23.27 ms, found 0 plugins.
Preloading 0 native plugins for Editor in 0.00 ms.
Invoked RoslynAnalysisRunner static constructor.
RoslynAnalysisRunner will not be running.
RoslynAnalysisRunner has terminated.
Mono: successfully reloaded assembly
- Completed reload, in  0.724 seconds
Platform modules already initialized, skipping
========================================================================
Worker process is ready to serve import requests
Launched and connected shader compiler UnityShaderCompiler.exe after 0.03 seconds
Refreshing native plugins compatible for Editor in 0.22 ms, found 0 plugins.
Preloading 0 native plugins for Editor in 0.00 ms.
Unloading 1387 Unused Serialized files (Serialized files now loaded: 0)
System memory in use before: 67.9 MB.
System memory in use after: 68.0 MB.

Unloading 12 unused Assets to reduce memory usage. Loaded Objects now: 1828.
Total: 1.963200 ms (FindLiveObjects: 0.409200 ms CreateObjectMapping: 0.057900 ms MarkObjects: 1.438100 ms  DeleteObjects: 0.056900 ms)

========================================================================
Received Import Request.
  path: Assets/JsonManager.cs
  artifactKey: Guid(1a1f0ce9d1324b343988ce8210df288d) Importer(815301076,1909f56bfc062723c751e8b465ee728b)
Start importing Assets/JsonManager.cs using Guid(1a1f0ce9d1324b343988ce8210df288d) Importer(815301076,1909f56bfc062723c751e8b465ee728b)  -> (artifact id: 'bf29fd197ee3b73ce05f51306919f895') in 0.024749 seconds
  Import took 0.027016 seconds .

========================================================================
Received Prepare
Reloading mono domain
Begin MonoManager ReloadAssembly
Registering precompiled unity dll's ...
Register platform support module: C:/Program Files/Unity/Hub/Editor/2020.2.0b6/Editor/Data/PlaybackEngines/WindowsStandaloneSupport/UnityEditor.WindowsStandalone.Extensions.dll
Registered in 0.001073 seconds.
Symbol file LoadedFromMemory doesn't match image C:\Users\Administrator\Documents\GitHub\Vineyard\Unity\Talk\Library\PackageCache\com.unity.ext.nunit@1.0.0\net35\unity-custom\nunit.framework.dll
Native extension for WindowsStandalone target not found
Refreshing native plugins compatible for Editor in 22.61 ms, found 0 plugins.
Preloading 0 native plugins for Editor in 0.00 ms.
Invoked RoslynAnalysisRunner static constructor.
RoslynAnalysisRunner will not be running.
RoslynAnalysisRunner has terminated.
Mono: successfully reloaded assembly
- Completed reload, in  0.721 seconds
Platform modules already initialized, skipping
Registering precompiled user dll's ...
Registered in 0.000499 seconds.
Begin MonoManager ReloadAssembly
Symbol file LoadedFromMemory doesn't match image C:\Users\Administrator\Documents\GitHub\Vineyard\Unity\Talk\Library\PackageCache\com.unity.ext.nunit@1.0.0\net35\unity-custom\nunit.framework.dll
Native extension for WindowsStandalone target not found
Refreshing native plugins compatible for Editor in 0.22 ms, found 0 plugins.
Preloading 0 native plugins for Editor in 0.00 ms.
Invoked RoslynAnalysisRunner static constructor.
RoslynAnalysisRunner will not be running.
RoslynAnalysisRunner has terminated.
Mono: successfully reloaded assembly
- Completed reload, in  0.663 seconds
Platform modules already initialized, skipping
Refreshing native plugins compatible for Editor in 0.18 ms, found 0 plugins.
Preloading 0 native plugins for Editor in 0.00 ms.
Unloading 6 Unused Serialized files (Serialized files now loaded: 0)
System memory in use before: 41.0 MB.
System memory in use after: 41.1 MB.

Unloading 5 unused Assets to reduce memory usage. Loaded Objects now: 1832.
Total: 4.592900 ms (FindLiveObjects: 0.631600 ms CreateObjectMapping: 0.134400 ms MarkObjects: 3.752500 ms  DeleteObjects: 0.072000 ms)

========================================================================
Received Import Request.
  Time since last request: 417.546903 seconds.
  path: Assets/StreamingAssets
  artifactKey: Guid(ac8ad3ff9b2cb1f439adcc654e954c71) Importer(815301076,1909f56bfc062723c751e8b465ee728b)
Start importing Assets/StreamingAssets using Guid(ac8ad3ff9b2cb1f439adcc654e954c71) Importer(815301076,1909f56bfc062723c751e8b465ee728b)  -> (artifact id: '90878003ed257ff2770acf986c04b273') in 0.037313 seconds
  Import took 0.348077 seconds .

========================================================================
Received Import Request.
  Time since last request: 1.180222 seconds.
  path: Assets/StreamingAssets/Dialogue.json
  artifactKey: Guid(4ffc6866b3d652947aabdf61c09ea7dd) Importer(815301076,1909f56bfc062723c751e8b465ee728b)
Start importing Assets/StreamingAssets/Dialogue.json using Guid(4ffc6866b3d652947aabdf61c09ea7dd) Importer(815301076,1909f56bfc062723c751e8b465ee728b)  -> (artifact id: '9b5ddb29b194b8bf0a80bcbb0d95f85b') in 0.009009 seconds
  Import took 0.011363 seconds .

========================================================================
Received Import Request.
  Time since last request: 2.418777 seconds.
  path: Assets/Scenes/SampleScene.unity
  artifactKey: Guid(9fc0d4010bbf28b4594072e72b8655ab) Importer(815301076,1909f56bfc062723c751e8b465ee728b)
Start importing Assets/Scenes/SampleScene.unity using Guid(9fc0d4010bbf28b4594072e72b8655ab) Importer(815301076,1909f56bfc062723c751e8b465ee728b)  -> (artifact id: 'ff22a83ff4a649181bc6c7e3829c1b76') in 0.001842 seconds
  Import took 0.004602 seconds .

========================================================================
Received Prepare
Reloading mono domain
Begin MonoManager ReloadAssembly
Registering precompiled unity dll's ...
Register platform support module: C:/Program Files/Unity/Hub/Editor/2020.2.0b6/Editor/Data/PlaybackEngines/WindowsStandaloneSupport/UnityEditor.WindowsStandalone.Extensions.dll
Registered in 0.001825 seconds.
Symbol file LoadedFromMemory doesn't match image C:\Users\Administrator\Documents\GitHub\Vineyard\Unity\Talk\Library\PackageCache\com.unity.ext.nunit@1.0.0\net35\unity-custom\nunit.framework.dll
Native extension for WindowsStandalone target not found
Refreshing native plugins compatible for Editor in 21.93 ms, found 0 plugins.
Preloading 0 native plugins for Editor in 0.00 ms.
Invoked RoslynAnalysisRunner static constructor.
RoslynAnalysisRunner will not be running.
RoslynAnalysisRunner has terminated.
Mono: successfully reloaded assembly
- Completed reload, in  1.198 seconds
Platform modules already initialized, skipping
Registering precompiled user dll's ...
Registered in 0.000484 seconds.
Begin MonoManager ReloadAssembly
Symbol file LoadedFromMemory doesn't match image C:\Users\Administrator\Documents\GitHub\Vineyard\Unity\Talk\Library\PackageCache\com.unity.ext.nunit@1.0.0\net35\unity-custom\nunit.framework.dll
Native extension for WindowsStandalone target not found
Refreshing native plugins compatible for Editor in 0.22 ms, found 0 plugins.
Preloading 0 native plugins for Editor in 0.00 ms.
Invoked RoslynAnalysisRunner static constructor.
RoslynAnalysisRunner will not be running.
RoslynAnalysisRunner has terminated.
Mono: successfully reloaded assembly
- Completed reload, in  0.683 seconds
Platform modules already initialized, skipping
Refreshing native plugins compatible for Editor in 0.20 ms, found 0 plugins.
Preloading 0 native plugins for Editor in 0.00 ms.
Unloading 6 Unused Serialized files (Serialized files now loaded: 0)
System memory in use before: 41.2 MB.
System memory in use after: 41.2 MB.

Unloading 5 unused Assets to reduce memory usage. Loaded Objects now: 1836.
Total: 1.634200 ms (FindLiveObjects: 0.287400 ms CreateObjectMapping: 0.050000 ms MarkObjects: 1.261700 ms  DeleteObjects: 0.034100 ms)

========================================================================
Received Import Request.
  Time since last request: 596.707015 seconds.
  path: Assets/JsonManager.cs
  artifactKey: Guid(1a1f0ce9d1324b343988ce8210df288d) Importer(815301076,1909f56bfc062723c751e8b465ee728b)
Start importing Assets/JsonManager.cs using Guid(1a1f0ce9d1324b343988ce8210df288d) Importer(815301076,1909f56bfc062723c751e8b465ee728b)  -> (artifact id: '8c446ba5a9c12fa5b4dc62b4a4254d3c') in 0.001965 seconds
  Import took 0.004012 seconds .

========================================================================
Received Prepare
Reloading mono domain
Begin MonoManager ReloadAssembly
Registering precompiled unity dll's ...
Register platform support module: C:/Program Files/Unity/Hub/Editor/2020.2.0b6/Editor/Data/PlaybackEngines/WindowsStandaloneSupport/UnityEditor.WindowsStandalone.Extensions.dll
Registered in 0.001055 seconds.
Symbol file LoadedFromMemory doesn't match image C:\Users\Administrator\Documents\GitHub\Vineyard\Unity\Talk\Library\PackageCache\com.unity.ext.nunit@1.0.0\net35\unity-custom\nunit.framework.dll
Native extension for WindowsStandalone target not found
Refreshing native plugins compatible for Editor in 23.93 ms, found 0 plugins.
Preloading 0 native plugins for Editor in 0.00 ms.
Invoked RoslynAnalysisRunner static constructor.
RoslynAnalysisRunner will not be running.
RoslynAnalysisRunner has terminated.
Mono: successfully reloaded assembly
- Completed reload, in  0.799 seconds
Platform modules already initialized, skipping
Registering precompiled user dll's ...
Registered in 0.000512 seconds.
Begin MonoManager ReloadAssembly
Symbol file LoadedFromMemory doesn't match image C:\Users\Administrator\Documents\GitHub\Vineyard\Unity\Talk\Library\PackageCache\com.unity.ext.nunit@1.0.0\net35\unity-custom\nunit.framework.dll
Native extension for WindowsStandalone target not found
Refreshing native plugins compatible for Editor in 0.21 ms, found 0 plugins.
Preloading 0 native plugins for Editor in 0.00 ms.
Invoked RoslynAnalysisRunner static constructor.
RoslynAnalysisRunner will not be running.
RoslynAnalysisRunner has terminated.
Mono: successfully reloaded assembly
- Completed reload, in  0.708 seconds
Platform modules already initialized, skipping
Script is not up to date after domain reload: guid(8b52343608fe89949829d8eaea0d1de7) path("Assets/Controls.cs") state(2)
Refreshing native plugins compatible for Editor in 0.25 ms, found 0 plugins.
Preloading 0 native plugins for Editor in 0.00 ms.
Unloading 6 Unused Serialized files (Serialized files now loaded: 0)
System memory in use before: 41.3 MB.
System memory in use after: 41.4 MB.

Unloading 6 unused Assets to reduce memory usage. Loaded Objects now: 1839.
Total: 2.024500 ms (FindLiveObjects: 0.404200 ms CreateObjectMapping: 0.097400 ms MarkObjects: 1.481100 ms  DeleteObjects: 0.040900 ms)

========================================================================
Received Import Request.
  Time since last request: 433.539516 seconds.
  path: Assets/Controls.inputactions
  artifactKey: Guid(ce959403d8535c84daf6dbdd06291d0a) Importer(815301076,1909f56bfc062723c751e8b465ee728b)
Start importing Assets/Controls.inputactions using Guid(ce959403d8535c84daf6dbdd06291d0a) Importer(815301076,1909f56bfc062723c751e8b465ee728b)  -> (artifact id: '0292a17be4cfce41443ee97f99e0c644') in 0.014412 seconds
  Import took 0.016787 seconds .

========================================================================
Received Import Request.
  Time since last request: 0.000257 seconds.
  path: Assets/Controls.cs
  artifactKey: Guid(8b52343608fe89949829d8eaea0d1de7) Importer(815301076,1909f56bfc062723c751e8b465ee728b)
Start importing Assets/Controls.cs using Guid(8b52343608fe89949829d8eaea0d1de7) Importer(815301076,1909f56bfc062723c751e8b465ee728b)  -> (artifact id: '7be1ec80fc6fbab32ebdbaaa484350e4') in 0.001071 seconds
  Import took 0.003031 seconds .

========================================================================
Received Prepare
Reloading mono domain
Begin MonoManager ReloadAssembly
Registering precompiled unity dll's ...
Register platform support module: C:/Program Files/Unity/Hub/Editor/2020.2.0b6/Editor/Data/PlaybackEngines/WindowsStandaloneSupport/UnityEditor.WindowsStandalone.Extensions.dll
Registered in 0.001048 seconds.
Symbol file LoadedFromMemory doesn't match image C:\Users\Administrator\Documents\GitHub\Vineyard\Unity\Talk\Library\PackageCache\com.unity.ext.nunit@1.0.0\net35\unity-custom\nunit.framework.dll
Native extension for WindowsStandalone target not found
Refreshing native plugins compatible for Editor in 22.29 ms, found 0 plugins.
Preloading 0 native plugins for Editor in 0.00 ms.
Invoked RoslynAnalysisRunner static constructor.
RoslynAnalysisRunner will not be running.
RoslynAnalysisRunner has terminated.
Mono: successfully reloaded assembly
- Completed reload, in  1.274 seconds
Platform modules already initialized, skipping
Registering precompiled user dll's ...
Registered in 0.000483 seconds.
Begin MonoManager ReloadAssembly
Symbol file LoadedFromMemory doesn't match image C:\Users\Administrator\Documents\GitHub\Vineyard\Unity\Talk\Library\PackageCache\com.unity.ext.nunit@1.0.0\net35\unity-custom\nunit.framework.dll
Native extension for WindowsStandalone target not found
Refreshing native plugins compatible for Editor in 0.24 ms, found 0 plugins.
Preloading 0 native plugins for Editor in 0.00 ms.
Invoked RoslynAnalysisRunner static constructor.
RoslynAnalysisRunner will not be running.
RoslynAnalysisRunner has terminated.
Mono: successfully reloaded assembly
- Completed reload, in  0.726 seconds
Platform modules already initialized, skipping
Refreshing native plugins compatible for Editor in 0.18 ms, found 0 plugins.
Preloading 0 native plugins for Editor in 0.00 ms.
Unloading 7 Unused Serialized files (Serialized files now loaded: 0)
System memory in use before: 41.4 MB.
System memory in use after: 41.5 MB.

Unloading 5 unused Assets to reduce memory usage. Loaded Objects now: 1844.
Total: 1.955800 ms (FindLiveObjects: 0.286200 ms CreateObjectMapping: 0.049700 ms MarkObjects: 1.588000 ms  DeleteObjects: 0.031400 ms)

========================================================================
Received Prepare
Reloading mono domain
Begin MonoManager ReloadAssembly
Registering precompiled unity dll's ...
Register platform support module: C:/Program Files/Unity/Hub/Editor/2020.2.0b6/Editor/Data/PlaybackEngines/WindowsStandaloneSupport/UnityEditor.WindowsStandalone.Extensions.dll
Registered in 0.001086 seconds.
Symbol file LoadedFromMemory doesn't match image C:\Users\Administrator\Documents\GitHub\Vineyard\Unity\Talk\Library\PackageCache\com.unity.ext.nunit@1.0.0\net35\unity-custom\nunit.framework.dll
Native extension for WindowsStandalone target not found
Refreshing native plugins compatible for Editor in 22.09 ms, found 0 plugins.
Preloading 0 native plugins for Editor in 0.00 ms.
Invoked RoslynAnalysisRunner static constructor.
RoslynAnalysisRunner will not be running.
RoslynAnalysisRunner has terminated.
Mono: successfully reloaded assembly
- Completed reload, in  1.294 seconds
Platform modules already initialized, skipping
Registering precompiled user dll's ...
Registered in 0.000514 seconds.
Begin MonoManager ReloadAssembly
Symbol file LoadedFromMemory doesn't match image C:\Users\Administrator\Documents\GitHub\Vineyard\Unity\Talk\Library\PackageCache\com.unity.ext.nunit@1.0.0\net35\unity-custom\nunit.framework.dll
Native extension for WindowsStandalone target not found
Refreshing native plugins compatible for Editor in 0.22 ms, found 0 plugins.
Preloading 0 native plugins for Editor in 0.00 ms.
Invoked RoslynAnalysisRunner static constructor.
RoslynAnalysisRunner will not be running.
RoslynAnalysisRunner has terminated.
Mono: successfully reloaded assembly
- Completed reload, in  0.772 seconds
Platform modules already initialized, skipping
Refreshing native plugins compatible for Editor in 0.21 ms, found 0 plugins.
Preloading 0 native plugins for Editor in 0.00 ms.
Unloading 6 Unused Serialized files (Serialized files now loaded: 0)
System memory in use before: 41.5 MB.
System memory in use after: 41.6 MB.

Unloading 5 unused Assets to reduce memory usage. Loaded Objects now: 1848.
Total: 1.872200 ms (FindLiveObjects: 0.318500 ms CreateObjectMapping: 0.054500 ms MarkObjects: 1.458500 ms  DeleteObjects: 0.039300 ms)

========================================================================
Received Import Request.
  Time since last request: 2744.671019 seconds.
  path: Assets/JsonManager.cs
  artifactKey: Guid(1a1f0ce9d1324b343988ce8210df288d) Importer(815301076,1909f56bfc062723c751e8b465ee728b)
Start importing Assets/JsonManager.cs using Guid(1a1f0ce9d1324b343988ce8210df288d) Importer(815301076,1909f56bfc062723c751e8b465ee728b)  -> (artifact id: '3947a08d90b88965aafa2e6dbe0f2e6b') in 0.002020 seconds
  Import took 0.004156 seconds .

========================================================================
Received Import Request.
  Time since last request: 395.897155 seconds.
  path: Assets/JsonManager.cs
  artifactKey: Guid(1a1f0ce9d1324b343988ce8210df288d) Importer(815301076,1909f56bfc062723c751e8b465ee728b)
Start importing Assets/JsonManager.cs using Guid(1a1f0ce9d1324b343988ce8210df288d) Importer(815301076,1909f56bfc062723c751e8b465ee728b)  -> (artifact id: '3d5b79dec0d004b7d97fcb4f94beb5f2') in 0.001305 seconds
  Import took 0.004180 seconds .

========================================================================
Received Prepare
Reloading mono domain
Begin MonoManager ReloadAssembly
Registering precompiled unity dll's ...
Register platform support module: C:/Program Files/Unity/Hub/Editor/2020.2.0b6/Editor/Data/PlaybackEngines/WindowsStandaloneSupport/UnityEditor.WindowsStandalone.Extensions.dll
Registered in 0.001098 seconds.
Symbol file LoadedFromMemory doesn't match image C:\Users\Administrator\Documents\GitHub\Vineyard\Unity\Talk\Library\PackageCache\com.unity.ext.nunit@1.0.0\net35\unity-custom\nunit.framework.dll
Native extension for WindowsStandalone target not found
Refreshing native plugins compatible for Editor in 22.36 ms, found 0 plugins.
Preloading 0 native plugins for Editor in 0.00 ms.
Invoked RoslynAnalysisRunner static constructor.
RoslynAnalysisRunner will not be running.
RoslynAnalysisRunner has terminated.
Mono: successfully reloaded assembly
- Completed reload, in  0.837 seconds
Platform modules already initialized, skipping
Registering precompiled user dll's ...
Registered in 0.000534 seconds.
Begin MonoManager ReloadAssembly
Symbol file LoadedFromMemory doesn't match image C:\Users\Administrator\Documents\GitHub\Vineyard\Unity\Talk\Library\PackageCache\com.unity.ext.nunit@1.0.0\net35\unity-custom\nunit.framework.dll
Native extension for WindowsStandalone target not found
Refreshing native plugins compatible for Editor in 0.22 ms, found 0 plugins.
Preloading 0 native plugins for Editor in 0.00 ms.
Invoked RoslynAnalysisRunner static constructor.
RoslynAnalysisRunner will not be running.
RoslynAnalysisRunner has terminated.
Mono: successfully reloaded assembly
- Completed reload, in  0.782 seconds
Platform modules already initialized, skipping
Refreshing native plugins compatible for Editor in 0.24 ms, found 0 plugins.
Preloading 0 native plugins for Editor in 0.00 ms.
Unloading 6 Unused Serialized files (Serialized files now loaded: 0)
System memory in use before: 41.7 MB.
System memory in use after: 41.8 MB.

Unloading 5 unused Assets to reduce memory usage. Loaded Objects now: 1852.
Total: 1.699600 ms (FindLiveObjects: 0.315300 ms CreateObjectMapping: 0.054000 ms MarkObjects: 1.288200 ms  DeleteObjects: 0.041100 ms)

========================================================================
Received Import Request.
  Time since last request: 39.451724 seconds.
  path: Assets/JsonManager.cs
  artifactKey: Guid(1a1f0ce9d1324b343988ce8210df288d) Importer(815301076,1909f56bfc062723c751e8b465ee728b)
Start importing Assets/JsonManager.cs using Guid(1a1f0ce9d1324b343988ce8210df288d) Importer(815301076,1909f56bfc062723c751e8b465ee728b)  -> (artifact id: 'e6e49520fb3edc8691666d107117dbd0') in 0.001765 seconds
  Import took 0.003790 seconds .

========================================================================
Received Import Request.
  Time since last request: 0.261142 seconds.
  path: Assets/JsonManager.cs
  artifactKey: Guid(1a1f0ce9d1324b343988ce8210df288d) Importer(815301076,1909f56bfc062723c751e8b465ee728b)
Start importing Assets/JsonManager.cs using Guid(1a1f0ce9d1324b343988ce8210df288d) Importer(815301076,1909f56bfc062723c751e8b465ee728b)  -> (artifact id: 'e6e49520fb3edc8691666d107117dbd0') in 0.001268 seconds
  Import took 0.003611 seconds .

========================================================================
Received Prepare
Reloading mono domain
Begin MonoManager ReloadAssembly
Registering precompiled unity dll's ...
Register platform support module: C:/Program Files/Unity/Hub/Editor/2020.2.0b6/Editor/Data/PlaybackEngines/WindowsStandaloneSupport/UnityEditor.WindowsStandalone.Extensions.dll
Registered in 0.001067 seconds.
Symbol file LoadedFromMemory doesn't match image C:\Users\Administrator\Documents\GitHub\Vineyard\Unity\Talk\Library\PackageCache\com.unity.ext.nunit@1.0.0\net35\unity-custom\nunit.framework.dll
Native extension for WindowsStandalone target not found
Refreshing native plugins compatible for Editor in 22.37 ms, found 0 plugins.
Preloading 0 native plugins for Editor in 0.00 ms.
Invoked RoslynAnalysisRunner static constructor.
RoslynAnalysisRunner will not be running.
RoslynAnalysisRunner has terminated.
Mono: successfully reloaded assembly
- Completed reload, in  1.349 seconds
Platform modules already initialized, skipping
Registering precompiled user dll's ...
Registered in 0.000526 seconds.
Begin MonoManager ReloadAssembly
Symbol file LoadedFromMemory doesn't match image C:\Users\Administrator\Documents\GitHub\Vineyard\Unity\Talk\Library\PackageCache\com.unity.ext.nunit@1.0.0\net35\unity-custom\nunit.framework.dll
Native extension for WindowsStandalone target not found
Refreshing native plugins compatible for Editor in 0.22 ms, found 0 plugins.
Preloading 0 native plugins for Editor in 0.00 ms.
Invoked RoslynAnalysisRunner static constructor.
RoslynAnalysisRunner will not be running.
RoslynAnalysisRunner has terminated.
Mono: successfully reloaded assembly
- Completed reload, in  0.805 seconds
Platform modules already initialized, skipping
Refreshing native plugins compatible for Editor in 0.22 ms, found 0 plugins.
Preloading 0 native plugins for Editor in 0.00 ms.
Unloading 6 Unused Serialized files (Serialized files now loaded: 0)
System memory in use before: 41.8 MB.
System memory in use after: 41.9 MB.

Unloading 5 unused Assets to reduce memory usage. Loaded Objects now: 1856.
Total: 2.046400 ms (FindLiveObjects: 0.329500 ms CreateObjectMapping: 0.057500 ms MarkObjects: 1.620400 ms  DeleteObjects: 0.038100 ms)

========================================================================
Received Import Request.
  Time since last request: 45.554603 seconds.
  path: Assets/JsonManager.cs
  artifactKey: Guid(1a1f0ce9d1324b343988ce8210df288d) Importer(815301076,1909f56bfc062723c751e8b465ee728b)
Start importing Assets/JsonManager.cs using Guid(1a1f0ce9d1324b343988ce8210df288d) Importer(815301076,1909f56bfc062723c751e8b465ee728b)  -> (artifact id: '5f413f2dbd26367fd0f02f57c0da58fe') in 0.001865 seconds
  Import took 0.004090 seconds .

========================================================================
Received Import Request.
  Time since last request: 0.000241 seconds.
  path: Assets/PlayerController.cs
  artifactKey: Guid(9506364eb61fcbf4a939d0fb99047dc0) Importer(815301076,1909f56bfc062723c751e8b465ee728b)
Start importing Assets/PlayerController.cs using Guid(9506364eb61fcbf4a939d0fb99047dc0) Importer(815301076,1909f56bfc062723c751e8b465ee728b)  -> (artifact id: '7bb242800b3bb24679eb05927bc0047d') in 0.001010 seconds
  Import took 0.002941 seconds .

========================================================================
Received Import Request.
  Time since last request: 0.066538 seconds.
  path: Assets/JsonManager.cs
  artifactKey: Guid(1a1f0ce9d1324b343988ce8210df288d) Importer(815301076,1909f56bfc062723c751e8b465ee728b)
Start importing Assets/JsonManager.cs using Guid(1a1f0ce9d1324b343988ce8210df288d) Importer(815301076,1909f56bfc062723c751e8b465ee728b)  -> (artifact id: '5f413f2dbd26367fd0f02f57c0da58fe') in 0.001159 seconds
  Import took 0.003451 seconds .

========================================================================
Received Prepare
Reloading mono domain
Begin MonoManager ReloadAssembly
Registering precompiled unity dll's ...
Register platform support module: C:/Program Files/Unity/Hub/Editor/2020.2.0b6/Editor/Data/PlaybackEngines/WindowsStandaloneSupport/UnityEditor.WindowsStandalone.Extensions.dll
Registered in 0.001079 seconds.
Symbol file LoadedFromMemory doesn't match image C:\Users\Administrator\Documents\GitHub\Vineyard\Unity\Talk\Library\PackageCache\com.unity.ext.nunit@1.0.0\net35\unity-custom\nunit.framework.dll
Native extension for WindowsStandalone target not found
Refreshing native plugins compatible for Editor in 21.93 ms, found 0 plugins.
Preloading 0 native plugins for Editor in 0.00 ms.
Invoked RoslynAnalysisRunner static constructor.
RoslynAnalysisRunner will not be running.
RoslynAnalysisRunner has terminated.
Mono: successfully reloaded assembly
- Completed reload, in  1.377 seconds
Platform modules already initialized, skipping
Registering precompiled user dll's ...
Registered in 0.000528 seconds.
Begin MonoManager ReloadAssembly
Symbol file LoadedFromMemory doesn't match image C:\Users\Administrator\Documents\GitHub\Vineyard\Unity\Talk\Library\PackageCache\com.unity.ext.nunit@1.0.0\net35\unity-custom\nunit.framework.dll
Native extension for WindowsStandalone target not found
Refreshing native plugins compatible for Editor in 0.23 ms, found 0 plugins.
Preloading 0 native plugins for Editor in 0.00 ms.
Invoked RoslynAnalysisRunner static constructor.
RoslynAnalysisRunner will not be running.
RoslynAnalysisRunner has terminated.
Mono: successfully reloaded assembly
- Completed reload, in  0.825 seconds
Platform modules already initialized, skipping
Refreshing native plugins compatible for Editor in 0.22 ms, found 0 plugins.
Preloading 0 native plugins for Editor in 0.00 ms.
Unloading 6 Unused Serialized files (Serialized files now loaded: 0)
System memory in use before: 41.9 MB.
System memory in use after: 41.9 MB.

Unloading 5 unused Assets to reduce memory usage. Loaded Objects now: 1860.
Total: 1.952600 ms (FindLiveObjects: 0.295300 ms CreateObjectMapping: 0.055400 ms MarkObjects: 1.563600 ms  DeleteObjects: 0.037500 ms)

========================================================================
Received Import Request.
  Time since last request: 46.822002 seconds.
  path: Assets/PlayerController.cs
  artifactKey: Guid(9506364eb61fcbf4a939d0fb99047dc0) Importer(815301076,1909f56bfc062723c751e8b465ee728b)
Start importing Assets/PlayerController.cs using Guid(9506364eb61fcbf4a939d0fb99047dc0) Importer(815301076,1909f56bfc062723c751e8b465ee728b)  -> (artifact id: '5cf49cba5d463d72fb5d2f6785b18daa') in 0.001927 seconds
  Import took 0.004143 seconds .

========================================================================
Received Import Request.
  Time since last request: 0.006116 seconds.
  path: Assets/PlayerController.cs
  artifactKey: Guid(9506364eb61fcbf4a939d0fb99047dc0) Importer(815301076,1909f56bfc062723c751e8b465ee728b)
Start importing Assets/PlayerController.cs using Guid(9506364eb61fcbf4a939d0fb99047dc0) Importer(815301076,1909f56bfc062723c751e8b465ee728b)  -> (artifact id: '5cf49cba5d463d72fb5d2f6785b18daa') in 0.001159 seconds
  Import took 0.003304 seconds .

========================================================================
Received Prepare
Reloading mono domain
Begin MonoManager ReloadAssembly
Registering precompiled unity dll's ...
Register platform support module: C:/Program Files/Unity/Hub/Editor/2020.2.0b6/Editor/Data/PlaybackEngines/WindowsStandaloneSupport/UnityEditor.WindowsStandalone.Extensions.dll
Registered in 0.001083 seconds.
Symbol file LoadedFromMemory doesn't match image C:\Users\Administrator\Documents\GitHub\Vineyard\Unity\Talk\Library\PackageCache\com.unity.ext.nunit@1.0.0\net35\unity-custom\nunit.framework.dll
Native extension for WindowsStandalone target not found
Refreshing native plugins compatible for Editor in 23.03 ms, found 0 plugins.
Preloading 0 native plugins for Editor in 0.00 ms.
Invoked RoslynAnalysisRunner static constructor.
RoslynAnalysisRunner will not be running.
RoslynAnalysisRunner has terminated.
Mono: successfully reloaded assembly
- Completed reload, in  0.873 seconds
Platform modules already initialized, skipping
Registering precompiled user dll's ...
Registered in 0.000476 seconds.
Begin MonoManager ReloadAssembly
Symbol file LoadedFromMemory doesn't match image C:\Users\Administrator\Documents\GitHub\Vineyard\Unity\Talk\Library\PackageCache\com.unity.ext.nunit@1.0.0\net35\unity-custom\nunit.framework.dll
Native extension for WindowsStandalone target not found
Refreshing native plugins compatible for Editor in 0.39 ms, found 0 plugins.
Preloading 0 native plugins for Editor in 0.00 ms.
Invoked RoslynAnalysisRunner static constructor.
RoslynAnalysisRunner will not be running.
RoslynAnalysisRunner has terminated.
Mono: successfully reloaded assembly
- Completed reload, in  1.351 seconds
Platform modules already initialized, skipping
Refreshing native plugins compatible for Editor in 0.20 ms, found 0 plugins.
Preloading 0 native plugins for Editor in 0.00 ms.
Unloading 6 Unused Serialized files (Serialized files now loaded: 0)
System memory in use before: 42.0 MB.
System memory in use after: 42.1 MB.

Unloading 5 unused Assets to reduce memory usage. Loaded Objects now: 1864.
Total: 1.969500 ms (FindLiveObjects: 0.372600 ms CreateObjectMapping: 0.065400 ms MarkObjects: 1.495100 ms  DeleteObjects: 0.035700 ms)

========================================================================
Received Import Request.
  Time since last request: 175.806856 seconds.
  path: Assets/PlayerController.cs
  artifactKey: Guid(9506364eb61fcbf4a939d0fb99047dc0) Importer(815301076,1909f56bfc062723c751e8b465ee728b)
Start importing Assets/PlayerController.cs using Guid(9506364eb61fcbf4a939d0fb99047dc0) Importer(815301076,1909f56bfc062723c751e8b465ee728b)  -> (artifact id: '730f0d1c264446785102177d930a4b9e') in 0.002019 seconds
  Import took 0.004165 seconds .

========================================================================
Received Import Request.
  Time since last request: 0.903956 seconds.
  path: Assets/PlayerController.cs
  artifactKey: Guid(9506364eb61fcbf4a939d0fb99047dc0) Importer(815301076,1909f56bfc062723c751e8b465ee728b)
Start importing Assets/PlayerController.cs using Guid(9506364eb61fcbf4a939d0fb99047dc0) Importer(815301076,1909f56bfc062723c751e8b465ee728b)  -> (artifact id: '730f0d1c264446785102177d930a4b9e') in 0.001316 seconds
  Import took 0.003776 seconds .

========================================================================
Received Prepare
Reloading mono domain
Begin MonoManager ReloadAssembly
Registering precompiled unity dll's ...
Register platform support module: C:/Program Files/Unity/Hub/Editor/2020.2.0b6/Editor/Data/PlaybackEngines/WindowsStandaloneSupport/UnityEditor.WindowsStandalone.Extensions.dll
Registered in 0.001095 seconds.
Symbol file LoadedFromMemory doesn't match image C:\Users\Administrator\Documents\GitHub\Vineyard\Unity\Talk\Library\PackageCache\com.unity.ext.nunit@1.0.0\net35\unity-custom\nunit.framework.dll
Native extension for WindowsStandalone target not found
Refreshing native plugins compatible for Editor in 21.93 ms, found 0 plugins.
Preloading 0 native plugins for Editor in 0.00 ms.
Invoked RoslynAnalysisRunner static constructor.
RoslynAnalysisRunner will not be running.
RoslynAnalysisRunner has terminated.
Mono: successfully reloaded assembly
- Completed reload, in  0.984 seconds
Platform modules already initialized, skipping
Registering precompiled user dll's ...
Registered in 0.000495 seconds.
Begin MonoManager ReloadAssembly
Symbol file LoadedFromMemory doesn't match image C:\Users\Administrator\Documents\GitHub\Vineyard\Unity\Talk\Library\PackageCache\com.unity.ext.nunit@1.0.0\net35\unity-custom\nunit.framework.dll
Native extension for WindowsStandalone target not found
Refreshing native plugins compatible for Editor in 0.21 ms, found 0 plugins.
Preloading 0 native plugins for Editor in 0.00 ms.
Invoked RoslynAnalysisRunner static constructor.
RoslynAnalysisRunner will not be running.
RoslynAnalysisRunner has terminated.
Mono: successfully reloaded assembly
- Completed reload, in  0.861 seconds
Platform modules already initialized, skipping
Refreshing native plugins compatible for Editor in 0.18 ms, found 0 plugins.
Preloading 0 native plugins for Editor in 0.00 ms.
Unloading 6 Unused Serialized files (Serialized files now loaded: 0)
System memory in use before: 42.2 MB.
System memory in use after: 42.3 MB.

Unloading 5 unused Assets to reduce memory usage. Loaded Objects now: 1868.
Total: 3.405100 ms (FindLiveObjects: 0.463900 ms CreateObjectMapping: 0.101400 ms MarkObjects: 2.771300 ms  DeleteObjects: 0.066100 ms)

AssetImportWorkerClient::OnTransportError - code=2 error=End of file
