Using pre-set license
Built from '2020.2/staging' branch; Version is '2020.2.0b6 (24a0f8b56f72) revision 2400504'; Using compiler version '192528614'; Build Type 'Release'
OS: 'Windows 10  (10.0.0) 64bit' Language: 'ko' Physical Memory: 16318 MB
BatchMode: 1, IsHumanControllingUs: 0, StartBugReporterOnCrash: 0, Is64bit: 1, IsPro: 0

 COMMAND LINE ARGUMENTS:
C:\Program Files\Unity\Hub\Editor\2020.2.0b6\Editor\Unity.exe
-adb2
-batchMode
-noUpm
-name
AssetImportWorker0
-projectPath
C:/Users/Administrator/Documents/GitHub/Vineyard/Unity/Day16
-logFile
Logs/AssetImportWorker0.log
-srvPort
1740
Successfully changed project path to: C:/Users/Administrator/Documents/GitHub/Vineyard/Unity/Day16
C:/Users/Administrator/Documents/GitHub/Vineyard/Unity/Day16
Using Asset Import Pipeline V2.
Refreshing native plugins compatible for Editor in 25.39 ms, found 0 plugins.
Preloading 0 native plugins for Editor in 0.00 ms.
Initialize engine version: 2020.2.0b6 (24a0f8b56f72)
[Subsystems] Discovering subsystems at path C:/Program Files/Unity/Hub/Editor/2020.2.0b6/Editor/Data/Resources/UnitySubsystems
[Subsystems] Discovering subsystems at path C:/Users/Administrator/Documents/GitHub/Vineyard/Unity/Day16/Assets
GfxDevice: creating device client; threaded=0
Direct3D:
    Version:  Direct3D 11.0 [level 11.1]
    Renderer: NVIDIA GeForce GTX 1660 (ID=0x2184)
    Vendor:   
    VRAM:     5991 MB
    Driver:   26.21.14.3200
Initialize mono
Mono path[0] = 'C:/Program Files/Unity/Hub/Editor/2020.2.0b6/Editor/Data/Managed'
Mono path[1] = 'C:/Program Files/Unity/Hub/Editor/2020.2.0b6/Editor/Data/MonoBleedingEdge/lib/mono/unityjit'
Mono config path = 'C:/Program Files/Unity/Hub/Editor/2020.2.0b6/Editor/Data/MonoBleedingEdge/etc'
Using monoOptions --debugger-agent=transport=dt_socket,embedding=1,server=y,suspend=n,address=127.0.0.1:56924
Begin MonoManager ReloadAssembly
Registering precompiled unity dll's ...
Register platform support module: C:/Program Files/Unity/Hub/Editor/2020.2.0b6/Editor/Data/PlaybackEngines/WindowsStandaloneSupport/UnityEditor.WindowsStandalone.Extensions.dll
Registered in 0.001182 seconds.
Native extension for WindowsStandalone target not found
Refreshing native plugins compatible for Editor in 24.92 ms, found 0 plugins.
Preloading 0 native plugins for Editor in 0.00 ms.
Invoked RoslynAnalysisRunner static constructor.
RoslynAnalysisRunner will not be running.
RoslynAnalysisRunner has terminated.
Mono: successfully reloaded assembly
- Completed reload, in  1.217 seconds
Platform modules already initialized, skipping
Registering precompiled user dll's ...
Registered in 0.000517 seconds.
Begin MonoManager ReloadAssembly
Native extension for WindowsStandalone target not found
Refreshing native plugins compatible for Editor in 24.13 ms, found 0 plugins.
Preloading 0 native plugins for Editor in 0.00 ms.
Invoked RoslynAnalysisRunner static constructor.
RoslynAnalysisRunner will not be running.
RoslynAnalysisRunner has terminated.
Mono: successfully reloaded assembly
- Completed reload, in  0.715 seconds
Platform modules already initialized, skipping
========================================================================
Worker process is ready to serve import requests
Launched and connected shader compiler UnityShaderCompiler.exe after 0.04 seconds
Refreshing native plugins compatible for Editor in 0.24 ms, found 0 plugins.
Preloading 0 native plugins for Editor in 0.00 ms.
Unloading 1374 Unused Serialized files (Serialized files now loaded: 0)
System memory in use before: 67.6 MB.
System memory in use after: 67.7 MB.

Unloading 11 unused Assets to reduce memory usage. Loaded Objects now: 1817.
Total: 1.960000 ms (FindLiveObjects: 0.356600 ms CreateObjectMapping: 0.055400 ms MarkObjects: 1.507500 ms  DeleteObjects: 0.039800 ms)

========================================================================
Received Import Request.
  path: Assets/InputSystem.inputsettings.asset
  artifactKey: Guid(2caf5c8efdf08f849b5aa80396b2d418) Importer(815301076,1909f56bfc062723c751e8b465ee728b)
Start importing Assets/InputSystem.inputsettings.asset using Guid(2caf5c8efdf08f849b5aa80396b2d418) Importer(815301076,1909f56bfc062723c751e8b465ee728b)  -> (artifact id: '73cf6bb802705554a90f515ae4c274fc') in 0.023202 seconds
  Import took 0.025405 seconds .

========================================================================
Received Prepare
Reloading mono domain
Begin MonoManager ReloadAssembly
Registering precompiled unity dll's ...
Register platform support module: C:/Program Files/Unity/Hub/Editor/2020.2.0b6/Editor/Data/PlaybackEngines/WindowsStandaloneSupport/UnityEditor.WindowsStandalone.Extensions.dll
Registered in 0.001192 seconds.
Native extension for WindowsStandalone target not found
Refreshing native plugins compatible for Editor in 25.65 ms, found 0 plugins.
Preloading 0 native plugins for Editor in 0.00 ms.
Invoked RoslynAnalysisRunner static constructor.
RoslynAnalysisRunner will not be running.
RoslynAnalysisRunner has terminated.
Mono: successfully reloaded assembly
- Completed reload, in  0.772 seconds
Platform modules already initialized, skipping
Registering precompiled user dll's ...
Registered in 0.000632 seconds.
Begin MonoManager ReloadAssembly
Native extension for WindowsStandalone target not found
Refreshing native plugins compatible for Editor in 0.23 ms, found 0 plugins.
Preloading 0 native plugins for Editor in 0.00 ms.
Invoked RoslynAnalysisRunner static constructor.
RoslynAnalysisRunner will not be running.
RoslynAnalysisRunner has terminated.
Mono: successfully reloaded assembly
- Completed reload, in  0.697 seconds
Platform modules already initialized, skipping
Refreshing native plugins compatible for Editor in 0.22 ms, found 0 plugins.
Preloading 0 native plugins for Editor in 0.00 ms.
Unloading 6 Unused Serialized files (Serialized files now loaded: 0)
System memory in use before: 40.9 MB.
System memory in use after: 41.0 MB.

Unloading 5 unused Assets to reduce memory usage. Loaded Objects now: 1821.
Total: 1.786000 ms (FindLiveObjects: 0.281200 ms CreateObjectMapping: 0.050100 ms MarkObjects: 1.442100 ms  DeleteObjects: 0.011600 ms)

========================================================================
Received Import Request.
  Time since last request: 536.618495 seconds.
  path: Assets
  artifactKey: Guid(00000000000000001000000000000000) Importer(815301076,1909f56bfc062723c751e8b465ee728b)
Start importing Assets using Guid(00000000000000001000000000000000) Importer(815301076,1909f56bfc062723c751e8b465ee728b)  -> (artifact id: 'bcdd72db51d5a40181a5b307f1484029') in 0.001981 seconds
  Import took 0.004426 seconds .

========================================================================
Received Import Request.
  Time since last request: 0.001499 seconds.
  path: Assets
  artifactKey: Guid(00000000000000001000000000000000) Importer(815301076,1909f56bfc062723c751e8b465ee728b)
Start importing Assets using Guid(00000000000000001000000000000000) Importer(815301076,1909f56bfc062723c751e8b465ee728b)  -> (artifact id: 'bcdd72db51d5a40181a5b307f1484029') in 0.001034 seconds
  Import took 0.003377 seconds .

========================================================================
Received Import Request.
  Time since last request: 11.747308 seconds.
  path: Assets/InputControl.inputactions
  artifactKey: Guid(605bc364aaaf0594ebaa739fc58c03ec) Importer(815301076,1909f56bfc062723c751e8b465ee728b)
Start importing Assets/InputControl.inputactions using Guid(605bc364aaaf0594ebaa739fc58c03ec) Importer(815301076,1909f56bfc062723c751e8b465ee728b)  -> (artifact id: 'b9e56ea91478f691c9c0b0d274902e4b') in 0.011557 seconds
  Import took 0.014113 seconds .

========================================================================
Received Import Request.
  Time since last request: 61.669962 seconds.
  path: Assets/InputControl.inputactions
  artifactKey: Guid(605bc364aaaf0594ebaa739fc58c03ec) Importer(815301076,1909f56bfc062723c751e8b465ee728b)
Start importing Assets/InputControl.inputactions using Guid(605bc364aaaf0594ebaa739fc58c03ec) Importer(815301076,1909f56bfc062723c751e8b465ee728b)  -> (artifact id: '4a9bdb07b2549b4a510639035cceedd8') in 0.003295 seconds
  Import took 0.006055 seconds .

========================================================================
Received Import Request.
  Time since last request: 0.003119 seconds.
  path: Assets/InputControl.inputactions
  artifactKey: Guid(605bc364aaaf0594ebaa739fc58c03ec) Importer(815301076,1909f56bfc062723c751e8b465ee728b)
Start importing Assets/InputControl.inputactions using Guid(605bc364aaaf0594ebaa739fc58c03ec) Importer(815301076,1909f56bfc062723c751e8b465ee728b)  -> (artifact id: '4a9bdb07b2549b4a510639035cceedd8') in 0.001498 seconds
  Import took 0.003806 seconds .

========================================================================
Received Import Request.
  Time since last request: 8.247054 seconds.
  path: Assets/InputControl.inputactions
  artifactKey: Guid(605bc364aaaf0594ebaa739fc58c03ec) Importer(815301076,1909f56bfc062723c751e8b465ee728b)
Start importing Assets/InputControl.inputactions using Guid(605bc364aaaf0594ebaa739fc58c03ec) Importer(815301076,1909f56bfc062723c751e8b465ee728b)  -> (artifact id: '0399c750de2e498aba097a45e6a540ad') in 0.001768 seconds
  Import took 0.004453 seconds .

========================================================================
Received Import Request.
  Time since last request: 0.002738 seconds.
  path: Assets/InputControl.inputactions
  artifactKey: Guid(605bc364aaaf0594ebaa739fc58c03ec) Importer(815301076,1909f56bfc062723c751e8b465ee728b)
Start importing Assets/InputControl.inputactions using Guid(605bc364aaaf0594ebaa739fc58c03ec) Importer(815301076,1909f56bfc062723c751e8b465ee728b)  -> (artifact id: '0399c750de2e498aba097a45e6a540ad') in 0.001479 seconds
  Import took 0.003869 seconds .

========================================================================
Received Import Request.
  Time since last request: 0.089105 seconds.
  path: Assets/InputControl.cs
  artifactKey: Guid(b105763638518f6408b696360277249d) Importer(815301076,1909f56bfc062723c751e8b465ee728b)
Start importing Assets/InputControl.cs using Guid(b105763638518f6408b696360277249d) Importer(815301076,1909f56bfc062723c751e8b465ee728b)  -> (artifact id: 'b2cbd951b10b29ddc70ad9a7e05d4a2a') in 0.004529 seconds
  Import took 0.006956 seconds .

========================================================================
Received Prepare
Reloading mono domain
Begin MonoManager ReloadAssembly
Registering precompiled unity dll's ...
Register platform support module: C:/Program Files/Unity/Hub/Editor/2020.2.0b6/Editor/Data/PlaybackEngines/WindowsStandaloneSupport/UnityEditor.WindowsStandalone.Extensions.dll
Registered in 0.001191 seconds.
Native extension for WindowsStandalone target not found
Refreshing native plugins compatible for Editor in 26.71 ms, found 0 plugins.
Preloading 0 native plugins for Editor in 0.00 ms.
Invoked RoslynAnalysisRunner static constructor.
RoslynAnalysisRunner will not be running.
RoslynAnalysisRunner has terminated.
Mono: successfully reloaded assembly
- Completed reload, in  0.795 seconds
Platform modules already initialized, skipping
Registering precompiled user dll's ...
Registered in 0.000710 seconds.
Begin MonoManager ReloadAssembly
Native extension for WindowsStandalone target not found
Refreshing native plugins compatible for Editor in 0.29 ms, found 0 plugins.
Preloading 0 native plugins for Editor in 0.00 ms.
Invoked RoslynAnalysisRunner static constructor.
RoslynAnalysisRunner will not be running.
RoslynAnalysisRunner has terminated.
Mono: successfully reloaded assembly
- Completed reload, in  0.780 seconds
Platform modules already initialized, skipping
Refreshing native plugins compatible for Editor in 0.27 ms, found 0 plugins.
Preloading 0 native plugins for Editor in 0.00 ms.
Unloading 7 Unused Serialized files (Serialized files now loaded: 0)
System memory in use before: 41.1 MB.
System memory in use after: 41.2 MB.

Unloading 5 unused Assets to reduce memory usage. Loaded Objects now: 1826.
Total: 1.873500 ms (FindLiveObjects: 0.291600 ms CreateObjectMapping: 0.052900 ms MarkObjects: 1.512900 ms  DeleteObjects: 0.015100 ms)

========================================================================
Received Import Request.
  Time since last request: 67.137247 seconds.
  path: Assets/InputControl.cs
  artifactKey: Guid(b105763638518f6408b696360277249d) Importer(815301076,1909f56bfc062723c751e8b465ee728b)
Start importing Assets/InputControl.cs using Guid(b105763638518f6408b696360277249d) Importer(815301076,1909f56bfc062723c751e8b465ee728b)  -> (artifact id: '9c79cb0d65d5d3631928f806020e832d') in 0.001998 seconds
  Import took 0.004631 seconds .

========================================================================
Received Import Request.
  Time since last request: 0.000219 seconds.
  path: Assets/InputControl.inputactions
  artifactKey: Guid(605bc364aaaf0594ebaa739fc58c03ec) Importer(815301076,1909f56bfc062723c751e8b465ee728b)
Start importing Assets/InputControl.inputactions using Guid(605bc364aaaf0594ebaa739fc58c03ec) Importer(815301076,1909f56bfc062723c751e8b465ee728b)  -> (artifact id: 'e11e6541b1343eb47e7b9399faf1eee3') in 0.011391 seconds
  Import took 0.013661 seconds .

========================================================================
Received Import Request.
  Time since last request: 0.073160 seconds.
  path: Assets/InputControl.inputactions
  artifactKey: Guid(605bc364aaaf0594ebaa739fc58c03ec) Importer(815301076,1909f56bfc062723c751e8b465ee728b)
Start importing Assets/InputControl.inputactions using Guid(605bc364aaaf0594ebaa739fc58c03ec) Importer(815301076,1909f56bfc062723c751e8b465ee728b)  -> (artifact id: 'e11e6541b1343eb47e7b9399faf1eee3') in 0.001654 seconds
  Import took 0.004418 seconds .

========================================================================
Received Prepare
Reloading mono domain
Begin MonoManager ReloadAssembly
Registering precompiled unity dll's ...
Register platform support module: C:/Program Files/Unity/Hub/Editor/2020.2.0b6/Editor/Data/PlaybackEngines/WindowsStandaloneSupport/UnityEditor.WindowsStandalone.Extensions.dll
Registered in 0.001067 seconds.
Native extension for WindowsStandalone target not found
Refreshing native plugins compatible for Editor in 24.00 ms, found 0 plugins.
Preloading 0 native plugins for Editor in 0.00 ms.
Invoked RoslynAnalysisRunner static constructor.
RoslynAnalysisRunner will not be running.
RoslynAnalysisRunner has terminated.
Mono: successfully reloaded assembly
- Completed reload, in  0.805 seconds
Platform modules already initialized, skipping
Registering precompiled user dll's ...
Registered in 0.000523 seconds.
Begin MonoManager ReloadAssembly
Native extension for WindowsStandalone target not found
Refreshing native plugins compatible for Editor in 0.24 ms, found 0 plugins.
Preloading 0 native plugins for Editor in 0.00 ms.
Invoked RoslynAnalysisRunner static constructor.
RoslynAnalysisRunner will not be running.
RoslynAnalysisRunner has terminated.
Mono: successfully reloaded assembly
- Completed reload, in  0.739 seconds
Platform modules already initialized, skipping
Refreshing native plugins compatible for Editor in 0.25 ms, found 0 plugins.
Preloading 0 native plugins for Editor in 0.00 ms.
Unloading 6 Unused Serialized files (Serialized files now loaded: 0)
System memory in use before: 41.2 MB.
System memory in use after: 41.3 MB.

Unloading 5 unused Assets to reduce memory usage. Loaded Objects now: 1830.
Total: 1.838100 ms (FindLiveObjects: 0.306200 ms CreateObjectMapping: 0.051500 ms MarkObjects: 1.468400 ms  DeleteObjects: 0.011300 ms)

========================================================================
Received Import Request.
  Time since last request: 27.516478 seconds.
  path: Assets/InputControl.inputactions
  artifactKey: Guid(605bc364aaaf0594ebaa739fc58c03ec) Importer(815301076,1909f56bfc062723c751e8b465ee728b)
Start importing Assets/InputControl.inputactions using Guid(605bc364aaaf0594ebaa739fc58c03ec) Importer(815301076,1909f56bfc062723c751e8b465ee728b)  -> (artifact id: 'd59125921d70f3ac90f5235995dc1c77') in 0.011419 seconds
  Import took 0.013685 seconds .

========================================================================
Received Import Request.
  Time since last request: 0.000242 seconds.
  path: Assets/InputControl.cs
  artifactKey: Guid(b105763638518f6408b696360277249d) Importer(815301076,1909f56bfc062723c751e8b465ee728b)
Start importing Assets/InputControl.cs using Guid(b105763638518f6408b696360277249d) Importer(815301076,1909f56bfc062723c751e8b465ee728b)  -> (artifact id: 'af90ecf40bfa64b80c2f60388fc3ebbe') in 0.000919 seconds
  Import took 0.002741 seconds .

========================================================================
Received Import Request.
  Time since last request: 0.587513 seconds.
  path: Assets/InputControl.cs
  artifactKey: Guid(b105763638518f6408b696360277249d) Importer(815301076,1909f56bfc062723c751e8b465ee728b)
Start importing Assets/InputControl.cs using Guid(b105763638518f6408b696360277249d) Importer(815301076,1909f56bfc062723c751e8b465ee728b)  -> (artifact id: 'af90ecf40bfa64b80c2f60388fc3ebbe') in 0.001003 seconds
  Import took 0.003102 seconds .

========================================================================
Received Prepare
Reloading mono domain
Begin MonoManager ReloadAssembly
Registering precompiled unity dll's ...
Register platform support module: C:/Program Files/Unity/Hub/Editor/2020.2.0b6/Editor/Data/PlaybackEngines/WindowsStandaloneSupport/UnityEditor.WindowsStandalone.Extensions.dll
Registered in 0.001062 seconds.
Native extension for WindowsStandalone target not found
Refreshing native plugins compatible for Editor in 24.91 ms, found 0 plugins.
Preloading 0 native plugins for Editor in 0.00 ms.
Invoked RoslynAnalysisRunner static constructor.
RoslynAnalysisRunner will not be running.
RoslynAnalysisRunner has terminated.
Mono: successfully reloaded assembly
- Completed reload, in  0.837 seconds
Platform modules already initialized, skipping
Registering precompiled user dll's ...
Registered in 0.000522 seconds.
Begin MonoManager ReloadAssembly
Native extension for WindowsStandalone target not found
Refreshing native plugins compatible for Editor in 0.30 ms, found 0 plugins.
Preloading 0 native plugins for Editor in 0.00 ms.
Invoked RoslynAnalysisRunner static constructor.
RoslynAnalysisRunner will not be running.
RoslynAnalysisRunner has terminated.
Mono: successfully reloaded assembly
- Completed reload, in  0.772 seconds
Platform modules already initialized, skipping
Refreshing native plugins compatible for Editor in 0.24 ms, found 0 plugins.
Preloading 0 native plugins for Editor in 0.00 ms.
Unloading 6 Unused Serialized files (Serialized files now loaded: 0)
System memory in use before: 41.4 MB.
System memory in use after: 41.5 MB.

Unloading 5 unused Assets to reduce memory usage. Loaded Objects now: 1834.
Total: 1.990700 ms (FindLiveObjects: 0.296100 ms CreateObjectMapping: 0.048500 ms MarkObjects: 1.633900 ms  DeleteObjects: 0.011700 ms)

========================================================================
Received Prepare
Reloading mono domain
Begin MonoManager ReloadAssembly
Registering precompiled unity dll's ...
Register platform support module: C:/Program Files/Unity/Hub/Editor/2020.2.0b6/Editor/Data/PlaybackEngines/WindowsStandaloneSupport/UnityEditor.WindowsStandalone.Extensions.dll
Registered in 0.001153 seconds.
Native extension for WindowsStandalone target not found
Refreshing native plugins compatible for Editor in 27.12 ms, found 0 plugins.
Preloading 0 native plugins for Editor in 0.00 ms.
Invoked RoslynAnalysisRunner static constructor.
RoslynAnalysisRunner will not be running.
RoslynAnalysisRunner has terminated.
Mono: successfully reloaded assembly
- Completed reload, in  0.896 seconds
Platform modules already initialized, skipping
Registering precompiled user dll's ...
Registered in 0.000550 seconds.
Begin MonoManager ReloadAssembly
Native extension for WindowsStandalone target not found
Refreshing native plugins compatible for Editor in 0.26 ms, found 0 plugins.
Preloading 0 native plugins for Editor in 0.00 ms.
Invoked RoslynAnalysisRunner static constructor.
RoslynAnalysisRunner will not be running.
RoslynAnalysisRunner has terminated.
Mono: successfully reloaded assembly
- Completed reload, in  0.882 seconds
Platform modules already initialized, skipping
Refreshing native plugins compatible for Editor in 0.36 ms, found 0 plugins.
Preloading 0 native plugins for Editor in 0.00 ms.
Unloading 6 Unused Serialized files (Serialized files now loaded: 0)
System memory in use before: 41.5 MB.
System memory in use after: 41.6 MB.

Unloading 5 unused Assets to reduce memory usage. Loaded Objects now: 1838.
Total: 2.094200 ms (FindLiveObjects: 0.515900 ms CreateObjectMapping: 0.085500 ms MarkObjects: 1.480600 ms  DeleteObjects: 0.011400 ms)

========================================================================
Received Import Request.
  Time since last request: 94.157849 seconds.
  path: Assets/PlayerController.cs
  artifactKey: Guid(2aff6063c357a1e4da438554ba0bf276) Importer(815301076,1909f56bfc062723c751e8b465ee728b)
Start importing Assets/PlayerController.cs using Guid(2aff6063c357a1e4da438554ba0bf276) Importer(815301076,1909f56bfc062723c751e8b465ee728b)  -> (artifact id: '4693e89c4f35c16774526e4eebb89be6') in 0.002118 seconds
  Import took 0.005119 seconds .

========================================================================
Received Prepare
Reloading mono domain
Begin MonoManager ReloadAssembly
Registering precompiled unity dll's ...
Register platform support module: C:/Program Files/Unity/Hub/Editor/2020.2.0b6/Editor/Data/PlaybackEngines/WindowsStandaloneSupport/UnityEditor.WindowsStandalone.Extensions.dll
Registered in 0.001288 seconds.
Native extension for WindowsStandalone target not found
Refreshing native plugins compatible for Editor in 33.26 ms, found 0 plugins.
Preloading 0 native plugins for Editor in 0.00 ms.
Invoked RoslynAnalysisRunner static constructor.
RoslynAnalysisRunner will not be running.
RoslynAnalysisRunner has terminated.
Mono: successfully reloaded assembly
- Completed reload, in  1.164 seconds
Platform modules already initialized, skipping
Registering precompiled user dll's ...
Registered in 0.000684 seconds.
Begin MonoManager ReloadAssembly
Native extension for WindowsStandalone target not found
Refreshing native plugins compatible for Editor in 0.32 ms, found 0 plugins.
Preloading 0 native plugins for Editor in 0.00 ms.
Invoked RoslynAnalysisRunner static constructor.
RoslynAnalysisRunner will not be running.
RoslynAnalysisRunner has terminated.
Mono: successfully reloaded assembly
- Completed reload, in  1.478 seconds
Platform modules already initialized, skipping
Refreshing native plugins compatible for Editor in 0.26 ms, found 0 plugins.
Preloading 0 native plugins for Editor in 0.00 ms.
Unloading 7 Unused Serialized files (Serialized files now loaded: 0)
System memory in use before: 41.7 MB.
System memory in use after: 41.8 MB.

Unloading 5 unused Assets to reduce memory usage. Loaded Objects now: 1843.
Total: 2.005800 ms (FindLiveObjects: 0.411500 ms CreateObjectMapping: 0.070600 ms MarkObjects: 1.509800 ms  DeleteObjects: 0.012600 ms)

========================================================================
Received Import Request.
  Time since last request: 74.345541 seconds.
  path: Assets/InputControl.cs
  artifactKey: Guid(b105763638518f6408b696360277249d) Importer(815301076,1909f56bfc062723c751e8b465ee728b)
Start importing Assets/InputControl.cs using Guid(b105763638518f6408b696360277249d) Importer(815301076,1909f56bfc062723c751e8b465ee728b)  -> (artifact id: '5895645499c0348524d7f1bb92413f13') in 0.063547 seconds
  Import took 0.261954 seconds .

========================================================================
Received Import Request.
  Time since last request: 0.000557 seconds.
  path: Assets/InputControl.inputactions
  artifactKey: Guid(605bc364aaaf0594ebaa739fc58c03ec) Importer(815301076,1909f56bfc062723c751e8b465ee728b)
Start importing Assets/InputControl.inputactions using Guid(605bc364aaaf0594ebaa739fc58c03ec) Importer(815301076,1909f56bfc062723c751e8b465ee728b)  -> (artifact id: '50ef9761db615029c685fa188374d64b') in 0.027645 seconds
  Import took 0.031880 seconds .

========================================================================
Received Prepare
Reloading mono domain
Begin MonoManager ReloadAssembly
Registering precompiled unity dll's ...
Register platform support module: C:/Program Files/Unity/Hub/Editor/2020.2.0b6/Editor/Data/PlaybackEngines/WindowsStandaloneSupport/UnityEditor.WindowsStandalone.Extensions.dll
Registered in 0.001481 seconds.
Native extension for WindowsStandalone target not found
Refreshing native plugins compatible for Editor in 24.26 ms, found 0 plugins.
Preloading 0 native plugins for Editor in 0.00 ms.
Invoked RoslynAnalysisRunner static constructor.
RoslynAnalysisRunner will not be running.
RoslynAnalysisRunner has terminated.
Mono: successfully reloaded assembly
- Completed reload, in  0.941 seconds
Platform modules already initialized, skipping
Registering precompiled user dll's ...
Registered in 0.000528 seconds.
Begin MonoManager ReloadAssembly
Native extension for WindowsStandalone target not found
Refreshing native plugins compatible for Editor in 0.41 ms, found 0 plugins.
Preloading 0 native plugins for Editor in 0.00 ms.
Invoked RoslynAnalysisRunner static constructor.
RoslynAnalysisRunner will not be running.
RoslynAnalysisRunner has terminated.
Mono: successfully reloaded assembly
- Completed reload, in  1.264 seconds
Platform modules already initialized, skipping
Refreshing native plugins compatible for Editor in 0.26 ms, found 0 plugins.
Preloading 0 native plugins for Editor in 0.00 ms.
Unloading 6 Unused Serialized files (Serialized files now loaded: 0)
System memory in use before: 41.7 MB.
System memory in use after: 41.8 MB.

Unloading 5 unused Assets to reduce memory usage. Loaded Objects now: 1847.
Total: 1.816700 ms (FindLiveObjects: 0.300900 ms CreateObjectMapping: 0.050800 ms MarkObjects: 1.453200 ms  DeleteObjects: 0.011100 ms)

========================================================================
Received Import Request.
  Time since last request: 13.337231 seconds.
  path: Assets/InputControl.inputactions
  artifactKey: Guid(605bc364aaaf0594ebaa739fc58c03ec) Importer(815301076,1909f56bfc062723c751e8b465ee728b)
Start importing Assets/InputControl.inputactions using Guid(605bc364aaaf0594ebaa739fc58c03ec) Importer(815301076,1909f56bfc062723c751e8b465ee728b)  -> (artifact id: '2cc0afcf3853aa04146c8493a038513a') in 0.011638 seconds
  Import took 0.014097 seconds .

========================================================================
Received Import Request.
  Time since last request: 0.000254 seconds.
  path: Assets/InputControl.cs
  artifactKey: Guid(b105763638518f6408b696360277249d) Importer(815301076,1909f56bfc062723c751e8b465ee728b)
Start importing Assets/InputControl.cs using Guid(b105763638518f6408b696360277249d) Importer(815301076,1909f56bfc062723c751e8b465ee728b)  -> (artifact id: '81cdbbe1e6534cf8b2a02cffdcf8552f') in 0.001060 seconds
  Import took 0.003328 seconds .

========================================================================
Received Prepare
Reloading mono domain
Begin MonoManager ReloadAssembly
Registering precompiled unity dll's ...
Register platform support module: C:/Program Files/Unity/Hub/Editor/2020.2.0b6/Editor/Data/PlaybackEngines/WindowsStandaloneSupport/UnityEditor.WindowsStandalone.Extensions.dll
Registered in 0.001191 seconds.
Native extension for WindowsStandalone target not found
Refreshing native plugins compatible for Editor in 25.60 ms, found 0 plugins.
Preloading 0 native plugins for Editor in 0.00 ms.
Invoked RoslynAnalysisRunner static constructor.
RoslynAnalysisRunner will not be running.
RoslynAnalysisRunner has terminated.
Mono: successfully reloaded assembly
- Completed reload, in  1.057 seconds
Platform modules already initialized, skipping
Registering precompiled user dll's ...
Registered in 0.000644 seconds.
Begin MonoManager ReloadAssembly
Native extension for WindowsStandalone target not found
Refreshing native plugins compatible for Editor in 0.36 ms, found 0 plugins.
Preloading 0 native plugins for Editor in 0.00 ms.
Invoked RoslynAnalysisRunner static constructor.
RoslynAnalysisRunner will not be running.
RoslynAnalysisRunner has terminated.
Mono: successfully reloaded assembly
- Completed reload, in  1.454 seconds
Platform modules already initialized, skipping
Refreshing native plugins compatible for Editor in 0.40 ms, found 0 plugins.
Preloading 0 native plugins for Editor in 0.00 ms.
Unloading 6 Unused Serialized files (Serialized files now loaded: 0)
System memory in use before: 42.0 MB.
System memory in use after: 42.1 MB.

Unloading 5 unused Assets to reduce memory usage. Loaded Objects now: 1851.
Total: 1.969000 ms (FindLiveObjects: 0.355200 ms CreateObjectMapping: 0.073600 ms MarkObjects: 1.524800 ms  DeleteObjects: 0.014400 ms)

========================================================================
Received Import Request.
  Time since last request: 245.751798 seconds.
  path: Assets/PlayerController.cs
  artifactKey: Guid(2aff6063c357a1e4da438554ba0bf276) Importer(815301076,1909f56bfc062723c751e8b465ee728b)
Start importing Assets/PlayerController.cs using Guid(2aff6063c357a1e4da438554ba0bf276) Importer(815301076,1909f56bfc062723c751e8b465ee728b)  -> (artifact id: 'f757593b84360dcae526a7d383b45efd') in 0.016485 seconds
  Import took 0.046178 seconds .

========================================================================
Received Prepare
Reloading mono domain
Begin MonoManager ReloadAssembly
Registering precompiled unity dll's ...
Register platform support module: C:/Program Files/Unity/Hub/Editor/2020.2.0b6/Editor/Data/PlaybackEngines/WindowsStandaloneSupport/UnityEditor.WindowsStandalone.Extensions.dll
Registered in 0.001067 seconds.
Native extension for WindowsStandalone target not found
Refreshing native plugins compatible for Editor in 31.78 ms, found 0 plugins.
Preloading 0 native plugins for Editor in 0.00 ms.
Invoked RoslynAnalysisRunner static constructor.
RoslynAnalysisRunner will not be running.
RoslynAnalysisRunner has terminated.
Mono: successfully reloaded assembly
- Completed reload, in  0.946 seconds
Platform modules already initialized, skipping
Registering precompiled user dll's ...
Registered in 0.000644 seconds.
Begin MonoManager ReloadAssembly
Native extension for WindowsStandalone target not found
Refreshing native plugins compatible for Editor in 0.24 ms, found 0 plugins.
Preloading 0 native plugins for Editor in 0.00 ms.
Invoked RoslynAnalysisRunner static constructor.
RoslynAnalysisRunner will not be running.
RoslynAnalysisRunner has terminated.
Mono: successfully reloaded assembly
- Completed reload, in  0.906 seconds
Platform modules already initialized, skipping
Refreshing native plugins compatible for Editor in 0.22 ms, found 0 plugins.
Preloading 0 native plugins for Editor in 0.00 ms.
Unloading 6 Unused Serialized files (Serialized files now loaded: 0)
System memory in use before: 42.1 MB.
System memory in use after: 42.2 MB.

Unloading 5 unused Assets to reduce memory usage. Loaded Objects now: 1855.
Total: 4.308100 ms (FindLiveObjects: 0.615400 ms CreateObjectMapping: 0.156900 ms MarkObjects: 3.511100 ms  DeleteObjects: 0.022900 ms)

========================================================================
Received Prepare
Reloading mono domain
Begin MonoManager ReloadAssembly
Registering precompiled unity dll's ...
Register platform support module: C:/Program Files/Unity/Hub/Editor/2020.2.0b6/Editor/Data/PlaybackEngines/WindowsStandaloneSupport/UnityEditor.WindowsStandalone.Extensions.dll
Registered in 0.001056 seconds.
Native extension for WindowsStandalone target not found
Refreshing native plugins compatible for Editor in 23.40 ms, found 0 plugins.
Preloading 0 native plugins for Editor in 0.00 ms.
Invoked RoslynAnalysisRunner static constructor.
RoslynAnalysisRunner will not be running.
RoslynAnalysisRunner has terminated.
Mono: successfully reloaded assembly
- Completed reload, in  0.956 seconds
Platform modules already initialized, skipping
Registering precompiled user dll's ...
Registered in 0.000528 seconds.
Begin MonoManager ReloadAssembly
Native extension for WindowsStandalone target not found
Refreshing native plugins compatible for Editor in 0.23 ms, found 0 plugins.
Preloading 0 native plugins for Editor in 0.00 ms.
Invoked RoslynAnalysisRunner static constructor.
RoslynAnalysisRunner will not be running.
RoslynAnalysisRunner has terminated.
Mono: successfully reloaded assembly
- Completed reload, in  1.351 seconds
Platform modules already initialized, skipping
Refreshing native plugins compatible for Editor in 0.26 ms, found 0 plugins.
Preloading 0 native plugins for Editor in 0.00 ms.
Unloading 6 Unused Serialized files (Serialized files now loaded: 0)
System memory in use before: 42.3 MB.
System memory in use after: 42.4 MB.

Unloading 5 unused Assets to reduce memory usage. Loaded Objects now: 1859.
Total: 4.070700 ms (FindLiveObjects: 0.693200 ms CreateObjectMapping: 0.139500 ms MarkObjects: 3.208900 ms  DeleteObjects: 0.025900 ms)

========================================================================
Received Prepare
Reloading mono domain
Begin MonoManager ReloadAssembly
Registering precompiled unity dll's ...
Register platform support module: C:/Program Files/Unity/Hub/Editor/2020.2.0b6/Editor/Data/PlaybackEngines/WindowsStandaloneSupport/UnityEditor.WindowsStandalone.Extensions.dll
Registered in 0.001114 seconds.
Native extension for WindowsStandalone target not found
Refreshing native plugins compatible for Editor in 23.60 ms, found 0 plugins.
Preloading 0 native plugins for Editor in 0.00 ms.
Invoked RoslynAnalysisRunner static constructor.
RoslynAnalysisRunner will not be running.
RoslynAnalysisRunner has terminated.
Mono: successfully reloaded assembly
- Completed reload, in  1.011 seconds
Platform modules already initialized, skipping
Registering precompiled user dll's ...
Registered in 0.000520 seconds.
Begin MonoManager ReloadAssembly
Native extension for WindowsStandalone target not found
Refreshing native plugins compatible for Editor in 0.25 ms, found 0 plugins.
Preloading 0 native plugins for Editor in 0.00 ms.
Invoked RoslynAnalysisRunner static constructor.
RoslynAnalysisRunner will not be running.
RoslynAnalysisRunner has terminated.
Mono: successfully reloaded assembly
- Completed reload, in  1.401 seconds
Platform modules already initialized, skipping
Refreshing native plugins compatible for Editor in 0.24 ms, found 0 plugins.
Preloading 0 native plugins for Editor in 0.00 ms.
Unloading 6 Unused Serialized files (Serialized files now loaded: 0)
System memory in use before: 42.4 MB.
System memory in use after: 42.5 MB.

Unloading 5 unused Assets to reduce memory usage. Loaded Objects now: 1863.
Total: 2.015000 ms (FindLiveObjects: 0.302100 ms CreateObjectMapping: 0.050600 ms MarkObjects: 1.649300 ms  DeleteObjects: 0.011800 ms)

========================================================================
Received Prepare
Reloading mono domain
Begin MonoManager ReloadAssembly
Registering precompiled unity dll's ...
Register platform support module: C:/Program Files/Unity/Hub/Editor/2020.2.0b6/Editor/Data/PlaybackEngines/WindowsStandaloneSupport/UnityEditor.WindowsStandalone.Extensions.dll
Registered in 0.001053 seconds.
Native extension for WindowsStandalone target not found
Refreshing native plugins compatible for Editor in 23.06 ms, found 0 plugins.
Preloading 0 native plugins for Editor in 0.00 ms.
Invoked RoslynAnalysisRunner static constructor.
RoslynAnalysisRunner will not be running.
RoslynAnalysisRunner has terminated.
Mono: successfully reloaded assembly
- Completed reload, in  1.395 seconds
Platform modules already initialized, skipping
Registering precompiled user dll's ...
Registered in 0.000497 seconds.
Begin MonoManager ReloadAssembly
Native extension for WindowsStandalone target not found
Refreshing native plugins compatible for Editor in 0.23 ms, found 0 plugins.
Preloading 0 native plugins for Editor in 0.00 ms.
Invoked RoslynAnalysisRunner static constructor.
RoslynAnalysisRunner will not be running.
RoslynAnalysisRunner has terminated.
Mono: successfully reloaded assembly
- Completed reload, in  1.362 seconds
Platform modules already initialized, skipping
Refreshing native plugins compatible for Editor in 0.30 ms, found 0 plugins.
Preloading 0 native plugins for Editor in 0.00 ms.
Unloading 6 Unused Serialized files (Serialized files now loaded: 0)
System memory in use before: 42.6 MB.
System memory in use after: 42.7 MB.

Unloading 5 unused Assets to reduce memory usage. Loaded Objects now: 1867.
Total: 1.814700 ms (FindLiveObjects: 0.329500 ms CreateObjectMapping: 0.061900 ms MarkObjects: 1.410700 ms  DeleteObjects: 0.011900 ms)

========================================================================
Received Import Request.
  Time since last request: 416.503301 seconds.
  path: Assets/PlayerController.cs
  artifactKey: Guid(2aff6063c357a1e4da438554ba0bf276) Importer(815301076,1909f56bfc062723c751e8b465ee728b)
Start importing Assets/PlayerController.cs using Guid(2aff6063c357a1e4da438554ba0bf276) Importer(815301076,1909f56bfc062723c751e8b465ee728b)  -> (artifact id: '2423934dd34733fead0bf52bb7313eec') in 0.001991 seconds
  Import took 0.004096 seconds .

========================================================================
Received Prepare
Reloading mono domain
Begin MonoManager ReloadAssembly
Registering precompiled unity dll's ...
Register platform support module: C:/Program Files/Unity/Hub/Editor/2020.2.0b6/Editor/Data/PlaybackEngines/WindowsStandaloneSupport/UnityEditor.WindowsStandalone.Extensions.dll
Registered in 0.001201 seconds.
Native extension for WindowsStandalone target not found
Refreshing native plugins compatible for Editor in 23.58 ms, found 0 plugins.
Preloading 0 native plugins for Editor in 0.00 ms.
Invoked RoslynAnalysisRunner static constructor.
RoslynAnalysisRunner will not be running.
RoslynAnalysisRunner has terminated.
Mono: successfully reloaded assembly
- Completed reload, in  1.153 seconds
Platform modules already initialized, skipping
Registering precompiled user dll's ...
Registered in 0.000495 seconds.
Begin MonoManager ReloadAssembly
Native extension for WindowsStandalone target not found
Refreshing native plugins compatible for Editor in 0.24 ms, found 0 plugins.
Preloading 0 native plugins for Editor in 0.00 ms.
Invoked RoslynAnalysisRunner static constructor.
RoslynAnalysisRunner will not be running.
RoslynAnalysisRunner has terminated.
Mono: successfully reloaded assembly
- Completed reload, in  1.473 seconds
Platform modules already initialized, skipping
Refreshing native plugins compatible for Editor in 0.24 ms, found 0 plugins.
Preloading 0 native plugins for Editor in 0.00 ms.
Unloading 6 Unused Serialized files (Serialized files now loaded: 0)
System memory in use before: 42.7 MB.
System memory in use after: 42.8 MB.

Unloading 5 unused Assets to reduce memory usage. Loaded Objects now: 1871.
Total: 1.851600 ms (FindLiveObjects: 0.285700 ms CreateObjectMapping: 0.053500 ms MarkObjects: 1.500400 ms  DeleteObjects: 0.011300 ms)

========================================================================
Received Prepare
Reloading mono domain
Begin MonoManager ReloadAssembly
Registering precompiled unity dll's ...
Register platform support module: C:/Program Files/Unity/Hub/Editor/2020.2.0b6/Editor/Data/PlaybackEngines/WindowsStandaloneSupport/UnityEditor.WindowsStandalone.Extensions.dll
Registered in 0.001126 seconds.
Native extension for WindowsStandalone target not found
Refreshing native plugins compatible for Editor in 28.56 ms, found 0 plugins.
Preloading 0 native plugins for Editor in 0.00 ms.
Invoked RoslynAnalysisRunner static constructor.
RoslynAnalysisRunner will not be running.
RoslynAnalysisRunner has terminated.
Mono: successfully reloaded assembly
- Completed reload, in  1.617 seconds
Platform modules already initialized, skipping
Registering precompiled user dll's ...
Registered in 0.000487 seconds.
Begin MonoManager ReloadAssembly
Native extension for WindowsStandalone target not found
Refreshing native plugins compatible for Editor in 0.24 ms, found 0 plugins.
Preloading 0 native plugins for Editor in 0.00 ms.
Invoked RoslynAnalysisRunner static constructor.
RoslynAnalysisRunner will not be running.
RoslynAnalysisRunner has terminated.
Mono: successfully reloaded assembly
- Completed reload, in  1.441 seconds
Platform modules already initialized, skipping
Refreshing native plugins compatible for Editor in 0.25 ms, found 0 plugins.
Preloading 0 native plugins for Editor in 0.00 ms.
Unloading 6 Unused Serialized files (Serialized files now loaded: 0)
System memory in use before: 42.8 MB.
System memory in use after: 42.9 MB.

Unloading 5 unused Assets to reduce memory usage. Loaded Objects now: 1875.
Total: 1.952800 ms (FindLiveObjects: 0.387300 ms CreateObjectMapping: 0.060100 ms MarkObjects: 1.493300 ms  DeleteObjects: 0.011000 ms)

========================================================================
Received Import Request.
  Time since last request: 83.211879 seconds.
  path: Assets/PlayerController.cs
  artifactKey: Guid(2aff6063c357a1e4da438554ba0bf276) Importer(815301076,1909f56bfc062723c751e8b465ee728b)
Start importing Assets/PlayerController.cs using Guid(2aff6063c357a1e4da438554ba0bf276) Importer(815301076,1909f56bfc062723c751e8b465ee728b)  -> (artifact id: '7fc47717821457c33ae5b6b31d2582d3') in 0.001958 seconds
  Import took 0.004094 seconds .

========================================================================
Received Import Request.
  Time since last request: 1.388716 seconds.
  path: Assets/PlayerController.cs
  artifactKey: Guid(2aff6063c357a1e4da438554ba0bf276) Importer(815301076,1909f56bfc062723c751e8b465ee728b)
Start importing Assets/PlayerController.cs using Guid(2aff6063c357a1e4da438554ba0bf276) Importer(815301076,1909f56bfc062723c751e8b465ee728b)  -> (artifact id: '7fc47717821457c33ae5b6b31d2582d3') in 0.001636 seconds
  Import took 0.004663 seconds .

========================================================================
Received Prepare
Reloading mono domain
Begin MonoManager ReloadAssembly
Registering precompiled unity dll's ...
Register platform support module: C:/Program Files/Unity/Hub/Editor/2020.2.0b6/Editor/Data/PlaybackEngines/WindowsStandaloneSupport/UnityEditor.WindowsStandalone.Extensions.dll
Registered in 0.001087 seconds.
Native extension for WindowsStandalone target not found
Refreshing native plugins compatible for Editor in 24.52 ms, found 0 plugins.
Preloading 0 native plugins for Editor in 0.00 ms.
Invoked RoslynAnalysisRunner static constructor.
RoslynAnalysisRunner will not be running.
RoslynAnalysisRunner has terminated.
Mono: successfully reloaded assembly
- Completed reload, in  1.166 seconds
Platform modules already initialized, skipping
Registering precompiled user dll's ...
Registered in 0.000600 seconds.
Begin MonoManager ReloadAssembly
Native extension for WindowsStandalone target not found
Refreshing native plugins compatible for Editor in 0.24 ms, found 0 plugins.
Preloading 0 native plugins for Editor in 0.00 ms.
Invoked RoslynAnalysisRunner static constructor.
RoslynAnalysisRunner will not be running.
RoslynAnalysisRunner has terminated.
Mono: successfully reloaded assembly
- Completed reload, in  1.509 seconds
Platform modules already initialized, skipping
Refreshing native plugins compatible for Editor in 0.23 ms, found 0 plugins.
Preloading 0 native plugins for Editor in 0.00 ms.
Unloading 6 Unused Serialized files (Serialized files now loaded: 0)
System memory in use before: 42.0 MB.
System memory in use after: 42.1 MB.

Unloading 5 unused Assets to reduce memory usage. Loaded Objects now: 1879.
Total: 3.152900 ms (FindLiveObjects: 0.506100 ms CreateObjectMapping: 0.103100 ms MarkObjects: 2.521200 ms  DeleteObjects: 0.020200 ms)

========================================================================
Received Prepare
Reloading mono domain
Begin MonoManager ReloadAssembly
Registering precompiled unity dll's ...
Register platform support module: C:/Program Files/Unity/Hub/Editor/2020.2.0b6/Editor/Data/PlaybackEngines/WindowsStandaloneSupport/UnityEditor.WindowsStandalone.Extensions.dll
Registered in 0.001045 seconds.
Native extension for WindowsStandalone target not found
Refreshing native plugins compatible for Editor in 23.61 ms, found 0 plugins.
Preloading 0 native plugins for Editor in 0.00 ms.
Invoked RoslynAnalysisRunner static constructor.
RoslynAnalysisRunner will not be running.
RoslynAnalysisRunner has terminated.
Mono: successfully reloaded assembly
- Completed reload, in  1.492 seconds
Platform modules already initialized, skipping
Registering precompiled user dll's ...
Registered in 0.000492 seconds.
Begin MonoManager ReloadAssembly
Native extension for WindowsStandalone target not found
Refreshing native plugins compatible for Editor in 0.24 ms, found 0 plugins.
Preloading 0 native plugins for Editor in 0.00 ms.
Invoked RoslynAnalysisRunner static constructor.
RoslynAnalysisRunner will not be running.
RoslynAnalysisRunner has terminated.
Mono: successfully reloaded assembly
- Completed reload, in  1.479 seconds
Platform modules already initialized, skipping
Refreshing native plugins compatible for Editor in 0.20 ms, found 0 plugins.
Preloading 0 native plugins for Editor in 0.00 ms.
Unloading 6 Unused Serialized files (Serialized files now loaded: 0)
System memory in use before: 42.2 MB.
System memory in use after: 42.3 MB.

Unloading 5 unused Assets to reduce memory usage. Loaded Objects now: 1883.
Total: 4.411000 ms (FindLiveObjects: 0.588200 ms CreateObjectMapping: 0.132100 ms MarkObjects: 3.658400 ms  DeleteObjects: 0.030100 ms)

========================================================================
Received Prepare
Reloading mono domain
Begin MonoManager ReloadAssembly
Registering precompiled unity dll's ...
Register platform support module: C:/Program Files/Unity/Hub/Editor/2020.2.0b6/Editor/Data/PlaybackEngines/WindowsStandaloneSupport/UnityEditor.WindowsStandalone.Extensions.dll
Registered in 0.001072 seconds.
Native extension for WindowsStandalone target not found
Refreshing native plugins compatible for Editor in 23.30 ms, found 0 plugins.
Preloading 0 native plugins for Editor in 0.00 ms.
Invoked RoslynAnalysisRunner static constructor.
RoslynAnalysisRunner will not be running.
RoslynAnalysisRunner has terminated.
Mono: successfully reloaded assembly
- Completed reload, in  1.170 seconds
Platform modules already initialized, skipping
Registering precompiled user dll's ...
Registered in 0.000512 seconds.
Begin MonoManager ReloadAssembly
Native extension for WindowsStandalone target not found
Refreshing native plugins compatible for Editor in 0.24 ms, found 0 plugins.
Preloading 0 native plugins for Editor in 0.00 ms.
Invoked RoslynAnalysisRunner static constructor.
RoslynAnalysisRunner will not be running.
RoslynAnalysisRunner has terminated.
Mono: successfully reloaded assembly
- Completed reload, in  1.534 seconds
Platform modules already initialized, skipping
Refreshing native plugins compatible for Editor in 0.23 ms, found 0 plugins.
Preloading 0 native plugins for Editor in 0.00 ms.
Unloading 6 Unused Serialized files (Serialized files now loaded: 0)
System memory in use before: 42.3 MB.
System memory in use after: 42.4 MB.

Unloading 5 unused Assets to reduce memory usage. Loaded Objects now: 1887.
Total: 1.901600 ms (FindLiveObjects: 0.331900 ms CreateObjectMapping: 0.054700 ms MarkObjects: 1.504100 ms  DeleteObjects: 0.010400 ms)

========================================================================
Received Import Request.
  Time since last request: 254.286486 seconds.
  path: Assets/PlayerController.cs
  artifactKey: Guid(2aff6063c357a1e4da438554ba0bf276) Importer(815301076,1909f56bfc062723c751e8b465ee728b)
Start importing Assets/PlayerController.cs using Guid(2aff6063c357a1e4da438554ba0bf276) Importer(815301076,1909f56bfc062723c751e8b465ee728b)  -> (artifact id: 'b1459f95c534f44b66445684f92e429c') in 0.012402 seconds
  Import took 0.129623 seconds .

========================================================================
Received Prepare
Reloading mono domain
Begin MonoManager ReloadAssembly
Registering precompiled unity dll's ...
Register platform support module: C:/Program Files/Unity/Hub/Editor/2020.2.0b6/Editor/Data/PlaybackEngines/WindowsStandaloneSupport/UnityEditor.WindowsStandalone.Extensions.dll
Registered in 0.001069 seconds.
Native extension for WindowsStandalone target not found
Refreshing native plugins compatible for Editor in 23.84 ms, found 0 plugins.
Preloading 0 native plugins for Editor in 0.00 ms.
Invoked RoslynAnalysisRunner static constructor.
RoslynAnalysisRunner will not be running.
RoslynAnalysisRunner has terminated.
Mono: successfully reloaded assembly
- Completed reload, in  1.589 seconds
Platform modules already initialized, skipping
Registering precompiled user dll's ...
Registered in 0.000502 seconds.
Begin MonoManager ReloadAssembly
Native extension for WindowsStandalone target not found
Refreshing native plugins compatible for Editor in 0.24 ms, found 0 plugins.
Preloading 0 native plugins for Editor in 0.00 ms.
Invoked RoslynAnalysisRunner static constructor.
RoslynAnalysisRunner will not be running.
RoslynAnalysisRunner has terminated.
Mono: successfully reloaded assembly
- Completed reload, in  1.170 seconds
Platform modules already initialized, skipping
Refreshing native plugins compatible for Editor in 0.26 ms, found 0 plugins.
Preloading 0 native plugins for Editor in 0.00 ms.
Unloading 6 Unused Serialized files (Serialized files now loaded: 0)
System memory in use before: 42.5 MB.
System memory in use after: 42.6 MB.

Unloading 5 unused Assets to reduce memory usage. Loaded Objects now: 1891.
Total: 2.066800 ms (FindLiveObjects: 0.352800 ms CreateObjectMapping: 0.057500 ms MarkObjects: 1.643100 ms  DeleteObjects: 0.012400 ms)

========================================================================
Received Prepare
Reloading mono domain
Begin MonoManager ReloadAssembly
Registering precompiled unity dll's ...
Register platform support module: C:/Program Files/Unity/Hub/Editor/2020.2.0b6/Editor/Data/PlaybackEngines/WindowsStandaloneSupport/UnityEditor.WindowsStandalone.Extensions.dll
Registered in 0.001091 seconds.
Native extension for WindowsStandalone target not found
Refreshing native plugins compatible for Editor in 24.70 ms, found 0 plugins.
Preloading 0 native plugins for Editor in 0.00 ms.
Invoked RoslynAnalysisRunner static constructor.
RoslynAnalysisRunner will not be running.
RoslynAnalysisRunner has terminated.
Mono: successfully reloaded assembly
- Completed reload, in  1.262 seconds
Platform modules already initialized, skipping
Registering precompiled user dll's ...
Registered in 0.000556 seconds.
Begin MonoManager ReloadAssembly
Native extension for WindowsStandalone target not found
Refreshing native plugins compatible for Editor in 0.24 ms, found 0 plugins.
Preloading 0 native plugins for Editor in 0.00 ms.
Invoked RoslynAnalysisRunner static constructor.
RoslynAnalysisRunner will not be running.
RoslynAnalysisRunner has terminated.
Mono: successfully reloaded assembly
- Completed reload, in  1.612 seconds
Platform modules already initialized, skipping
Refreshing native plugins compatible for Editor in 0.21 ms, found 0 plugins.
Preloading 0 native plugins for Editor in 0.00 ms.
Unloading 6 Unused Serialized files (Serialized files now loaded: 0)
System memory in use before: 42.6 MB.
System memory in use after: 42.7 MB.

Unloading 5 unused Assets to reduce memory usage. Loaded Objects now: 1895.
Total: 4.494400 ms (FindLiveObjects: 0.659600 ms CreateObjectMapping: 0.157700 ms MarkObjects: 3.643500 ms  DeleteObjects: 0.030400 ms)

========================================================================
Received Import Request.
  Time since last request: 1172.708650 seconds.
  path: Assets/PolygonMiniFantasyCharacters/Prefabs/Props/Prop_Arrow_01.prefab
  artifactKey: Guid(cc64a580633f7bc48ad844b2335c0555) Importer(815301076,1909f56bfc062723c751e8b465ee728b)
Start importing Assets/PolygonMiniFantasyCharacters/Prefabs/Props/Prop_Arrow_01.prefab using Guid(cc64a580633f7bc48ad844b2335c0555) Importer(815301076,1909f56bfc062723c751e8b465ee728b)  -> (artifact id: '4338c652c6e4acdc6fddc9b6442fa278') in 0.065948 seconds
  Import took 0.068982 seconds .

========================================================================
Received Import Request.
  Time since last request: 0.000255 seconds.
  path: Assets/PolygonMiniFantasyCharacters/Prefabs/Props/Prop_GoblinWarBanner_01.prefab
  artifactKey: Guid(8b8d9352ec675eb4b8fe1539a37c37ff) Importer(815301076,1909f56bfc062723c751e8b465ee728b)
Start importing Assets/PolygonMiniFantasyCharacters/Prefabs/Props/Prop_GoblinWarBanner_01.prefab using Guid(8b8d9352ec675eb4b8fe1539a37c37ff) Importer(815301076,1909f56bfc062723c751e8b465ee728b)  -> (artifact id: 'bb344170bd84aad095c4c68f4828576f') in 0.007979 seconds
  Import took 0.010342 seconds .

========================================================================
Received Import Request.
  Time since last request: 0.000230 seconds.
  path: Assets/PolygonMiniFantasyCharacters/Prefabs/Props/Prop_Katana_01.prefab
  artifactKey: Guid(9b0d8eaa536db954f91e47275325e47c) Importer(815301076,1909f56bfc062723c751e8b465ee728b)
Start importing Assets/PolygonMiniFantasyCharacters/Prefabs/Props/Prop_Katana_01.prefab using Guid(9b0d8eaa536db954f91e47275325e47c) Importer(815301076,1909f56bfc062723c751e8b465ee728b)  -> (artifact id: '9a7eef3e72076aa7003ecf2d8d17bb49') in 0.007998 seconds
  Import took 0.010685 seconds .

========================================================================
Received Import Request.
  Time since last request: 0.000221 seconds.
  path: Assets/PolygonMiniFantasyCharacters/Prefabs/Props/Prop_Broom_01.prefab
  artifactKey: Guid(826bb8f90e8f36649b09ac1d20a178e0) Importer(815301076,1909f56bfc062723c751e8b465ee728b)
Start importing Assets/PolygonMiniFantasyCharacters/Prefabs/Props/Prop_Broom_01.prefab using Guid(826bb8f90e8f36649b09ac1d20a178e0) Importer(815301076,1909f56bfc062723c751e8b465ee728b)  -> (artifact id: 'afbc6aa10333ee74c71ada7cb3de8a57') in 0.125703 seconds
  Import took 0.128916 seconds .

========================================================================
Received Import Request.
  Time since last request: 0.014251 seconds.
  path: Assets/PolygonMiniFantasyCharacters/Prefabs/Props/Prop_Bomb_01.prefab
  artifactKey: Guid(b19e5108015761b4ea472f6d4fcd098b) Importer(815301076,1909f56bfc062723c751e8b465ee728b)
Start importing Assets/PolygonMiniFantasyCharacters/Prefabs/Props/Prop_Bomb_01.prefab using Guid(b19e5108015761b4ea472f6d4fcd098b) Importer(815301076,1909f56bfc062723c751e8b465ee728b)  -> (artifact id: '33068516887a96143b145991818c82e3') in 0.048787 seconds
  Import took 0.053258 seconds .

========================================================================
Received Import Request.
  Time since last request: 0.009797 seconds.
  path: Assets/PolygonMiniFantasyCharacters/Prefabs/Props/Prop_Lute_01.prefab
  artifactKey: Guid(35ea555f14504ce45bccb2552b0311e7) Importer(815301076,1909f56bfc062723c751e8b465ee728b)
Start importing Assets/PolygonMiniFantasyCharacters/Prefabs/Props/Prop_Lute_01.prefab using Guid(35ea555f14504ce45bccb2552b0311e7) Importer(815301076,1909f56bfc062723c751e8b465ee728b)  -> (artifact id: '17e9f314768f1f3daf10b83f85df9b96') in 0.117880 seconds
  Import took 0.156447 seconds .

========================================================================
Received Import Request.
  Time since last request: 0.001909 seconds.
  path: Assets/PolygonMiniFantasyCharacters/Prefabs/Props/Prop_Bow_01.prefab
  artifactKey: Guid(bcff30685ec6fc04db819fc983097575) Importer(815301076,1909f56bfc062723c751e8b465ee728b)
Start importing Assets/PolygonMiniFantasyCharacters/Prefabs/Props/Prop_Bow_01.prefab using Guid(bcff30685ec6fc04db819fc983097575) Importer(815301076,1909f56bfc062723c751e8b465ee728b)  -> (artifact id: '1a70f9804f22f0a6a738e6f78e45f613') in 0.016842 seconds
  Import took 0.046023 seconds .

========================================================================
Received Import Request.
  Time since last request: 0.000452 seconds.
  path: Assets/PolygonMiniFantasyCharacters/Prefabs/Props/Prop_MusketPistol_01.prefab
  artifactKey: Guid(49ba2fb570f0f9c4aa93a2a2921d3fdd) Importer(815301076,1909f56bfc062723c751e8b465ee728b)
Start importing Assets/PolygonMiniFantasyCharacters/Prefabs/Props/Prop_MusketPistol_01.prefab using Guid(49ba2fb570f0f9c4aa93a2a2921d3fdd) Importer(815301076,1909f56bfc062723c751e8b465ee728b)  -> (artifact id: 'f737894e519fb71f1077d27eccd2f73b') in 0.013615 seconds
  Import took 0.017599 seconds .

========================================================================
Received Import Request.
  Time since last request: 0.000245 seconds.
  path: Assets/PolygonMiniFantasyCharacters/Prefabs/Props/Prop_CrystalHalberd_01.prefab
  artifactKey: Guid(ffd4f10b2e0a2264ca68aed5a3edab53) Importer(815301076,1909f56bfc062723c751e8b465ee728b)
Start importing Assets/PolygonMiniFantasyCharacters/Prefabs/Props/Prop_CrystalHalberd_01.prefab using Guid(ffd4f10b2e0a2264ca68aed5a3edab53) Importer(815301076,1909f56bfc062723c751e8b465ee728b)  -> (artifact id: '6eef960ea03591e13f208125ee39a15b') in 0.012683 seconds
  Import took 0.016898 seconds .

========================================================================
Received Import Request.
  Time since last request: 0.000170 seconds.
  path: Assets/PolygonMiniFantasyCharacters/Prefabs/Props/Prop_MusketRifle_01.prefab
  artifactKey: Guid(28d94b6a219c34848928ea20deae9d93) Importer(815301076,1909f56bfc062723c751e8b465ee728b)
Start importing Assets/PolygonMiniFantasyCharacters/Prefabs/Props/Prop_MusketRifle_01.prefab using Guid(28d94b6a219c34848928ea20deae9d93) Importer(815301076,1909f56bfc062723c751e8b465ee728b)  -> (artifact id: '2af59cd7c58dfe49497dcc4d6693029b') in 0.008894 seconds
  Import took 0.012312 seconds .

========================================================================
Received Import Request.
  Time since last request: 0.000195 seconds.
  path: Assets/PolygonMiniFantasyCharacters/Prefabs/Props/Prop_BoneAxe_01.prefab
  artifactKey: Guid(60cc28f704641104f8f01ea92c9496f7) Importer(815301076,1909f56bfc062723c751e8b465ee728b)
Start importing Assets/PolygonMiniFantasyCharacters/Prefabs/Props/Prop_BoneAxe_01.prefab using Guid(60cc28f704641104f8f01ea92c9496f7) Importer(815301076,1909f56bfc062723c751e8b465ee728b)  -> (artifact id: 'cd37841dfbd0226dd3727ee44d10b1a8') in 0.011393 seconds
  Import took 0.014526 seconds .

========================================================================
Received Import Request.
  Time since last request: 0.000151 seconds.
  path: Assets/PolygonMiniFantasyCharacters/Prefabs/Props/Prop_CrystalSword_01.prefab
  artifactKey: Guid(681cb6d4cd64a814fbbe1286870a0ffd) Importer(815301076,1909f56bfc062723c751e8b465ee728b)
Start importing Assets/PolygonMiniFantasyCharacters/Prefabs/Props/Prop_CrystalSword_01.prefab using Guid(681cb6d4cd64a814fbbe1286870a0ffd) Importer(815301076,1909f56bfc062723c751e8b465ee728b)  -> (artifact id: '2d406f67b8a1560a79476f5a2e33c176') in 0.015880 seconds
  Import took 0.018259 seconds .

========================================================================
Received Import Request.
  Time since last request: 0.000140 seconds.
  path: Assets/PolygonMiniFantasyCharacters/Prefabs/Props/Prop_Club_01.prefab
  artifactKey: Guid(e600491f73a29184299be916770e9832) Importer(815301076,1909f56bfc062723c751e8b465ee728b)
Start importing Assets/PolygonMiniFantasyCharacters/Prefabs/Props/Prop_Club_01.prefab using Guid(e600491f73a29184299be916770e9832) Importer(815301076,1909f56bfc062723c751e8b465ee728b)  -> (artifact id: '22a736ed46908a014204aa617a7fe25f') in 0.007823 seconds
  Import took 0.010620 seconds .

========================================================================
Received Import Request.
  Time since last request: 0.000144 seconds.
  path: Assets/PolygonMiniFantasyCharacters/Prefabs/Props/Prop_Naginata_01.prefab
  artifactKey: Guid(578bca1a2d6fca24ab7feb5a0df394f6) Importer(815301076,1909f56bfc062723c751e8b465ee728b)
Start importing Assets/PolygonMiniFantasyCharacters/Prefabs/Props/Prop_Naginata_01.prefab using Guid(578bca1a2d6fca24ab7feb5a0df394f6) Importer(815301076,1909f56bfc062723c751e8b465ee728b)  -> (artifact id: '3873022e19b853d2e4c3b2e2d9ddb811') in 0.007809 seconds
  Import took 0.010323 seconds .

========================================================================
Received Import Request.
  Time since last request: 0.000144 seconds.
  path: Assets/PolygonMiniFantasyCharacters/Prefabs/Props/Prop_CrystalSwordDouble_01.prefab
  artifactKey: Guid(8d9f5147ca9e1244db8b05b1bd4039df) Importer(815301076,1909f56bfc062723c751e8b465ee728b)
Start importing Assets/PolygonMiniFantasyCharacters/Prefabs/Props/Prop_CrystalSwordDouble_01.prefab using Guid(8d9f5147ca9e1244db8b05b1bd4039df) Importer(815301076,1909f56bfc062723c751e8b465ee728b)  -> (artifact id: 'c3863f7ed263824e9af02eb85f13a969') in 0.006427 seconds
  Import took 0.009210 seconds .

========================================================================
Received Import Request.
  Time since last request: 0.000131 seconds.
  path: Assets/PolygonMiniFantasyCharacters/Prefabs/Props/Prop_Hammer_01.prefab
  artifactKey: Guid(dfcac9fe819de4a48aa11c0ae20d93b4) Importer(815301076,1909f56bfc062723c751e8b465ee728b)
Start importing Assets/PolygonMiniFantasyCharacters/Prefabs/Props/Prop_Hammer_01.prefab using Guid(dfcac9fe819de4a48aa11c0ae20d93b4) Importer(815301076,1909f56bfc062723c751e8b465ee728b)  -> (artifact id: 'c9d869710a55f498dd9be4c86d8328c8') in 0.005880 seconds
  Import took 0.008550 seconds .

========================================================================
Received Import Request.
  Time since last request: 0.000195 seconds.
  path: Assets/PolygonMiniFantasyCharacters/Prefabs/Props/Prop_Axe_01.prefab
  artifactKey: Guid(9e7134bd16b21cc4a8551794a16703c4) Importer(815301076,1909f56bfc062723c751e8b465ee728b)
Start importing Assets/PolygonMiniFantasyCharacters/Prefabs/Props/Prop_Axe_01.prefab using Guid(9e7134bd16b21cc4a8551794a16703c4) Importer(815301076,1909f56bfc062723c751e8b465ee728b)  -> (artifact id: '2024dc41671564eecf0f984486d0b737') in 0.005975 seconds
  Import took 0.008830 seconds .

========================================================================
Received Import Request.
  Time since last request: 0.618169 seconds.
  path: Assets/PolygonMiniFantasyCharacters/Prefabs/Props/Prop_NatureStaff_01.prefab
  artifactKey: Guid(eb38fdee4ed140447b0e6983954831a9) Importer(815301076,1909f56bfc062723c751e8b465ee728b)
Start importing Assets/PolygonMiniFantasyCharacters/Prefabs/Props/Prop_NatureStaff_01.prefab using Guid(eb38fdee4ed140447b0e6983954831a9) Importer(815301076,1909f56bfc062723c751e8b465ee728b)  -> (artifact id: '9c400ed59d26975806e5900f17074a6f') in 0.005536 seconds
  Import took 0.007975 seconds .

========================================================================
Received Import Request.
  Time since last request: 0.000229 seconds.
  path: Assets/PolygonMiniFantasyCharacters/Prefabs/Props/Prop_Revolver_01.prefab
  artifactKey: Guid(ccceedc1e788b2f49b23d17b79269a21) Importer(815301076,1909f56bfc062723c751e8b465ee728b)
Start importing Assets/PolygonMiniFantasyCharacters/Prefabs/Props/Prop_Revolver_01.prefab using Guid(ccceedc1e788b2f49b23d17b79269a21) Importer(815301076,1909f56bfc062723c751e8b465ee728b)  -> (artifact id: 'fc7ad10e3399bf1319f17c717318c5d3') in 0.005710 seconds
  Import took 0.008041 seconds .

========================================================================
Received Import Request.
  Time since last request: 0.268021 seconds.
  path: Assets/PolygonMiniFantasyCharacters/Prefabs/Props/Prop_Saber_01.prefab
  artifactKey: Guid(1fa1c27671d4723408d57b6937ca6c61) Importer(815301076,1909f56bfc062723c751e8b465ee728b)
Start importing Assets/PolygonMiniFantasyCharacters/Prefabs/Props/Prop_Saber_01.prefab using Guid(1fa1c27671d4723408d57b6937ca6c61) Importer(815301076,1909f56bfc062723c751e8b465ee728b)  -> (artifact id: '79bb8d176ee9c01bc8baef12e06949bf') in 0.006191 seconds
  Import took 0.009017 seconds .

========================================================================
Received Import Request.
  Time since last request: 0.000237 seconds.
  path: Assets/PolygonMiniFantasyCharacters/Prefabs/Props/Prop_Sai_01.prefab
  artifactKey: Guid(b34ad1aebff90cd4bba6bf6c3e4db10b) Importer(815301076,1909f56bfc062723c751e8b465ee728b)
Start importing Assets/PolygonMiniFantasyCharacters/Prefabs/Props/Prop_Sai_01.prefab using Guid(b34ad1aebff90cd4bba6bf6c3e4db10b) Importer(815301076,1909f56bfc062723c751e8b465ee728b)  -> (artifact id: '55e2c44961336cfbd0f7379c75362d89') in 0.005739 seconds
  Import took 0.008240 seconds .

========================================================================
Received Import Request.
  Time since last request: 0.261516 seconds.
  path: Assets/PolygonMiniFantasyCharacters/Prefabs/Props/Prop_ShamanMask_01.prefab
  artifactKey: Guid(6dfc05c4703c7104a9d259a8b818aa10) Importer(815301076,1909f56bfc062723c751e8b465ee728b)
Start importing Assets/PolygonMiniFantasyCharacters/Prefabs/Props/Prop_ShamanMask_01.prefab using Guid(6dfc05c4703c7104a9d259a8b818aa10) Importer(815301076,1909f56bfc062723c751e8b465ee728b)  -> (artifact id: 'a67641477ea68ce2394f7cfab738e1cc') in 0.005514 seconds
  Import took 0.008018 seconds .

========================================================================
Received Import Request.
  Time since last request: 0.000214 seconds.
  path: Assets/PolygonMiniFantasyCharacters/Prefabs/Props/Prop_ShieldHalf_01.prefab
  artifactKey: Guid(f753fc2d58806f4409de6f388ccc0c1b) Importer(815301076,1909f56bfc062723c751e8b465ee728b)
Start importing Assets/PolygonMiniFantasyCharacters/Prefabs/Props/Prop_ShieldHalf_01.prefab using Guid(f753fc2d58806f4409de6f388ccc0c1b) Importer(815301076,1909f56bfc062723c751e8b465ee728b)  -> (artifact id: '0822df05d02a94cb9e7b903b3ca3f612') in 0.005718 seconds
  Import took 0.008092 seconds .

========================================================================
Received Import Request.
  Time since last request: 0.293032 seconds.
  path: Assets/PolygonMiniFantasyCharacters/Prefabs/Props/Prop_ShieldKnight_01.prefab
  artifactKey: Guid(3519dd5bdf393cc44b856f6803e99def) Importer(815301076,1909f56bfc062723c751e8b465ee728b)
Start importing Assets/PolygonMiniFantasyCharacters/Prefabs/Props/Prop_ShieldKnight_01.prefab using Guid(3519dd5bdf393cc44b856f6803e99def) Importer(815301076,1909f56bfc062723c751e8b465ee728b)  -> (artifact id: 'e4d170d4d156045f0d5911310d0bed13') in 0.041949 seconds
  Import took 0.156219 seconds .

========================================================================
Received Import Request.
  Time since last request: 0.000192 seconds.
  path: Assets/PolygonMiniFantasyCharacters/Prefabs/Props/Prop_Sword_01.prefab
  artifactKey: Guid(b51c1ac56d74dea4780d54225834c595) Importer(815301076,1909f56bfc062723c751e8b465ee728b)
Start importing Assets/PolygonMiniFantasyCharacters/Prefabs/Props/Prop_Sword_01.prefab using Guid(b51c1ac56d74dea4780d54225834c595) Importer(815301076,1909f56bfc062723c751e8b465ee728b)  -> (artifact id: '5d67826f5cad3656fdf23f7cfa593c5e') in 0.009173 seconds
  Import took 0.013063 seconds .

========================================================================
Received Import Request.
  Time since last request: 0.000192 seconds.
  path: Assets/PolygonMiniFantasyCharacters/Prefabs/Props/Prop_Staff_01.prefab
  artifactKey: Guid(87058ad25d01a6f469db69a7f5656466) Importer(815301076,1909f56bfc062723c751e8b465ee728b)
Start importing Assets/PolygonMiniFantasyCharacters/Prefabs/Props/Prop_Staff_01.prefab using Guid(87058ad25d01a6f469db69a7f5656466) Importer(815301076,1909f56bfc062723c751e8b465ee728b)  -> (artifact id: 'dfa8aa2d46782ebb47f5736614b4322e') in 0.011180 seconds
  Import took 0.015093 seconds .

========================================================================
Received Import Request.
  Time since last request: 0.000237 seconds.
  path: Assets/PolygonMiniFantasyCharacters/Prefabs/Props/Prop_ShieldViking_01.prefab
  artifactKey: Guid(00890e5a751e94c49abb99f2f05c8607) Importer(815301076,1909f56bfc062723c751e8b465ee728b)
Start importing Assets/PolygonMiniFantasyCharacters/Prefabs/Props/Prop_ShieldViking_01.prefab using Guid(00890e5a751e94c49abb99f2f05c8607) Importer(815301076,1909f56bfc062723c751e8b465ee728b)  -> (artifact id: '0d0876480a5a0671a739ff155d3d43d4') in 0.007520 seconds
  Import took 0.011314 seconds .

========================================================================
Received Import Request.
  Time since last request: 0.121780 seconds.
  path: Assets/PolygonMiniFantasyCharacters/Prefabs/Props/Prop_Sword_Broken_01.prefab
  artifactKey: Guid(ae279de00cae94f4b8d29e88926614b3) Importer(815301076,1909f56bfc062723c751e8b465ee728b)
Start importing Assets/PolygonMiniFantasyCharacters/Prefabs/Props/Prop_Sword_Broken_01.prefab using Guid(ae279de00cae94f4b8d29e88926614b3) Importer(815301076,1909f56bfc062723c751e8b465ee728b)  -> (artifact id: '8721b51702b228d1282a665ce670c849') in 0.005764 seconds
  Import took 0.008963 seconds .

========================================================================
Received Import Request.
  Time since last request: 2.280955 seconds.
  path: Assets/PolygonMiniFantasyCharacters/Textures/PolygonMinis_Texture_Blue_B.png
  artifactKey: Guid(72e9dc151dba3eb468e6d762857dc96c) Importer(815301076,1909f56bfc062723c751e8b465ee728b)
Start importing Assets/PolygonMiniFantasyCharacters/Textures/PolygonMinis_Texture_Blue_B.png using Guid(72e9dc151dba3eb468e6d762857dc96c) Importer(815301076,1909f56bfc062723c751e8b465ee728b)  -> (artifact id: '0b6087cf558f2137eb81bf82998085e5') in 0.032828 seconds
  Import took 0.035770 seconds .

========================================================================
Received Import Request.
  Time since last request: 0.000257 seconds.
  path: Assets/PolygonMiniFantasyCharacters/Textures/PolygonMinis_Texture_Purple_B.png
  artifactKey: Guid(b83636c9d10cb0d48a69fbcaa557577f) Importer(815301076,1909f56bfc062723c751e8b465ee728b)
Start importing Assets/PolygonMiniFantasyCharacters/Textures/PolygonMinis_Texture_Purple_B.png using Guid(b83636c9d10cb0d48a69fbcaa557577f) Importer(815301076,1909f56bfc062723c751e8b465ee728b)  -> (artifact id: '5dbf7df657f2dcb9514dd6a9588b757d') in 0.005197 seconds
  Import took 0.007404 seconds .

========================================================================
Received Import Request.
  Time since last request: 0.000289 seconds.
  path: Assets/PolygonMiniFantasyCharacters/Textures/PolygonMinis_Texture_Purple_A.png
  artifactKey: Guid(739995f27de6a3f40889d62f853ab064) Importer(815301076,1909f56bfc062723c751e8b465ee728b)
Start importing Assets/PolygonMiniFantasyCharacters/Textures/PolygonMinis_Texture_Purple_A.png using Guid(739995f27de6a3f40889d62f853ab064) Importer(815301076,1909f56bfc062723c751e8b465ee728b)  -> (artifact id: '6384f8553e7873b089d9e302d51dea4a') in 0.005760 seconds
  Import took 0.008304 seconds .

========================================================================
Received Import Request.
  Time since last request: 0.000243 seconds.
  path: Assets/PolygonMiniFantasyCharacters/Textures/PolygonMinis_Texture_Yellow_C.png
  artifactKey: Guid(5c8d77d21504fe6458c5a9034a1db906) Importer(815301076,1909f56bfc062723c751e8b465ee728b)
Start importing Assets/PolygonMiniFantasyCharacters/Textures/PolygonMinis_Texture_Yellow_C.png using Guid(5c8d77d21504fe6458c5a9034a1db906) Importer(815301076,1909f56bfc062723c751e8b465ee728b)  -> (artifact id: 'b3051a166db8d229109725bc70627b51') in 0.005312 seconds
  Import took 0.007518 seconds .

========================================================================
Received Import Request.
  Time since last request: 0.000228 seconds.
  path: Assets/PolygonMiniFantasyCharacters/Textures/PolygonMinis_Texture_Blue_C.png
  artifactKey: Guid(60f289d89d8d7cc449c28fa6025f6d78) Importer(815301076,1909f56bfc062723c751e8b465ee728b)
Start importing Assets/PolygonMiniFantasyCharacters/Textures/PolygonMinis_Texture_Blue_C.png using Guid(60f289d89d8d7cc449c28fa6025f6d78) Importer(815301076,1909f56bfc062723c751e8b465ee728b)  -> (artifact id: '0abd585f383c810a9f62bc4d7c787f19') in 0.006861 seconds
  Import took 0.008986 seconds .

========================================================================
Received Import Request.
  Time since last request: 0.000195 seconds.
  path: Assets/PolygonMiniFantasyCharacters/Textures/PolygonMinis_Texture_Red_C.png
  artifactKey: Guid(dd66d4c6521dcf54fa59719cf049ef9a) Importer(815301076,1909f56bfc062723c751e8b465ee728b)
Start importing Assets/PolygonMiniFantasyCharacters/Textures/PolygonMinis_Texture_Red_C.png using Guid(dd66d4c6521dcf54fa59719cf049ef9a) Importer(815301076,1909f56bfc062723c751e8b465ee728b)  -> (artifact id: 'eeb07951ca4f13cbddf508657920d776') in 0.005755 seconds
  Import took 0.008146 seconds .

========================================================================
Received Import Request.
  Time since last request: 0.000234 seconds.
  path: Assets/PolygonMiniFantasyCharacters/Textures/PolygonMinis_Texture_Yellow_B.png
  artifactKey: Guid(953aa6d14810df8468451432473dad8a) Importer(815301076,1909f56bfc062723c751e8b465ee728b)
Start importing Assets/PolygonMiniFantasyCharacters/Textures/PolygonMinis_Texture_Yellow_B.png using Guid(953aa6d14810df8468451432473dad8a) Importer(815301076,1909f56bfc062723c751e8b465ee728b)  -> (artifact id: '95fd02d3a92b44baeb72cefbc7bbc99f') in 0.005278 seconds
  Import took 0.007857 seconds .

========================================================================
Received Import Request.
  Time since last request: 0.000199 seconds.
  path: Assets/PolygonMiniFantasyCharacters/Textures/PolygonMinis_Texture_Green_C.png
  artifactKey: Guid(12e045e448c4aeb4ab00b77c06fd6f50) Importer(815301076,1909f56bfc062723c751e8b465ee728b)
Start importing Assets/PolygonMiniFantasyCharacters/Textures/PolygonMinis_Texture_Green_C.png using Guid(12e045e448c4aeb4ab00b77c06fd6f50) Importer(815301076,1909f56bfc062723c751e8b465ee728b)  -> (artifact id: '63c38dd169f6272ff6cff725337ec299') in 0.005526 seconds
  Import took 0.007990 seconds .

========================================================================
Received Import Request.
  Time since last request: 0.000217 seconds.
  path: Assets/PolygonMiniFantasyCharacters/Textures/PolygonMinis_Texture_Purple_C.png
  artifactKey: Guid(6f78307d68bdb6c4fb22dd2663f03d1c) Importer(815301076,1909f56bfc062723c751e8b465ee728b)
Start importing Assets/PolygonMiniFantasyCharacters/Textures/PolygonMinis_Texture_Purple_C.png using Guid(6f78307d68bdb6c4fb22dd2663f03d1c) Importer(815301076,1909f56bfc062723c751e8b465ee728b)  -> (artifact id: '56a0a866e4e4e2e752ec4b2b91865ab1') in 0.006145 seconds
  Import took 0.008469 seconds .

========================================================================
Received Import Request.
  Time since last request: 0.000242 seconds.
  path: Assets/PolygonMiniFantasyCharacters/Textures/PolygonMinis_Texture_Green_B.png
  artifactKey: Guid(932e3282dff79484696e4a543d941c10) Importer(815301076,1909f56bfc062723c751e8b465ee728b)
Start importing Assets/PolygonMiniFantasyCharacters/Textures/PolygonMinis_Texture_Green_B.png using Guid(932e3282dff79484696e4a543d941c10) Importer(815301076,1909f56bfc062723c751e8b465ee728b)  -> (artifact id: 'cd041dc858617b301e0bfb429a16a427') in 0.007959 seconds
  Import took 0.010269 seconds .

========================================================================
Received Import Request.
  Time since last request: 0.000215 seconds.
  path: Assets/PolygonMiniFantasyCharacters/Textures/PolygonMinis_Texture_Red_B.png
  artifactKey: Guid(d2764a99f559fae41957ffd60454a586) Importer(815301076,1909f56bfc062723c751e8b465ee728b)
Start importing Assets/PolygonMiniFantasyCharacters/Textures/PolygonMinis_Texture_Red_B.png using Guid(d2764a99f559fae41957ffd60454a586) Importer(815301076,1909f56bfc062723c751e8b465ee728b)  -> (artifact id: '002d1a9cd58f8f942ed034c877ac73fb') in 0.005538 seconds
  Import took 0.007990 seconds .

========================================================================
Received Import Request.
  Time since last request: 0.000209 seconds.
  path: Assets/PolygonMiniFantasyCharacters/Textures/PolygonMinis_Texture_Red_A.png
  artifactKey: Guid(082504c4564f7eb42b2ff5aadf50b059) Importer(815301076,1909f56bfc062723c751e8b465ee728b)
Start importing Assets/PolygonMiniFantasyCharacters/Textures/PolygonMinis_Texture_Red_A.png using Guid(082504c4564f7eb42b2ff5aadf50b059) Importer(815301076,1909f56bfc062723c751e8b465ee728b)  -> (artifact id: 'f81e4ab27f79eb566f9912ad2dc546e5') in 0.006646 seconds
  Import took 0.009146 seconds .

========================================================================
Received Import Request.
  Time since last request: 0.000242 seconds.
  path: Assets/PolygonMiniFantasyCharacters/Textures/PolygonMinis_Texture_Yellow_A.png
  artifactKey: Guid(dd41876725391114a89b9cea6f363050) Importer(815301076,1909f56bfc062723c751e8b465ee728b)
Start importing Assets/PolygonMiniFantasyCharacters/Textures/PolygonMinis_Texture_Yellow_A.png using Guid(dd41876725391114a89b9cea6f363050) Importer(815301076,1909f56bfc062723c751e8b465ee728b)  -> (artifact id: '68f78dbf5c80c00d0393ab8daef80d87') in 0.005511 seconds
  Import took 0.007884 seconds .

========================================================================
Received Import Request.
  Time since last request: 0.000212 seconds.
  path: Assets/PolygonMiniFantasyCharacters/Textures/PolygonMinis_Texture_Green_A.png
  artifactKey: Guid(8d9a537ad157ff74faa6fc8c47030ed9) Importer(815301076,1909f56bfc062723c751e8b465ee728b)
Start importing Assets/PolygonMiniFantasyCharacters/Textures/PolygonMinis_Texture_Green_A.png using Guid(8d9a537ad157ff74faa6fc8c47030ed9) Importer(815301076,1909f56bfc062723c751e8b465ee728b)  -> (artifact id: '80db4a14d11d47a748cb211453a77482') in 0.004982 seconds
  Import took 0.007622 seconds .

========================================================================
Received Import Request.
  Time since last request: 2.204763 seconds.
  path: Assets/Scenes/SampleScene
  artifactKey: Guid(07abb27a3e81f96438a4b611ca4312fe) Importer(815301076,1909f56bfc062723c751e8b465ee728b)
Start importing Assets/Scenes/SampleScene using Guid(07abb27a3e81f96438a4b611ca4312fe) Importer(815301076,1909f56bfc062723c751e8b465ee728b)  -> (artifact id: 'bb2c155a7fec96da16a9a5d9ac925026') in 0.001738 seconds
  Import took 0.004784 seconds .

========================================================================
Received Import Request.
  Time since last request: 0.000288 seconds.
  path: Assets/Scenes/SampleSceneSettings.lighting
  artifactKey: Guid(147447e6991279349a9fb0a3ffb95718) Importer(815301076,1909f56bfc062723c751e8b465ee728b)
Start importing Assets/Scenes/SampleSceneSettings.lighting using Guid(147447e6991279349a9fb0a3ffb95718) Importer(815301076,1909f56bfc062723c751e8b465ee728b)  -> (artifact id: '19b6e6038c58a950f56382b8443c9167') in 0.003443 seconds
  Import took 0.006419 seconds .

========================================================================
Received Import Request.
  Time since last request: 0.000296 seconds.
  path: Assets/Scenes/SampleScene.unity
  artifactKey: Guid(9fc0d4010bbf28b4594072e72b8655ab) Importer(815301076,1909f56bfc062723c751e8b465ee728b)
Start importing Assets/Scenes/SampleScene.unity using Guid(9fc0d4010bbf28b4594072e72b8655ab) Importer(815301076,1909f56bfc062723c751e8b465ee728b)  -> (artifact id: '5ee3a64b0c09f0c5732c7e80bcabe8e1') in 0.001714 seconds
  Import took 0.004065 seconds .

========================================================================
Received Import Request.
  Time since last request: 1.199701 seconds.
  path: Assets/PolygonMiniFantasyCharacters/Scenes/Demo.unity
  artifactKey: Guid(326efdec5027d67438101c98fa0829b1) Importer(815301076,1909f56bfc062723c751e8b465ee728b)
Start importing Assets/PolygonMiniFantasyCharacters/Scenes/Demo.unity using Guid(326efdec5027d67438101c98fa0829b1) Importer(815301076,1909f56bfc062723c751e8b465ee728b)  -> (artifact id: 'b38933bdccb23967cddbff19e1b8d9da') in 0.001830 seconds
  Import took 0.004666 seconds .

========================================================================
Received Import Request.
  Time since last request: 0.000218 seconds.
  path: Assets/PolygonMiniFantasyCharacters/Scenes/DemoSettings.lighting
  artifactKey: Guid(df0736767c6cad64ca719c2eef644997) Importer(815301076,1909f56bfc062723c751e8b465ee728b)
Start importing Assets/PolygonMiniFantasyCharacters/Scenes/DemoSettings.lighting using Guid(df0736767c6cad64ca719c2eef644997) Importer(815301076,1909f56bfc062723c751e8b465ee728b) LightingSettings: switching bake backend from 1 to 0.
 -> (artifact id: '57ff4d5e50e031d4154c99b3fbbd62e2') in 0.001473 seconds
  Import took 0.003608 seconds .

========================================================================
Received Import Request.
  Time since last request: 0.000268 seconds.
  path: Assets/PolygonMiniFantasyCharacters/Scenes/Ground.mat
  artifactKey: Guid(2a685462110eed6458b8bc9864790228) Importer(815301076,1909f56bfc062723c751e8b465ee728b)
Start importing Assets/PolygonMiniFantasyCharacters/Scenes/Ground.mat using Guid(2a685462110eed6458b8bc9864790228) Importer(815301076,1909f56bfc062723c751e8b465ee728b)  -> (artifact id: 'd80e35f97311c3ab8425ecd88dc3bd77') in 0.030306 seconds
  Import took 0.032570 seconds .

========================================================================
Received Import Request.
  Time since last request: 0.000822 seconds.
  path: Assets/PolygonMiniFantasyCharacters/Scenes/Ground.mat
  artifactKey: Guid(2a685462110eed6458b8bc9864790228) Importer(815301076,1909f56bfc062723c751e8b465ee728b)
Start importing Assets/PolygonMiniFantasyCharacters/Scenes/Ground.mat using Guid(2a685462110eed6458b8bc9864790228) Importer(815301076,1909f56bfc062723c751e8b465ee728b)  -> (artifact id: 'd80e35f97311c3ab8425ecd88dc3bd77') in 0.004831 seconds
  Import took 0.007173 seconds .

========================================================================
Received Import Request.
  Time since last request: 9.597769 seconds.
  path: Assets/PolygonMiniFantasyCharacters/Models/Materials/PolygonMiniCharacters_Texture_01_New.mat
  artifactKey: Guid(f1a278189bdc2e1428574a8957534ee3) Importer(815301076,1909f56bfc062723c751e8b465ee728b)
Start importing Assets/PolygonMiniFantasyCharacters/Models/Materials/PolygonMiniCharacters_Texture_01_New.mat using Guid(f1a278189bdc2e1428574a8957534ee3) Importer(815301076,1909f56bfc062723c751e8b465ee728b)  -> (artifact id: 'b4a9728b475e7d3d309994f524bed429') in 0.005826 seconds
  Import took 0.008833 seconds .

========================================================================
Received Prepare
Reloading mono domain
Begin MonoManager ReloadAssembly
Registering precompiled unity dll's ...
Register platform support module: C:/Program Files/Unity/Hub/Editor/2020.2.0b6/Editor/Data/PlaybackEngines/WindowsStandaloneSupport/UnityEditor.WindowsStandalone.Extensions.dll
Registered in 0.001092 seconds.
Native extension for WindowsStandalone target not found
Refreshing native plugins compatible for Editor in 23.47 ms, found 0 plugins.
Preloading 0 native plugins for Editor in 0.00 ms.
Invoked RoslynAnalysisRunner static constructor.
RoslynAnalysisRunner will not be running.
RoslynAnalysisRunner has terminated.
Mono: successfully reloaded assembly
- Completed reload, in  1.275 seconds
Platform modules already initialized, skipping
Registering precompiled user dll's ...
Registered in 0.000538 seconds.
Begin MonoManager ReloadAssembly
Native extension for WindowsStandalone target not found
Refreshing native plugins compatible for Editor in 0.24 ms, found 0 plugins.
Preloading 0 native plugins for Editor in 0.00 ms.
Invoked RoslynAnalysisRunner static constructor.
RoslynAnalysisRunner will not be running.
RoslynAnalysisRunner has terminated.
Mono: successfully reloaded assembly
- Completed reload, in  1.651 seconds
Platform modules already initialized, skipping
Refreshing native plugins compatible for Editor in 0.24 ms, found 0 plugins.
Preloading 0 native plugins for Editor in 0.00 ms.
Unloading 6 Unused Serialized files (Serialized files now loaded: 0)
System memory in use before: 46.2 MB.
System memory in use after: 46.3 MB.

Unloading 5 unused Assets to reduce memory usage. Loaded Objects now: 1940.
Total: 1.731600 ms (FindLiveObjects: 0.292800 ms CreateObjectMapping: 0.052200 ms MarkObjects: 1.374000 ms  DeleteObjects: 0.011600 ms)

AssetImportWorkerClient::OnTransportError - code=2 error=End of file
