Using pre-set license
Built from '2020.2/staging' branch; Version is '2020.2.0b7 (1b1252580c64) revision 1774162'; Using compiler version '192528614'; Build Type 'Release'
OS: 'Windows 10  (10.0.0) 64bit' Language: 'ko' Physical Memory: 8145 MB
BatchMode: 1, IsHumanControllingUs: 0, StartBugReporterOnCrash: 0, Is64bit: 1, IsPro: 0

 COMMAND LINE ARGUMENTS:
C:\Program Files\Unity\Hub\Editor\2020.2.0b7\Editor\Unity.exe
-adb2
-batchMode
-noUpm
-name
AssetImportWorker3
-projectPath
D:/GitHub/Vineyard/Unity/라이트닝 팩맨
-logFile
Logs/AssetImportWorker3.log
-srvPort
60098
Successfully changed project path to: D:/GitHub/Vineyard/Unity/라이트닝 팩맨
D:/GitHub/Vineyard/Unity/라이트닝 팩맨
Using Asset Import Pipeline V2.
Refreshing native plugins compatible for Editor in 52.63 ms, found 1 plugins.
Preloading 0 native plugins for Editor in 0.00 ms.
Initialize engine version: 2020.2.0b7 (1b1252580c64)
[Subsystems] Discovering subsystems at path C:/Program Files/Unity/Hub/Editor/2020.2.0b7/Editor/Data/Resources/UnitySubsystems
[Subsystems] Discovering subsystems at path D:/GitHub/Vineyard/Unity/라이트닝 팩맨/Assets
GfxDevice: creating device client; threaded=0
Direct3D:
    Version:  Direct3D 11.0 [level 11.1]
    Renderer: NVIDIA GeForce GTX 1050 (ID=0x1c81)
    Vendor:   
    VRAM:     1977 MB
    Driver:   30.0.14.7212
Initialize mono
Mono path[0] = 'C:/Program Files/Unity/Hub/Editor/2020.2.0b7/Editor/Data/Managed'
Mono path[1] = 'C:/Program Files/Unity/Hub/Editor/2020.2.0b7/Editor/Data/MonoBleedingEdge/lib/mono/unityjit'
Mono config path = 'C:/Program Files/Unity/Hub/Editor/2020.2.0b7/Editor/Data/MonoBleedingEdge/etc'
Using monoOptions --debugger-agent=transport=dt_socket,embedding=1,server=y,suspend=n,address=127.0.0.1:56940
Begin MonoManager ReloadAssembly
Registering precompiled unity dll's ...
Register platform support module: C:/Program Files/Unity/Hub/Editor/2020.2.0b7/Editor/Data/PlaybackEngines/WindowsStandaloneSupport/UnityEditor.WindowsStandalone.Extensions.dll
Registered in 0.004034 seconds.
Native extension for WindowsStandalone target not found
Refreshing native plugins compatible for Editor in 54.33 ms, found 1 plugins.
Preloading 0 native plugins for Editor in 0.00 ms.
Invoked RoslynAnalysisRunner static constructor.
RoslynAnalysisRunner will not be running.
RoslynAnalysisRunner has terminated.
Mono: successfully reloaded assembly
- Completed reload, in  6.933 seconds
Platform modules already initialized, skipping
Registering precompiled user dll's ...
Registered in 0.001226 seconds.
Begin MonoManager ReloadAssembly
CreateSerializedAsset is not supported while importing out-of-process
UnityEngine.StackTraceUtility:ExtractStackTrace ()
Spine.Unity.Editor.SpinePreferences:GetOrCreateSettings () (at Assets/Spine/Editor/spine-unity/Editor/Windows/SpinePreferences.cs:121)
Spine.Unity.Editor.SpinePreferences:Load () (at Assets/Spine/Editor/spine-unity/Editor/Windows/SpinePreferences.cs:106)
Spine.Unity.Editor.SpineEditorUtilities:Initialize () (at Assets/Spine/Editor/spine-unity/Editor/Utility/SpineEditorUtilities.cs:109)
Spine.Unity.Editor.SpineEditorUtilities:.cctor () (at Assets/Spine/Editor/spine-unity/Editor/Utility/SpineEditorUtilities.cs:100)
System.Reflection.MonoCMethod:InternalInvoke (object,object[])
System.RuntimeType:CreateInstanceMono (bool)
System.RuntimeType:CreateInstanceSlow (bool,bool,bool,System.Threading.StackCrawlMark&)
System.RuntimeType:CreateInstanceDefaultCtor (bool,bool,bool,System.Threading.StackCrawlMark&)
System.Activator:CreateInstance (System.Type,bool)
System.Activator:CreateInstance (System.Type)
UnityEditor.AssetPostprocessingInternal:GetMeshProcessorsHashString ()

[Assets/Spine/Editor/spine-unity/Editor/Windows/SpinePreferences.cs line 121]

UnityException: Creating asset at path Assets/Editor/SpineSettings.asset failed.
  at (wrapper managed-to-native) UnityEditor.AssetDatabase.CreateAsset(UnityEngine.Object,string)
  at Spine.Unity.Editor.SpinePreferences.GetOrCreateSettings () [0x00057] in D:\GitHub\Vineyard\Unity\라이트닝 팩맨\Assets\Spine\Editor\spine-unity\Editor\Windows\SpinePreferences.cs:121 
  at Spine.Unity.Editor.SpinePreferences.Load () [0x00000] in D:\GitHub\Vineyard\Unity\라이트닝 팩맨\Assets\Spine\Editor\spine-unity\Editor\Windows\SpinePreferences.cs:106 
  at Spine.Unity.Editor.SpineEditorUtilities.Initialize () [0x00000] in D:\GitHub\Vineyard\Unity\라이트닝 팩맨\Assets\Spine\Editor\spine-unity\Editor\Utility\SpineEditorUtilities.cs:109 
  at Spine.Unity.Editor.SpineEditorUtilities..cctor () [0x0001e] in D:\GitHub\Vineyard\Unity\라이트닝 팩맨\Assets\Spine\Editor\spine-unity\Editor\Utility\SpineEditorUtilities.cs:100 
Rethrow as TypeInitializationException: The type initializer for 'Spine.Unity.Editor.SpineEditorUtilities' threw an exception.
  at (wrapper managed-to-native) System.Reflection.MonoCMethod.InternalInvoke(System.Reflection.MonoCMethod,object,object[],System.Exception&)
  at System.Reflection.MonoCMethod.InternalInvoke (System.Object obj, System.Object[] parameters) [0x00002] in <9577ac7a62ef43179789031239ba8798>:0 
Rethrow as TargetInvocationException: Exception has been thrown by the target of an invocation.
  at System.Reflection.MonoCMethod.InternalInvoke (System.Object obj, System.Object[] parameters) [0x00014] in <9577ac7a62ef43179789031239ba8798>:0 
  at System.RuntimeType.CreateInstanceMono (System.Boolean nonPublic) [0x000a8] in <9577ac7a62ef43179789031239ba8798>:0 
  at System.RuntimeType.CreateInstanceSlow (System.Boolean publicOnly, System.Boolean skipCheckThis, System.Boolean fillCache, System.Threading.StackCrawlMark& stackMark) [0x00009] in <9577ac7a62ef43179789031239ba8798>:0 
  at System.RuntimeType.CreateInstanceDefaultCtor (System.Boolean publicOnly, System.Boolean skipCheckThis, System.Boolean fillCache, System.Threading.StackCrawlMark& stackMark) [0x00027] in <9577ac7a62ef43179789031239ba8798>:0 
  at System.Activator.CreateInstance (System.Type type, System.Boolean nonPublic) [0x00020] in <9577ac7a62ef43179789031239ba8798>:0 
  at System.Activator.CreateInstance (System.Type type) [0x00000] in <9577ac7a62ef43179789031239ba8798>:0 
  at UnityEditor.AssetPostprocessingInternal.GetMeshProcessorsHashString () [0x00035] in <b01046f8b5314fae9e67f2e947544d2e>:0 
UnityEngine.DebugLogHandler:Internal_LogException(Exception, Object)
UnityEngine.DebugLogHandler:LogException(Exception, Object)
UnityEngine.Logger:LogException(Exception, Object)
UnityEngine.Debug:LogException(Exception)
UnityEditor.AssetPostprocessingInternal:GetMeshProcessorsHashString()

(Filename: Assets/Spine/Editor/spine-unity/Editor/Windows/SpinePreferences.cs Line: 121)

UnityException: Creating asset at path Assets/Editor/SpineSettings.asset failed.
  at (wrapper managed-to-native) UnityEditor.AssetDatabase.CreateAsset(UnityEngine.Object,string)
  at Spine.Unity.Editor.SpinePreferences.GetOrCreateSettings () [0x00057] in D:\GitHub\Vineyard\Unity\라이트닝 팩맨\Assets\Spine\Editor\spine-unity\Editor\Windows\SpinePreferences.cs:121 
  at Spine.Unity.Editor.SpinePreferences.Load () [0x00000] in D:\GitHub\Vineyard\Unity\라이트닝 팩맨\Assets\Spine\Editor\spine-unity\Editor\Windows\SpinePreferences.cs:106 
  at Spine.Unity.Editor.SpineEditorUtilities.Initialize () [0x00000] in D:\GitHub\Vineyard\Unity\라이트닝 팩맨\Assets\Spine\Editor\spine-unity\Editor\Utility\SpineEditorUtilities.cs:109 
  at Spine.Unity.Editor.SpineEditorUtilities..cctor () [0x0001e] in D:\GitHub\Vineyard\Unity\라이트닝 팩맨\Assets\Spine\Editor\spine-unity\Editor\Utility\SpineEditorUtilities.cs:100 
Rethrow as TypeInitializationException: The type initializer for 'Spine.Unity.Editor.SpineEditorUtilities' threw an exception.
  at (wrapper managed-to-native) System.Reflection.MonoCMethod.InternalInvoke(System.Reflection.MonoCMethod,object,object[],System.Exception&)
  at System.Reflection.MonoCMethod.InternalInvoke (System.Object obj, System.Object[] parameters) [0x00002] in <9577ac7a62ef43179789031239ba8798>:0 
Rethrow as TargetInvocationException: Exception has been thrown by the target of an invocation.
  at System.Reflection.MonoCMethod.InternalInvoke (System.Object obj, System.Object[] parameters) [0x00014] in <9577ac7a62ef43179789031239ba8798>:0 
  at System.RuntimeType.CreateInstanceMono (System.Boolean nonPublic) [0x000a8] in <9577ac7a62ef43179789031239ba8798>:0 
  at System.RuntimeType.CreateInstanceSlow (System.Boolean publicOnly, System.Boolean skipCheckThis, System.Boolean fillCache, System.Threading.StackCrawlMark& stackMark) [0x00009] in <9577ac7a62ef43179789031239ba8798>:0 
  at System.RuntimeType.CreateInstanceDefaultCtor (System.Boolean publicOnly, System.Boolean skipCheckThis, System.Boolean fillCache, System.Threading.StackCrawlMark& stackMark) [0x00027] in <9577ac7a62ef43179789031239ba8798>:0 
  at System.Activator.CreateInstance (System.Type type, System.Boolean nonPublic) [0x00020] in <9577ac7a62ef43179789031239ba8798>:0 
  at System.Activator.CreateInstance (System.Type type) [0x00000] in <9577ac7a62ef43179789031239ba8798>:0 
  at UnityEditor.AssetPostprocessingInternal.GetTextureProcessorsHashString () [0x00035] in <b01046f8b5314fae9e67f2e947544d2e>:0 
UnityEngine.DebugLogHandler:Internal_LogException(Exception, Object)
UnityEngine.DebugLogHandler:LogException(Exception, Object)
UnityEngine.Logger:LogException(Exception, Object)
UnityEngine.Debug:LogException(Exception)
UnityEditor.AssetPostprocessingInternal:GetTextureProcessorsHashString()

(Filename: Assets/Spine/Editor/spine-unity/Editor/Windows/SpinePreferences.cs Line: 121)

UnityException: Creating asset at path Assets/Editor/SpineSettings.asset failed.
  at (wrapper managed-to-native) UnityEditor.AssetDatabase.CreateAsset(UnityEngine.Object,string)
  at Spine.Unity.Editor.SpinePreferences.GetOrCreateSettings () [0x00057] in D:\GitHub\Vineyard\Unity\라이트닝 팩맨\Assets\Spine\Editor\spine-unity\Editor\Windows\SpinePreferences.cs:121 
  at Spine.Unity.Editor.SpinePreferences.Load () [0x00000] in D:\GitHub\Vineyard\Unity\라이트닝 팩맨\Assets\Spine\Editor\spine-unity\Editor\Windows\SpinePreferences.cs:106 
  at Spine.Unity.Editor.SpineEditorUtilities.Initialize () [0x00000] in D:\GitHub\Vineyard\Unity\라이트닝 팩맨\Assets\Spine\Editor\spine-unity\Editor\Utility\SpineEditorUtilities.cs:109 
  at Spine.Unity.Editor.SpineEditorUtilities..cctor () [0x0001e] in D:\GitHub\Vineyard\Unity\라이트닝 팩맨\Assets\Spine\Editor\spine-unity\Editor\Utility\SpineEditorUtilities.cs:100 
Rethrow as TypeInitializationException: The type initializer for 'Spine.Unity.Editor.SpineEditorUtilities' threw an exception.
  at (wrapper managed-to-native) System.Reflection.MonoCMethod.InternalInvoke(System.Reflection.MonoCMethod,object,object[],System.Exception&)
  at System.Reflection.MonoCMethod.InternalInvoke (System.Object obj, System.Object[] parameters) [0x00002] in <9577ac7a62ef43179789031239ba8798>:0 
Rethrow as TargetInvocationException: Exception has been thrown by the target of an invocation.
  at System.Reflection.MonoCMethod.InternalInvoke (System.Object obj, System.Object[] parameters) [0x00014] in <9577ac7a62ef43179789031239ba8798>:0 
  at System.RuntimeType.CreateInstanceMono (System.Boolean nonPublic) [0x000a8] in <9577ac7a62ef43179789031239ba8798>:0 
  at System.RuntimeType.CreateInstanceSlow (System.Boolean publicOnly, System.Boolean skipCheckThis, System.Boolean fillCache, System.Threading.StackCrawlMark& stackMark) [0x00009] in <9577ac7a62ef43179789031239ba8798>:0 
  at System.RuntimeType.CreateInstanceDefaultCtor (System.Boolean publicOnly, System.Boolean skipCheckThis, System.Boolean fillCache, System.Threading.StackCrawlMark& stackMark) [0x00027] in <9577ac7a62ef43179789031239ba8798>:0 
  at System.Activator.CreateInstance (System.Type type, System.Boolean nonPublic) [0x00020] in <9577ac7a62ef43179789031239ba8798>:0 
  at System.Activator.CreateInstance (System.Type type) [0x00000] in <9577ac7a62ef43179789031239ba8798>:0 
  at UnityEditor.AssetPostprocessingInternal.GetAudioProcessorsHashString () [0x00035] in <b01046f8b5314fae9e67f2e947544d2e>:0 
UnityEngine.DebugLogHandler:Internal_LogException(Exception, Object)
UnityEngine.DebugLogHandler:LogException(Exception, Object)
UnityEngine.Logger:LogException(Exception, Object)
UnityEngine.Debug:LogException(Exception)
UnityEditor.AssetPostprocessingInternal:GetAudioProcessorsHashString()

(Filename: Assets/Spine/Editor/spine-unity/Editor/Windows/SpinePreferences.cs Line: 121)

UnityException: Creating asset at path Assets/Editor/SpineSettings.asset failed.
  at (wrapper managed-to-native) UnityEditor.AssetDatabase.CreateAsset(UnityEngine.Object,string)
  at Spine.Unity.Editor.SpinePreferences.GetOrCreateSettings () [0x00057] in D:\GitHub\Vineyard\Unity\라이트닝 팩맨\Assets\Spine\Editor\spine-unity\Editor\Windows\SpinePreferences.cs:121 
  at Spine.Unity.Editor.SpinePreferences.Load () [0x00000] in D:\GitHub\Vineyard\Unity\라이트닝 팩맨\Assets\Spine\Editor\spine-unity\Editor\Windows\SpinePreferences.cs:106 
  at Spine.Unity.Editor.SpineEditorUtilities.Initialize () [0x00000] in D:\GitHub\Vineyard\Unity\라이트닝 팩맨\Assets\Spine\Editor\spine-unity\Editor\Utility\SpineEditorUtilities.cs:109 
  at Spine.Unity.Editor.SpineEditorUtilities..cctor () [0x0001e] in D:\GitHub\Vineyard\Unity\라이트닝 팩맨\Assets\Spine\Editor\spine-unity\Editor\Utility\SpineEditorUtilities.cs:100 
Rethrow as TypeInitializationException: The type initializer for 'Spine.Unity.Editor.SpineEditorUtilities' threw an exception.
  at (wrapper managed-to-native) System.Reflection.MonoCMethod.InternalInvoke(System.Reflection.MonoCMethod,object,object[],System.Exception&)
  at System.Reflection.MonoCMethod.InternalInvoke (System.Object obj, System.Object[] parameters) [0x00002] in <9577ac7a62ef43179789031239ba8798>:0 
Rethrow as TargetInvocationException: Exception has been thrown by the target of an invocation.
  at System.Reflection.MonoCMethod.InternalInvoke (System.Object obj, System.Object[] parameters) [0x00014] in <9577ac7a62ef43179789031239ba8798>:0 
  at System.RuntimeType.CreateInstanceMono (System.Boolean nonPublic) [0x000a8] in <9577ac7a62ef43179789031239ba8798>:0 
  at System.RuntimeType.CreateInstanceSlow (System.Boolean publicOnly, System.Boolean skipCheckThis, System.Boolean fillCache, System.Threading.StackCrawlMark& stackMark) [0x00009] in <9577ac7a62ef43179789031239ba8798>:0 
  at System.RuntimeType.CreateInstanceDefaultCtor (System.Boolean publicOnly, System.Boolean skipCheckThis, System.Boolean fillCache, System.Threading.StackCrawlMark& stackMark) [0x00027] in <9577ac7a62ef43179789031239ba8798>:0 
  at System.Activator.CreateInstance (System.Type type, System.Boolean nonPublic) [0x00020] in <9577ac7a62ef43179789031239ba8798>:0 
  at System.Activator.CreateInstance (System.Type type) [0x00000] in <9577ac7a62ef43179789031239ba8798>:0 
  at UnityEditor.AssetPostprocessingInternal.GetSpeedTreeProcessorsHashString () [0x00035] in <b01046f8b5314fae9e67f2e947544d2e>:0 
UnityEngine.DebugLogHandler:Internal_LogException(Exception, Object)
UnityEngine.DebugLogHandler:LogException(Exception, Object)
UnityEngine.Logger:LogException(Exception, Object)
UnityEngine.Debug:LogException(Exception)
UnityEditor.AssetPostprocessingInternal:GetSpeedTreeProcessorsHashString()

(Filename: Assets/Spine/Editor/spine-unity/Editor/Windows/SpinePreferences.cs Line: 121)

UnityException: Creating asset at path Assets/Editor/SpineSettings.asset failed.
  at (wrapper managed-to-native) UnityEditor.AssetDatabase.CreateAsset(UnityEngine.Object,string)
  at Spine.Unity.Editor.SpinePreferences.GetOrCreateSettings () [0x00057] in D:\GitHub\Vineyard\Unity\라이트닝 팩맨\Assets\Spine\Editor\spine-unity\Editor\Windows\SpinePreferences.cs:121 
  at Spine.Unity.Editor.SpinePreferences.Load () [0x00000] in D:\GitHub\Vineyard\Unity\라이트닝 팩맨\Assets\Spine\Editor\spine-unity\Editor\Windows\SpinePreferences.cs:106 
  at Spine.Unity.Editor.SpineEditorUtilities.Initialize () [0x00000] in D:\GitHub\Vineyard\Unity\라이트닝 팩맨\Assets\Spine\Editor\spine-unity\Editor\Utility\SpineEditorUtilities.cs:109 
  at Spine.Unity.Editor.SpineEditorUtilities..cctor () [0x0001e] in D:\GitHub\Vineyard\Unity\라이트닝 팩맨\Assets\Spine\Editor\spine-unity\Editor\Utility\SpineEditorUtilities.cs:100 
Rethrow as TypeInitializationException: The type initializer for 'Spine.Unity.Editor.SpineEditorUtilities' threw an exception.
  at (wrapper managed-to-native) System.Reflection.MonoCMethod.InternalInvoke(System.Reflection.MonoCMethod,object,object[],System.Exception&)
  at System.Reflection.MonoCMethod.InternalInvoke (System.Object obj, System.Object[] parameters) [0x00002] in <9577ac7a62ef43179789031239ba8798>:0 
Rethrow as TargetInvocationException: Exception has been thrown by the target of an invocation.
  at System.Reflection.MonoCMethod.InternalInvoke (System.Object obj, System.Object[] parameters) [0x00014] in <9577ac7a62ef43179789031239ba8798>:0 
  at System.RuntimeType.CreateInstanceMono (System.Boolean nonPublic) [0x000a8] in <9577ac7a62ef43179789031239ba8798>:0 
  at System.RuntimeType.CreateInstanceSlow (System.Boolean publicOnly, System.Boolean skipCheckThis, System.Boolean fillCache, System.Threading.StackCrawlMark& stackMark) [0x00009] in <9577ac7a62ef43179789031239ba8798>:0 
  at System.RuntimeType.CreateInstanceDefaultCtor (System.Boolean publicOnly, System.Boolean skipCheckThis, System.Boolean fillCache, System.Threading.StackCrawlMark& stackMark) [0x00027] in <9577ac7a62ef43179789031239ba8798>:0 
  at System.Activator.CreateInstance (System.Type type, System.Boolean nonPublic) [0x00020] in <9577ac7a62ef43179789031239ba8798>:0 
  at System.Activator.CreateInstance (System.Type type) [0x00000] in <9577ac7a62ef43179789031239ba8798>:0 
  at UnityEditor.AssetPostprocessingInternal.GetPrefabProcessorsHashString () [0x00035] in <b01046f8b5314fae9e67f2e947544d2e>:0 
UnityEngine.DebugLogHandler:Internal_LogException(Exception, Object)
UnityEngine.DebugLogHandler:LogException(Exception, Object)
UnityEngine.Logger:LogException(Exception, Object)
UnityEngine.Debug:LogException(Exception)
UnityEditor.AssetPostprocessingInternal:GetPrefabProcessorsHashString()

(Filename: Assets/Spine/Editor/spine-unity/Editor/Windows/SpinePreferences.cs Line: 121)

ReleaseAllScriptCaches did not release all script caches!

Remaining caches:
    spine-unity-editor:Spine.Unity.Editor:SpinePreferences
Native extension for WindowsStandalone target not found
Refreshing native plugins compatible for Editor in 49.89 ms, found 1 plugins.
Preloading 0 native plugins for Editor in 0.00 ms.
UnityEngine.UnityException: Creating asset at path Assets/Editor/SpineSettings.asset failed.
  at (wrapper managed-to-native) UnityEditor.AssetDatabase.CreateAsset(UnityEngine.Object,string)
  at Spine.Unity.Editor.SpinePreferences.GetOrCreateSettings () [0x00057] in D:\GitHub\Vineyard\Unity\라이트닝 팩맨\Assets\Spine\Editor\spine-unity\Editor\Windows\SpinePreferences.cs:121 
  at Spine.Unity.Editor.SpinePreferences.Load () [0x00000] in D:\GitHub\Vineyard\Unity\라이트닝 팩맨\Assets\Spine\Editor\spine-unity\Editor\Windows\SpinePreferences.cs:106 
  at Spine.Unity.Editor.SpineEditorUtilities.Initialize () [0x00000] in D:\GitHub\Vineyard\Unity\라이트닝 팩맨\Assets\Spine\Editor\spine-unity\Editor\Utility\SpineEditorUtilities.cs:109 
  at Spine.Unity.Editor.SpineEditorUtilities..cctor () [0x0001e] in D:\GitHub\Vineyard\Unity\라이트닝 팩맨\Assets\Spine\Editor\spine-unity\Editor\Utility\SpineEditorUtilities.cs:100 
UnityEngine.StackTraceUtility:ExtractStackTrace ()
UnityEngine.DebugLogHandler:LogFormat (UnityEngine.LogType,UnityEngine.Object,string,object[])
UnityEngine.Logger:Log (UnityEngine.LogType,object)
UnityEngine.Debug:LogError (object)
UnityEditor.EditorAssemblies:ProcessInitializeOnLoadAttributes (System.Type[])

Invoked RoslynAnalysisRunner static constructor.
RoslynAnalysisRunner will not be running.
RoslynAnalysisRunner has terminated.
Mono: successfully reloaded assembly
- Completed reload, in  1.170 seconds
Platform modules already initialized, skipping
