Using pre-set license
Built from '2020.2/staging' branch; Version is '2020.2.0b7 (1b1252580c64) revision 1774162'; Using compiler version '192528614'; Build Type 'Release'
OS: 'Windows 10  (10.0.0) 64bit' Language: 'ko' Physical Memory: 8145 MB
BatchMode: 1, IsHumanControllingUs: 0, StartBugReporterOnCrash: 0, Is64bit: 1, IsPro: 0

 COMMAND LINE ARGUMENTS:
C:\Program Files\Unity\Hub\Editor\2020.2.0b7\Editor\Unity.exe
-adb2
-batchMode
-noUpm
-name
AssetImportWorker4
-projectPath
D:/GitHub/Vineyard/Unity/라이트닝 팩맨
-logFile
Logs/AssetImportWorker4.log
-srvPort
60098
Successfully changed project path to: D:/GitHub/Vineyard/Unity/라이트닝 팩맨
D:/GitHub/Vineyard/Unity/라이트닝 팩맨
Using Asset Import Pipeline V2.
Refreshing native plugins compatible for Editor in 58.61 ms, found 1 plugins.
Preloading 0 native plugins for Editor in 0.00 ms.
Initialize engine version: 2020.2.0b7 (1b1252580c64)
[Subsystems] Discovering subsystems at path C:/Program Files/Unity/Hub/Editor/2020.2.0b7/Editor/Data/Resources/UnitySubsystems
[Subsystems] Discovering subsystems at path D:/GitHub/Vineyard/Unity/라이트닝 팩맨/Assets
GfxDevice: creating device client; threaded=0
Direct3D:
    Version:  Direct3D 11.0 [level 11.1]
    Renderer: NVIDIA GeForce GTX 1050 (ID=0x1c81)
    Vendor:   
    VRAM:     1977 MB
    Driver:   30.0.14.7212
Initialize mono
Mono path[0] = 'C:/Program Files/Unity/Hub/Editor/2020.2.0b7/Editor/Data/Managed'
Mono path[1] = 'C:/Program Files/Unity/Hub/Editor/2020.2.0b7/Editor/Data/MonoBleedingEdge/lib/mono/unityjit'
Mono config path = 'C:/Program Files/Unity/Hub/Editor/2020.2.0b7/Editor/Data/MonoBleedingEdge/etc'
Using monoOptions --debugger-agent=transport=dt_socket,embedding=1,server=y,suspend=n,address=127.0.0.1:56892
Begin MonoManager ReloadAssembly
Registering precompiled unity dll's ...
Register platform support module: C:/Program Files/Unity/Hub/Editor/2020.2.0b7/Editor/Data/PlaybackEngines/WindowsStandaloneSupport/UnityEditor.WindowsStandalone.Extensions.dll
Registered in 0.004087 seconds.
Native extension for WindowsStandalone target not found
Refreshing native plugins compatible for Editor in 107.98 ms, found 1 plugins.
Preloading 0 native plugins for Editor in 0.00 ms.
Invoked RoslynAnalysisRunner static constructor.
RoslynAnalysisRunner will not be running.
RoslynAnalysisRunner has terminated.
Mono: successfully reloaded assembly
- Completed reload, in  3.740 seconds
Platform modules already initialized, skipping
Registering precompiled user dll's ...
Registered in 0.002894 seconds.
Begin MonoManager ReloadAssembly
CreateSerializedAsset is not supported while importing out-of-process
UnityEngine.StackTraceUtility:ExtractStackTrace ()
Spine.Unity.Editor.SpinePreferences:GetOrCreateSettings () (at Assets/Spine/Editor/spine-unity/Editor/Windows/SpinePreferences.cs:121)
Spine.Unity.Editor.SpinePreferences:Load () (at Assets/Spine/Editor/spine-unity/Editor/Windows/SpinePreferences.cs:106)
Spine.Unity.Editor.SpineEditorUtilities:Initialize () (at Assets/Spine/Editor/spine-unity/Editor/Utility/SpineEditorUtilities.cs:109)
Spine.Unity.Editor.SpineEditorUtilities:.cctor () (at Assets/Spine/Editor/spine-unity/Editor/Utility/SpineEditorUtilities.cs:100)
System.Reflection.MonoCMethod:InternalInvoke (object,object[])
System.RuntimeType:CreateInstanceMono (bool)
System.RuntimeType:CreateInstanceSlow (bool,bool,bool,System.Threading.StackCrawlMark&)
System.RuntimeType:CreateInstanceDefaultCtor (bool,bool,bool,System.Threading.StackCrawlMark&)
System.Activator:CreateInstance (System.Type,bool)
System.Activator:CreateInstance (System.Type)
UnityEditor.AssetPostprocessingInternal:GetMeshProcessorsHashString ()

[Assets/Spine/Editor/spine-unity/Editor/Windows/SpinePreferences.cs line 121]

UnityException: Creating asset at path Assets/Editor/SpineSettings.asset failed.
  at (wrapper managed-to-native) UnityEditor.AssetDatabase.CreateAsset(UnityEngine.Object,string)
  at Spine.Unity.Editor.SpinePreferences.GetOrCreateSettings () [0x00057] in D:\GitHub\Vineyard\Unity\라이트닝 팩맨\Assets\Spine\Editor\spine-unity\Editor\Windows\SpinePreferences.cs:121 
  at Spine.Unity.Editor.SpinePreferences.Load () [0x00000] in D:\GitHub\Vineyard\Unity\라이트닝 팩맨\Assets\Spine\Editor\spine-unity\Editor\Windows\SpinePreferences.cs:106 
  at Spine.Unity.Editor.SpineEditorUtilities.Initialize () [0x00000] in D:\GitHub\Vineyard\Unity\라이트닝 팩맨\Assets\Spine\Editor\spine-unity\Editor\Utility\SpineEditorUtilities.cs:109 
  at Spine.Unity.Editor.SpineEditorUtilities..cctor () [0x0001e] in D:\GitHub\Vineyard\Unity\라이트닝 팩맨\Assets\Spine\Editor\spine-unity\Editor\Utility\SpineEditorUtilities.cs:100 
Rethrow as TypeInitializationException: The type initializer for 'Spine.Unity.Editor.SpineEditorUtilities' threw an exception.
  at (wrapper managed-to-native) System.Reflection.MonoCMethod.InternalInvoke(System.Reflection.MonoCMethod,object,object[],System.Exception&)
  at System.Reflection.MonoCMethod.InternalInvoke (System.Object obj, System.Object[] parameters) [0x00002] in <9577ac7a62ef43179789031239ba8798>:0 
Rethrow as TargetInvocationException: Exception has been thrown by the target of an invocation.
  at System.Reflection.MonoCMethod.InternalInvoke (System.Object obj, System.Object[] parameters) [0x00014] in <9577ac7a62ef43179789031239ba8798>:0 
  at System.RuntimeType.CreateInstanceMono (System.Boolean nonPublic) [0x000a8] in <9577ac7a62ef43179789031239ba8798>:0 
  at System.RuntimeType.CreateInstanceSlow (System.Boolean publicOnly, System.Boolean skipCheckThis, System.Boolean fillCache, System.Threading.StackCrawlMark& stackMark) [0x00009] in <9577ac7a62ef43179789031239ba8798>:0 
  at System.RuntimeType.CreateInstanceDefaultCtor (System.Boolean publicOnly, System.Boolean skipCheckThis, System.Boolean fillCache, System.Threading.StackCrawlMark& stackMark) [0x00027] in <9577ac7a62ef43179789031239ba8798>:0 
  at System.Activator.CreateInstance (System.Type type, System.Boolean nonPublic) [0x00020] in <9577ac7a62ef43179789031239ba8798>:0 
  at System.Activator.CreateInstance (System.Type type) [0x00000] in <9577ac7a62ef43179789031239ba8798>:0 
  at UnityEditor.AssetPostprocessingInternal.GetMeshProcessorsHashString () [0x00035] in <b01046f8b5314fae9e67f2e947544d2e>:0 
UnityEngine.DebugLogHandler:Internal_LogException(Exception, Object)
UnityEngine.DebugLogHandler:LogException(Exception, Object)
UnityEngine.Logger:LogException(Exception, Object)
UnityEngine.Debug:LogException(Exception)
UnityEditor.AssetPostprocessingInternal:GetMeshProcessorsHashString()

(Filename: Assets/Spine/Editor/spine-unity/Editor/Windows/SpinePreferences.cs Line: 121)

UnityException: Creating asset at path Assets/Editor/SpineSettings.asset failed.
  at (wrapper managed-to-native) UnityEditor.AssetDatabase.CreateAsset(UnityEngine.Object,string)
  at Spine.Unity.Editor.SpinePreferences.GetOrCreateSettings () [0x00057] in D:\GitHub\Vineyard\Unity\라이트닝 팩맨\Assets\Spine\Editor\spine-unity\Editor\Windows\SpinePreferences.cs:121 
  at Spine.Unity.Editor.SpinePreferences.Load () [0x00000] in D:\GitHub\Vineyard\Unity\라이트닝 팩맨\Assets\Spine\Editor\spine-unity\Editor\Windows\SpinePreferences.cs:106 
  at Spine.Unity.Editor.SpineEditorUtilities.Initialize () [0x00000] in D:\GitHub\Vineyard\Unity\라이트닝 팩맨\Assets\Spine\Editor\spine-unity\Editor\Utility\SpineEditorUtilities.cs:109 
  at Spine.Unity.Editor.SpineEditorUtilities..cctor () [0x0001e] in D:\GitHub\Vineyard\Unity\라이트닝 팩맨\Assets\Spine\Editor\spine-unity\Editor\Utility\SpineEditorUtilities.cs:100 
Rethrow as TypeInitializationException: The type initializer for 'Spine.Unity.Editor.SpineEditorUtilities' threw an exception.
  at (wrapper managed-to-native) System.Reflection.MonoCMethod.InternalInvoke(System.Reflection.MonoCMethod,object,object[],System.Exception&)
  at System.Reflection.MonoCMethod.InternalInvoke (System.Object obj, System.Object[] parameters) [0x00002] in <9577ac7a62ef43179789031239ba8798>:0 
Rethrow as TargetInvocationException: Exception has been thrown by the target of an invocation.
  at System.Reflection.MonoCMethod.InternalInvoke (System.Object obj, System.Object[] parameters) [0x00014] in <9577ac7a62ef43179789031239ba8798>:0 
  at System.RuntimeType.CreateInstanceMono (System.Boolean nonPublic) [0x000a8] in <9577ac7a62ef43179789031239ba8798>:0 
  at System.RuntimeType.CreateInstanceSlow (System.Boolean publicOnly, System.Boolean skipCheckThis, System.Boolean fillCache, System.Threading.StackCrawlMark& stackMark) [0x00009] in <9577ac7a62ef43179789031239ba8798>:0 
  at System.RuntimeType.CreateInstanceDefaultCtor (System.Boolean publicOnly, System.Boolean skipCheckThis, System.Boolean fillCache, System.Threading.StackCrawlMark& stackMark) [0x00027] in <9577ac7a62ef43179789031239ba8798>:0 
  at System.Activator.CreateInstance (System.Type type, System.Boolean nonPublic) [0x00020] in <9577ac7a62ef43179789031239ba8798>:0 
  at System.Activator.CreateInstance (System.Type type) [0x00000] in <9577ac7a62ef43179789031239ba8798>:0 
  at UnityEditor.AssetPostprocessingInternal.GetTextureProcessorsHashString () [0x00035] in <b01046f8b5314fae9e67f2e947544d2e>:0 
UnityEngine.DebugLogHandler:Internal_LogException(Exception, Object)
UnityEngine.DebugLogHandler:LogException(Exception, Object)
UnityEngine.Logger:LogException(Exception, Object)
UnityEngine.Debug:LogException(Exception)
UnityEditor.AssetPostprocessingInternal:GetTextureProcessorsHashString()

(Filename: Assets/Spine/Editor/spine-unity/Editor/Windows/SpinePreferences.cs Line: 121)

UnityException: Creating asset at path Assets/Editor/SpineSettings.asset failed.
  at (wrapper managed-to-native) UnityEditor.AssetDatabase.CreateAsset(UnityEngine.Object,string)
  at Spine.Unity.Editor.SpinePreferences.GetOrCreateSettings () [0x00057] in D:\GitHub\Vineyard\Unity\라이트닝 팩맨\Assets\Spine\Editor\spine-unity\Editor\Windows\SpinePreferences.cs:121 
  at Spine.Unity.Editor.SpinePreferences.Load () [0x00000] in D:\GitHub\Vineyard\Unity\라이트닝 팩맨\Assets\Spine\Editor\spine-unity\Editor\Windows\SpinePreferences.cs:106 
  at Spine.Unity.Editor.SpineEditorUtilities.Initialize () [0x00000] in D:\GitHub\Vineyard\Unity\라이트닝 팩맨\Assets\Spine\Editor\spine-unity\Editor\Utility\SpineEditorUtilities.cs:109 
  at Spine.Unity.Editor.SpineEditorUtilities..cctor () [0x0001e] in D:\GitHub\Vineyard\Unity\라이트닝 팩맨\Assets\Spine\Editor\spine-unity\Editor\Utility\SpineEditorUtilities.cs:100 
Rethrow as TypeInitializationException: The type initializer for 'Spine.Unity.Editor.SpineEditorUtilities' threw an exception.
  at (wrapper managed-to-native) System.Reflection.MonoCMethod.InternalInvoke(System.Reflection.MonoCMethod,object,object[],System.Exception&)
  at System.Reflection.MonoCMethod.InternalInvoke (System.Object obj, System.Object[] parameters) [0x00002] in <9577ac7a62ef43179789031239ba8798>:0 
Rethrow as TargetInvocationException: Exception has been thrown by the target of an invocation.
  at System.Reflection.MonoCMethod.InternalInvoke (System.Object obj, System.Object[] parameters) [0x00014] in <9577ac7a62ef43179789031239ba8798>:0 
  at System.RuntimeType.CreateInstanceMono (System.Boolean nonPublic) [0x000a8] in <9577ac7a62ef43179789031239ba8798>:0 
  at System.RuntimeType.CreateInstanceSlow (System.Boolean publicOnly, System.Boolean skipCheckThis, System.Boolean fillCache, System.Threading.StackCrawlMark& stackMark) [0x00009] in <9577ac7a62ef43179789031239ba8798>:0 
  at System.RuntimeType.CreateInstanceDefaultCtor (System.Boolean publicOnly, System.Boolean skipCheckThis, System.Boolean fillCache, System.Threading.StackCrawlMark& stackMark) [0x00027] in <9577ac7a62ef43179789031239ba8798>:0 
  at System.Activator.CreateInstance (System.Type type, System.Boolean nonPublic) [0x00020] in <9577ac7a62ef43179789031239ba8798>:0 
  at System.Activator.CreateInstance (System.Type type) [0x00000] in <9577ac7a62ef43179789031239ba8798>:0 
  at UnityEditor.AssetPostprocessingInternal.GetAudioProcessorsHashString () [0x00035] in <b01046f8b5314fae9e67f2e947544d2e>:0 
UnityEngine.DebugLogHandler:Internal_LogException(Exception, Object)
UnityEngine.DebugLogHandler:LogException(Exception, Object)
UnityEngine.Logger:LogException(Exception, Object)
UnityEngine.Debug:LogException(Exception)
UnityEditor.AssetPostprocessingInternal:GetAudioProcessorsHashString()

(Filename: Assets/Spine/Editor/spine-unity/Editor/Windows/SpinePreferences.cs Line: 121)

UnityException: Creating asset at path Assets/Editor/SpineSettings.asset failed.
  at (wrapper managed-to-native) UnityEditor.AssetDatabase.CreateAsset(UnityEngine.Object,string)
  at Spine.Unity.Editor.SpinePreferences.GetOrCreateSettings () [0x00057] in D:\GitHub\Vineyard\Unity\라이트닝 팩맨\Assets\Spine\Editor\spine-unity\Editor\Windows\SpinePreferences.cs:121 
  at Spine.Unity.Editor.SpinePreferences.Load () [0x00000] in D:\GitHub\Vineyard\Unity\라이트닝 팩맨\Assets\Spine\Editor\spine-unity\Editor\Windows\SpinePreferences.cs:106 
  at Spine.Unity.Editor.SpineEditorUtilities.Initialize () [0x00000] in D:\GitHub\Vineyard\Unity\라이트닝 팩맨\Assets\Spine\Editor\spine-unity\Editor\Utility\SpineEditorUtilities.cs:109 
  at Spine.Unity.Editor.SpineEditorUtilities..cctor () [0x0001e] in D:\GitHub\Vineyard\Unity\라이트닝 팩맨\Assets\Spine\Editor\spine-unity\Editor\Utility\SpineEditorUtilities.cs:100 
Rethrow as TypeInitializationException: The type initializer for 'Spine.Unity.Editor.SpineEditorUtilities' threw an exception.
  at (wrapper managed-to-native) System.Reflection.MonoCMethod.InternalInvoke(System.Reflection.MonoCMethod,object,object[],System.Exception&)
  at System.Reflection.MonoCMethod.InternalInvoke (System.Object obj, System.Object[] parameters) [0x00002] in <9577ac7a62ef43179789031239ba8798>:0 
Rethrow as TargetInvocationException: Exception has been thrown by the target of an invocation.
  at System.Reflection.MonoCMethod.InternalInvoke (System.Object obj, System.Object[] parameters) [0x00014] in <9577ac7a62ef43179789031239ba8798>:0 
  at System.RuntimeType.CreateInstanceMono (System.Boolean nonPublic) [0x000a8] in <9577ac7a62ef43179789031239ba8798>:0 
  at System.RuntimeType.CreateInstanceSlow (System.Boolean publicOnly, System.Boolean skipCheckThis, System.Boolean fillCache, System.Threading.StackCrawlMark& stackMark) [0x00009] in <9577ac7a62ef43179789031239ba8798>:0 
  at System.RuntimeType.CreateInstanceDefaultCtor (System.Boolean publicOnly, System.Boolean skipCheckThis, System.Boolean fillCache, System.Threading.StackCrawlMark& stackMark) [0x00027] in <9577ac7a62ef43179789031239ba8798>:0 
  at System.Activator.CreateInstance (System.Type type, System.Boolean nonPublic) [0x00020] in <9577ac7a62ef43179789031239ba8798>:0 
  at System.Activator.CreateInstance (System.Type type) [0x00000] in <9577ac7a62ef43179789031239ba8798>:0 
  at UnityEditor.AssetPostprocessingInternal.GetSpeedTreeProcessorsHashString () [0x00035] in <b01046f8b5314fae9e67f2e947544d2e>:0 
UnityEngine.DebugLogHandler:Internal_LogException(Exception, Object)
UnityEngine.DebugLogHandler:LogException(Exception, Object)
UnityEngine.Logger:LogException(Exception, Object)
UnityEngine.Debug:LogException(Exception)
UnityEditor.AssetPostprocessingInternal:GetSpeedTreeProcessorsHashString()

(Filename: Assets/Spine/Editor/spine-unity/Editor/Windows/SpinePreferences.cs Line: 121)

UnityException: Creating asset at path Assets/Editor/SpineSettings.asset failed.
  at (wrapper managed-to-native) UnityEditor.AssetDatabase.CreateAsset(UnityEngine.Object,string)
  at Spine.Unity.Editor.SpinePreferences.GetOrCreateSettings () [0x00057] in D:\GitHub\Vineyard\Unity\라이트닝 팩맨\Assets\Spine\Editor\spine-unity\Editor\Windows\SpinePreferences.cs:121 
  at Spine.Unity.Editor.SpinePreferences.Load () [0x00000] in D:\GitHub\Vineyard\Unity\라이트닝 팩맨\Assets\Spine\Editor\spine-unity\Editor\Windows\SpinePreferences.cs:106 
  at Spine.Unity.Editor.SpineEditorUtilities.Initialize () [0x00000] in D:\GitHub\Vineyard\Unity\라이트닝 팩맨\Assets\Spine\Editor\spine-unity\Editor\Utility\SpineEditorUtilities.cs:109 
  at Spine.Unity.Editor.SpineEditorUtilities..cctor () [0x0001e] in D:\GitHub\Vineyard\Unity\라이트닝 팩맨\Assets\Spine\Editor\spine-unity\Editor\Utility\SpineEditorUtilities.cs:100 
Rethrow as TypeInitializationException: The type initializer for 'Spine.Unity.Editor.SpineEditorUtilities' threw an exception.
  at (wrapper managed-to-native) System.Reflection.MonoCMethod.InternalInvoke(System.Reflection.MonoCMethod,object,object[],System.Exception&)
  at System.Reflection.MonoCMethod.InternalInvoke (System.Object obj, System.Object[] parameters) [0x00002] in <9577ac7a62ef43179789031239ba8798>:0 
Rethrow as TargetInvocationException: Exception has been thrown by the target of an invocation.
  at System.Reflection.MonoCMethod.InternalInvoke (System.Object obj, System.Object[] parameters) [0x00014] in <9577ac7a62ef43179789031239ba8798>:0 
  at System.RuntimeType.CreateInstanceMono (System.Boolean nonPublic) [0x000a8] in <9577ac7a62ef43179789031239ba8798>:0 
  at System.RuntimeType.CreateInstanceSlow (System.Boolean publicOnly, System.Boolean skipCheckThis, System.Boolean fillCache, System.Threading.StackCrawlMark& stackMark) [0x00009] in <9577ac7a62ef43179789031239ba8798>:0 
  at System.RuntimeType.CreateInstanceDefaultCtor (System.Boolean publicOnly, System.Boolean skipCheckThis, System.Boolean fillCache, System.Threading.StackCrawlMark& stackMark) [0x00027] in <9577ac7a62ef43179789031239ba8798>:0 
  at System.Activator.CreateInstance (System.Type type, System.Boolean nonPublic) [0x00020] in <9577ac7a62ef43179789031239ba8798>:0 
  at System.Activator.CreateInstance (System.Type type) [0x00000] in <9577ac7a62ef43179789031239ba8798>:0 
  at UnityEditor.AssetPostprocessingInternal.GetPrefabProcessorsHashString () [0x00035] in <b01046f8b5314fae9e67f2e947544d2e>:0 
UnityEngine.DebugLogHandler:Internal_LogException(Exception, Object)
UnityEngine.DebugLogHandler:LogException(Exception, Object)
UnityEngine.Logger:LogException(Exception, Object)
UnityEngine.Debug:LogException(Exception)
UnityEditor.AssetPostprocessingInternal:GetPrefabProcessorsHashString()

(Filename: Assets/Spine/Editor/spine-unity/Editor/Windows/SpinePreferences.cs Line: 121)

ReleaseAllScriptCaches did not release all script caches!

Remaining caches:
    spine-unity-editor:Spine.Unity.Editor:SpinePreferences
Native extension for WindowsStandalone target not found
Refreshing native plugins compatible for Editor in 53.19 ms, found 1 plugins.
Preloading 0 native plugins for Editor in 0.00 ms.
UnityEngine.UnityException: Creating asset at path Assets/Editor/SpineSettings.asset failed.
  at (wrapper managed-to-native) UnityEditor.AssetDatabase.CreateAsset(UnityEngine.Object,string)
  at Spine.Unity.Editor.SpinePreferences.GetOrCreateSettings () [0x00057] in D:\GitHub\Vineyard\Unity\라이트닝 팩맨\Assets\Spine\Editor\spine-unity\Editor\Windows\SpinePreferences.cs:121 
  at Spine.Unity.Editor.SpinePreferences.Load () [0x00000] in D:\GitHub\Vineyard\Unity\라이트닝 팩맨\Assets\Spine\Editor\spine-unity\Editor\Windows\SpinePreferences.cs:106 
  at Spine.Unity.Editor.SpineEditorUtilities.Initialize () [0x00000] in D:\GitHub\Vineyard\Unity\라이트닝 팩맨\Assets\Spine\Editor\spine-unity\Editor\Utility\SpineEditorUtilities.cs:109 
  at Spine.Unity.Editor.SpineEditorUtilities..cctor () [0x0001e] in D:\GitHub\Vineyard\Unity\라이트닝 팩맨\Assets\Spine\Editor\spine-unity\Editor\Utility\SpineEditorUtilities.cs:100 
UnityEngine.StackTraceUtility:ExtractStackTrace ()
UnityEngine.DebugLogHandler:LogFormat (UnityEngine.LogType,UnityEngine.Object,string,object[])
UnityEngine.Logger:Log (UnityEngine.LogType,object)
UnityEngine.Debug:LogError (object)
UnityEditor.EditorAssemblies:ProcessInitializeOnLoadAttributes (System.Type[])

Invoked RoslynAnalysisRunner static constructor.
RoslynAnalysisRunner will not be running.
RoslynAnalysisRunner has terminated.
Mono: successfully reloaded assembly
- Completed reload, in  1.300 seconds
Platform modules already initialized, skipping
========================================================================
Worker process is ready to serve import requests
Launched and connected shader compiler UnityShaderCompiler.exe after 0.06 seconds
Refreshing native plugins compatible for Editor in 0.54 ms, found 1 plugins.
Preloading 0 native plugins for Editor in 0.00 ms.
Unloading 2061 Unused Serialized files (Serialized files now loaded: 0)
System memory in use before: 113.2 MB.
System memory in use after: 112.2 MB.

Unloading 32 unused Assets to reduce memory usage. Loaded Objects now: 2513.
Total: 3.936600 ms (FindLiveObjects: 0.755000 ms CreateObjectMapping: 0.108600 ms MarkObjects: 2.124400 ms  DeleteObjects: 0.947200 ms)

========================================================================
Received Import Request.
  path: Assets/Scenes/New Scene.unity
  artifactKey: Guid(3711113899a46f548b02bd40eb23a5ac) Importer(815301076,1909f56bfc062723c751e8b465ee728b)
Start importing Assets/Scenes/New Scene.unity using Guid(3711113899a46f548b02bd40eb23a5ac) Importer(815301076,1909f56bfc062723c751e8b465ee728b)  -> (artifact id: '886d0b45a265d469b391850053e2b27b') in 0.018578 seconds
  Import took 0.024034 seconds .

========================================================================
Received Import Request.
  Time since last request: 0.000396 seconds.
  path: Assets/Scenes/PlayScene.unity
  artifactKey: Guid(2cda990e2423bbf4892e6590ba056729) Importer(815301076,1909f56bfc062723c751e8b465ee728b)
Start importing Assets/Scenes/PlayScene.unity using Guid(2cda990e2423bbf4892e6590ba056729) Importer(815301076,1909f56bfc062723c751e8b465ee728b)  -> (artifact id: 'e925d97cfddb95103a24b787200cf513') in 0.003366 seconds
  Import took 0.008087 seconds .

========================================================================
Received Prepare
Reloading mono domain
Begin MonoManager ReloadAssembly
Registering precompiled unity dll's ...
Register platform support module: C:/Program Files/Unity/Hub/Editor/2020.2.0b7/Editor/Data/PlaybackEngines/WindowsStandaloneSupport/UnityEditor.WindowsStandalone.Extensions.dll
Registered in 0.005609 seconds.
Native extension for WindowsStandalone target not found
Refreshing native plugins compatible for Editor in 51.09 ms, found 1 plugins.
Preloading 0 native plugins for Editor in 0.00 ms.
Invoked RoslynAnalysisRunner static constructor.
RoslynAnalysisRunner will not be running.
RoslynAnalysisRunner has terminated.
Mono: successfully reloaded assembly
- Completed reload, in  3.504 seconds
Platform modules already initialized, skipping
Registering precompiled user dll's ...
Registered in 0.001383 seconds.
Begin MonoManager ReloadAssembly
Native extension for WindowsStandalone target not found
Refreshing native plugins compatible for Editor in 0.61 ms, found 1 plugins.
Preloading 0 native plugins for Editor in 0.00 ms.
Invoked RoslynAnalysisRunner static constructor.
RoslynAnalysisRunner will not be running.
RoslynAnalysisRunner has terminated.
Mono: successfully reloaded assembly
- Completed reload, in  1.355 seconds
Platform modules already initialized, skipping
Refreshing native plugins compatible for Editor in 0.74 ms, found 1 plugins.
Preloading 0 native plugins for Editor in 0.00 ms.
Unloading 69 Unused Serialized files (Serialized files now loaded: 0)
System memory in use before: 106.8 MB.
System memory in use after: 105.6 MB.

Unloading 89 unused Assets to reduce memory usage. Loaded Objects now: 2520.
Total: 4.375500 ms (FindLiveObjects: 0.682300 ms CreateObjectMapping: 0.065300 ms MarkObjects: 2.249400 ms  DeleteObjects: 1.376000 ms)

========================================================================
Received Import Request.
  Time since last request: 2896.268507 seconds.
  path: Assets/resource/Prefab/Obstacle/Rock1.prefab
  artifactKey: Guid(ac4d25f5a442dfe4ebec0d59361bca63) Importer(815301076,1909f56bfc062723c751e8b465ee728b)
Start importing Assets/resource/Prefab/Obstacle/Rock1.prefab using Guid(ac4d25f5a442dfe4ebec0d59361bca63) Importer(815301076,1909f56bfc062723c751e8b465ee728b)  -> (artifact id: 'acb138cfa62665bab29e96c14f030990') in 0.334024 seconds
  Import took 0.372942 seconds .

========================================================================
Received Import Request.
  Time since last request: 0.000519 seconds.
  path: Assets/resource/Prefab/Obstacle/Trap.prefab
  artifactKey: Guid(37e62a33d432d6248bb7f4aed88e22df) Importer(815301076,1909f56bfc062723c751e8b465ee728b)
Start importing Assets/resource/Prefab/Obstacle/Trap.prefab using Guid(37e62a33d432d6248bb7f4aed88e22df) Importer(815301076,1909f56bfc062723c751e8b465ee728b)  -> (artifact id: '2fbf7bb9f3dd8ccf0f2ff8b2ac0ded27') in 0.050204 seconds
  Import took 0.067489 seconds .

========================================================================
Received Import Request.
  Time since last request: 0.000438 seconds.
  path: Assets/resource/Prefab/Obstacle/Tree2.prefab
  artifactKey: Guid(137e57fce1a7b7142821ffc6208c465f) Importer(815301076,1909f56bfc062723c751e8b465ee728b)
Start importing Assets/resource/Prefab/Obstacle/Tree2.prefab using Guid(137e57fce1a7b7142821ffc6208c465f) Importer(815301076,1909f56bfc062723c751e8b465ee728b)  -> (artifact id: 'b19cff08e8c1ec948891d14af1b11ac8') in 0.026860 seconds
  Import took 0.048008 seconds .

========================================================================
Received Import Request.
  Time since last request: 0.000365 seconds.
  path: Assets/resource/Prefab/Obstacle/Fence1.prefab
  artifactKey: Guid(757000e3c3b6d04448eb72c4981b7b30) Importer(815301076,1909f56bfc062723c751e8b465ee728b)
Start importing Assets/resource/Prefab/Obstacle/Fence1.prefab using Guid(757000e3c3b6d04448eb72c4981b7b30) Importer(815301076,1909f56bfc062723c751e8b465ee728b)  -> (artifact id: 'eec4b5bd53dc03342f5ab60a5048135c') in 0.011055 seconds
  Import took 0.034445 seconds .

========================================================================
Received Import Request.
  Time since last request: 0.000383 seconds.
  path: Assets/resource/Prefab/Obstacle/Gravestone1.prefab
  artifactKey: Guid(3d3c1a9d6dd4edf458d9c5c090eb9f29) Importer(815301076,1909f56bfc062723c751e8b465ee728b)
Start importing Assets/resource/Prefab/Obstacle/Gravestone1.prefab using Guid(3d3c1a9d6dd4edf458d9c5c090eb9f29) Importer(815301076,1909f56bfc062723c751e8b465ee728b)  -> (artifact id: '191b9a8554d710c1824e2a6c98522e22') in 0.013187 seconds
  Import took 0.040722 seconds .

========================================================================
Received Import Request.
  Time since last request: 0.000368 seconds.
  path: Assets/resource/Prefab/Obstacle/Rock4.prefab
  artifactKey: Guid(ba9b2ec41e6afad46a016e860fd5e953) Importer(815301076,1909f56bfc062723c751e8b465ee728b)
Start importing Assets/resource/Prefab/Obstacle/Rock4.prefab using Guid(ba9b2ec41e6afad46a016e860fd5e953) Importer(815301076,1909f56bfc062723c751e8b465ee728b)  -> (artifact id: '15662fda053a6c120c288c5336b8b408') in 0.010739 seconds
  Import took 0.015745 seconds .

========================================================================
Received Import Request.
  Time since last request: 0.000369 seconds.
  path: Assets/resource/Prefab/Obstacle/Fence2.prefab
  artifactKey: Guid(38d9fac4dc9790548a658781fa9f03c4) Importer(815301076,1909f56bfc062723c751e8b465ee728b)
Start importing Assets/resource/Prefab/Obstacle/Fence2.prefab using Guid(38d9fac4dc9790548a658781fa9f03c4) Importer(815301076,1909f56bfc062723c751e8b465ee728b)  -> (artifact id: 'c8ed1e121c45b338725af0c77f37dd68') in 0.012593 seconds
  Import took 0.037389 seconds .

========================================================================
Received Import Request.
  Time since last request: 0.000412 seconds.
  path: Assets/resource/Prefab/Obstacle/Rock3.prefab
  artifactKey: Guid(fdd86b59f2409cc49a893a247618a9df) Importer(815301076,1909f56bfc062723c751e8b465ee728b)
Start importing Assets/resource/Prefab/Obstacle/Rock3.prefab using Guid(fdd86b59f2409cc49a893a247618a9df) Importer(815301076,1909f56bfc062723c751e8b465ee728b)  -> (artifact id: '002c5d3be94bdc3268aebe6e7a804007') in 0.011250 seconds
  Import took 0.016871 seconds .

========================================================================
Received Import Request.
  Time since last request: 0.000332 seconds.
  path: Assets/resource/Prefab/Obstacle/Rock2.prefab
  artifactKey: Guid(e4e8ea20d2ad6fa408e4d1d63be38002) Importer(815301076,1909f56bfc062723c751e8b465ee728b)
Start importing Assets/resource/Prefab/Obstacle/Rock2.prefab using Guid(e4e8ea20d2ad6fa408e4d1d63be38002) Importer(815301076,1909f56bfc062723c751e8b465ee728b)  -> (artifact id: '372c5305c51b162af45163466f0ddc2f') in 0.011483 seconds
  Import took 0.017755 seconds .

========================================================================
Received Import Request.
  Time since last request: 0.000397 seconds.
  path: Assets/resource/Prefab/Obstacle/Gravestone2.prefab
  artifactKey: Guid(ee07b081de26dc94db557d26303381fc) Importer(815301076,1909f56bfc062723c751e8b465ee728b)
Start importing Assets/resource/Prefab/Obstacle/Gravestone2.prefab using Guid(ee07b081de26dc94db557d26303381fc) Importer(815301076,1909f56bfc062723c751e8b465ee728b)  -> (artifact id: '58b606eb7691858f3daadfe21be06d9c') in 0.013576 seconds
  Import took 0.020241 seconds .

========================================================================
Received Import Request.
  Time since last request: 0.000358 seconds.
  path: Assets/resource/Prefab/Obstacle/Rock6.prefab
  artifactKey: Guid(26351dd2f9500184a98b1da57d84008f) Importer(815301076,1909f56bfc062723c751e8b465ee728b)
Start importing Assets/resource/Prefab/Obstacle/Rock6.prefab using Guid(26351dd2f9500184a98b1da57d84008f) Importer(815301076,1909f56bfc062723c751e8b465ee728b)  -> (artifact id: '41b117fa445934f2b76c4685540a182b') in 0.012632 seconds
  Import took 0.044891 seconds .

========================================================================
Received Import Request.
  Time since last request: 0.000399 seconds.
  path: Assets/resource/Prefab/Obstacle/Wall.prefab
  artifactKey: Guid(b42f1885045fdaf4a80d5feecf78d4e0) Importer(815301076,1909f56bfc062723c751e8b465ee728b)
Start importing Assets/resource/Prefab/Obstacle/Wall.prefab using Guid(b42f1885045fdaf4a80d5feecf78d4e0) Importer(815301076,1909f56bfc062723c751e8b465ee728b)  -> (artifact id: '01bc47790de284be32258b71d14e95a8') in 0.011602 seconds
  Import took 0.039987 seconds .

========================================================================
Received Import Request.
  Time since last request: 0.000343 seconds.
  path: Assets/resource/Prefab/Obstacle/Tree1.prefab
  artifactKey: Guid(a4aa28efef5470b4185b18a502ad6f39) Importer(815301076,1909f56bfc062723c751e8b465ee728b)
Start importing Assets/resource/Prefab/Obstacle/Tree1.prefab using Guid(a4aa28efef5470b4185b18a502ad6f39) Importer(815301076,1909f56bfc062723c751e8b465ee728b)  -> (artifact id: 'eb1f4e24a57aa173fba159fbf734c1f7') in 0.010335 seconds
  Import took 0.026365 seconds .

========================================================================
Received Import Request.
  Time since last request: 0.000382 seconds.
  path: Assets/resource/Prefab/Obstacle/Rock5.prefab
  artifactKey: Guid(1a871c8ae598a144fa106473d6ae8c5d) Importer(815301076,1909f56bfc062723c751e8b465ee728b)
Start importing Assets/resource/Prefab/Obstacle/Rock5.prefab using Guid(1a871c8ae598a144fa106473d6ae8c5d) Importer(815301076,1909f56bfc062723c751e8b465ee728b)  -> (artifact id: '5bba2c3cf7b00563f127c0f074c0348a') in 0.012365 seconds
  Import took 0.017942 seconds .

========================================================================
Received Import Request.
  Time since last request: 0.000389 seconds.
  path: Assets/resource/Prefab/Obstacle/Rock7.prefab
  artifactKey: Guid(53472561fb4003c449c846e055aea585) Importer(815301076,1909f56bfc062723c751e8b465ee728b)
Start importing Assets/resource/Prefab/Obstacle/Rock7.prefab using Guid(53472561fb4003c449c846e055aea585) Importer(815301076,1909f56bfc062723c751e8b465ee728b)  -> (artifact id: 'b0f7dc1e54e4e738d9242370cdd5a54f') in 0.011228 seconds
  Import took 0.031154 seconds .

========================================================================
Received Prepare
Reloading mono domain
Begin MonoManager ReloadAssembly
Registering precompiled unity dll's ...
Register platform support module: C:/Program Files/Unity/Hub/Editor/2020.2.0b7/Editor/Data/PlaybackEngines/WindowsStandaloneSupport/UnityEditor.WindowsStandalone.Extensions.dll
Registered in 0.003703 seconds.
Native extension for WindowsStandalone target not found
Refreshing native plugins compatible for Editor in 57.29 ms, found 1 plugins.
Preloading 0 native plugins for Editor in 0.00 ms.
Invoked RoslynAnalysisRunner static constructor.
RoslynAnalysisRunner will not be running.
RoslynAnalysisRunner has terminated.
Mono: successfully reloaded assembly
- Completed reload, in  1.380 seconds
Platform modules already initialized, skipping
Registering precompiled user dll's ...
Registered in 0.001695 seconds.
Begin MonoManager ReloadAssembly
Native extension for WindowsStandalone target not found
Refreshing native plugins compatible for Editor in 0.65 ms, found 1 plugins.
Preloading 0 native plugins for Editor in 0.00 ms.
Invoked RoslynAnalysisRunner static constructor.
RoslynAnalysisRunner will not be running.
RoslynAnalysisRunner has terminated.
Mono: successfully reloaded assembly
- Completed reload, in  1.308 seconds
Platform modules already initialized, skipping
Refreshing native plugins compatible for Editor in 0.53 ms, found 1 plugins.
Preloading 0 native plugins for Editor in 0.00 ms.
Unloading 100 Unused Serialized files (Serialized files now loaded: 0)
System memory in use before: 108.0 MB.
System memory in use after: 107.0 MB.

Unloading 89 unused Assets to reduce memory usage. Loaded Objects now: 2563.
Total: 4.469500 ms (FindLiveObjects: 0.725500 ms CreateObjectMapping: 0.114500 ms MarkObjects: 2.418100 ms  DeleteObjects: 1.209500 ms)

========================================================================
Received Import Request.
  Time since last request: 207.995636 seconds.
  path: Assets/resource/Prefab/Obstacle/Fence1.prefab
  artifactKey: Guid(757000e3c3b6d04448eb72c4981b7b30) Importer(815301076,1909f56bfc062723c751e8b465ee728b)
Start importing Assets/resource/Prefab/Obstacle/Fence1.prefab using Guid(757000e3c3b6d04448eb72c4981b7b30) Importer(815301076,1909f56bfc062723c751e8b465ee728b)  -> (artifact id: '7645fcd1a525ebf2bce90159dbdf1dbb') in 0.102616 seconds
  Import took 0.138572 seconds .

========================================================================
Received Import Request.
  Time since last request: 0.000528 seconds.
  path: Assets/resource/Prefab/Obstacle/Trap.prefab
  artifactKey: Guid(37e62a33d432d6248bb7f4aed88e22df) Importer(815301076,1909f56bfc062723c751e8b465ee728b)
Start importing Assets/resource/Prefab/Obstacle/Trap.prefab using Guid(37e62a33d432d6248bb7f4aed88e22df) Importer(815301076,1909f56bfc062723c751e8b465ee728b)  -> (artifact id: 'cdfde43d3c2034c484e9ca4c8e103f24') in 0.017646 seconds
  Import took 0.043619 seconds .

========================================================================
Received Import Request.
  Time since last request: 0.000580 seconds.
  path: Assets/resource/Prefab/Obstacle/Tree2.prefab
  artifactKey: Guid(137e57fce1a7b7142821ffc6208c465f) Importer(815301076,1909f56bfc062723c751e8b465ee728b)
Start importing Assets/resource/Prefab/Obstacle/Tree2.prefab using Guid(137e57fce1a7b7142821ffc6208c465f) Importer(815301076,1909f56bfc062723c751e8b465ee728b)  -> (artifact id: 'ad89eb3fcd5d49f74d94b79b4027a1a9') in 0.015904 seconds
  Import took 0.041401 seconds .

========================================================================
Received Import Request.
  Time since last request: 0.000483 seconds.
  path: Assets/resource/Prefab/Obstacle/Gravestone1.prefab
  artifactKey: Guid(3d3c1a9d6dd4edf458d9c5c090eb9f29) Importer(815301076,1909f56bfc062723c751e8b465ee728b)
Start importing Assets/resource/Prefab/Obstacle/Gravestone1.prefab using Guid(3d3c1a9d6dd4edf458d9c5c090eb9f29) Importer(815301076,1909f56bfc062723c751e8b465ee728b)  -> (artifact id: '59a9afab2254694e603c6e6ad11352f6') in 0.016889 seconds
  Import took 0.024364 seconds .

========================================================================
Received Import Request.
  Time since last request: 0.000567 seconds.
  path: Assets/resource/Prefab/Obstacle/Rock4.prefab
  artifactKey: Guid(ba9b2ec41e6afad46a016e860fd5e953) Importer(815301076,1909f56bfc062723c751e8b465ee728b)
Start importing Assets/resource/Prefab/Obstacle/Rock4.prefab using Guid(ba9b2ec41e6afad46a016e860fd5e953) Importer(815301076,1909f56bfc062723c751e8b465ee728b)  -> (artifact id: 'df59f3237c904bc0e76c3e7883163850') in 0.017321 seconds
  Import took 0.028324 seconds .

========================================================================
Received Import Request.
  Time since last request: 0.000504 seconds.
  path: Assets/resource/Prefab/Obstacle/Rock1.prefab
  artifactKey: Guid(ac4d25f5a442dfe4ebec0d59361bca63) Importer(815301076,1909f56bfc062723c751e8b465ee728b)
Start importing Assets/resource/Prefab/Obstacle/Rock1.prefab using Guid(ac4d25f5a442dfe4ebec0d59361bca63) Importer(815301076,1909f56bfc062723c751e8b465ee728b)  -> (artifact id: 'a577f42ddd29b7b5c3ab4b882469fe14') in 0.026413 seconds
  Import took 0.046245 seconds .

========================================================================
Received Import Request.
  Time since last request: 0.000591 seconds.
  path: Assets/resource/Prefab/Obstacle/Fence2.prefab
  artifactKey: Guid(38d9fac4dc9790548a658781fa9f03c4) Importer(815301076,1909f56bfc062723c751e8b465ee728b)
Start importing Assets/resource/Prefab/Obstacle/Fence2.prefab using Guid(38d9fac4dc9790548a658781fa9f03c4) Importer(815301076,1909f56bfc062723c751e8b465ee728b)  -> (artifact id: '58c5986cb823fe47c78366ba5bb0ade6') in 0.020378 seconds
  Import took 0.031279 seconds .

========================================================================
Received Import Request.
  Time since last request: 0.001032 seconds.
  path: Assets/resource/Prefab/Obstacle/Rock3.prefab
  artifactKey: Guid(fdd86b59f2409cc49a893a247618a9df) Importer(815301076,1909f56bfc062723c751e8b465ee728b)
Start importing Assets/resource/Prefab/Obstacle/Rock3.prefab using Guid(fdd86b59f2409cc49a893a247618a9df) Importer(815301076,1909f56bfc062723c751e8b465ee728b)  -> (artifact id: 'ea57a51b49cae3723c5826c7baacce86') in 0.023117 seconds
  Import took 0.057151 seconds .

========================================================================
Received Import Request.
  Time since last request: 0.000562 seconds.
  path: Assets/resource/Prefab/Obstacle/Rock2.prefab
  artifactKey: Guid(e4e8ea20d2ad6fa408e4d1d63be38002) Importer(815301076,1909f56bfc062723c751e8b465ee728b)
Start importing Assets/resource/Prefab/Obstacle/Rock2.prefab using Guid(e4e8ea20d2ad6fa408e4d1d63be38002) Importer(815301076,1909f56bfc062723c751e8b465ee728b)  -> (artifact id: '401aeebce0b9d9752b68d92e268ad9ba') in 0.016431 seconds
  Import took 0.025514 seconds .

========================================================================
Received Import Request.
  Time since last request: 0.000767 seconds.
  path: Assets/resource/Prefab/Obstacle/Gravestone2.prefab
  artifactKey: Guid(ee07b081de26dc94db557d26303381fc) Importer(815301076,1909f56bfc062723c751e8b465ee728b)
Start importing Assets/resource/Prefab/Obstacle/Gravestone2.prefab using Guid(ee07b081de26dc94db557d26303381fc) Importer(815301076,1909f56bfc062723c751e8b465ee728b)  -> (artifact id: '75a79686c495693178f990a9829d94a6') in 0.013272 seconds
  Import took 0.034181 seconds .

========================================================================
Received Import Request.
  Time since last request: 0.000442 seconds.
  path: Assets/resource/Prefab/Obstacle/Rock6.prefab
  artifactKey: Guid(26351dd2f9500184a98b1da57d84008f) Importer(815301076,1909f56bfc062723c751e8b465ee728b)
Start importing Assets/resource/Prefab/Obstacle/Rock6.prefab using Guid(26351dd2f9500184a98b1da57d84008f) Importer(815301076,1909f56bfc062723c751e8b465ee728b)  -> (artifact id: 'a2b61b86e36ee8861c5ca5bb3035ff29') in 0.013390 seconds
  Import took 0.020268 seconds .

========================================================================
Received Import Request.
  Time since last request: 0.000484 seconds.
  path: Assets/resource/Prefab/Obstacle/Wall.prefab
  artifactKey: Guid(b42f1885045fdaf4a80d5feecf78d4e0) Importer(815301076,1909f56bfc062723c751e8b465ee728b)
Start importing Assets/resource/Prefab/Obstacle/Wall.prefab using Guid(b42f1885045fdaf4a80d5feecf78d4e0) Importer(815301076,1909f56bfc062723c751e8b465ee728b)  -> (artifact id: '4b828891e4f50b8014c4a8d8434bb35f') in 0.012960 seconds
  Import took 0.019124 seconds .

========================================================================
Received Import Request.
  Time since last request: 0.000336 seconds.
  path: Assets/resource/Prefab/Obstacle/Tree1.prefab
  artifactKey: Guid(a4aa28efef5470b4185b18a502ad6f39) Importer(815301076,1909f56bfc062723c751e8b465ee728b)
Start importing Assets/resource/Prefab/Obstacle/Tree1.prefab using Guid(a4aa28efef5470b4185b18a502ad6f39) Importer(815301076,1909f56bfc062723c751e8b465ee728b)  -> (artifact id: '4c8a771164eef7cf338bf7265c7e716b') in 0.012154 seconds
  Import took 0.018577 seconds .

========================================================================
Received Import Request.
  Time since last request: 0.000421 seconds.
  path: Assets/resource/Prefab/Obstacle/Rock5.prefab
  artifactKey: Guid(1a871c8ae598a144fa106473d6ae8c5d) Importer(815301076,1909f56bfc062723c751e8b465ee728b)
Start importing Assets/resource/Prefab/Obstacle/Rock5.prefab using Guid(1a871c8ae598a144fa106473d6ae8c5d) Importer(815301076,1909f56bfc062723c751e8b465ee728b)  -> (artifact id: 'b72632c3bfcc7c022935384cd52fab20') in 0.012905 seconds
  Import took 0.019164 seconds .

========================================================================
Received Import Request.
  Time since last request: 0.000362 seconds.
  path: Assets/resource/Prefab/Obstacle/Rock7.prefab
  artifactKey: Guid(53472561fb4003c449c846e055aea585) Importer(815301076,1909f56bfc062723c751e8b465ee728b)
Start importing Assets/resource/Prefab/Obstacle/Rock7.prefab using Guid(53472561fb4003c449c846e055aea585) Importer(815301076,1909f56bfc062723c751e8b465ee728b)  -> (artifact id: '611978a4b26415c90d900043d8ec6f3a') in 0.012321 seconds
  Import took 0.025350 seconds .

========================================================================
Received Import Request.
  Time since last request: 13.881942 seconds.
  path: Assets/resource/Prefab/Obstacle/Fence1.prefab
  artifactKey: Guid(757000e3c3b6d04448eb72c4981b7b30) Importer(815301076,1909f56bfc062723c751e8b465ee728b)
Start importing Assets/resource/Prefab/Obstacle/Fence1.prefab using Guid(757000e3c3b6d04448eb72c4981b7b30) Importer(815301076,1909f56bfc062723c751e8b465ee728b)  -> (artifact id: '8f82ea64cbf8e7d203a8d3e8e6e72bdf') in 0.017655 seconds
  Import took 0.041281 seconds .

========================================================================
Received Import Request.
  Time since last request: 0.000520 seconds.
  path: Assets/resource/Prefab/Obstacle/Trap.prefab
  artifactKey: Guid(37e62a33d432d6248bb7f4aed88e22df) Importer(815301076,1909f56bfc062723c751e8b465ee728b)
Start importing Assets/resource/Prefab/Obstacle/Trap.prefab using Guid(37e62a33d432d6248bb7f4aed88e22df) Importer(815301076,1909f56bfc062723c751e8b465ee728b)  -> (artifact id: '5e79ad9c9369fe7320aa8438a03b66f3') in 0.018199 seconds
  Import took 0.045286 seconds .

========================================================================
Received Import Request.
  Time since last request: 0.000499 seconds.
  path: Assets/resource/Prefab/Obstacle/Tree2.prefab
  artifactKey: Guid(137e57fce1a7b7142821ffc6208c465f) Importer(815301076,1909f56bfc062723c751e8b465ee728b)
Start importing Assets/resource/Prefab/Obstacle/Tree2.prefab using Guid(137e57fce1a7b7142821ffc6208c465f) Importer(815301076,1909f56bfc062723c751e8b465ee728b)  -> (artifact id: 'd8b2a94c197032efe778532109552f02') in 0.015278 seconds
  Import took 0.049273 seconds .

========================================================================
Received Import Request.
  Time since last request: 0.001257 seconds.
  path: Assets/resource/Prefab/Obstacle/Gravestone1.prefab
  artifactKey: Guid(3d3c1a9d6dd4edf458d9c5c090eb9f29) Importer(815301076,1909f56bfc062723c751e8b465ee728b)
Start importing Assets/resource/Prefab/Obstacle/Gravestone1.prefab using Guid(3d3c1a9d6dd4edf458d9c5c090eb9f29) Importer(815301076,1909f56bfc062723c751e8b465ee728b)  -> (artifact id: 'cace7599c78937dd2f7fc7f448315e16') in 0.017110 seconds
  Import took 0.034379 seconds .

========================================================================
Received Import Request.
  Time since last request: 0.001047 seconds.
  path: Assets/resource/Prefab/Obstacle/Rock4.prefab
  artifactKey: Guid(ba9b2ec41e6afad46a016e860fd5e953) Importer(815301076,1909f56bfc062723c751e8b465ee728b)
Start importing Assets/resource/Prefab/Obstacle/Rock4.prefab using Guid(ba9b2ec41e6afad46a016e860fd5e953) Importer(815301076,1909f56bfc062723c751e8b465ee728b)  -> (artifact id: 'e7dc3f034a3a89fe9063cabde0582d64') in 0.018512 seconds
  Import took 0.026615 seconds .

========================================================================
Received Import Request.
  Time since last request: 0.001597 seconds.
  path: Assets/resource/Prefab/Obstacle/Rock1.prefab
  artifactKey: Guid(ac4d25f5a442dfe4ebec0d59361bca63) Importer(815301076,1909f56bfc062723c751e8b465ee728b)
Start importing Assets/resource/Prefab/Obstacle/Rock1.prefab using Guid(ac4d25f5a442dfe4ebec0d59361bca63) Importer(815301076,1909f56bfc062723c751e8b465ee728b)  -> (artifact id: '15bdd8553652aed5077d077900b5216e') in 0.035714 seconds
  Import took 0.043996 seconds .

========================================================================
Received Import Request.
  Time since last request: 0.000601 seconds.
  path: Assets/resource/Prefab/Obstacle/Fence2.prefab
  artifactKey: Guid(38d9fac4dc9790548a658781fa9f03c4) Importer(815301076,1909f56bfc062723c751e8b465ee728b)
Start importing Assets/resource/Prefab/Obstacle/Fence2.prefab using Guid(38d9fac4dc9790548a658781fa9f03c4) Importer(815301076,1909f56bfc062723c751e8b465ee728b)  -> (artifact id: '1c47b95f7755ba97cd19dc8112798f4d') in 0.018024 seconds
  Import took 0.026770 seconds .

========================================================================
Received Import Request.
  Time since last request: 0.000498 seconds.
  path: Assets/resource/Prefab/Obstacle/Rock3.prefab
  artifactKey: Guid(fdd86b59f2409cc49a893a247618a9df) Importer(815301076,1909f56bfc062723c751e8b465ee728b)
Start importing Assets/resource/Prefab/Obstacle/Rock3.prefab using Guid(fdd86b59f2409cc49a893a247618a9df) Importer(815301076,1909f56bfc062723c751e8b465ee728b)  -> (artifact id: '97f2488f0d8903d66fb533c5af96355f') in 0.024333 seconds
  Import took 0.053282 seconds .

========================================================================
Received Import Request.
  Time since last request: 0.000745 seconds.
  path: Assets/resource/Prefab/Obstacle/Rock2.prefab
  artifactKey: Guid(e4e8ea20d2ad6fa408e4d1d63be38002) Importer(815301076,1909f56bfc062723c751e8b465ee728b)
Start importing Assets/resource/Prefab/Obstacle/Rock2.prefab using Guid(e4e8ea20d2ad6fa408e4d1d63be38002) Importer(815301076,1909f56bfc062723c751e8b465ee728b)  -> (artifact id: '299d08b8871de8e68bdcd0709bca92b0') in 0.018782 seconds
  Import took 0.026807 seconds .

========================================================================
Received Import Request.
  Time since last request: 0.000456 seconds.
  path: Assets/resource/Prefab/Obstacle/Gravestone2.prefab
  artifactKey: Guid(ee07b081de26dc94db557d26303381fc) Importer(815301076,1909f56bfc062723c751e8b465ee728b)
Start importing Assets/resource/Prefab/Obstacle/Gravestone2.prefab using Guid(ee07b081de26dc94db557d26303381fc) Importer(815301076,1909f56bfc062723c751e8b465ee728b)  -> (artifact id: '8f356b61356ead2b4875689fe4dc5f9c') in 0.018230 seconds
  Import took 0.026534 seconds .

========================================================================
Received Import Request.
  Time since last request: 0.000355 seconds.
  path: Assets/resource/Prefab/Obstacle/Rock6.prefab
  artifactKey: Guid(26351dd2f9500184a98b1da57d84008f) Importer(815301076,1909f56bfc062723c751e8b465ee728b)
Start importing Assets/resource/Prefab/Obstacle/Rock6.prefab using Guid(26351dd2f9500184a98b1da57d84008f) Importer(815301076,1909f56bfc062723c751e8b465ee728b)  -> (artifact id: '0b9872d7e8276056ef499ec5f6a2c3db') in 0.015730 seconds
  Import took 0.024000 seconds .

========================================================================
Received Import Request.
  Time since last request: 0.000601 seconds.
  path: Assets/resource/Prefab/Obstacle/Wall.prefab
  artifactKey: Guid(b42f1885045fdaf4a80d5feecf78d4e0) Importer(815301076,1909f56bfc062723c751e8b465ee728b)
Start importing Assets/resource/Prefab/Obstacle/Wall.prefab using Guid(b42f1885045fdaf4a80d5feecf78d4e0) Importer(815301076,1909f56bfc062723c751e8b465ee728b)  -> (artifact id: '793d01b46d4d4ef1bd63a4c91ee98f34') in 0.017843 seconds
  Import took 0.026303 seconds .

========================================================================
Received Import Request.
  Time since last request: 0.000669 seconds.
  path: Assets/resource/Prefab/Obstacle/Tree1.prefab
  artifactKey: Guid(a4aa28efef5470b4185b18a502ad6f39) Importer(815301076,1909f56bfc062723c751e8b465ee728b)
Start importing Assets/resource/Prefab/Obstacle/Tree1.prefab using Guid(a4aa28efef5470b4185b18a502ad6f39) Importer(815301076,1909f56bfc062723c751e8b465ee728b)  -> (artifact id: '46f4558ede861acf72763c6c4707f7aa') in 0.017587 seconds
  Import took 0.035814 seconds .

========================================================================
Received Import Request.
  Time since last request: 0.000521 seconds.
  path: Assets/resource/Prefab/Obstacle/Rock5.prefab
  artifactKey: Guid(1a871c8ae598a144fa106473d6ae8c5d) Importer(815301076,1909f56bfc062723c751e8b465ee728b)
Start importing Assets/resource/Prefab/Obstacle/Rock5.prefab using Guid(1a871c8ae598a144fa106473d6ae8c5d) Importer(815301076,1909f56bfc062723c751e8b465ee728b)  -> (artifact id: 'e3e7b10666153ce365fcc4c75f71020a') in 0.017096 seconds
  Import took 0.037777 seconds .

========================================================================
Received Import Request.
  Time since last request: 0.000550 seconds.
  path: Assets/resource/Prefab/Obstacle/Rock7.prefab
  artifactKey: Guid(53472561fb4003c449c846e055aea585) Importer(815301076,1909f56bfc062723c751e8b465ee728b)
Start importing Assets/resource/Prefab/Obstacle/Rock7.prefab using Guid(53472561fb4003c449c846e055aea585) Importer(815301076,1909f56bfc062723c751e8b465ee728b)  -> (artifact id: 'ef50d965a80efd5f98d3d4da7900b320') in 0.026590 seconds
  Import took 0.060863 seconds .

========================================================================
Received Import Request.
  Time since last request: 3777.290578 seconds.
  path: Assets/resource/Model/Rock/Etc/[GIMMICK]rock_dash_1 (merge).fbx
  artifactKey: Guid(6c44e0ffb7f049f41979315f5252d2c6) Importer(815301076,1909f56bfc062723c751e8b465ee728b)
Start importing Assets/resource/Model/Rock/Etc/[GIMMICK]rock_dash_1 (merge).fbx using Guid(6c44e0ffb7f049f41979315f5252d2c6) Importer(815301076,1909f56bfc062723c751e8b465ee728b)  -> (artifact id: '149d51b711254613e93b19a331797088') in 0.665646 seconds
  Import took 0.754726 seconds .

========================================================================
Received Import Request.
  Time since last request: 0.001333 seconds.
  path: Assets/resource/Model/Rock/Etc/sanjose.tga
  artifactKey: Guid(d5ea160dce0b8b44f8f80bf6fc8ff170) Importer(815301076,1909f56bfc062723c751e8b465ee728b)
Start importing Assets/resource/Model/Rock/Etc/sanjose.tga using Guid(d5ea160dce0b8b44f8f80bf6fc8ff170) Importer(815301076,1909f56bfc062723c751e8b465ee728b)  -> (artifact id: 'a252301a970a678150b39a3587599967') in 0.077831 seconds
  Import took 0.114881 seconds .

========================================================================
Received Import Request.
  Time since last request: 0.000546 seconds.
  path: Assets/resource/Model/Rock/Etc/wall_fence_1 (merge).fbx
  artifactKey: Guid(4abb69074b5a4374a87045938a7aad6a) Importer(815301076,1909f56bfc062723c751e8b465ee728b)
Start importing Assets/resource/Model/Rock/Etc/wall_fence_1 (merge).fbx using Guid(4abb69074b5a4374a87045938a7aad6a) Importer(815301076,1909f56bfc062723c751e8b465ee728b)  -> (artifact id: '21dbd1298544f3988cce916d5e0af97d') in 0.044566 seconds
  Import took 0.068599 seconds .

========================================================================
Received Import Request.
  Time since last request: 0.000535 seconds.
  path: Assets/resource/Model/Rock/Etc/[GIMMICK]small_rock_dash_2 1 (merge).fbx
  artifactKey: Guid(c7d59a865b2a394499216e611198faec) Importer(815301076,1909f56bfc062723c751e8b465ee728b)
Start importing Assets/resource/Model/Rock/Etc/[GIMMICK]small_rock_dash_2 1 (merge).fbx using Guid(c7d59a865b2a394499216e611198faec) Importer(815301076,1909f56bfc062723c751e8b465ee728b)  -> (artifact id: '53dd6981d6ea7457780e990de1d0b5ac') in 0.068262 seconds
  Import took 0.122001 seconds .

========================================================================
Received Import Request.
  Time since last request: 0.000553 seconds.
  path: Assets/resource/Model/Rock/Etc/matcap_sanjose.tga
  artifactKey: Guid(c1ff29d8678b20a48b14cbfee646cbbd) Importer(815301076,1909f56bfc062723c751e8b465ee728b)
Start importing Assets/resource/Model/Rock/Etc/matcap_sanjose.tga using Guid(c1ff29d8678b20a48b14cbfee646cbbd) Importer(815301076,1909f56bfc062723c751e8b465ee728b)  -> (artifact id: '92082ec4f388c95aebfeb8974936421d') in 0.023179 seconds
  Import took 0.043957 seconds .

========================================================================
Received Import Request.
  Time since last request: 0.000513 seconds.
  path: Assets/resource/Model/Rock/Etc/demonRock (merge).fbx
  artifactKey: Guid(a5f7a3b908b721b4b95a88aa422fa582) Importer(815301076,1909f56bfc062723c751e8b465ee728b)
Start importing Assets/resource/Model/Rock/Etc/demonRock (merge).fbx using Guid(a5f7a3b908b721b4b95a88aa422fa582) Importer(815301076,1909f56bfc062723c751e8b465ee728b)  -> (artifact id: 'edd0b850619b33319e0a08ff8b4dccbe') in 0.032872 seconds
  Import took 0.041137 seconds .

========================================================================
Received Import Request.
  Time since last request: 0.000573 seconds.
  path: Assets/resource/Model/Rock/Etc/matcap_demonRock.tga
  artifactKey: Guid(a864491b57d54e4449bd2e259d2e5885) Importer(815301076,1909f56bfc062723c751e8b465ee728b)
Start importing Assets/resource/Model/Rock/Etc/matcap_demonRock.tga using Guid(a864491b57d54e4449bd2e259d2e5885) Importer(815301076,1909f56bfc062723c751e8b465ee728b)  -> (artifact id: '4d0bfe7021d751b36309f61d0eee085d') in 0.027250 seconds
  Import took 0.048123 seconds .

========================================================================
Received Import Request.
  Time since last request: 0.000529 seconds.
  path: Assets/resource/Model/Rock/Etc/demonRock.tga
  artifactKey: Guid(be6f0fb5c9279c64c8cb5b368e50650c) Importer(815301076,1909f56bfc062723c751e8b465ee728b)
Start importing Assets/resource/Model/Rock/Etc/demonRock.tga using Guid(be6f0fb5c9279c64c8cb5b368e50650c) Importer(815301076,1909f56bfc062723c751e8b465ee728b)  -> (artifact id: 'ccb1340b32f8421db54045b389b3654e') in 0.023266 seconds
  Import took 0.046182 seconds .

========================================================================
Received Import Request.
  Time since last request: 0.000610 seconds.
  path: Assets/resource/Model/Rock/Etc/matcap_gimmick.tga
  artifactKey: Guid(79300bcdd15af394791dc73d6f28b130) Importer(815301076,1909f56bfc062723c751e8b465ee728b)
Start importing Assets/resource/Model/Rock/Etc/matcap_gimmick.tga using Guid(79300bcdd15af394791dc73d6f28b130) Importer(815301076,1909f56bfc062723c751e8b465ee728b)  -> (artifact id: '540dbb2fb31555245d0bef27805be5e7') in 0.026385 seconds
  Import took 0.033181 seconds .

========================================================================
Received Import Request.
  Time since last request: 0.000490 seconds.
  path: Assets/resource/Model/Rock/Etc/gimmick.tga
  artifactKey: Guid(99f58067f4a4ddb4680c18c48c023607) Importer(815301076,1909f56bfc062723c751e8b465ee728b)
Start importing Assets/resource/Model/Rock/Etc/gimmick.tga using Guid(99f58067f4a4ddb4680c18c48c023607) Importer(815301076,1909f56bfc062723c751e8b465ee728b)  -> (artifact id: '7ab74baf5a6ae71da272b1bd6087d831') in 0.049615 seconds
  Import took 0.085242 seconds .

========================================================================
Received Import Request.
  Time since last request: 5.698082 seconds.
  path: Assets/resource/Model/Rock/Desert/desert.tga
  artifactKey: Guid(7b41899c4313eb342b8d199695436eb8) Importer(815301076,1909f56bfc062723c751e8b465ee728b)
Start importing Assets/resource/Model/Rock/Desert/desert.tga using Guid(7b41899c4313eb342b8d199695436eb8) Importer(815301076,1909f56bfc062723c751e8b465ee728b)  -> (artifact id: '950f5715963e19f66b294f6f17563076') in 0.038450 seconds
  Import took 0.062406 seconds .

========================================================================
Received Import Request.
  Time since last request: 0.000396 seconds.
  path: Assets/resource/Model/Rock/Desert/matcap_desert_yellow.tga
  artifactKey: Guid(8428c4b91662de947b01bfe709ba99d8) Importer(815301076,1909f56bfc062723c751e8b465ee728b)
Start importing Assets/resource/Model/Rock/Desert/matcap_desert_yellow.tga using Guid(8428c4b91662de947b01bfe709ba99d8) Importer(815301076,1909f56bfc062723c751e8b465ee728b)  -> (artifact id: 'a8f1997f3013dfb4b8b095357850951b') in 0.025362 seconds
  Import took 0.074620 seconds .

========================================================================
Received Import Request.
  Time since last request: 0.000383 seconds.
  path: Assets/resource/Model/Rock/Desert/obj_rock7 (merge).fbx
  artifactKey: Guid(5251186b08cbdb0419e65c6befa6b781) Importer(815301076,1909f56bfc062723c751e8b465ee728b)
Start importing Assets/resource/Model/Rock/Desert/obj_rock7 (merge).fbx using Guid(5251186b08cbdb0419e65c6befa6b781) Importer(815301076,1909f56bfc062723c751e8b465ee728b)  -> (artifact id: '323dade25519fd5fb77e6c94101c1de2') in 0.083282 seconds
  Import took 0.110053 seconds .

========================================================================
Received Import Request.
  Time since last request: 0.003851 seconds.
  path: Assets/resource/Model/Rock/Desert/obj_rock7 (merge).fbx
  artifactKey: Guid(5251186b08cbdb0419e65c6befa6b781) Importer(815301076,1909f56bfc062723c751e8b465ee728b)
Start importing Assets/resource/Model/Rock/Desert/obj_rock7 (merge).fbx using Guid(5251186b08cbdb0419e65c6befa6b781) Importer(815301076,1909f56bfc062723c751e8b465ee728b)  -> (artifact id: '323dade25519fd5fb77e6c94101c1de2') in 0.026346 seconds
  Import took 0.046989 seconds .

========================================================================
Received Import Request.
  Time since last request: 1.956715 seconds.
  path: Assets/resource/Model/Rock/Forest/forest.tga
  artifactKey: Guid(e15b1e8ef6d529f41b7b025f3d141c4c) Importer(815301076,1909f56bfc062723c751e8b465ee728b)
Start importing Assets/resource/Model/Rock/Forest/forest.tga using Guid(e15b1e8ef6d529f41b7b025f3d141c4c) Importer(815301076,1909f56bfc062723c751e8b465ee728b)  -> (artifact id: 'fced0c28a1082c6fc05c80a94e3d21e5') in 0.021006 seconds
  Import took 0.026030 seconds .

========================================================================
Received Import Request.
  Time since last request: 0.000364 seconds.
  path: Assets/resource/Model/Rock/Forest/obj_rock5 (merge).fbx
  artifactKey: Guid(f91bb9485e67b9c40a88d1b54da9ada8) Importer(815301076,1909f56bfc062723c751e8b465ee728b)
Start importing Assets/resource/Model/Rock/Forest/obj_rock5 (merge).fbx using Guid(f91bb9485e67b9c40a88d1b54da9ada8) Importer(815301076,1909f56bfc062723c751e8b465ee728b)  -> (artifact id: 'f360a6726be45940bf82ec2d9090915b') in 0.029879 seconds
  Import took 0.055741 seconds .

========================================================================
Received Import Request.
  Time since last request: 0.000321 seconds.
  path: Assets/resource/Model/Rock/Forest/fox.tga
  artifactKey: Guid(f683104a426b43640885d9110cd41b8c) Importer(815301076,1909f56bfc062723c751e8b465ee728b)
Start importing Assets/resource/Model/Rock/Forest/fox.tga using Guid(f683104a426b43640885d9110cd41b8c) Importer(815301076,1909f56bfc062723c751e8b465ee728b)  -> (artifact id: '4e684971f9519d1b5454e23d6cf0de70') in 0.012401 seconds
  Import took 0.021302 seconds .

========================================================================
Received Import Request.
  Time since last request: 0.000392 seconds.
  path: Assets/resource/Model/Rock/Forest/matcap_forest.tga
  artifactKey: Guid(6207afff2fdb91d40b8fcc29ecff0eab) Importer(815301076,1909f56bfc062723c751e8b465ee728b)
Start importing Assets/resource/Model/Rock/Forest/matcap_forest.tga using Guid(6207afff2fdb91d40b8fcc29ecff0eab) Importer(815301076,1909f56bfc062723c751e8b465ee728b)  -> (artifact id: 'b70c1f61de7ec475c35cc32d90bc8362') in 0.039669 seconds
  Import took 0.044523 seconds .

========================================================================
Received Import Request.
  Time since last request: 0.000423 seconds.
  path: Assets/resource/Model/Rock/Forest/obj_rock4 (merge).fbx
  artifactKey: Guid(566a01ff5ffbd804999142831b53d00e) Importer(815301076,1909f56bfc062723c751e8b465ee728b)
Start importing Assets/resource/Model/Rock/Forest/obj_rock4 (merge).fbx using Guid(566a01ff5ffbd804999142831b53d00e) Importer(815301076,1909f56bfc062723c751e8b465ee728b)  -> (artifact id: '9c22ea78e4560aa80c8c151ab145916d') in 0.033561 seconds
  Import took 0.062220 seconds .

========================================================================
Received Import Request.
  Time since last request: 0.000420 seconds.
  path: Assets/resource/Model/Rock/Forest/matcap_fox.tga
  artifactKey: Guid(b343b95cfe422fd43942fc701e6c78ef) Importer(815301076,1909f56bfc062723c751e8b465ee728b)
Start importing Assets/resource/Model/Rock/Forest/matcap_fox.tga using Guid(b343b95cfe422fd43942fc701e6c78ef) Importer(815301076,1909f56bfc062723c751e8b465ee728b)  -> (artifact id: '2ca5203301fa7d7c4a3aae8ca871ac6d') in 0.046888 seconds
  Import took 0.093143 seconds .

========================================================================
Received Import Request.
  Time since last request: 0.000533 seconds.
  path: Assets/resource/Model/Rock/Forest/obj_grave1 (merge).fbx
  artifactKey: Guid(359b68138edfe1e4984c72138b5df2a8) Importer(815301076,1909f56bfc062723c751e8b465ee728b)
Start importing Assets/resource/Model/Rock/Forest/obj_grave1 (merge).fbx using Guid(359b68138edfe1e4984c72138b5df2a8) Importer(815301076,1909f56bfc062723c751e8b465ee728b)  -> (artifact id: 'a98e9f9de5f326f29b728b87a3841088') in 0.042601 seconds
  Import took 0.067042 seconds .

========================================================================
Received Import Request.
  Time since last request: 0.000487 seconds.
  path: Assets/resource/Model/Rock/Forest/obj_rock3.fbx
  artifactKey: Guid(625781351cfd6b241aa77bd6726dca50) Importer(815301076,1909f56bfc062723c751e8b465ee728b)
Start importing Assets/resource/Model/Rock/Forest/obj_rock3.fbx using Guid(625781351cfd6b241aa77bd6726dca50) Importer(815301076,1909f56bfc062723c751e8b465ee728b)  -> (artifact id: '2f4d4608b3a974b4310c0e1adc99daa4') in 0.037358 seconds
  Import took 0.045136 seconds .

========================================================================
Received Import Request.
  Time since last request: 0.000517 seconds.
  path: Assets/resource/Model/Rock/Forest/obj_forest2_wood1 (merge).fbx
  artifactKey: Guid(94fda0d5ab533a8409a1ffe5b9787772) Importer(815301076,1909f56bfc062723c751e8b465ee728b)
Start importing Assets/resource/Model/Rock/Forest/obj_forest2_wood1 (merge).fbx using Guid(94fda0d5ab533a8409a1ffe5b9787772) Importer(815301076,1909f56bfc062723c751e8b465ee728b)  -> (artifact id: 'd1a1b5e84123ba80024509df9f135cde') in 0.050440 seconds
  Import took 0.074136 seconds .

========================================================================
Received Import Request.
  Time since last request: 0.000580 seconds.
  path: Assets/resource/Model/Rock/Forest/obj_forest_tree3 (merge).fbx
  artifactKey: Guid(e249447fdf386dd4d99740fe6f0469e5) Importer(815301076,1909f56bfc062723c751e8b465ee728b)
Start importing Assets/resource/Model/Rock/Forest/obj_forest_tree3 (merge).fbx using Guid(e249447fdf386dd4d99740fe6f0469e5) Importer(815301076,1909f56bfc062723c751e8b465ee728b)  -> (artifact id: '04ea64c795feed60cfe35756c294eaa3') in 0.063582 seconds
  Import took 0.094415 seconds .

========================================================================
Received Import Request.
  Time since last request: 0.000476 seconds.
  path: Assets/resource/Model/Rock/Forest/wall_column8 (merge).fbx
  artifactKey: Guid(a1ea1c24bef853049aff5d851d534d98) Importer(815301076,1909f56bfc062723c751e8b465ee728b)
Start importing Assets/resource/Model/Rock/Forest/wall_column8 (merge).fbx using Guid(a1ea1c24bef853049aff5d851d534d98) Importer(815301076,1909f56bfc062723c751e8b465ee728b)  -> (artifact id: 'd5da26eec4cbc7754ad0c413c7aad482') in 0.039190 seconds
  Import took 0.047056 seconds .

========================================================================
Received Import Request.
  Time since last request: 0.000404 seconds.
  path: Assets/resource/Model/Rock/Forest/wolf_trap (merge).fbx
  artifactKey: Guid(4006647412df68e4bac5ee31b096050d) Importer(815301076,1909f56bfc062723c751e8b465ee728b)
Start importing Assets/resource/Model/Rock/Forest/wolf_trap (merge).fbx using Guid(4006647412df68e4bac5ee31b096050d) Importer(815301076,1909f56bfc062723c751e8b465ee728b)  -> (artifact id: '0365d493e5afe0e7a0098f3f79592926') in 0.038780 seconds
  Import took 0.055448 seconds .

========================================================================
Received Import Request.
  Time since last request: 0.000596 seconds.
  path: Assets/resource/Model/Rock/Forest/obj_rock2 (merge).fbx
  artifactKey: Guid(bc7e6eae4b591d44689dffcde2eeadd0) Importer(815301076,1909f56bfc062723c751e8b465ee728b)
Start importing Assets/resource/Model/Rock/Forest/obj_rock2 (merge).fbx using Guid(bc7e6eae4b591d44689dffcde2eeadd0) Importer(815301076,1909f56bfc062723c751e8b465ee728b)  -> (artifact id: '2cda6d601df94ad24e5830ab5576c75a') in 0.063830 seconds
  Import took 0.087486 seconds .

========================================================================
Received Import Request.
  Time since last request: 10.118082 seconds.
  path: Assets/resource/Model/Rock/Futurecastle/futurecastle.tga
  artifactKey: Guid(e38940a62dfb898489e613e6a546039d) Importer(815301076,1909f56bfc062723c751e8b465ee728b)
Start importing Assets/resource/Model/Rock/Futurecastle/futurecastle.tga using Guid(e38940a62dfb898489e613e6a546039d) Importer(815301076,1909f56bfc062723c751e8b465ee728b)  -> (artifact id: '3b7ca375ef091374df92d875eb96a7ef') in 0.010153 seconds
  Import took 0.027113 seconds .

========================================================================
Received Import Request.
  Time since last request: 0.000363 seconds.
  path: Assets/resource/Model/Rock/Futurecastle/matcap_futurecastle.tga
  artifactKey: Guid(b84bc6efc457dac4c977cf8d46a1b5ab) Importer(815301076,1909f56bfc062723c751e8b465ee728b)
Start importing Assets/resource/Model/Rock/Futurecastle/matcap_futurecastle.tga using Guid(b84bc6efc457dac4c977cf8d46a1b5ab) Importer(815301076,1909f56bfc062723c751e8b465ee728b)  -> (artifact id: '00d1db119c04655994b995021e4cdc53') in 0.071341 seconds
  Import took 0.106272 seconds .

========================================================================
Received Import Request.
  Time since last request: 0.000835 seconds.
  path: Assets/resource/Model/Rock/Futurecastle/futurecastle_part2.tga
  artifactKey: Guid(98ce8dcc5b60cff48a9497109c7fcaea) Importer(815301076,1909f56bfc062723c751e8b465ee728b)
Start importing Assets/resource/Model/Rock/Futurecastle/futurecastle_part2.tga using Guid(98ce8dcc5b60cff48a9497109c7fcaea) Importer(815301076,1909f56bfc062723c751e8b465ee728b)  -> (artifact id: '0cb48ad0761901e6068bdaa29cb41d7a') in 0.014798 seconds
  Import took 0.022049 seconds .

========================================================================
Received Import Request.
  Time since last request: 0.000337 seconds.
  path: Assets/resource/Model/Rock/Futurecastle/obj_gravestone.fbx
  artifactKey: Guid(744d9efa85a576e429fdcb357dc81eae) Importer(815301076,1909f56bfc062723c751e8b465ee728b)
Start importing Assets/resource/Model/Rock/Futurecastle/obj_gravestone.fbx using Guid(744d9efa85a576e429fdcb357dc81eae) Importer(815301076,1909f56bfc062723c751e8b465ee728b)  -> (artifact id: 'a78a13589229cd56a5de326124a3379e') in 0.100101 seconds
  Import took 0.129635 seconds .

========================================================================
Received Import Request.
  Time since last request: 0.000505 seconds.
  path: Assets/resource/Model/Rock/Futurecastle/matcap_futurecastle_part2.tga
  artifactKey: Guid(39acac4764d403641b090a1745e49d8d) Importer(815301076,1909f56bfc062723c751e8b465ee728b)
Start importing Assets/resource/Model/Rock/Futurecastle/matcap_futurecastle_part2.tga using Guid(39acac4764d403641b090a1745e49d8d) Importer(815301076,1909f56bfc062723c751e8b465ee728b)  -> (artifact id: '701935366da2945586a8e59465452fdf') in 0.014642 seconds
  Import took 0.037028 seconds .

========================================================================
Received Import Request.
  Time since last request: 0.000539 seconds.
  path: Assets/resource/Model/Rock/Futurecastle/shadow.tga
  artifactKey: Guid(3c9cb16f66a06d74b959533f82b31903) Importer(815301076,1909f56bfc062723c751e8b465ee728b)
Start importing Assets/resource/Model/Rock/Futurecastle/shadow.tga using Guid(3c9cb16f66a06d74b959533f82b31903) Importer(815301076,1909f56bfc062723c751e8b465ee728b)  -> (artifact id: '4f449fbe35706d3d21fa330a7d56671f') in 0.013666 seconds
  Import took 0.020801 seconds .

========================================================================
Received Import Request.
  Time since last request: 0.000489 seconds.
  path: Assets/resource/Model/Rock/Futurecastle/matcap_futurecastle_part2 1.tga
  artifactKey: Guid(f59d1fe06edb3c34fac23ccdddd9bd42) Importer(815301076,1909f56bfc062723c751e8b465ee728b)
Start importing Assets/resource/Model/Rock/Futurecastle/matcap_futurecastle_part2 1.tga using Guid(f59d1fe06edb3c34fac23ccdddd9bd42) Importer(815301076,1909f56bfc062723c751e8b465ee728b)  -> (artifact id: '09df446f8805604028bc057c8dafadf9') in 0.030191 seconds
  Import took 0.038176 seconds .

========================================================================
Received Import Request.
  Time since last request: 0.000596 seconds.
  path: Assets/resource/Model/Rock/Futurecastle/futurecastle_part2_2.tga
  artifactKey: Guid(991f2d491fc93084bb29a1101dd60e21) Importer(815301076,1909f56bfc062723c751e8b465ee728b)
Start importing Assets/resource/Model/Rock/Futurecastle/futurecastle_part2_2.tga using Guid(991f2d491fc93084bb29a1101dd60e21) Importer(815301076,1909f56bfc062723c751e8b465ee728b)  -> (artifact id: '040f63e21c37bb91ceaad0d1e5b1034c') in 0.015229 seconds
  Import took 0.023558 seconds .

========================================================================
Received Import Request.
  Time since last request: 0.000419 seconds.
  path: Assets/resource/Model/Rock/Futurecastle/obj_outdoor_fence_1_end (merge).fbx
  artifactKey: Guid(39ad54f86a874ba438f86c86dba504d3) Importer(815301076,1909f56bfc062723c751e8b465ee728b)
Start importing Assets/resource/Model/Rock/Futurecastle/obj_outdoor_fence_1_end (merge).fbx using Guid(39ad54f86a874ba438f86c86dba504d3) Importer(815301076,1909f56bfc062723c751e8b465ee728b)  -> (artifact id: '2762f682b9b384e53a794b25710e33f7') in 0.053130 seconds
  Import took 0.080943 seconds .

========================================================================
Received Import Request.
  Time since last request: 0.000495 seconds.
  path: Assets/resource/Model/Rock/Futurecastle/obj_stone_1 (merge).fbx
  artifactKey: Guid(b7245a1ffd1876e459b89adc1a926c29) Importer(815301076,1909f56bfc062723c751e8b465ee728b)
Start importing Assets/resource/Model/Rock/Futurecastle/obj_stone_1 (merge).fbx using Guid(b7245a1ffd1876e459b89adc1a926c29) Importer(815301076,1909f56bfc062723c751e8b465ee728b)  -> (artifact id: 'a1bde0ca2d100973a18e48a2540e49b5') in 0.050368 seconds
  Import took 0.058454 seconds .

AssetImportWorkerClient::OnTransportError - code=2 error=End of file
