Using pre-set license
Built from '2020.2/staging' branch; Version is '2020.2.0b7 (1b1252580c64) revision 1774162'; Using compiler version '192528614'; Build Type 'Release'
OS: 'Windows 10  (10.0.0) 64bit' Language: 'ko' Physical Memory: 8145 MB
BatchMode: 1, IsHumanControllingUs: 0, StartBugReporterOnCrash: 0, Is64bit: 1, IsPro: 0

 COMMAND LINE ARGUMENTS:
C:\Program Files\Unity\Hub\Editor\2020.2.0b7\Editor\Unity.exe
-adb2
-batchMode
-noUpm
-name
AssetImportWorker0
-projectPath
D:/GitHub/Vineyard/Unity/라이트닝 팩맨
-logFile
Logs/AssetImportWorker0.log
-srvPort
62127
Successfully changed project path to: D:/GitHub/Vineyard/Unity/라이트닝 팩맨
D:/GitHub/Vineyard/Unity/라이트닝 팩맨
Using Asset Import Pipeline V2.
Refreshing native plugins compatible for Editor in 55.23 ms, found 1 plugins.
Preloading 0 native plugins for Editor in 0.00 ms.
Initialize engine version: 2020.2.0b7 (1b1252580c64)
[Subsystems] Discovering subsystems at path C:/Program Files/Unity/Hub/Editor/2020.2.0b7/Editor/Data/Resources/UnitySubsystems
[Subsystems] Discovering subsystems at path D:/GitHub/Vineyard/Unity/라이트닝 팩맨/Assets
GfxDevice: creating device client; threaded=0
Direct3D:
    Version:  Direct3D 11.0 [level 11.1]
    Renderer: NVIDIA GeForce GTX 1050 (ID=0x1c81)
    Vendor:   
    VRAM:     1977 MB
    Driver:   30.0.14.7212
Initialize mono
Mono path[0] = 'C:/Program Files/Unity/Hub/Editor/2020.2.0b7/Editor/Data/Managed'
Mono path[1] = 'C:/Program Files/Unity/Hub/Editor/2020.2.0b7/Editor/Data/MonoBleedingEdge/lib/mono/unityjit'
Mono config path = 'C:/Program Files/Unity/Hub/Editor/2020.2.0b7/Editor/Data/MonoBleedingEdge/etc'
Using monoOptions --debugger-agent=transport=dt_socket,embedding=1,server=y,suspend=n,address=127.0.0.1:56964
Begin MonoManager ReloadAssembly
Registering precompiled unity dll's ...
Register platform support module: C:/Program Files/Unity/Hub/Editor/2020.2.0b7/Editor/Data/PlaybackEngines/WindowsStandaloneSupport/UnityEditor.WindowsStandalone.Extensions.dll
Registered in 0.003933 seconds.
Native extension for WindowsStandalone target not found
Refreshing native plugins compatible for Editor in 59.22 ms, found 1 plugins.
Preloading 0 native plugins for Editor in 0.00 ms.
Invoked RoslynAnalysisRunner static constructor.
RoslynAnalysisRunner will not be running.
RoslynAnalysisRunner has terminated.
Mono: successfully reloaded assembly
- Completed reload, in  3.283 seconds
Platform modules already initialized, skipping
Registering precompiled user dll's ...
Registered in 0.001387 seconds.
Begin MonoManager ReloadAssembly
CreateSerializedAsset is not supported while importing out-of-process
UnityEngine.StackTraceUtility:ExtractStackTrace ()
Spine.Unity.Editor.SpinePreferences:GetOrCreateSettings () (at Assets/Spine/Editor/spine-unity/Editor/Windows/SpinePreferences.cs:121)
Spine.Unity.Editor.SpinePreferences:Load () (at Assets/Spine/Editor/spine-unity/Editor/Windows/SpinePreferences.cs:106)
Spine.Unity.Editor.SpineEditorUtilities:Initialize () (at Assets/Spine/Editor/spine-unity/Editor/Utility/SpineEditorUtilities.cs:109)
Spine.Unity.Editor.SpineEditorUtilities:.cctor () (at Assets/Spine/Editor/spine-unity/Editor/Utility/SpineEditorUtilities.cs:100)
System.Reflection.MonoCMethod:InternalInvoke (object,object[])
System.RuntimeType:CreateInstanceMono (bool)
System.RuntimeType:CreateInstanceSlow (bool,bool,bool,System.Threading.StackCrawlMark&)
System.RuntimeType:CreateInstanceDefaultCtor (bool,bool,bool,System.Threading.StackCrawlMark&)
System.Activator:CreateInstance (System.Type,bool)
System.Activator:CreateInstance (System.Type)
UnityEditor.AssetPostprocessingInternal:GetMeshProcessorsHashString ()

[Assets/Spine/Editor/spine-unity/Editor/Windows/SpinePreferences.cs line 121]

UnityException: Creating asset at path Assets/Editor/SpineSettings.asset failed.
  at (wrapper managed-to-native) UnityEditor.AssetDatabase.CreateAsset(UnityEngine.Object,string)
  at Spine.Unity.Editor.SpinePreferences.GetOrCreateSettings () [0x00057] in D:\GitHub\Vineyard\Unity\라이트닝 팩맨\Assets\Spine\Editor\spine-unity\Editor\Windows\SpinePreferences.cs:121 
  at Spine.Unity.Editor.SpinePreferences.Load () [0x00000] in D:\GitHub\Vineyard\Unity\라이트닝 팩맨\Assets\Spine\Editor\spine-unity\Editor\Windows\SpinePreferences.cs:106 
  at Spine.Unity.Editor.SpineEditorUtilities.Initialize () [0x00000] in D:\GitHub\Vineyard\Unity\라이트닝 팩맨\Assets\Spine\Editor\spine-unity\Editor\Utility\SpineEditorUtilities.cs:109 
  at Spine.Unity.Editor.SpineEditorUtilities..cctor () [0x0001e] in D:\GitHub\Vineyard\Unity\라이트닝 팩맨\Assets\Spine\Editor\spine-unity\Editor\Utility\SpineEditorUtilities.cs:100 
Rethrow as TypeInitializationException: The type initializer for 'Spine.Unity.Editor.SpineEditorUtilities' threw an exception.
  at (wrapper managed-to-native) System.Reflection.MonoCMethod.InternalInvoke(System.Reflection.MonoCMethod,object,object[],System.Exception&)
  at System.Reflection.MonoCMethod.InternalInvoke (System.Object obj, System.Object[] parameters) [0x00002] in <9577ac7a62ef43179789031239ba8798>:0 
Rethrow as TargetInvocationException: Exception has been thrown by the target of an invocation.
  at System.Reflection.MonoCMethod.InternalInvoke (System.Object obj, System.Object[] parameters) [0x00014] in <9577ac7a62ef43179789031239ba8798>:0 
  at System.RuntimeType.CreateInstanceMono (System.Boolean nonPublic) [0x000a8] in <9577ac7a62ef43179789031239ba8798>:0 
  at System.RuntimeType.CreateInstanceSlow (System.Boolean publicOnly, System.Boolean skipCheckThis, System.Boolean fillCache, System.Threading.StackCrawlMark& stackMark) [0x00009] in <9577ac7a62ef43179789031239ba8798>:0 
  at System.RuntimeType.CreateInstanceDefaultCtor (System.Boolean publicOnly, System.Boolean skipCheckThis, System.Boolean fillCache, System.Threading.StackCrawlMark& stackMark) [0x00027] in <9577ac7a62ef43179789031239ba8798>:0 
  at System.Activator.CreateInstance (System.Type type, System.Boolean nonPublic) [0x00020] in <9577ac7a62ef43179789031239ba8798>:0 
  at System.Activator.CreateInstance (System.Type type) [0x00000] in <9577ac7a62ef43179789031239ba8798>:0 
  at UnityEditor.AssetPostprocessingInternal.GetMeshProcessorsHashString () [0x00035] in <b01046f8b5314fae9e67f2e947544d2e>:0 
UnityEngine.DebugLogHandler:Internal_LogException(Exception, Object)
UnityEngine.DebugLogHandler:LogException(Exception, Object)
UnityEngine.Logger:LogException(Exception, Object)
UnityEngine.Debug:LogException(Exception)
UnityEditor.AssetPostprocessingInternal:GetMeshProcessorsHashString()

(Filename: Assets/Spine/Editor/spine-unity/Editor/Windows/SpinePreferences.cs Line: 121)

UnityException: Creating asset at path Assets/Editor/SpineSettings.asset failed.
  at (wrapper managed-to-native) UnityEditor.AssetDatabase.CreateAsset(UnityEngine.Object,string)
  at Spine.Unity.Editor.SpinePreferences.GetOrCreateSettings () [0x00057] in D:\GitHub\Vineyard\Unity\라이트닝 팩맨\Assets\Spine\Editor\spine-unity\Editor\Windows\SpinePreferences.cs:121 
  at Spine.Unity.Editor.SpinePreferences.Load () [0x00000] in D:\GitHub\Vineyard\Unity\라이트닝 팩맨\Assets\Spine\Editor\spine-unity\Editor\Windows\SpinePreferences.cs:106 
  at Spine.Unity.Editor.SpineEditorUtilities.Initialize () [0x00000] in D:\GitHub\Vineyard\Unity\라이트닝 팩맨\Assets\Spine\Editor\spine-unity\Editor\Utility\SpineEditorUtilities.cs:109 
  at Spine.Unity.Editor.SpineEditorUtilities..cctor () [0x0001e] in D:\GitHub\Vineyard\Unity\라이트닝 팩맨\Assets\Spine\Editor\spine-unity\Editor\Utility\SpineEditorUtilities.cs:100 
Rethrow as TypeInitializationException: The type initializer for 'Spine.Unity.Editor.SpineEditorUtilities' threw an exception.
  at (wrapper managed-to-native) System.Reflection.MonoCMethod.InternalInvoke(System.Reflection.MonoCMethod,object,object[],System.Exception&)
  at System.Reflection.MonoCMethod.InternalInvoke (System.Object obj, System.Object[] parameters) [0x00002] in <9577ac7a62ef43179789031239ba8798>:0 
Rethrow as TargetInvocationException: Exception has been thrown by the target of an invocation.
  at System.Reflection.MonoCMethod.InternalInvoke (System.Object obj, System.Object[] parameters) [0x00014] in <9577ac7a62ef43179789031239ba8798>:0 
  at System.RuntimeType.CreateInstanceMono (System.Boolean nonPublic) [0x000a8] in <9577ac7a62ef43179789031239ba8798>:0 
  at System.RuntimeType.CreateInstanceSlow (System.Boolean publicOnly, System.Boolean skipCheckThis, System.Boolean fillCache, System.Threading.StackCrawlMark& stackMark) [0x00009] in <9577ac7a62ef43179789031239ba8798>:0 
  at System.RuntimeType.CreateInstanceDefaultCtor (System.Boolean publicOnly, System.Boolean skipCheckThis, System.Boolean fillCache, System.Threading.StackCrawlMark& stackMark) [0x00027] in <9577ac7a62ef43179789031239ba8798>:0 
  at System.Activator.CreateInstance (System.Type type, System.Boolean nonPublic) [0x00020] in <9577ac7a62ef43179789031239ba8798>:0 
  at System.Activator.CreateInstance (System.Type type) [0x00000] in <9577ac7a62ef43179789031239ba8798>:0 
  at UnityEditor.AssetPostprocessingInternal.GetTextureProcessorsHashString () [0x00035] in <b01046f8b5314fae9e67f2e947544d2e>:0 
UnityEngine.DebugLogHandler:Internal_LogException(Exception, Object)
UnityEngine.DebugLogHandler:LogException(Exception, Object)
UnityEngine.Logger:LogException(Exception, Object)
UnityEngine.Debug:LogException(Exception)
UnityEditor.AssetPostprocessingInternal:GetTextureProcessorsHashString()

(Filename: Assets/Spine/Editor/spine-unity/Editor/Windows/SpinePreferences.cs Line: 121)

UnityException: Creating asset at path Assets/Editor/SpineSettings.asset failed.
  at (wrapper managed-to-native) UnityEditor.AssetDatabase.CreateAsset(UnityEngine.Object,string)
  at Spine.Unity.Editor.SpinePreferences.GetOrCreateSettings () [0x00057] in D:\GitHub\Vineyard\Unity\라이트닝 팩맨\Assets\Spine\Editor\spine-unity\Editor\Windows\SpinePreferences.cs:121 
  at Spine.Unity.Editor.SpinePreferences.Load () [0x00000] in D:\GitHub\Vineyard\Unity\라이트닝 팩맨\Assets\Spine\Editor\spine-unity\Editor\Windows\SpinePreferences.cs:106 
  at Spine.Unity.Editor.SpineEditorUtilities.Initialize () [0x00000] in D:\GitHub\Vineyard\Unity\라이트닝 팩맨\Assets\Spine\Editor\spine-unity\Editor\Utility\SpineEditorUtilities.cs:109 
  at Spine.Unity.Editor.SpineEditorUtilities..cctor () [0x0001e] in D:\GitHub\Vineyard\Unity\라이트닝 팩맨\Assets\Spine\Editor\spine-unity\Editor\Utility\SpineEditorUtilities.cs:100 
Rethrow as TypeInitializationException: The type initializer for 'Spine.Unity.Editor.SpineEditorUtilities' threw an exception.
  at (wrapper managed-to-native) System.Reflection.MonoCMethod.InternalInvoke(System.Reflection.MonoCMethod,object,object[],System.Exception&)
  at System.Reflection.MonoCMethod.InternalInvoke (System.Object obj, System.Object[] parameters) [0x00002] in <9577ac7a62ef43179789031239ba8798>:0 
Rethrow as TargetInvocationException: Exception has been thrown by the target of an invocation.
  at System.Reflection.MonoCMethod.InternalInvoke (System.Object obj, System.Object[] parameters) [0x00014] in <9577ac7a62ef43179789031239ba8798>:0 
  at System.RuntimeType.CreateInstanceMono (System.Boolean nonPublic) [0x000a8] in <9577ac7a62ef43179789031239ba8798>:0 
  at System.RuntimeType.CreateInstanceSlow (System.Boolean publicOnly, System.Boolean skipCheckThis, System.Boolean fillCache, System.Threading.StackCrawlMark& stackMark) [0x00009] in <9577ac7a62ef43179789031239ba8798>:0 
  at System.RuntimeType.CreateInstanceDefaultCtor (System.Boolean publicOnly, System.Boolean skipCheckThis, System.Boolean fillCache, System.Threading.StackCrawlMark& stackMark) [0x00027] in <9577ac7a62ef43179789031239ba8798>:0 
  at System.Activator.CreateInstance (System.Type type, System.Boolean nonPublic) [0x00020] in <9577ac7a62ef43179789031239ba8798>:0 
  at System.Activator.CreateInstance (System.Type type) [0x00000] in <9577ac7a62ef43179789031239ba8798>:0 
  at UnityEditor.AssetPostprocessingInternal.GetAudioProcessorsHashString () [0x00035] in <b01046f8b5314fae9e67f2e947544d2e>:0 
UnityEngine.DebugLogHandler:Internal_LogException(Exception, Object)
UnityEngine.DebugLogHandler:LogException(Exception, Object)
UnityEngine.Logger:LogException(Exception, Object)
UnityEngine.Debug:LogException(Exception)
UnityEditor.AssetPostprocessingInternal:GetAudioProcessorsHashString()

(Filename: Assets/Spine/Editor/spine-unity/Editor/Windows/SpinePreferences.cs Line: 121)

UnityException: Creating asset at path Assets/Editor/SpineSettings.asset failed.
  at (wrapper managed-to-native) UnityEditor.AssetDatabase.CreateAsset(UnityEngine.Object,string)
  at Spine.Unity.Editor.SpinePreferences.GetOrCreateSettings () [0x00057] in D:\GitHub\Vineyard\Unity\라이트닝 팩맨\Assets\Spine\Editor\spine-unity\Editor\Windows\SpinePreferences.cs:121 
  at Spine.Unity.Editor.SpinePreferences.Load () [0x00000] in D:\GitHub\Vineyard\Unity\라이트닝 팩맨\Assets\Spine\Editor\spine-unity\Editor\Windows\SpinePreferences.cs:106 
  at Spine.Unity.Editor.SpineEditorUtilities.Initialize () [0x00000] in D:\GitHub\Vineyard\Unity\라이트닝 팩맨\Assets\Spine\Editor\spine-unity\Editor\Utility\SpineEditorUtilities.cs:109 
  at Spine.Unity.Editor.SpineEditorUtilities..cctor () [0x0001e] in D:\GitHub\Vineyard\Unity\라이트닝 팩맨\Assets\Spine\Editor\spine-unity\Editor\Utility\SpineEditorUtilities.cs:100 
Rethrow as TypeInitializationException: The type initializer for 'Spine.Unity.Editor.SpineEditorUtilities' threw an exception.
  at (wrapper managed-to-native) System.Reflection.MonoCMethod.InternalInvoke(System.Reflection.MonoCMethod,object,object[],System.Exception&)
  at System.Reflection.MonoCMethod.InternalInvoke (System.Object obj, System.Object[] parameters) [0x00002] in <9577ac7a62ef43179789031239ba8798>:0 
Rethrow as TargetInvocationException: Exception has been thrown by the target of an invocation.
  at System.Reflection.MonoCMethod.InternalInvoke (System.Object obj, System.Object[] parameters) [0x00014] in <9577ac7a62ef43179789031239ba8798>:0 
  at System.RuntimeType.CreateInstanceMono (System.Boolean nonPublic) [0x000a8] in <9577ac7a62ef43179789031239ba8798>:0 
  at System.RuntimeType.CreateInstanceSlow (System.Boolean publicOnly, System.Boolean skipCheckThis, System.Boolean fillCache, System.Threading.StackCrawlMark& stackMark) [0x00009] in <9577ac7a62ef43179789031239ba8798>:0 
  at System.RuntimeType.CreateInstanceDefaultCtor (System.Boolean publicOnly, System.Boolean skipCheckThis, System.Boolean fillCache, System.Threading.StackCrawlMark& stackMark) [0x00027] in <9577ac7a62ef43179789031239ba8798>:0 
  at System.Activator.CreateInstance (System.Type type, System.Boolean nonPublic) [0x00020] in <9577ac7a62ef43179789031239ba8798>:0 
  at System.Activator.CreateInstance (System.Type type) [0x00000] in <9577ac7a62ef43179789031239ba8798>:0 
  at UnityEditor.AssetPostprocessingInternal.GetSpeedTreeProcessorsHashString () [0x00035] in <b01046f8b5314fae9e67f2e947544d2e>:0 
UnityEngine.DebugLogHandler:Internal_LogException(Exception, Object)
UnityEngine.DebugLogHandler:LogException(Exception, Object)
UnityEngine.Logger:LogException(Exception, Object)
UnityEngine.Debug:LogException(Exception)
UnityEditor.AssetPostprocessingInternal:GetSpeedTreeProcessorsHashString()

(Filename: Assets/Spine/Editor/spine-unity/Editor/Windows/SpinePreferences.cs Line: 121)

UnityException: Creating asset at path Assets/Editor/SpineSettings.asset failed.
  at (wrapper managed-to-native) UnityEditor.AssetDatabase.CreateAsset(UnityEngine.Object,string)
  at Spine.Unity.Editor.SpinePreferences.GetOrCreateSettings () [0x00057] in D:\GitHub\Vineyard\Unity\라이트닝 팩맨\Assets\Spine\Editor\spine-unity\Editor\Windows\SpinePreferences.cs:121 
  at Spine.Unity.Editor.SpinePreferences.Load () [0x00000] in D:\GitHub\Vineyard\Unity\라이트닝 팩맨\Assets\Spine\Editor\spine-unity\Editor\Windows\SpinePreferences.cs:106 
  at Spine.Unity.Editor.SpineEditorUtilities.Initialize () [0x00000] in D:\GitHub\Vineyard\Unity\라이트닝 팩맨\Assets\Spine\Editor\spine-unity\Editor\Utility\SpineEditorUtilities.cs:109 
  at Spine.Unity.Editor.SpineEditorUtilities..cctor () [0x0001e] in D:\GitHub\Vineyard\Unity\라이트닝 팩맨\Assets\Spine\Editor\spine-unity\Editor\Utility\SpineEditorUtilities.cs:100 
Rethrow as TypeInitializationException: The type initializer for 'Spine.Unity.Editor.SpineEditorUtilities' threw an exception.
  at (wrapper managed-to-native) System.Reflection.MonoCMethod.InternalInvoke(System.Reflection.MonoCMethod,object,object[],System.Exception&)
  at System.Reflection.MonoCMethod.InternalInvoke (System.Object obj, System.Object[] parameters) [0x00002] in <9577ac7a62ef43179789031239ba8798>:0 
Rethrow as TargetInvocationException: Exception has been thrown by the target of an invocation.
  at System.Reflection.MonoCMethod.InternalInvoke (System.Object obj, System.Object[] parameters) [0x00014] in <9577ac7a62ef43179789031239ba8798>:0 
  at System.RuntimeType.CreateInstanceMono (System.Boolean nonPublic) [0x000a8] in <9577ac7a62ef43179789031239ba8798>:0 
  at System.RuntimeType.CreateInstanceSlow (System.Boolean publicOnly, System.Boolean skipCheckThis, System.Boolean fillCache, System.Threading.StackCrawlMark& stackMark) [0x00009] in <9577ac7a62ef43179789031239ba8798>:0 
  at System.RuntimeType.CreateInstanceDefaultCtor (System.Boolean publicOnly, System.Boolean skipCheckThis, System.Boolean fillCache, System.Threading.StackCrawlMark& stackMark) [0x00027] in <9577ac7a62ef43179789031239ba8798>:0 
  at System.Activator.CreateInstance (System.Type type, System.Boolean nonPublic) [0x00020] in <9577ac7a62ef43179789031239ba8798>:0 
  at System.Activator.CreateInstance (System.Type type) [0x00000] in <9577ac7a62ef43179789031239ba8798>:0 
  at UnityEditor.AssetPostprocessingInternal.GetPrefabProcessorsHashString () [0x00035] in <b01046f8b5314fae9e67f2e947544d2e>:0 
UnityEngine.DebugLogHandler:Internal_LogException(Exception, Object)
UnityEngine.DebugLogHandler:LogException(Exception, Object)
UnityEngine.Logger:LogException(Exception, Object)
UnityEngine.Debug:LogException(Exception)
UnityEditor.AssetPostprocessingInternal:GetPrefabProcessorsHashString()

(Filename: Assets/Spine/Editor/spine-unity/Editor/Windows/SpinePreferences.cs Line: 121)

ReleaseAllScriptCaches did not release all script caches!

Remaining caches:
    spine-unity-editor:Spine.Unity.Editor:SpinePreferences
Native extension for WindowsStandalone target not found
Refreshing native plugins compatible for Editor in 61.31 ms, found 1 plugins.
Preloading 0 native plugins for Editor in 0.00 ms.
UnityEngine.UnityException: Creating asset at path Assets/Editor/SpineSettings.asset failed.
  at (wrapper managed-to-native) UnityEditor.AssetDatabase.CreateAsset(UnityEngine.Object,string)
  at Spine.Unity.Editor.SpinePreferences.GetOrCreateSettings () [0x00057] in D:\GitHub\Vineyard\Unity\라이트닝 팩맨\Assets\Spine\Editor\spine-unity\Editor\Windows\SpinePreferences.cs:121 
  at Spine.Unity.Editor.SpinePreferences.Load () [0x00000] in D:\GitHub\Vineyard\Unity\라이트닝 팩맨\Assets\Spine\Editor\spine-unity\Editor\Windows\SpinePreferences.cs:106 
  at Spine.Unity.Editor.SpineEditorUtilities.Initialize () [0x00000] in D:\GitHub\Vineyard\Unity\라이트닝 팩맨\Assets\Spine\Editor\spine-unity\Editor\Utility\SpineEditorUtilities.cs:109 
  at Spine.Unity.Editor.SpineEditorUtilities..cctor () [0x0001e] in D:\GitHub\Vineyard\Unity\라이트닝 팩맨\Assets\Spine\Editor\spine-unity\Editor\Utility\SpineEditorUtilities.cs:100 
UnityEngine.StackTraceUtility:ExtractStackTrace ()
UnityEngine.DebugLogHandler:LogFormat (UnityEngine.LogType,UnityEngine.Object,string,object[])
UnityEngine.Logger:Log (UnityEngine.LogType,object)
UnityEngine.Debug:LogError (object)
UnityEditor.EditorAssemblies:ProcessInitializeOnLoadAttributes (System.Type[])

Invoked RoslynAnalysisRunner static constructor.
RoslynAnalysisRunner will not be running.
RoslynAnalysisRunner has terminated.
Mono: successfully reloaded assembly
- Completed reload, in  1.200 seconds
Platform modules already initialized, skipping
========================================================================
Worker process is ready to serve import requests
Launched and connected shader compiler UnityShaderCompiler.exe after 0.11 seconds
Refreshing native plugins compatible for Editor in 0.78 ms, found 1 plugins.
Preloading 0 native plugins for Editor in 0.00 ms.
Unloading 2069 Unused Serialized files (Serialized files now loaded: 0)
System memory in use before: 114.4 MB.
System memory in use after: 113.4 MB.

Unloading 32 unused Assets to reduce memory usage. Loaded Objects now: 2523.
Total: 3.446700 ms (FindLiveObjects: 0.571500 ms CreateObjectMapping: 0.067400 ms MarkObjects: 1.921400 ms  DeleteObjects: 0.885600 ms)

========================================================================
Received Import Request.
  path: Assets/Data/Animator/ActController/Event3_clara_emo_Controller.controller
  artifactKey: Guid(188dc7a9dd5de1548858bfb8901c7603) Importer(815301076,1909f56bfc062723c751e8b465ee728b)
Start importing Assets/Data/Animator/ActController/Event3_clara_emo_Controller.controller using Guid(188dc7a9dd5de1548858bfb8901c7603) Importer(815301076,1909f56bfc062723c751e8b465ee728b)  -> (artifact id: '346b9f4e45256e3182968e1fd4b88b64') in 0.069736 seconds
  Import took 0.090185 seconds .

========================================================================
Received Import Request.
  Time since last request: 0.000376 seconds.
  path: Assets/Script/ActScene/EventScene3.cs
  artifactKey: Guid(f44e9d16e2b794744807e9907a9c1969) Importer(815301076,1909f56bfc062723c751e8b465ee728b)
Start importing Assets/Script/ActScene/EventScene3.cs using Guid(f44e9d16e2b794744807e9907a9c1969) Importer(815301076,1909f56bfc062723c751e8b465ee728b)  -> (artifact id: 'f25323bef125c3ddedc74fda1e8f308c') in 0.020606 seconds
  Import took 0.041011 seconds .

========================================================================
Received Import Request.
  Time since last request: 0.000375 seconds.
  path: Assets/Script/GameManager.cs
  artifactKey: Guid(8f986967aa77afa4fa5c30361ef3d3fd) Importer(815301076,1909f56bfc062723c751e8b465ee728b)
Start importing Assets/Script/GameManager.cs using Guid(8f986967aa77afa4fa5c30361ef3d3fd) Importer(815301076,1909f56bfc062723c751e8b465ee728b)  -> (artifact id: '154d9eb1485e7fcb194aec236c334f99') in 0.002835 seconds
  Import took 0.016721 seconds .

========================================================================
Received Prepare
Reloading mono domain
Begin MonoManager ReloadAssembly
Registering precompiled unity dll's ...
Register platform support module: C:/Program Files/Unity/Hub/Editor/2020.2.0b7/Editor/Data/PlaybackEngines/WindowsStandaloneSupport/UnityEditor.WindowsStandalone.Extensions.dll
Registered in 0.007296 seconds.
Native extension for WindowsStandalone target not found
Refreshing native plugins compatible for Editor in 50.56 ms, found 1 plugins.
Preloading 0 native plugins for Editor in 0.00 ms.
`Assets/Data/spine/Robot/teatan_robot_empty.png` : Problematic Texture Settings found: When enabling `Generate Mip Maps` in Gamma color space, it is recommended to disable `sRGB (Color Texture)` on `Premultiply alpha` textures. Otherwise you will receive white border artifacts on an atlas exported with default `Premultiply alpha` settings.
(You can disable this warning in `Edit - Preferences - Spine`)
UnityEngine.StackTraceUtility:ExtractStackTrace ()
UnityEngine.DebugLogHandler:LogFormat (UnityEngine.LogType,UnityEngine.Object,string,object[])
UnityEngine.Logger:Log (UnityEngine.LogType,object,UnityEngine.Object)
UnityEngine.Debug:LogWarning (object,UnityEngine.Object)
Spine.Unity.Editor.SpineEditorUtilities:IssueWarningsForUnrecommendedTextureSettings (string) (at Assets/Spine/Editor/spine-unity/Editor/Utility/SpineEditorUtilities.cs:270)
Spine.Unity.Editor.SpineEditorUtilities:IssueWarningsForUnrecommendedTextureSettings () (at Assets/Spine/Editor/spine-unity/Editor/Utility/SpineEditorUtilities.cs:185)
Spine.Unity.Editor.SpineEditorUtilities:Initialize () (at Assets/Spine/Editor/spine-unity/Editor/Utility/SpineEditorUtilities.cs:164)
Spine.Unity.Editor.SpineEditorUtilities:.cctor () (at Assets/Spine/Editor/spine-unity/Editor/Utility/SpineEditorUtilities.cs:100)
System.Runtime.CompilerServices.RuntimeHelpers:RunClassConstructor (System.RuntimeTypeHandle)
UnityEditor.EditorAssemblies:ProcessInitializeOnLoadAttributes (System.Type[])

(Filename: Assets/Spine/Editor/spine-unity/Editor/Utility/SpineEditorUtilities.cs Line: 270)

Invoked RoslynAnalysisRunner static constructor.
RoslynAnalysisRunner will not be running.
RoslynAnalysisRunner has terminated.
Mono: successfully reloaded assembly
- Completed reload, in  1.850 seconds
Platform modules already initialized, skipping
Registering precompiled user dll's ...
Registered in 0.001373 seconds.
Begin MonoManager ReloadAssembly
Native extension for WindowsStandalone target not found
Refreshing native plugins compatible for Editor in 0.54 ms, found 1 plugins.
Preloading 0 native plugins for Editor in 0.00 ms.
`Assets/Data/spine/Robot/teatan_robot_empty.png` : Problematic Texture Settings found: When enabling `Generate Mip Maps` in Gamma color space, it is recommended to disable `sRGB (Color Texture)` on `Premultiply alpha` textures. Otherwise you will receive white border artifacts on an atlas exported with default `Premultiply alpha` settings.
(You can disable this warning in `Edit - Preferences - Spine`)
UnityEngine.StackTraceUtility:ExtractStackTrace ()
UnityEngine.DebugLogHandler:LogFormat (UnityEngine.LogType,UnityEngine.Object,string,object[])
UnityEngine.Logger:Log (UnityEngine.LogType,object,UnityEngine.Object)
UnityEngine.Debug:LogWarning (object,UnityEngine.Object)
Spine.Unity.Editor.SpineEditorUtilities:IssueWarningsForUnrecommendedTextureSettings (string) (at Assets/Spine/Editor/spine-unity/Editor/Utility/SpineEditorUtilities.cs:270)
Spine.Unity.Editor.SpineEditorUtilities:IssueWarningsForUnrecommendedTextureSettings () (at Assets/Spine/Editor/spine-unity/Editor/Utility/SpineEditorUtilities.cs:185)
Spine.Unity.Editor.SpineEditorUtilities:Initialize () (at Assets/Spine/Editor/spine-unity/Editor/Utility/SpineEditorUtilities.cs:164)
Spine.Unity.Editor.SpineEditorUtilities:.cctor () (at Assets/Spine/Editor/spine-unity/Editor/Utility/SpineEditorUtilities.cs:100)
System.Runtime.CompilerServices.RuntimeHelpers:RunClassConstructor (System.RuntimeTypeHandle)
UnityEditor.EditorAssemblies:ProcessInitializeOnLoadAttributes (System.Type[])

(Filename: Assets/Spine/Editor/spine-unity/Editor/Utility/SpineEditorUtilities.cs Line: 270)

Invoked RoslynAnalysisRunner static constructor.
RoslynAnalysisRunner will not be running.
RoslynAnalysisRunner has terminated.
Mono: successfully reloaded assembly
- Completed reload, in  1.264 seconds
Platform modules already initialized, skipping
Refreshing native plugins compatible for Editor in 0.65 ms, found 1 plugins.
Preloading 0 native plugins for Editor in 0.00 ms.
Unloading 87 Unused Serialized files (Serialized files now loaded: 0)
System memory in use before: 109.3 MB.
System memory in use after: 108.2 MB.

Unloading 116 unused Assets to reduce memory usage. Loaded Objects now: 2530.
Total: 4.100300 ms (FindLiveObjects: 0.729300 ms CreateObjectMapping: 0.098400 ms MarkObjects: 2.045400 ms  DeleteObjects: 1.225800 ms)

========================================================================
Received Prepare
Refreshing native plugins compatible for Editor in 2.27 ms, found 1 plugins.
Preloading 0 native plugins for Editor in 0.00 ms.
Unloading 17 Unused Serialized files (Serialized files now loaded: 0)
System memory in use before: 108.0 MB.
System memory in use after: 107.0 MB.

Unloading 17 unused Assets to reduce memory usage. Loaded Objects now: 2530.
Total: 3.892700 ms (FindLiveObjects: 0.552300 ms CreateObjectMapping: 0.061300 ms MarkObjects: 2.263000 ms  DeleteObjects: 1.014800 ms)

AssetImportWorkerClient::OnTransportError - code=2 error=End of file
