Using pre-set license
Built from '2020.2/staging' branch; Version is '2020.2.0b7 (1b1252580c64) revision 1774162'; Using compiler version '192528614'; Build Type 'Release'
OS: 'Windows 10  (10.0.0) 64bit' Language: 'ko' Physical Memory: 8144 MB
BatchMode: 1, IsHumanControllingUs: 0, StartBugReporterOnCrash: 0, Is64bit: 1, IsPro: 0

 COMMAND LINE ARGUMENTS:
C:\Program Files\Unity\Hub\Editor\2020.2.0b7\Editor\Unity.exe
-adb2
-batchMode
-noUpm
-name
AssetImportWorker0
-projectPath
C:/Users/Admin/Documents/GitHub/Vineyard/Unity/공모전2D
-logFile
Logs/AssetImportWorker0.log
-srvPort
60485
Successfully changed project path to: C:/Users/Admin/Documents/GitHub/Vineyard/Unity/공모전2D
C:/Users/Admin/Documents/GitHub/Vineyard/Unity/공모전2D
Using Asset Import Pipeline V2.
Refreshing native plugins compatible for Editor in 66.71 ms, found 1 plugins.
Preloading 0 native plugins for Editor in 0.00 ms.
Initialize engine version: 2020.2.0b7 (1b1252580c64)
[Subsystems] Discovering subsystems at path C:/Program Files/Unity/Hub/Editor/2020.2.0b7/Editor/Data/Resources/UnitySubsystems
[Subsystems] Discovering subsystems at path C:/Users/Admin/Documents/GitHub/Vineyard/Unity/공모전2D/Assets
GfxDevice: creating device client; threaded=0
Direct3D:
    Version:  Direct3D 11.0 [level 11.1]
    Renderer: NVIDIA GeForce GTX 1050 (ID=0x1c81)
    Vendor:   
    VRAM:     1977 MB
    Driver:   26.21.14.4614
Initialize mono
Mono path[0] = 'C:/Program Files/Unity/Hub/Editor/2020.2.0b7/Editor/Data/Managed'
Mono path[1] = 'C:/Program Files/Unity/Hub/Editor/2020.2.0b7/Editor/Data/MonoBleedingEdge/lib/mono/unityjit'
Mono config path = 'C:/Program Files/Unity/Hub/Editor/2020.2.0b7/Editor/Data/MonoBleedingEdge/etc'
Using monoOptions --debugger-agent=transport=dt_socket,embedding=1,server=y,suspend=n,address=127.0.0.1:56408
Begin MonoManager ReloadAssembly
Registering precompiled unity dll's ...
Register platform support module: C:/Program Files/Unity/Hub/Editor/2020.2.0b7/Editor/Data/PlaybackEngines/WindowsStandaloneSupport/UnityEditor.WindowsStandalone.Extensions.dll
Registered in 0.007864 seconds.
Native extension for WindowsStandalone target not found
Refreshing native plugins compatible for Editor in 51.04 ms, found 1 plugins.
Preloading 0 native plugins for Editor in 0.00 ms.
Invoked RoslynAnalysisRunner static constructor.
RoslynAnalysisRunner will not be running.
RoslynAnalysisRunner has terminated.
Mono: successfully reloaded assembly
- Completed reload, in 10.224 seconds
Platform modules already initialized, skipping
Registering precompiled user dll's ...
Registered in 0.002841 seconds.
Begin MonoManager ReloadAssembly
Symbol file LoadedFromMemory doesn't match image C:\Users\Admin\Documents\GitHub\Vineyard\Unity\공모전2D\Library\PackageCache\com.unity.ext.nunit@1.0.0\net35\unity-custom\nunit.framework.dll
Native extension for WindowsStandalone target not found
Refreshing native plugins compatible for Editor in 59.65 ms, found 1 plugins.
Preloading 0 native plugins for Editor in 0.00 ms.
Invoked RoslynAnalysisRunner static constructor.
RoslynAnalysisRunner will not be running.
RoslynAnalysisRunner has terminated.
Mono: successfully reloaded assembly
- Completed reload, in  1.462 seconds
Platform modules already initialized, skipping
========================================================================
Worker process is ready to serve import requests
Launched and connected shader compiler UnityShaderCompiler.exe after 0.10 seconds
Refreshing native plugins compatible for Editor in 0.48 ms, found 1 plugins.
Preloading 0 native plugins for Editor in 0.00 ms.
Unloading 2064 Unused Serialized files (Serialized files now loaded: 0)
System memory in use before: 95.8 MB.
System memory in use after: 95.8 MB.

Unloading 25 unused Assets to reduce memory usage. Loaded Objects now: 2504.
Total: 3.152200 ms (FindLiveObjects: 0.835900 ms CreateObjectMapping: 0.097600 ms MarkObjects: 2.087400 ms  DeleteObjects: 0.129600 ms)

========================================================================
Received Import Request.
  path: Assets/Script/Objects.cs
  artifactKey: Guid(5b012eac55e52b749b533d463bbfb2ad) Importer(815301076,1909f56bfc062723c751e8b465ee728b)
Start importing Assets/Script/Objects.cs using Guid(5b012eac55e52b749b533d463bbfb2ad) Importer(815301076,1909f56bfc062723c751e8b465ee728b)  -> (artifact id: '8c974132420580d7b22ed234d7fcb18b') in 0.075213 seconds
  Import took 0.083139 seconds .

========================================================================
Received Import Request.
  Time since last request: 47.104925 seconds.
  path: Assets/Script/Player.cs
  artifactKey: Guid(729dbe6b3fe65b947936cac9af244ee6) Importer(815301076,1909f56bfc062723c751e8b465ee728b)
Start importing Assets/Script/Player.cs using Guid(729dbe6b3fe65b947936cac9af244ee6) Importer(815301076,1909f56bfc062723c751e8b465ee728b)  -> (artifact id: '7356de5f8f703115e360e6fefced8773') in 0.172173 seconds
  Import took 0.328526 seconds .

========================================================================
Received Import Request.
  Time since last request: 60.270798 seconds.
  path: Assets/Script/Objects.cs
  artifactKey: Guid(5b012eac55e52b749b533d463bbfb2ad) Importer(815301076,1909f56bfc062723c751e8b465ee728b)
Start importing Assets/Script/Objects.cs using Guid(5b012eac55e52b749b533d463bbfb2ad) Importer(815301076,1909f56bfc062723c751e8b465ee728b)  -> (artifact id: '68b929cc6bbb4a9c76625003e0d8950b') in 0.027144 seconds
  Import took 0.037508 seconds .

========================================================================
Received Prepare
Reloading mono domain
Begin MonoManager ReloadAssembly
Registering precompiled unity dll's ...
Register platform support module: C:/Program Files/Unity/Hub/Editor/2020.2.0b7/Editor/Data/PlaybackEngines/WindowsStandaloneSupport/UnityEditor.WindowsStandalone.Extensions.dll
Registered in 0.005907 seconds.
Symbol file LoadedFromMemory doesn't match image C:\Users\Admin\Documents\GitHub\Vineyard\Unity\공모전2D\Library\PackageCache\com.unity.ext.nunit@1.0.0\net35\unity-custom\nunit.framework.dll
Native extension for WindowsStandalone target not found
Refreshing native plugins compatible for Editor in 67.45 ms, found 1 plugins.
Preloading 0 native plugins for Editor in 0.00 ms.
Invoked RoslynAnalysisRunner static constructor.
RoslynAnalysisRunner will not be running.
RoslynAnalysisRunner has terminated.
Mono: successfully reloaded assembly
- Completed reload, in  1.692 seconds
Platform modules already initialized, skipping
Registering precompiled user dll's ...
Registered in 0.004613 seconds.
Begin MonoManager ReloadAssembly
Symbol file LoadedFromMemory doesn't match image C:\Users\Admin\Documents\GitHub\Vineyard\Unity\공모전2D\Library\PackageCache\com.unity.ext.nunit@1.0.0\net35\unity-custom\nunit.framework.dll
Native extension for WindowsStandalone target not found
Refreshing native plugins compatible for Editor in 0.61 ms, found 1 plugins.
Preloading 0 native plugins for Editor in 0.00 ms.
Invoked RoslynAnalysisRunner static constructor.
RoslynAnalysisRunner will not be running.
RoslynAnalysisRunner has terminated.
Mono: successfully reloaded assembly
- Completed reload, in  1.503 seconds
Platform modules already initialized, skipping
Refreshing native plugins compatible for Editor in 0.48 ms, found 1 plugins.
Preloading 0 native plugins for Editor in 0.00 ms.
Unloading 12 Unused Serialized files (Serialized files now loaded: 0)
System memory in use before: 55.5 MB.
System memory in use after: 55.5 MB.

Unloading 11 unused Assets to reduce memory usage. Loaded Objects now: 2509.
Total: 2.842300 ms (FindLiveObjects: 0.446500 ms CreateObjectMapping: 0.056600 ms MarkObjects: 2.229700 ms  DeleteObjects: 0.107900 ms)

========================================================================
Received Prepare
Reloading mono domain
Begin MonoManager ReloadAssembly
Registering precompiled unity dll's ...
Register platform support module: C:/Program Files/Unity/Hub/Editor/2020.2.0b7/Editor/Data/PlaybackEngines/WindowsStandaloneSupport/UnityEditor.WindowsStandalone.Extensions.dll
Registered in 0.008264 seconds.
Symbol file LoadedFromMemory doesn't match image C:\Users\Admin\Documents\GitHub\Vineyard\Unity\공모전2D\Library\PackageCache\com.unity.ext.nunit@1.0.0\net35\unity-custom\nunit.framework.dll
Native extension for WindowsStandalone target not found
Refreshing native plugins compatible for Editor in 67.96 ms, found 1 plugins.
Preloading 0 native plugins for Editor in 0.00 ms.
Invoked RoslynAnalysisRunner static constructor.
RoslynAnalysisRunner will not be running.
RoslynAnalysisRunner has terminated.
Mono: successfully reloaded assembly
- Completed reload, in  1.867 seconds
Platform modules already initialized, skipping
Registering precompiled user dll's ...
Registered in 0.003599 seconds.
Begin MonoManager ReloadAssembly
Symbol file LoadedFromMemory doesn't match image C:\Users\Admin\Documents\GitHub\Vineyard\Unity\공모전2D\Library\PackageCache\com.unity.ext.nunit@1.0.0\net35\unity-custom\nunit.framework.dll
Native extension for WindowsStandalone target not found
Refreshing native plugins compatible for Editor in 0.54 ms, found 1 plugins.
Preloading 0 native plugins for Editor in 0.00 ms.
Invoked RoslynAnalysisRunner static constructor.
RoslynAnalysisRunner will not be running.
RoslynAnalysisRunner has terminated.
Mono: successfully reloaded assembly
- Completed reload, in  1.851 seconds
Platform modules already initialized, skipping
Refreshing native plugins compatible for Editor in 0.47 ms, found 1 plugins.
Preloading 0 native plugins for Editor in 0.00 ms.
Unloading 12 Unused Serialized files (Serialized files now loaded: 0)
System memory in use before: 55.6 MB.
System memory in use after: 55.6 MB.

Unloading 11 unused Assets to reduce memory usage. Loaded Objects now: 2514.
Total: 5.085400 ms (FindLiveObjects: 0.938100 ms CreateObjectMapping: 0.169900 ms MarkObjects: 3.796200 ms  DeleteObjects: 0.176800 ms)

========================================================================
Received Prepare
Reloading mono domain
Begin MonoManager ReloadAssembly
Registering precompiled unity dll's ...
Register platform support module: C:/Program Files/Unity/Hub/Editor/2020.2.0b7/Editor/Data/PlaybackEngines/WindowsStandaloneSupport/UnityEditor.WindowsStandalone.Extensions.dll
Registered in 0.008349 seconds.
Symbol file LoadedFromMemory doesn't match image C:\Users\Admin\Documents\GitHub\Vineyard\Unity\공모전2D\Library\PackageCache\com.unity.ext.nunit@1.0.0\net35\unity-custom\nunit.framework.dll
Native extension for WindowsStandalone target not found
Refreshing native plugins compatible for Editor in 56.82 ms, found 1 plugins.
Preloading 0 native plugins for Editor in 0.00 ms.
Invoked RoslynAnalysisRunner static constructor.
RoslynAnalysisRunner will not be running.
RoslynAnalysisRunner has terminated.
Mono: successfully reloaded assembly
- Completed reload, in  1.783 seconds
Platform modules already initialized, skipping
Registering precompiled user dll's ...
Registered in 0.002785 seconds.
Begin MonoManager ReloadAssembly
Symbol file LoadedFromMemory doesn't match image C:\Users\Admin\Documents\GitHub\Vineyard\Unity\공모전2D\Library\PackageCache\com.unity.ext.nunit@1.0.0\net35\unity-custom\nunit.framework.dll
Native extension for WindowsStandalone target not found
Refreshing native plugins compatible for Editor in 0.47 ms, found 1 plugins.
Preloading 0 native plugins for Editor in 0.00 ms.
Invoked RoslynAnalysisRunner static constructor.
RoslynAnalysisRunner will not be running.
RoslynAnalysisRunner has terminated.
Mono: successfully reloaded assembly
- Completed reload, in  1.679 seconds
Platform modules already initialized, skipping
Refreshing native plugins compatible for Editor in 1.18 ms, found 1 plugins.
Preloading 0 native plugins for Editor in 0.00 ms.
Unloading 12 Unused Serialized files (Serialized files now loaded: 0)
System memory in use before: 55.7 MB.
System memory in use after: 55.7 MB.

Unloading 11 unused Assets to reduce memory usage. Loaded Objects now: 2519.
Total: 5.569500 ms (FindLiveObjects: 0.668700 ms CreateObjectMapping: 0.070300 ms MarkObjects: 4.618700 ms  DeleteObjects: 0.208400 ms)

========================================================================
Received Prepare
Reloading mono domain
Begin MonoManager ReloadAssembly
Registering precompiled unity dll's ...
Register platform support module: C:/Program Files/Unity/Hub/Editor/2020.2.0b7/Editor/Data/PlaybackEngines/WindowsStandaloneSupport/UnityEditor.WindowsStandalone.Extensions.dll
Registered in 0.007289 seconds.
Symbol file LoadedFromMemory doesn't match image C:\Users\Admin\Documents\GitHub\Vineyard\Unity\공모전2D\Library\PackageCache\com.unity.ext.nunit@1.0.0\net35\unity-custom\nunit.framework.dll
Native extension for WindowsStandalone target not found
Refreshing native plugins compatible for Editor in 61.84 ms, found 1 plugins.
Preloading 0 native plugins for Editor in 0.00 ms.
Invoked RoslynAnalysisRunner static constructor.
RoslynAnalysisRunner will not be running.
RoslynAnalysisRunner has terminated.
Mono: successfully reloaded assembly
- Completed reload, in  2.063 seconds
Platform modules already initialized, skipping
Registering precompiled user dll's ...
Registered in 0.002629 seconds.
Begin MonoManager ReloadAssembly
Symbol file LoadedFromMemory doesn't match image C:\Users\Admin\Documents\GitHub\Vineyard\Unity\공모전2D\Library\PackageCache\com.unity.ext.nunit@1.0.0\net35\unity-custom\nunit.framework.dll
Native extension for WindowsStandalone target not found
Refreshing native plugins compatible for Editor in 0.66 ms, found 1 plugins.
Preloading 0 native plugins for Editor in 0.00 ms.
Invoked RoslynAnalysisRunner static constructor.
RoslynAnalysisRunner will not be running.
RoslynAnalysisRunner has terminated.
Mono: successfully reloaded assembly
- Completed reload, in  2.049 seconds
Platform modules already initialized, skipping
Refreshing native plugins compatible for Editor in 0.79 ms, found 1 plugins.
Preloading 0 native plugins for Editor in 0.00 ms.
Unloading 12 Unused Serialized files (Serialized files now loaded: 0)
System memory in use before: 55.8 MB.
System memory in use after: 55.8 MB.

Unloading 11 unused Assets to reduce memory usage. Loaded Objects now: 2524.
Total: 3.997000 ms (FindLiveObjects: 0.818900 ms CreateObjectMapping: 0.118400 ms MarkObjects: 2.911500 ms  DeleteObjects: 0.145700 ms)

========================================================================
Received Import Request.
  Time since last request: 751.994144 seconds.
  path: Assets/Input/InputControl.inputactions
  artifactKey: Guid(5e8d9d623b4f1344ba3f862fd8eb81da) Importer(815301076,1909f56bfc062723c751e8b465ee728b)
Start importing Assets/Input/InputControl.inputactions using Guid(5e8d9d623b4f1344ba3f862fd8eb81da) Importer(815301076,1909f56bfc062723c751e8b465ee728b)  -> (artifact id: 'e3d52840d60e69cb00fcd0e93d69a89d') in 0.068317 seconds
  Import took 0.075813 seconds .

========================================================================
Received Import Request.
  Time since last request: 0.001889 seconds.
  path: Assets/Input/InputControl.cs
  artifactKey: Guid(081e4a69db87d0c42b7e5f0fe8ca1357) Importer(815301076,1909f56bfc062723c751e8b465ee728b)
Start importing Assets/Input/InputControl.cs using Guid(081e4a69db87d0c42b7e5f0fe8ca1357) Importer(815301076,1909f56bfc062723c751e8b465ee728b)  -> (artifact id: '95d7cf364d36b21f40d22c0acce98eab') in 0.018126 seconds
  Import took 0.028310 seconds .

========================================================================
Received Import Request.
  Time since last request: 0.471359 seconds.
  path: Assets/Input/InputControl.inputactions
  artifactKey: Guid(5e8d9d623b4f1344ba3f862fd8eb81da) Importer(815301076,1909f56bfc062723c751e8b465ee728b)
Start importing Assets/Input/InputControl.inputactions using Guid(5e8d9d623b4f1344ba3f862fd8eb81da) Importer(815301076,1909f56bfc062723c751e8b465ee728b)  -> (artifact id: 'e58dbc003ae80f2535c2de90e404a550') in 0.022918 seconds
  Import took 0.033003 seconds .

========================================================================
Received Import Request.
  Time since last request: 0.020039 seconds.
  path: Assets/Input/InputControl.cs
  artifactKey: Guid(081e4a69db87d0c42b7e5f0fe8ca1357) Importer(815301076,1909f56bfc062723c751e8b465ee728b)
Start importing Assets/Input/InputControl.cs using Guid(081e4a69db87d0c42b7e5f0fe8ca1357) Importer(815301076,1909f56bfc062723c751e8b465ee728b)  -> (artifact id: '5b38ee81be364f792c7f50ae6c5c491a') in 0.012647 seconds
  Import took 0.022576 seconds .

========================================================================
Received Import Request.
  Time since last request: 2.579601 seconds.
  path: Assets/Input/InputControl.inputactions
  artifactKey: Guid(5e8d9d623b4f1344ba3f862fd8eb81da) Importer(815301076,1909f56bfc062723c751e8b465ee728b)
Start importing Assets/Input/InputControl.inputactions using Guid(5e8d9d623b4f1344ba3f862fd8eb81da) Importer(815301076,1909f56bfc062723c751e8b465ee728b)  -> (artifact id: '785a08e6e5a26fb3f45b0e7fa7c527ab') in 0.045642 seconds
  Import took 0.054557 seconds .

========================================================================
Received Import Request.
  Time since last request: 0.000693 seconds.
  path: Assets/Input/InputControl.cs
  artifactKey: Guid(081e4a69db87d0c42b7e5f0fe8ca1357) Importer(815301076,1909f56bfc062723c751e8b465ee728b)
Start importing Assets/Input/InputControl.cs using Guid(081e4a69db87d0c42b7e5f0fe8ca1357) Importer(815301076,1909f56bfc062723c751e8b465ee728b)  -> (artifact id: 'a5993b498e447b44760e5e60cce8e226') in 0.021309 seconds
  Import took 0.033772 seconds .

========================================================================
Received Import Request.
  Time since last request: 2.215682 seconds.
  path: Assets/Input/InputControl.inputactions
  artifactKey: Guid(5e8d9d623b4f1344ba3f862fd8eb81da) Importer(815301076,1909f56bfc062723c751e8b465ee728b)
Start importing Assets/Input/InputControl.inputactions using Guid(5e8d9d623b4f1344ba3f862fd8eb81da) Importer(815301076,1909f56bfc062723c751e8b465ee728b)  -> (artifact id: '8fb2ce8e4238152f0820fe27039b503b') in 0.013638 seconds
  Import took 0.020758 seconds .

========================================================================
Received Import Request.
  Time since last request: 0.000700 seconds.
  path: Assets/Input/InputControl.cs
  artifactKey: Guid(081e4a69db87d0c42b7e5f0fe8ca1357) Importer(815301076,1909f56bfc062723c751e8b465ee728b)
Start importing Assets/Input/InputControl.cs using Guid(081e4a69db87d0c42b7e5f0fe8ca1357) Importer(815301076,1909f56bfc062723c751e8b465ee728b)  -> (artifact id: '40e09cb239900b40834656c194cef167') in 0.008162 seconds
  Import took 0.013382 seconds .

========================================================================
Received Import Request.
  Time since last request: 19.128277 seconds.
  path: Assets/Input/InputControl.inputactions
  artifactKey: Guid(5e8d9d623b4f1344ba3f862fd8eb81da) Importer(815301076,1909f56bfc062723c751e8b465ee728b)
Start importing Assets/Input/InputControl.inputactions using Guid(5e8d9d623b4f1344ba3f862fd8eb81da) Importer(815301076,1909f56bfc062723c751e8b465ee728b)  -> (artifact id: '8baf96d5a61f0b82717fac0abab82661') in 0.193267 seconds
  Import took 0.212153 seconds .

========================================================================
Received Import Request.
  Time since last request: 0.000970 seconds.
  path: Assets/Input/InputControl.cs
  artifactKey: Guid(081e4a69db87d0c42b7e5f0fe8ca1357) Importer(815301076,1909f56bfc062723c751e8b465ee728b)
Start importing Assets/Input/InputControl.cs using Guid(081e4a69db87d0c42b7e5f0fe8ca1357) Importer(815301076,1909f56bfc062723c751e8b465ee728b)  -> (artifact id: '234dfe7cb0f7897a10b6c6aad50b1ba8') in 0.052638 seconds
  Import took 0.060397 seconds .

========================================================================
Received Import Request.
  Time since last request: 0.007295 seconds.
  path: Assets/Input/InputControl.cs
  artifactKey: Guid(081e4a69db87d0c42b7e5f0fe8ca1357) Importer(815301076,1909f56bfc062723c751e8b465ee728b)
Start importing Assets/Input/InputControl.cs using Guid(081e4a69db87d0c42b7e5f0fe8ca1357) Importer(815301076,1909f56bfc062723c751e8b465ee728b)  -> (artifact id: '234dfe7cb0f7897a10b6c6aad50b1ba8') in 0.018329 seconds
  Import took 0.028982 seconds .

========================================================================
Received Import Request.
  Time since last request: 7.633617 seconds.
  path: Assets/Input/InputControl.inputactions
  artifactKey: Guid(5e8d9d623b4f1344ba3f862fd8eb81da) Importer(815301076,1909f56bfc062723c751e8b465ee728b)
Start importing Assets/Input/InputControl.inputactions using Guid(5e8d9d623b4f1344ba3f862fd8eb81da) Importer(815301076,1909f56bfc062723c751e8b465ee728b)  -> (artifact id: '6da5d5d0e3ecd4d7c0fb37fb01533261') in 0.020250 seconds
  Import took 0.027029 seconds .

========================================================================
Received Import Request.
  Time since last request: 0.003073 seconds.
  path: Assets/Input/InputControl.cs
  artifactKey: Guid(081e4a69db87d0c42b7e5f0fe8ca1357) Importer(815301076,1909f56bfc062723c751e8b465ee728b)
Start importing Assets/Input/InputControl.cs using Guid(081e4a69db87d0c42b7e5f0fe8ca1357) Importer(815301076,1909f56bfc062723c751e8b465ee728b)  -> (artifact id: 'b6f9847018a1e8cac382a2b7a7696d89') in 0.008053 seconds
  Import took 0.013980 seconds .

========================================================================
Received Import Request.
  Time since last request: 1.065036 seconds.
  path: Assets/Input/InputControl.inputactions
  artifactKey: Guid(5e8d9d623b4f1344ba3f862fd8eb81da) Importer(815301076,1909f56bfc062723c751e8b465ee728b)
Start importing Assets/Input/InputControl.inputactions using Guid(5e8d9d623b4f1344ba3f862fd8eb81da) Importer(815301076,1909f56bfc062723c751e8b465ee728b)  -> (artifact id: 'b4fb1d034ee640654f4bcb279d43ed34') in 0.011918 seconds
  Import took 0.020275 seconds .

========================================================================
Received Import Request.
  Time since last request: 0.003360 seconds.
  path: Assets/Input/InputControl.inputactions
  artifactKey: Guid(5e8d9d623b4f1344ba3f862fd8eb81da) Importer(815301076,1909f56bfc062723c751e8b465ee728b)
Start importing Assets/Input/InputControl.inputactions using Guid(5e8d9d623b4f1344ba3f862fd8eb81da) Importer(815301076,1909f56bfc062723c751e8b465ee728b)  -> (artifact id: 'b4fb1d034ee640654f4bcb279d43ed34') in 0.019321 seconds
  Import took 0.026925 seconds .

========================================================================
Received Import Request.
  Time since last request: 0.157009 seconds.
  path: Assets/Input/InputControl.cs
  artifactKey: Guid(081e4a69db87d0c42b7e5f0fe8ca1357) Importer(815301076,1909f56bfc062723c751e8b465ee728b)
Start importing Assets/Input/InputControl.cs using Guid(081e4a69db87d0c42b7e5f0fe8ca1357) Importer(815301076,1909f56bfc062723c751e8b465ee728b)  -> (artifact id: 'f346a48d316355190e9b00104aa62dd6') in 0.010607 seconds
  Import took 0.023557 seconds .

========================================================================
Received Import Request.
  Time since last request: 0.096511 seconds.
  path: Assets/Input/InputControl.cs
  artifactKey: Guid(081e4a69db87d0c42b7e5f0fe8ca1357) Importer(815301076,1909f56bfc062723c751e8b465ee728b)
Start importing Assets/Input/InputControl.cs using Guid(081e4a69db87d0c42b7e5f0fe8ca1357) Importer(815301076,1909f56bfc062723c751e8b465ee728b)  -> (artifact id: 'f346a48d316355190e9b00104aa62dd6') in 0.017139 seconds
  Import took 0.028440 seconds .

========================================================================
Received Import Request.
  Time since last request: 4.644789 seconds.
  path: Assets/Input/InputControl.inputactions
  artifactKey: Guid(5e8d9d623b4f1344ba3f862fd8eb81da) Importer(815301076,1909f56bfc062723c751e8b465ee728b)
Start importing Assets/Input/InputControl.inputactions using Guid(5e8d9d623b4f1344ba3f862fd8eb81da) Importer(815301076,1909f56bfc062723c751e8b465ee728b)  -> (artifact id: '925bad28215de9ec55290c772bb3ff1f') in 0.014560 seconds
  Import took 0.021546 seconds .

========================================================================
Received Import Request.
  Time since last request: 0.001643 seconds.
  path: Assets/Input/InputControl.cs
  artifactKey: Guid(081e4a69db87d0c42b7e5f0fe8ca1357) Importer(815301076,1909f56bfc062723c751e8b465ee728b)
Start importing Assets/Input/InputControl.cs using Guid(081e4a69db87d0c42b7e5f0fe8ca1357) Importer(815301076,1909f56bfc062723c751e8b465ee728b)  -> (artifact id: 'b6f85ece86fb51a36f43ad33f665e7b0') in 0.013665 seconds
  Import took 0.024478 seconds .

========================================================================
Received Import Request.
  Time since last request: 6.637443 seconds.
  path: Assets/Input/InputControl.inputactions
  artifactKey: Guid(5e8d9d623b4f1344ba3f862fd8eb81da) Importer(815301076,1909f56bfc062723c751e8b465ee728b)
Start importing Assets/Input/InputControl.inputactions using Guid(5e8d9d623b4f1344ba3f862fd8eb81da) Importer(815301076,1909f56bfc062723c751e8b465ee728b)  -> (artifact id: 'c12b170949abc326ead90f3da493f758') in 0.072077 seconds
  Import took 0.102520 seconds .

========================================================================
Received Import Request.
  Time since last request: 0.005481 seconds.
  path: Assets/Input/InputControl.cs
  artifactKey: Guid(081e4a69db87d0c42b7e5f0fe8ca1357) Importer(815301076,1909f56bfc062723c751e8b465ee728b)
Start importing Assets/Input/InputControl.cs using Guid(081e4a69db87d0c42b7e5f0fe8ca1357) Importer(815301076,1909f56bfc062723c751e8b465ee728b)  -> (artifact id: 'd86a6547bf52683be5254d6f08082d7b') in 0.023023 seconds
  Import took 0.030641 seconds .

========================================================================
Received Import Request.
  Time since last request: 177.645989 seconds.
  path: Assets/Input/InputControl.inputactions
  artifactKey: Guid(5e8d9d623b4f1344ba3f862fd8eb81da) Importer(815301076,1909f56bfc062723c751e8b465ee728b)
Start importing Assets/Input/InputControl.inputactions using Guid(5e8d9d623b4f1344ba3f862fd8eb81da) Importer(815301076,1909f56bfc062723c751e8b465ee728b)  -> (artifact id: 'b4e014a132a9e17a8d37536b2a538ec4') in 0.020626 seconds
  Import took 0.028185 seconds .

========================================================================
Received Import Request.
  Time since last request: 0.000617 seconds.
  path: Assets/Input/InputControl.cs
  artifactKey: Guid(081e4a69db87d0c42b7e5f0fe8ca1357) Importer(815301076,1909f56bfc062723c751e8b465ee728b)
Start importing Assets/Input/InputControl.cs using Guid(081e4a69db87d0c42b7e5f0fe8ca1357) Importer(815301076,1909f56bfc062723c751e8b465ee728b)  -> (artifact id: 'b2cc405858d2dc4014e0bf198094dcf4') in 0.021466 seconds
  Import took 0.031365 seconds .

========================================================================
Received Import Request.
  Time since last request: 0.000954 seconds.
  path: Assets/Input/InputControl.inputactions
  artifactKey: Guid(5e8d9d623b4f1344ba3f862fd8eb81da) Importer(815301076,1909f56bfc062723c751e8b465ee728b)
Start importing Assets/Input/InputControl.inputactions using Guid(5e8d9d623b4f1344ba3f862fd8eb81da) Importer(815301076,1909f56bfc062723c751e8b465ee728b)  -> (artifact id: 'b4e014a132a9e17a8d37536b2a538ec4') in 0.015681 seconds
  Import took 0.023334 seconds .

========================================================================
Received Import Request.
  Time since last request: 2.984678 seconds.
  path: Assets/Input/InputControl.inputactions
  artifactKey: Guid(5e8d9d623b4f1344ba3f862fd8eb81da) Importer(815301076,1909f56bfc062723c751e8b465ee728b)
Start importing Assets/Input/InputControl.inputactions using Guid(5e8d9d623b4f1344ba3f862fd8eb81da) Importer(815301076,1909f56bfc062723c751e8b465ee728b)  -> (artifact id: '2e636de96abb06f916e40f29cd583801') in 0.021176 seconds
  Import took 0.029315 seconds .

========================================================================
Received Import Request.
  Time since last request: 0.000639 seconds.
  path: Assets/Input/InputControl.cs
  artifactKey: Guid(081e4a69db87d0c42b7e5f0fe8ca1357) Importer(815301076,1909f56bfc062723c751e8b465ee728b)
Start importing Assets/Input/InputControl.cs using Guid(081e4a69db87d0c42b7e5f0fe8ca1357) Importer(815301076,1909f56bfc062723c751e8b465ee728b)  -> (artifact id: '353749c0028f1b400d7220964dedf66d') in 0.016689 seconds
  Import took 0.030478 seconds .

========================================================================
Received Prepare
Reloading mono domain
Begin MonoManager ReloadAssembly
Registering precompiled unity dll's ...
Register platform support module: C:/Program Files/Unity/Hub/Editor/2020.2.0b7/Editor/Data/PlaybackEngines/WindowsStandaloneSupport/UnityEditor.WindowsStandalone.Extensions.dll
Registered in 0.004731 seconds.
Symbol file LoadedFromMemory doesn't match image C:\Users\Admin\Documents\GitHub\Vineyard\Unity\공모전2D\Library\PackageCache\com.unity.ext.nunit@1.0.0\net35\unity-custom\nunit.framework.dll
Native extension for WindowsStandalone target not found
Refreshing native plugins compatible for Editor in 51.04 ms, found 1 plugins.
Preloading 0 native plugins for Editor in 0.00 ms.
Invoked RoslynAnalysisRunner static constructor.
RoslynAnalysisRunner will not be running.
RoslynAnalysisRunner has terminated.
Mono: successfully reloaded assembly
- Completed reload, in  1.668 seconds
Platform modules already initialized, skipping
Registering precompiled user dll's ...
Registered in 0.002321 seconds.
Begin MonoManager ReloadAssembly
Symbol file LoadedFromMemory doesn't match image C:\Users\Admin\Documents\GitHub\Vineyard\Unity\공모전2D\Library\PackageCache\com.unity.ext.nunit@1.0.0\net35\unity-custom\nunit.framework.dll
Native extension for WindowsStandalone target not found
Refreshing native plugins compatible for Editor in 0.60 ms, found 1 plugins.
Preloading 0 native plugins for Editor in 0.00 ms.
Invoked RoslynAnalysisRunner static constructor.
RoslynAnalysisRunner will not be running.
RoslynAnalysisRunner has terminated.
Mono: successfully reloaded assembly
- Completed reload, in  1.616 seconds
Platform modules already initialized, skipping
Refreshing native plugins compatible for Editor in 0.48 ms, found 1 plugins.
Preloading 0 native plugins for Editor in 0.00 ms.
Unloading 12 Unused Serialized files (Serialized files now loaded: 0)
System memory in use before: 55.9 MB.
System memory in use after: 55.9 MB.

Unloading 11 unused Assets to reduce memory usage. Loaded Objects now: 2529.
Total: 2.769100 ms (FindLiveObjects: 0.473200 ms CreateObjectMapping: 0.071600 ms MarkObjects: 2.110800 ms  DeleteObjects: 0.112400 ms)

AssetImportWorkerClient::OnTransportError - code=2 error=End of file
